2025-01-13 23:59:32,524 Added key: store_based_barrier_key:1 to store for rank: 1
2025-01-13 23:59:32,584 Added key: store_based_barrier_key:1 to store for rank: 4
2025-01-13 23:59:32,592 Added key: store_based_barrier_key:1 to store for rank: 3
2025-01-13 23:59:32,593 Added key: store_based_barrier_key:1 to store for rank: 2
2025-01-13 23:59:32,596 Added key: store_based_barrier_key:1 to store for rank: 5
2025-01-13 23:59:32,596 Added key: store_based_barrier_key:1 to store for rank: 0
2025-01-14 00:00:05,804 Epoch 1/500
2025-01-14 00:02:45,508 Current Learning Rate: 0.0009999901
2025-01-14 00:02:45,681 Train Loss: 0.0049792, Val Loss: 0.0034980
2025-01-14 00:02:45,682 Epoch 2/500
2025-01-14 00:05:23,129 Current Learning Rate: 0.0009999605
2025-01-14 00:05:23,283 Train Loss: 0.0025400, Val Loss: 0.0023199
2025-01-14 00:05:23,284 Epoch 3/500
2025-01-14 00:08:00,679 Current Learning Rate: 0.0009999112
2025-01-14 00:08:00,824 Train Loss: 0.0019459, Val Loss: 0.0017481
2025-01-14 00:08:00,824 Epoch 4/500
2025-01-14 00:10:38,389 Current Learning Rate: 0.0009998421
2025-01-14 00:10:38,540 Train Loss: 0.0016741, Val Loss: 0.0015780
2025-01-14 00:10:38,541 Epoch 5/500
2025-01-14 00:13:16,061 Current Learning Rate: 0.0009997533
2025-01-14 00:13:16,201 Train Loss: 0.0015127, Val Loss: 0.0014551
2025-01-14 00:13:16,201 Epoch 6/500
2025-01-14 00:15:53,599 Current Learning Rate: 0.0009996447
2025-01-14 00:15:53,739 Train Loss: 0.0013912, Val Loss: 0.0014270
2025-01-14 00:15:53,739 Epoch 7/500
2025-01-14 00:18:31,493 Current Learning Rate: 0.0009995165
2025-01-14 00:18:31,654 Train Loss: 0.0013052, Val Loss: 0.0013794
2025-01-14 00:18:31,654 Epoch 8/500
2025-01-14 00:21:09,431 Current Learning Rate: 0.0009993685
2025-01-14 00:21:09,603 Train Loss: 0.0012299, Val Loss: 0.0012315
2025-01-14 00:21:09,603 Epoch 9/500
2025-01-14 00:23:47,262 Current Learning Rate: 0.0009992008
2025-01-14 00:23:47,420 Train Loss: 0.0011606, Val Loss: 0.0012247
2025-01-14 00:23:47,420 Epoch 10/500
2025-01-14 00:26:24,612 Current Learning Rate: 0.0009990134
2025-01-14 00:26:24,762 Train Loss: 0.0011088, Val Loss: 0.0011745
2025-01-14 00:26:24,762 Epoch 11/500
2025-01-14 00:29:01,958 Current Learning Rate: 0.0009988063
2025-01-14 00:29:03,556 Train Loss: 0.0010530, Val Loss: 0.0011296
2025-01-14 00:29:03,557 Epoch 12/500
2025-01-14 00:31:41,304 Current Learning Rate: 0.0009985795
2025-01-14 00:31:41,462 Train Loss: 0.0010155, Val Loss: 0.0010835
2025-01-14 00:31:41,462 Epoch 13/500
2025-01-14 00:34:18,983 Current Learning Rate: 0.0009983330
2025-01-14 00:34:19,136 Train Loss: 0.0009880, Val Loss: 0.0010342
2025-01-14 00:34:19,136 Epoch 14/500
2025-01-14 00:36:56,532 Current Learning Rate: 0.0009980668
2025-01-14 00:36:56,532 Train Loss: 0.0009481, Val Loss: 0.0010456
2025-01-14 00:36:56,533 Epoch 15/500
2025-01-14 00:39:33,997 Current Learning Rate: 0.0009977810
2025-01-14 00:39:34,168 Train Loss: 0.0009177, Val Loss: 0.0009996
2025-01-14 00:39:34,169 Epoch 16/500
2025-01-14 00:42:11,774 Current Learning Rate: 0.0009974755
2025-01-14 00:42:11,775 Train Loss: 0.0008862, Val Loss: 0.0010080
2025-01-14 00:42:11,775 Epoch 17/500
2025-01-14 00:44:49,243 Current Learning Rate: 0.0009971504
2025-01-14 00:44:49,414 Train Loss: 0.0008595, Val Loss: 0.0009731
2025-01-14 00:44:49,414 Epoch 18/500
2025-01-14 00:47:27,115 Current Learning Rate: 0.0009968057
2025-01-14 00:47:27,298 Train Loss: 0.0008374, Val Loss: 0.0009473
2025-01-14 00:47:27,298 Epoch 19/500
2025-01-14 00:50:05,081 Current Learning Rate: 0.0009964413
2025-01-14 00:50:05,081 Train Loss: 0.0008110, Val Loss: 0.0009704
2025-01-14 00:50:05,082 Epoch 20/500
2025-01-14 00:52:42,915 Current Learning Rate: 0.0009960574
2025-01-14 00:52:43,060 Train Loss: 0.0007890, Val Loss: 0.0009122
2025-01-14 00:52:43,061 Epoch 21/500
2025-01-14 00:55:20,893 Current Learning Rate: 0.0009956538
2025-01-14 00:55:20,894 Train Loss: 0.0007732, Val Loss: 0.0009185
2025-01-14 00:55:20,894 Epoch 22/500
2025-01-14 00:57:58,534 Current Learning Rate: 0.0009952307
2025-01-14 00:57:58,716 Train Loss: 0.0007574, Val Loss: 0.0009098
2025-01-14 00:57:58,716 Epoch 23/500
2025-01-14 01:00:36,286 Current Learning Rate: 0.0009947881
2025-01-14 01:00:36,442 Train Loss: 0.0007371, Val Loss: 0.0009077
2025-01-14 01:00:36,442 Epoch 24/500
2025-01-14 01:03:14,016 Current Learning Rate: 0.0009943259
2025-01-14 01:03:14,203 Train Loss: 0.0007211, Val Loss: 0.0009002
2025-01-14 01:03:14,204 Epoch 25/500
2025-01-14 01:05:51,700 Current Learning Rate: 0.0009938442
2025-01-14 01:05:51,889 Train Loss: 0.0007062, Val Loss: 0.0008821
2025-01-14 01:05:51,889 Epoch 26/500
2025-01-14 01:08:29,433 Current Learning Rate: 0.0009933430
2025-01-14 01:08:29,434 Train Loss: 0.0006979, Val Loss: 0.0008895
2025-01-14 01:08:29,434 Epoch 27/500
2025-01-14 01:11:06,934 Current Learning Rate: 0.0009928223
2025-01-14 01:11:06,935 Train Loss: 0.0006787, Val Loss: 0.0008924
2025-01-14 01:11:06,935 Epoch 28/500
2025-01-14 01:13:44,970 Current Learning Rate: 0.0009922822
2025-01-14 01:13:44,971 Train Loss: 0.0006648, Val Loss: 0.0008826
2025-01-14 01:13:44,971 Epoch 29/500
2025-01-14 01:16:22,845 Current Learning Rate: 0.0009917226
2025-01-14 01:16:23,006 Train Loss: 0.0006565, Val Loss: 0.0008765
2025-01-14 01:16:23,006 Epoch 30/500
2025-01-14 01:19:00,765 Current Learning Rate: 0.0009911436
2025-01-14 01:19:00,930 Train Loss: 0.0006460, Val Loss: 0.0008610
2025-01-14 01:19:00,930 Epoch 31/500
2025-01-14 01:21:38,482 Current Learning Rate: 0.0009905453
2025-01-14 01:21:38,664 Train Loss: 0.0006381, Val Loss: 0.0008238
2025-01-14 01:21:38,664 Epoch 32/500
2025-01-14 01:24:16,118 Current Learning Rate: 0.0009899275
2025-01-14 01:24:16,319 Train Loss: 0.0006271, Val Loss: 0.0008215
2025-01-14 01:24:16,319 Epoch 33/500
2025-01-14 01:26:54,094 Current Learning Rate: 0.0009892905
2025-01-14 01:26:54,095 Train Loss: 0.0006158, Val Loss: 0.0008714
2025-01-14 01:26:54,095 Epoch 34/500
2025-01-14 01:29:31,631 Current Learning Rate: 0.0009886341
2025-01-14 01:29:31,631 Train Loss: 0.0006070, Val Loss: 0.0008318
2025-01-14 01:29:31,632 Epoch 35/500
2025-01-14 01:32:08,989 Current Learning Rate: 0.0009879584
2025-01-14 01:32:08,989 Train Loss: 0.0005971, Val Loss: 0.0008286
2025-01-14 01:32:08,990 Epoch 36/500
2025-01-14 01:34:46,514 Current Learning Rate: 0.0009872634
2025-01-14 01:34:46,669 Train Loss: 0.0005906, Val Loss: 0.0008173
2025-01-14 01:34:46,669 Epoch 37/500
2025-01-14 01:37:24,107 Current Learning Rate: 0.0009865493
2025-01-14 01:37:24,255 Train Loss: 0.0005839, Val Loss: 0.0008118
2025-01-14 01:37:24,256 Epoch 38/500
2025-01-14 01:40:01,852 Current Learning Rate: 0.0009858159
2025-01-14 01:40:01,853 Train Loss: 0.0005745, Val Loss: 0.0008274
2025-01-14 01:40:01,853 Epoch 39/500
2025-01-14 01:42:39,413 Current Learning Rate: 0.0009850633
2025-01-14 01:42:39,414 Train Loss: 0.0005678, Val Loss: 0.0008153
2025-01-14 01:42:39,414 Epoch 40/500
2025-01-14 01:45:17,130 Current Learning Rate: 0.0009842916
2025-01-14 01:45:17,130 Train Loss: 0.0005607, Val Loss: 0.0008521
2025-01-14 01:45:17,131 Epoch 41/500
2025-01-14 01:47:54,666 Current Learning Rate: 0.0009835007
2025-01-14 01:47:54,820 Train Loss: 0.0005561, Val Loss: 0.0007923
2025-01-14 01:47:54,820 Epoch 42/500
2025-01-14 01:50:32,256 Current Learning Rate: 0.0009826908
2025-01-14 01:50:32,257 Train Loss: 0.0005476, Val Loss: 0.0008115
2025-01-14 01:50:32,257 Epoch 43/500
2025-01-14 01:53:09,832 Current Learning Rate: 0.0009818618
2025-01-14 01:53:09,833 Train Loss: 0.0005426, Val Loss: 0.0008988
2025-01-14 01:53:09,833 Epoch 44/500
2025-01-14 01:55:47,431 Current Learning Rate: 0.0009810138
2025-01-14 01:55:47,575 Train Loss: 0.0005372, Val Loss: 0.0007713
2025-01-14 01:55:47,576 Epoch 45/500
2025-01-14 01:58:25,238 Current Learning Rate: 0.0009801468
2025-01-14 01:58:25,238 Train Loss: 0.0005348, Val Loss: 0.0007879
2025-01-14 01:58:25,238 Epoch 46/500
2025-01-14 02:01:03,027 Current Learning Rate: 0.0009792609
2025-01-14 02:01:03,027 Train Loss: 0.0005244, Val Loss: 0.0008019
2025-01-14 02:01:03,027 Epoch 47/500
2025-01-14 02:03:40,684 Current Learning Rate: 0.0009783560
2025-01-14 02:03:40,685 Train Loss: 0.0005205, Val Loss: 0.0007839
2025-01-14 02:03:40,685 Epoch 48/500
2025-01-14 02:06:18,275 Current Learning Rate: 0.0009774323
2025-01-14 02:06:18,276 Train Loss: 0.0005160, Val Loss: 0.0007936
2025-01-14 02:06:18,276 Epoch 49/500
2025-01-14 02:08:55,465 Current Learning Rate: 0.0009764897
2025-01-14 02:08:55,465 Train Loss: 0.0005117, Val Loss: 0.0008001
2025-01-14 02:08:55,466 Epoch 50/500
2025-01-14 02:11:32,734 Current Learning Rate: 0.0009755283
2025-01-14 02:11:32,734 Train Loss: 0.0005066, Val Loss: 0.0008218
2025-01-14 02:11:32,734 Epoch 51/500
2025-01-14 02:14:09,955 Current Learning Rate: 0.0009745481
2025-01-14 02:14:09,955 Train Loss: 0.0005052, Val Loss: 0.0007782
2025-01-14 02:14:09,956 Epoch 52/500
2025-01-14 02:16:47,254 Current Learning Rate: 0.0009735492
2025-01-14 02:16:47,415 Train Loss: 0.0004956, Val Loss: 0.0007653
2025-01-14 02:16:47,415 Epoch 53/500
2025-01-14 02:19:24,903 Current Learning Rate: 0.0009725315
2025-01-14 02:19:24,903 Train Loss: 0.0004935, Val Loss: 0.0008447
2025-01-14 02:19:24,904 Epoch 54/500
2025-01-14 02:22:02,575 Current Learning Rate: 0.0009714953
2025-01-14 02:22:02,576 Train Loss: 0.0004881, Val Loss: 0.0008238
2025-01-14 02:22:02,577 Epoch 55/500
2025-01-14 02:24:40,417 Current Learning Rate: 0.0009704404
2025-01-14 02:24:40,418 Train Loss: 0.0004878, Val Loss: 0.0007845
2025-01-14 02:24:40,418 Epoch 56/500
2025-01-14 02:27:18,259 Current Learning Rate: 0.0009693669
2025-01-14 02:27:18,260 Train Loss: 0.0004793, Val Loss: 0.0007830
2025-01-14 02:27:18,260 Epoch 57/500
2025-01-14 02:29:55,809 Current Learning Rate: 0.0009682749
2025-01-14 02:29:55,809 Train Loss: 0.0004786, Val Loss: 0.0007689
2025-01-14 02:29:55,810 Epoch 58/500
2025-01-14 02:32:33,233 Current Learning Rate: 0.0009671645
2025-01-14 02:32:33,234 Train Loss: 0.0004733, Val Loss: 0.0008272
2025-01-14 02:32:33,235 Epoch 59/500
2025-01-14 02:35:10,613 Current Learning Rate: 0.0009660356
2025-01-14 02:35:10,614 Train Loss: 0.0004699, Val Loss: 0.0007725
2025-01-14 02:35:10,614 Epoch 60/500
2025-01-14 02:37:48,139 Current Learning Rate: 0.0009648882
2025-01-14 02:37:48,139 Train Loss: 0.0004668, Val Loss: 0.0007716
2025-01-14 02:37:48,139 Epoch 61/500
2025-01-14 02:40:25,483 Current Learning Rate: 0.0009637226
2025-01-14 02:40:25,483 Train Loss: 0.0004631, Val Loss: 0.0007959
2025-01-14 02:40:25,483 Epoch 62/500
2025-01-14 02:43:02,896 Current Learning Rate: 0.0009625386
2025-01-14 02:43:03,897 Train Loss: 0.0004623, Val Loss: 0.0007630
2025-01-14 02:43:03,898 Epoch 63/500
2025-01-14 02:45:41,468 Current Learning Rate: 0.0009613364
2025-01-14 02:45:41,468 Train Loss: 0.0004569, Val Loss: 0.0009141
2025-01-14 02:45:41,469 Epoch 64/500
2025-01-14 02:48:19,093 Current Learning Rate: 0.0009601159
2025-01-14 02:48:19,093 Train Loss: 0.0004527, Val Loss: 0.0007660
2025-01-14 02:48:19,094 Epoch 65/500
2025-01-14 02:50:56,521 Current Learning Rate: 0.0009588773
2025-01-14 02:50:56,522 Train Loss: 0.0004498, Val Loss: 0.0007714
2025-01-14 02:50:56,522 Epoch 66/500
2025-01-14 02:53:33,979 Current Learning Rate: 0.0009576206
2025-01-14 02:53:33,980 Train Loss: 0.0004482, Val Loss: 0.0007900
2025-01-14 02:53:33,980 Epoch 67/500
2025-01-14 02:56:11,506 Current Learning Rate: 0.0009563458
2025-01-14 02:56:11,507 Train Loss: 0.0004436, Val Loss: 0.0007680
2025-01-14 02:56:11,507 Epoch 68/500
2025-01-14 02:58:49,097 Current Learning Rate: 0.0009550530
2025-01-14 02:58:49,098 Train Loss: 0.0004420, Val Loss: 0.0008214
2025-01-14 02:58:49,098 Epoch 69/500
2025-01-14 03:01:26,599 Current Learning Rate: 0.0009537422
2025-01-14 03:01:26,773 Train Loss: 0.0004396, Val Loss: 0.0007442
2025-01-14 03:01:26,773 Epoch 70/500
2025-01-14 03:04:04,271 Current Learning Rate: 0.0009524135
2025-01-14 03:04:04,272 Train Loss: 0.0004345, Val Loss: 0.0007608
2025-01-14 03:04:04,272 Epoch 71/500
2025-01-14 03:06:42,011 Current Learning Rate: 0.0009510670
2025-01-14 03:06:42,011 Train Loss: 0.0004335, Val Loss: 0.0007552
2025-01-14 03:06:42,011 Epoch 72/500
2025-01-14 03:09:19,726 Current Learning Rate: 0.0009497026
2025-01-14 03:09:19,726 Train Loss: 0.0004284, Val Loss: 0.0007707
2025-01-14 03:09:19,726 Epoch 73/500
2025-01-14 03:11:57,455 Current Learning Rate: 0.0009483205
2025-01-14 03:11:57,456 Train Loss: 0.0004275, Val Loss: 0.0007741
2025-01-14 03:11:57,456 Epoch 74/500
2025-01-14 03:14:35,141 Current Learning Rate: 0.0009469207
2025-01-14 03:14:35,142 Train Loss: 0.0004252, Val Loss: 0.0008868
2025-01-14 03:14:35,142 Epoch 75/500
2025-01-14 03:17:12,835 Current Learning Rate: 0.0009455033
2025-01-14 03:17:12,835 Train Loss: 0.0004234, Val Loss: 0.0008980
2025-01-14 03:17:12,836 Epoch 76/500
2025-01-14 03:19:50,419 Current Learning Rate: 0.0009440682
2025-01-14 03:19:50,420 Train Loss: 0.0004201, Val Loss: 0.0007925
2025-01-14 03:19:50,420 Epoch 77/500
2025-01-14 03:22:27,812 Current Learning Rate: 0.0009426157
2025-01-14 03:22:27,812 Train Loss: 0.0004192, Val Loss: 0.0007672
2025-01-14 03:22:27,813 Epoch 78/500
2025-01-14 03:25:05,278 Current Learning Rate: 0.0009411456
2025-01-14 03:25:05,440 Train Loss: 0.0004144, Val Loss: 0.0007426
2025-01-14 03:25:05,441 Epoch 79/500
2025-01-14 03:27:42,809 Current Learning Rate: 0.0009396582
2025-01-14 03:27:42,809 Train Loss: 0.0004150, Val Loss: 0.0007598
2025-01-14 03:27:42,810 Epoch 80/500
2025-01-14 03:30:20,130 Current Learning Rate: 0.0009381533
2025-01-14 03:30:20,131 Train Loss: 0.0004112, Val Loss: 0.0007509
2025-01-14 03:30:20,131 Epoch 81/500
2025-01-14 03:32:57,398 Current Learning Rate: 0.0009366312
2025-01-14 03:32:57,399 Train Loss: 0.0004085, Val Loss: 0.0008207
2025-01-14 03:32:57,399 Epoch 82/500
2025-01-14 03:35:34,771 Current Learning Rate: 0.0009350919
2025-01-14 03:35:34,772 Train Loss: 0.0004072, Val Loss: 0.0007792
2025-01-14 03:35:34,772 Epoch 83/500
2025-01-14 03:38:12,314 Current Learning Rate: 0.0009335354
2025-01-14 03:38:12,315 Train Loss: 0.0004032, Val Loss: 0.0007817
2025-01-14 03:38:12,315 Epoch 84/500
2025-01-14 03:40:49,949 Current Learning Rate: 0.0009319617
2025-01-14 03:40:49,950 Train Loss: 0.0004017, Val Loss: 0.0008565
2025-01-14 03:40:49,950 Epoch 85/500
2025-01-14 03:43:27,226 Current Learning Rate: 0.0009303710
2025-01-14 03:43:27,226 Train Loss: 0.0003998, Val Loss: 0.0007683
2025-01-14 03:43:27,227 Epoch 86/500
2025-01-14 03:46:04,577 Current Learning Rate: 0.0009287633
2025-01-14 03:46:04,578 Train Loss: 0.0004011, Val Loss: 0.0007504
2025-01-14 03:46:04,578 Epoch 87/500
2025-01-14 03:48:42,169 Current Learning Rate: 0.0009271387
2025-01-14 03:48:42,170 Train Loss: 0.0003966, Val Loss: 0.0008720
2025-01-14 03:48:42,170 Epoch 88/500
2025-01-14 03:51:19,745 Current Learning Rate: 0.0009254972
2025-01-14 03:51:19,745 Train Loss: 0.0003962, Val Loss: 0.0009268
2025-01-14 03:51:19,745 Epoch 89/500
2025-01-14 03:53:57,147 Current Learning Rate: 0.0009238390
2025-01-14 03:53:57,148 Train Loss: 0.0003945, Val Loss: 0.0007919
2025-01-14 03:53:57,148 Epoch 90/500
2025-01-14 03:56:34,504 Current Learning Rate: 0.0009221640
2025-01-14 03:56:34,505 Train Loss: 0.0003917, Val Loss: 0.0008075
2025-01-14 03:56:34,505 Epoch 91/500
2025-01-14 03:59:12,107 Current Learning Rate: 0.0009204723
2025-01-14 03:59:12,108 Train Loss: 0.0003915, Val Loss: 0.0007777
2025-01-14 03:59:12,108 Epoch 92/500
2025-01-14 04:01:49,759 Current Learning Rate: 0.0009187640
2025-01-14 04:01:49,759 Train Loss: 0.0003861, Val Loss: 0.0007649
2025-01-14 04:01:49,759 Epoch 93/500
2025-01-14 04:04:27,444 Current Learning Rate: 0.0009170392
2025-01-14 04:04:27,444 Train Loss: 0.0003851, Val Loss: 0.0007866
2025-01-14 04:04:27,444 Epoch 94/500
2025-01-14 04:07:05,018 Current Learning Rate: 0.0009152979
2025-01-14 04:07:05,019 Train Loss: 0.0003826, Val Loss: 0.0007749
2025-01-14 04:07:05,019 Epoch 95/500
2025-01-14 04:09:42,675 Current Learning Rate: 0.0009135403
2025-01-14 04:09:42,675 Train Loss: 0.0003819, Val Loss: 0.0007762
2025-01-14 04:09:42,676 Epoch 96/500
2025-01-14 04:12:20,499 Current Learning Rate: 0.0009117663
2025-01-14 04:12:20,499 Train Loss: 0.0003808, Val Loss: 0.0008078
2025-01-14 04:12:20,500 Epoch 97/500
2025-01-14 04:14:58,359 Current Learning Rate: 0.0009099761
2025-01-14 04:14:58,360 Train Loss: 0.0003788, Val Loss: 0.0007637
2025-01-14 04:14:58,360 Epoch 98/500
2025-01-14 04:17:36,149 Current Learning Rate: 0.0009081696
2025-01-14 04:17:36,149 Train Loss: 0.0003781, Val Loss: 0.0008069
2025-01-14 04:17:36,150 Epoch 99/500
2025-01-14 04:20:13,782 Current Learning Rate: 0.0009063471
2025-01-14 04:20:13,782 Train Loss: 0.0003754, Val Loss: 0.0007681
2025-01-14 04:20:13,783 Epoch 100/500
2025-01-14 04:22:51,467 Current Learning Rate: 0.0009045085
2025-01-14 04:22:51,467 Train Loss: 0.0003720, Val Loss: 0.0008521
2025-01-14 04:22:51,468 Epoch 101/500
2025-01-14 04:25:29,166 Current Learning Rate: 0.0009026539
2025-01-14 04:25:29,166 Train Loss: 0.0003726, Val Loss: 0.0007734
2025-01-14 04:25:29,167 Epoch 102/500
2025-01-14 04:28:06,739 Current Learning Rate: 0.0009007835
2025-01-14 04:28:06,739 Train Loss: 0.0003706, Val Loss: 0.0008907
2025-01-14 04:28:06,740 Epoch 103/500
2025-01-14 04:30:44,165 Current Learning Rate: 0.0008988972
2025-01-14 04:30:44,165 Train Loss: 0.0003694, Val Loss: 0.0008230
2025-01-14 04:30:44,166 Epoch 104/500
2025-01-14 04:33:21,656 Current Learning Rate: 0.0008969952
2025-01-14 04:33:21,656 Train Loss: 0.0003676, Val Loss: 0.0007473
2025-01-14 04:33:21,657 Epoch 105/500
2025-01-14 04:35:59,125 Current Learning Rate: 0.0008950775
2025-01-14 04:35:59,126 Train Loss: 0.0003668, Val Loss: 0.0007565
2025-01-14 04:35:59,126 Epoch 106/500
2025-01-14 04:38:36,487 Current Learning Rate: 0.0008931442
2025-01-14 04:38:36,488 Train Loss: 0.0003665, Val Loss: 0.0008336
2025-01-14 04:38:36,488 Epoch 107/500
2025-01-14 04:41:13,926 Current Learning Rate: 0.0008911954
2025-01-14 04:41:13,927 Train Loss: 0.0003631, Val Loss: 0.0007921
2025-01-14 04:41:13,927 Epoch 108/500
2025-01-14 04:43:51,280 Current Learning Rate: 0.0008892312
2025-01-14 04:43:51,280 Train Loss: 0.0003611, Val Loss: 0.0007698
2025-01-14 04:43:51,280 Epoch 109/500
2025-01-14 04:46:28,747 Current Learning Rate: 0.0008872515
2025-01-14 04:46:28,748 Train Loss: 0.0003612, Val Loss: 0.0008059
2025-01-14 04:46:28,748 Epoch 110/500
2025-01-14 04:49:06,382 Current Learning Rate: 0.0008852566
2025-01-14 04:49:06,382 Train Loss: 0.0003570, Val Loss: 0.0008147
2025-01-14 04:49:06,383 Epoch 111/500
2025-01-14 04:51:44,381 Current Learning Rate: 0.0008832465
2025-01-14 04:51:44,381 Train Loss: 0.0003582, Val Loss: 0.0007629
2025-01-14 04:51:44,381 Epoch 112/500
2025-01-14 04:54:22,093 Current Learning Rate: 0.0008812213
2025-01-14 04:54:22,094 Train Loss: 0.0003567, Val Loss: 0.0007529
2025-01-14 04:54:22,094 Epoch 113/500
2025-01-14 04:56:59,719 Current Learning Rate: 0.0008791810
2025-01-14 04:56:59,720 Train Loss: 0.0003559, Val Loss: 0.0008421
2025-01-14 04:56:59,720 Epoch 114/500
2025-01-14 04:59:37,324 Current Learning Rate: 0.0008771257
2025-01-14 04:59:37,324 Train Loss: 0.0003552, Val Loss: 0.0008035
2025-01-14 04:59:37,325 Epoch 115/500
2025-01-14 05:02:14,776 Current Learning Rate: 0.0008750555
2025-01-14 05:02:14,777 Train Loss: 0.0003521, Val Loss: 0.0007482
2025-01-14 05:02:14,777 Epoch 116/500
2025-01-14 05:04:52,338 Current Learning Rate: 0.0008729706
2025-01-14 05:04:52,500 Train Loss: 0.0003501, Val Loss: 0.0007392
2025-01-14 05:04:52,500 Epoch 117/500
2025-01-14 05:07:29,868 Current Learning Rate: 0.0008708709
2025-01-14 05:07:29,869 Train Loss: 0.0003515, Val Loss: 0.0007740
2025-01-14 05:07:29,869 Epoch 118/500
2025-01-14 05:10:07,618 Current Learning Rate: 0.0008687566
2025-01-14 05:10:07,619 Train Loss: 0.0003467, Val Loss: 0.0007565
2025-01-14 05:10:07,619 Epoch 119/500
2025-01-14 05:12:45,224 Current Learning Rate: 0.0008666277
2025-01-14 05:12:45,225 Train Loss: 0.0003490, Val Loss: 0.0008289
2025-01-14 05:12:45,225 Epoch 120/500
2025-01-14 05:15:23,010 Current Learning Rate: 0.0008644843
2025-01-14 05:15:23,011 Train Loss: 0.0003461, Val Loss: 0.0007761
2025-01-14 05:15:23,011 Epoch 121/500
2025-01-14 05:18:00,516 Current Learning Rate: 0.0008623266
2025-01-14 05:18:00,516 Train Loss: 0.0003457, Val Loss: 0.0007792
2025-01-14 05:18:00,517 Epoch 122/500
2025-01-14 05:20:37,956 Current Learning Rate: 0.0008601545
2025-01-14 05:20:37,957 Train Loss: 0.0003432, Val Loss: 0.0007800
2025-01-14 05:20:37,957 Epoch 123/500
2025-01-14 05:23:15,366 Current Learning Rate: 0.0008579682
2025-01-14 05:23:15,367 Train Loss: 0.0003416, Val Loss: 0.0007682
2025-01-14 05:23:15,367 Epoch 124/500
2025-01-14 05:25:52,989 Current Learning Rate: 0.0008557678
2025-01-14 05:25:52,990 Train Loss: 0.0003407, Val Loss: 0.0008421
2025-01-14 05:25:52,990 Epoch 125/500
2025-01-14 05:28:30,606 Current Learning Rate: 0.0008535534
2025-01-14 05:28:30,607 Train Loss: 0.0003408, Val Loss: 0.0008062
2025-01-14 05:28:30,607 Epoch 126/500
2025-01-14 05:31:08,215 Current Learning Rate: 0.0008513250
2025-01-14 05:31:08,215 Train Loss: 0.0003391, Val Loss: 0.0007697
2025-01-14 05:31:08,215 Epoch 127/500
2025-01-14 05:33:45,921 Current Learning Rate: 0.0008490827
2025-01-14 05:33:45,922 Train Loss: 0.0003563, Val Loss: 0.0015109
2025-01-14 05:33:45,922 Epoch 128/500
2025-01-14 05:36:23,293 Current Learning Rate: 0.0008468267
2025-01-14 05:36:23,293 Train Loss: 0.0003416, Val Loss: 0.0007462
2025-01-14 05:36:23,294 Epoch 129/500
2025-01-14 05:39:00,754 Current Learning Rate: 0.0008445569
2025-01-14 05:39:00,755 Train Loss: 0.0003329, Val Loss: 0.0007911
2025-01-14 05:39:00,755 Epoch 130/500
2025-01-14 05:41:38,147 Current Learning Rate: 0.0008422736
2025-01-14 05:41:38,148 Train Loss: 0.0003323, Val Loss: 0.0007933
2025-01-14 05:41:38,148 Epoch 131/500
2025-01-14 05:44:15,763 Current Learning Rate: 0.0008399767
2025-01-14 05:44:15,764 Train Loss: 0.0003322, Val Loss: 0.0008180
2025-01-14 05:44:15,764 Epoch 132/500
2025-01-14 05:46:53,485 Current Learning Rate: 0.0008376664
2025-01-14 05:46:53,485 Train Loss: 0.0003317, Val Loss: 0.0007986
2025-01-14 05:46:53,486 Epoch 133/500
2025-01-14 05:49:31,134 Current Learning Rate: 0.0008353428
2025-01-14 05:49:31,135 Train Loss: 0.0003310, Val Loss: 0.0007604
2025-01-14 05:49:31,135 Epoch 134/500
2025-01-14 05:52:08,762 Current Learning Rate: 0.0008330059
2025-01-14 05:52:08,762 Train Loss: 0.0003303, Val Loss: 0.0007544
2025-01-14 05:52:08,763 Epoch 135/500
2025-01-14 05:54:46,758 Current Learning Rate: 0.0008306559
2025-01-14 05:54:46,758 Train Loss: 0.0003284, Val Loss: 0.0008668
2025-01-14 05:54:46,758 Epoch 136/500
2025-01-14 05:57:24,841 Current Learning Rate: 0.0008282929
2025-01-14 05:57:24,842 Train Loss: 0.0003280, Val Loss: 0.0007618
2025-01-14 05:57:24,842 Epoch 137/500
2025-01-14 06:00:02,949 Current Learning Rate: 0.0008259169
2025-01-14 06:00:02,949 Train Loss: 0.0003257, Val Loss: 0.0007745
2025-01-14 06:00:02,949 Epoch 138/500
2025-01-14 06:02:40,890 Current Learning Rate: 0.0008235280
2025-01-14 06:02:40,890 Train Loss: 0.0003247, Val Loss: 0.0007980
2025-01-14 06:02:40,891 Epoch 139/500
2025-01-14 06:05:18,865 Current Learning Rate: 0.0008211263
2025-01-14 06:05:18,865 Train Loss: 0.0003266, Val Loss: 0.0007761
2025-01-14 06:05:18,866 Epoch 140/500
2025-01-14 06:07:56,839 Current Learning Rate: 0.0008187120
2025-01-14 06:07:56,840 Train Loss: 0.0003238, Val Loss: 0.0007620
2025-01-14 06:07:56,840 Epoch 141/500
2025-01-14 06:10:34,839 Current Learning Rate: 0.0008162851
2025-01-14 06:10:34,839 Train Loss: 0.0003229, Val Loss: 0.0007579
2025-01-14 06:10:34,840 Epoch 142/500
2025-01-14 06:13:12,571 Current Learning Rate: 0.0008138457
2025-01-14 06:13:12,572 Train Loss: 0.0003210, Val Loss: 0.0008815
2025-01-14 06:13:12,572 Epoch 143/500
2025-01-14 06:15:49,927 Current Learning Rate: 0.0008113939
2025-01-14 06:15:49,927 Train Loss: 0.0003213, Val Loss: 0.0007423
2025-01-14 06:15:49,927 Epoch 144/500
2025-01-14 06:18:27,287 Current Learning Rate: 0.0008089298
2025-01-14 06:18:27,287 Train Loss: 0.0003205, Val Loss: 0.0008116
2025-01-14 06:18:27,288 Epoch 145/500
2025-01-14 06:21:04,541 Current Learning Rate: 0.0008064535
2025-01-14 06:21:04,542 Train Loss: 0.0003190, Val Loss: 0.0007844
2025-01-14 06:21:04,542 Epoch 146/500
2025-01-14 06:23:42,024 Current Learning Rate: 0.0008039651
2025-01-14 06:23:42,024 Train Loss: 0.0003184, Val Loss: 0.0008493
2025-01-14 06:23:42,024 Epoch 147/500
2025-01-14 06:26:19,590 Current Learning Rate: 0.0008014648
2025-01-14 06:26:19,590 Train Loss: 0.0003159, Val Loss: 0.0008484
2025-01-14 06:26:19,591 Epoch 148/500
2025-01-14 06:28:57,120 Current Learning Rate: 0.0007989525
2025-01-14 06:28:57,121 Train Loss: 0.0003154, Val Loss: 0.0008040
2025-01-14 06:28:57,121 Epoch 149/500
2025-01-14 06:31:34,957 Current Learning Rate: 0.0007964284
2025-01-14 06:31:34,958 Train Loss: 0.0003151, Val Loss: 0.0008184
2025-01-14 06:31:34,958 Epoch 150/500
2025-01-14 06:34:12,821 Current Learning Rate: 0.0007938926
2025-01-14 06:34:12,821 Train Loss: 0.0003130, Val Loss: 0.0008127
2025-01-14 06:34:12,822 Epoch 151/500
2025-01-14 06:36:50,311 Current Learning Rate: 0.0007913452
2025-01-14 06:36:50,312 Train Loss: 0.0003145, Val Loss: 0.0009779
2025-01-14 06:36:50,312 Epoch 152/500
2025-01-14 06:39:27,666 Current Learning Rate: 0.0007887864
2025-01-14 06:39:27,667 Train Loss: 0.0003124, Val Loss: 0.0007827
2025-01-14 06:39:27,667 Epoch 153/500
2025-01-14 06:42:05,392 Current Learning Rate: 0.0007862161
2025-01-14 06:42:05,392 Train Loss: 0.0003130, Val Loss: 0.0007545
2025-01-14 06:42:05,393 Epoch 154/500
2025-01-14 06:44:42,924 Current Learning Rate: 0.0007836345
2025-01-14 06:44:42,925 Train Loss: 0.0003109, Val Loss: 0.0007532
2025-01-14 06:44:42,925 Epoch 155/500
2025-01-14 06:47:20,556 Current Learning Rate: 0.0007810417
2025-01-14 06:47:20,556 Train Loss: 0.0003091, Val Loss: 0.0007806
2025-01-14 06:47:20,557 Epoch 156/500
2025-01-14 06:49:58,253 Current Learning Rate: 0.0007784378
2025-01-14 06:49:58,253 Train Loss: 0.0003078, Val Loss: 0.0007774
2025-01-14 06:49:58,254 Epoch 157/500
2025-01-14 06:52:36,013 Current Learning Rate: 0.0007758229
2025-01-14 06:52:36,013 Train Loss: 0.0003072, Val Loss: 0.0009013
2025-01-14 06:52:36,014 Epoch 158/500
2025-01-14 06:55:13,697 Current Learning Rate: 0.0007731972
2025-01-14 06:55:13,697 Train Loss: 0.0003076, Val Loss: 0.0008034
2025-01-14 06:55:13,698 Epoch 159/500
2025-01-14 06:57:51,379 Current Learning Rate: 0.0007705606
2025-01-14 06:57:51,380 Train Loss: 0.0003053, Val Loss: 0.0008254
2025-01-14 06:57:51,380 Epoch 160/500
2025-01-14 07:00:29,366 Current Learning Rate: 0.0007679134
2025-01-14 07:00:29,367 Train Loss: 0.0003059, Val Loss: 0.0007712
2025-01-14 07:00:29,367 Epoch 161/500
2025-01-14 07:03:07,075 Current Learning Rate: 0.0007652556
2025-01-14 07:03:07,076 Train Loss: 0.0003047, Val Loss: 0.0007616
2025-01-14 07:03:07,076 Epoch 162/500
2025-01-14 07:05:44,705 Current Learning Rate: 0.0007625873
2025-01-14 07:05:44,705 Train Loss: 0.0003043, Val Loss: 0.0007866
2025-01-14 07:05:44,705 Epoch 163/500
2025-01-14 07:08:22,127 Current Learning Rate: 0.0007599087
2025-01-14 07:08:22,127 Train Loss: 0.0003022, Val Loss: 0.0008477
2025-01-14 07:08:22,128 Epoch 164/500
2025-01-14 07:10:59,533 Current Learning Rate: 0.0007572198
2025-01-14 07:10:59,533 Train Loss: 0.0003162, Val Loss: 0.0007748
2025-01-14 07:10:59,534 Epoch 165/500
2025-01-14 07:13:37,297 Current Learning Rate: 0.0007545207
2025-01-14 07:13:37,298 Train Loss: 0.0002993, Val Loss: 0.0008249
2025-01-14 07:13:37,298 Epoch 166/500
2025-01-14 07:16:14,653 Current Learning Rate: 0.0007518116
2025-01-14 07:16:14,653 Train Loss: 0.0002989, Val Loss: 0.0007609
2025-01-14 07:16:14,654 Epoch 167/500
2025-01-14 07:18:52,195 Current Learning Rate: 0.0007490926
2025-01-14 07:18:52,196 Train Loss: 0.0002982, Val Loss: 0.0008209
2025-01-14 07:18:52,196 Epoch 168/500
2025-01-14 07:21:29,746 Current Learning Rate: 0.0007463637
2025-01-14 07:21:29,747 Train Loss: 0.0002987, Val Loss: 0.0008753
2025-01-14 07:21:29,747 Epoch 169/500
2025-01-14 07:24:07,254 Current Learning Rate: 0.0007436251
2025-01-14 07:24:07,255 Train Loss: 0.0002979, Val Loss: 0.0007804
2025-01-14 07:24:07,255 Epoch 170/500
2025-01-14 07:26:44,612 Current Learning Rate: 0.0007408768
2025-01-14 07:26:44,613 Train Loss: 0.0002969, Val Loss: 0.0009572
2025-01-14 07:26:44,613 Epoch 171/500
2025-01-14 07:29:22,018 Current Learning Rate: 0.0007381191
2025-01-14 07:29:22,019 Train Loss: 0.0002957, Val Loss: 0.0008102
2025-01-14 07:29:22,020 Epoch 172/500
2025-01-14 07:31:59,630 Current Learning Rate: 0.0007353520
2025-01-14 07:31:59,630 Train Loss: 0.0002949, Val Loss: 0.0008082
2025-01-14 07:31:59,631 Epoch 173/500
2025-01-14 07:34:36,897 Current Learning Rate: 0.0007325755
2025-01-14 07:34:36,897 Train Loss: 0.0002953, Val Loss: 0.0007780
2025-01-14 07:34:36,898 Epoch 174/500
2025-01-14 07:37:14,287 Current Learning Rate: 0.0007297899
2025-01-14 07:37:14,288 Train Loss: 0.0002954, Val Loss: 0.0010075
2025-01-14 07:37:14,288 Epoch 175/500
2025-01-14 07:39:51,667 Current Learning Rate: 0.0007269952
2025-01-14 07:39:51,667 Train Loss: 0.0002939, Val Loss: 0.0008144
2025-01-14 07:39:51,668 Epoch 176/500
2025-01-14 07:42:29,110 Current Learning Rate: 0.0007241916
2025-01-14 07:42:29,110 Train Loss: 0.0002927, Val Loss: 0.0008472
2025-01-14 07:42:29,111 Epoch 177/500
2025-01-14 07:45:06,522 Current Learning Rate: 0.0007213791
2025-01-14 07:45:06,523 Train Loss: 0.0002919, Val Loss: 0.0007995
2025-01-14 07:45:06,523 Epoch 178/500
2025-01-14 07:47:43,905 Current Learning Rate: 0.0007185579
2025-01-14 07:47:43,906 Train Loss: 0.0002916, Val Loss: 0.0021677
2025-01-14 07:47:43,906 Epoch 179/500
2025-01-14 07:50:21,342 Current Learning Rate: 0.0007157280
2025-01-14 07:50:21,342 Train Loss: 0.0002897, Val Loss: 0.0009445
2025-01-14 07:50:21,343 Epoch 180/500
2025-01-14 07:52:58,921 Current Learning Rate: 0.0007128896
2025-01-14 07:52:58,921 Train Loss: 0.0002903, Val Loss: 0.0008401
2025-01-14 07:52:58,922 Epoch 181/500
2025-01-14 07:55:36,504 Current Learning Rate: 0.0007100429
2025-01-14 07:55:36,504 Train Loss: 0.0002889, Val Loss: 0.0008221
2025-01-14 07:55:36,505 Epoch 182/500
2025-01-14 07:58:13,901 Current Learning Rate: 0.0007071878
2025-01-14 07:58:13,902 Train Loss: 0.0002872, Val Loss: 0.0007853
2025-01-14 07:58:13,902 Epoch 183/500
2025-01-14 08:00:51,515 Current Learning Rate: 0.0007043245
2025-01-14 08:00:51,515 Train Loss: 0.0002867, Val Loss: 0.0009126
2025-01-14 08:00:51,515 Epoch 184/500
2025-01-14 08:03:29,180 Current Learning Rate: 0.0007014532
2025-01-14 08:03:29,181 Train Loss: 0.0002870, Val Loss: 0.0008062
2025-01-14 08:03:29,181 Epoch 185/500
2025-01-14 08:06:06,924 Current Learning Rate: 0.0006985739
2025-01-14 08:06:06,924 Train Loss: 0.0002865, Val Loss: 0.0008087
2025-01-14 08:06:06,925 Epoch 186/500
2025-01-14 08:08:44,632 Current Learning Rate: 0.0006956868
2025-01-14 08:08:44,632 Train Loss: 0.0002857, Val Loss: 0.0007890
2025-01-14 08:08:44,633 Epoch 187/500
2025-01-14 08:11:22,364 Current Learning Rate: 0.0006927920
2025-01-14 08:11:22,365 Train Loss: 0.0002854, Val Loss: 0.0008093
2025-01-14 08:11:22,365 Epoch 188/500
2025-01-14 08:13:59,971 Current Learning Rate: 0.0006898895
2025-01-14 08:13:59,972 Train Loss: 0.0002841, Val Loss: 0.0009764
2025-01-14 08:13:59,972 Epoch 189/500
2025-01-14 08:16:37,623 Current Learning Rate: 0.0006869796
2025-01-14 08:16:37,624 Train Loss: 0.0002823, Val Loss: 0.0009149
2025-01-14 08:16:37,625 Epoch 190/500
2025-01-14 08:19:15,170 Current Learning Rate: 0.0006840623
2025-01-14 08:19:15,170 Train Loss: 0.0002828, Val Loss: 0.0008113
2025-01-14 08:19:15,171 Epoch 191/500
2025-01-14 08:21:52,775 Current Learning Rate: 0.0006811377
2025-01-14 08:21:52,776 Train Loss: 0.0002822, Val Loss: 0.0009479
2025-01-14 08:21:52,776 Epoch 192/500
2025-01-14 08:24:30,235 Current Learning Rate: 0.0006782059
2025-01-14 08:24:30,235 Train Loss: 0.0002827, Val Loss: 0.0008959
2025-01-14 08:24:30,236 Epoch 193/500
2025-01-14 08:27:07,610 Current Learning Rate: 0.0006752672
2025-01-14 08:27:07,612 Train Loss: 0.0002804, Val Loss: 0.0009442
2025-01-14 08:27:07,612 Epoch 194/500
2025-01-14 08:29:45,148 Current Learning Rate: 0.0006723215
2025-01-14 08:29:45,149 Train Loss: 0.0002790, Val Loss: 0.0008469
2025-01-14 08:29:45,149 Epoch 195/500
2025-01-14 08:32:22,713 Current Learning Rate: 0.0006693690
2025-01-14 08:32:22,713 Train Loss: 0.0002791, Val Loss: 0.0008239
2025-01-14 08:32:22,714 Epoch 196/500
2025-01-14 08:35:00,136 Current Learning Rate: 0.0006664098
2025-01-14 08:35:00,137 Train Loss: 0.0002786, Val Loss: 0.0009334
2025-01-14 08:35:00,137 Epoch 197/500
2025-01-14 08:37:37,679 Current Learning Rate: 0.0006634440
2025-01-14 08:37:37,680 Train Loss: 0.0002778, Val Loss: 0.0010428
2025-01-14 08:37:37,680 Epoch 198/500
2025-01-14 08:40:15,237 Current Learning Rate: 0.0006604718
2025-01-14 08:40:15,238 Train Loss: 0.0002783, Val Loss: 0.0012339
2025-01-14 08:40:15,238 Epoch 199/500
2025-01-14 08:42:52,874 Current Learning Rate: 0.0006574933
2025-01-14 08:42:52,874 Train Loss: 0.0002768, Val Loss: 0.0008497
2025-01-14 08:42:52,875 Epoch 200/500
2025-01-14 08:45:30,482 Current Learning Rate: 0.0006545085
2025-01-14 08:45:30,482 Train Loss: 0.0002752, Val Loss: 0.0009669
2025-01-14 08:45:30,483 Epoch 201/500
2025-01-14 08:48:07,995 Current Learning Rate: 0.0006515176
2025-01-14 08:48:07,996 Train Loss: 0.0002755, Val Loss: 0.0007744
2025-01-14 08:48:07,996 Epoch 202/500
2025-01-14 08:50:45,996 Current Learning Rate: 0.0006485208
2025-01-14 08:50:45,997 Train Loss: 0.0002737, Val Loss: 0.0008343
2025-01-14 08:50:45,997 Epoch 203/500
2025-01-14 08:53:23,856 Current Learning Rate: 0.0006455181
2025-01-14 08:53:23,856 Train Loss: 0.0002739, Val Loss: 0.0009209
2025-01-14 08:53:23,856 Epoch 204/500
2025-01-14 08:56:01,675 Current Learning Rate: 0.0006425096
2025-01-14 08:56:01,675 Train Loss: 0.0002736, Val Loss: 0.0008797
2025-01-14 08:56:01,675 Epoch 205/500
2025-01-14 08:58:39,468 Current Learning Rate: 0.0006394956
2025-01-14 08:58:39,469 Train Loss: 0.0002728, Val Loss: 0.0010794
2025-01-14 08:58:39,469 Epoch 206/500
2025-01-14 09:01:17,295 Current Learning Rate: 0.0006364760
2025-01-14 09:01:17,295 Train Loss: 0.0002726, Val Loss: 0.0008991
2025-01-14 09:01:17,296 Epoch 207/500
2025-01-14 09:03:54,912 Current Learning Rate: 0.0006334510
2025-01-14 09:03:54,913 Train Loss: 0.0002711, Val Loss: 0.0015987
2025-01-14 09:03:54,913 Epoch 208/500
2025-01-14 09:06:32,499 Current Learning Rate: 0.0006304208
2025-01-14 09:06:32,500 Train Loss: 0.0002707, Val Loss: 0.0010168
2025-01-14 09:06:32,500 Epoch 209/500
2025-01-14 09:09:10,014 Current Learning Rate: 0.0006273854
2025-01-14 09:09:10,015 Train Loss: 0.0002702, Val Loss: 0.0008909
2025-01-14 09:09:10,015 Epoch 210/500
2025-01-14 09:11:47,805 Current Learning Rate: 0.0006243449
2025-01-14 09:11:47,806 Train Loss: 0.0002702, Val Loss: 0.0010835
2025-01-14 09:11:47,806 Epoch 211/500
2025-01-14 09:14:25,672 Current Learning Rate: 0.0006212996
2025-01-14 09:14:25,673 Train Loss: 0.0002690, Val Loss: 0.0009334
2025-01-14 09:14:25,673 Epoch 212/500
2025-01-14 09:17:03,301 Current Learning Rate: 0.0006182495
2025-01-14 09:17:03,302 Train Loss: 0.0002683, Val Loss: 0.0008831
2025-01-14 09:17:03,302 Epoch 213/500
2025-01-14 09:19:40,929 Current Learning Rate: 0.0006151947
2025-01-14 09:19:40,930 Train Loss: 0.0002674, Val Loss: 0.0008272
2025-01-14 09:19:40,930 Epoch 214/500
2025-01-14 09:22:18,492 Current Learning Rate: 0.0006121354
2025-01-14 09:22:18,494 Train Loss: 0.0002669, Val Loss: 0.0010704
2025-01-14 09:22:18,494 Epoch 215/500
2025-01-14 09:24:55,821 Current Learning Rate: 0.0006090716
2025-01-14 09:24:55,822 Train Loss: 0.0002659, Val Loss: 0.0008019
2025-01-14 09:24:55,822 Epoch 216/500
2025-01-14 09:27:33,329 Current Learning Rate: 0.0006060036
2025-01-14 09:27:33,330 Train Loss: 0.0002660, Val Loss: 0.0010429
2025-01-14 09:27:33,330 Epoch 217/500
2025-01-14 09:30:10,754 Current Learning Rate: 0.0006029313
2025-01-14 09:30:10,754 Train Loss: 0.0002657, Val Loss: 0.0007937
2025-01-14 09:30:10,755 Epoch 218/500
2025-01-14 09:32:48,235 Current Learning Rate: 0.0005998550
2025-01-14 09:32:48,236 Train Loss: 0.0002643, Val Loss: 0.0013272
2025-01-14 09:32:48,236 Epoch 219/500
2025-01-14 09:35:25,687 Current Learning Rate: 0.0005967747
2025-01-14 09:35:25,688 Train Loss: 0.0002645, Val Loss: 0.0015659
2025-01-14 09:35:25,688 Epoch 220/500
2025-01-14 09:38:03,204 Current Learning Rate: 0.0005936907
2025-01-14 09:38:03,205 Train Loss: 0.0002635, Val Loss: 0.0008168
2025-01-14 09:38:03,205 Epoch 221/500
2025-01-14 09:40:40,765 Current Learning Rate: 0.0005906029
2025-01-14 09:40:40,765 Train Loss: 0.0002634, Val Loss: 0.0008565
2025-01-14 09:40:40,766 Epoch 222/500
2025-01-14 09:43:18,335 Current Learning Rate: 0.0005875115
2025-01-14 09:43:18,336 Train Loss: 0.0002627, Val Loss: 0.0013515
2025-01-14 09:43:18,336 Epoch 223/500
2025-01-14 09:45:55,846 Current Learning Rate: 0.0005844167
2025-01-14 09:45:55,847 Train Loss: 0.0002625, Val Loss: 0.0016390
2025-01-14 09:45:55,847 Epoch 224/500
2025-01-14 09:48:33,447 Current Learning Rate: 0.0005813186
2025-01-14 09:48:33,447 Train Loss: 0.0002615, Val Loss: 0.0008318
2025-01-14 09:48:33,448 Epoch 225/500
2025-01-14 09:51:11,054 Current Learning Rate: 0.0005782172
2025-01-14 09:51:11,055 Train Loss: 0.0002608, Val Loss: 0.0008311
2025-01-14 09:51:11,055 Epoch 226/500
2025-01-14 09:53:48,620 Current Learning Rate: 0.0005751128
2025-01-14 09:53:48,620 Train Loss: 0.0002602, Val Loss: 0.0008354
2025-01-14 09:53:48,620 Epoch 227/500
2025-01-14 09:56:26,241 Current Learning Rate: 0.0005720054
2025-01-14 09:56:26,241 Train Loss: 0.0002596, Val Loss: 0.0008880
2025-01-14 09:56:26,242 Epoch 228/500
2025-01-14 09:59:03,947 Current Learning Rate: 0.0005688951
2025-01-14 09:59:03,948 Train Loss: 0.0002593, Val Loss: 0.0008534
2025-01-14 09:59:03,948 Epoch 229/500
2025-01-14 10:01:41,570 Current Learning Rate: 0.0005657822
2025-01-14 10:01:41,571 Train Loss: 0.0002584, Val Loss: 0.0026942
2025-01-14 10:01:41,571 Epoch 230/500
2025-01-14 10:04:19,194 Current Learning Rate: 0.0005626666
2025-01-14 10:04:19,194 Train Loss: 0.0002587, Val Loss: 0.0008839
2025-01-14 10:04:19,195 Epoch 231/500
2025-01-14 10:06:56,727 Current Learning Rate: 0.0005595486
2025-01-14 10:06:56,728 Train Loss: 0.0002575, Val Loss: 0.0009303
2025-01-14 10:06:56,728 Epoch 232/500
2025-01-14 10:09:34,392 Current Learning Rate: 0.0005564282
2025-01-14 10:09:34,393 Train Loss: 0.0002570, Val Loss: 0.0009697
2025-01-14 10:09:34,393 Epoch 233/500
2025-01-14 10:12:11,910 Current Learning Rate: 0.0005533056
2025-01-14 10:12:11,911 Train Loss: 0.0002561, Val Loss: 0.0018664
2025-01-14 10:12:11,911 Epoch 234/500
2025-01-14 10:14:49,390 Current Learning Rate: 0.0005501809
2025-01-14 10:14:49,391 Train Loss: 0.0002564, Val Loss: 0.0008074
2025-01-14 10:14:49,391 Epoch 235/500
2025-01-14 10:17:27,008 Current Learning Rate: 0.0005470542
2025-01-14 10:17:27,008 Train Loss: 0.0002552, Val Loss: 0.0009995
2025-01-14 10:17:27,009 Epoch 236/500
2025-01-14 10:20:04,686 Current Learning Rate: 0.0005439256
2025-01-14 10:20:04,686 Train Loss: 0.0002541, Val Loss: 0.0017947
2025-01-14 10:20:04,687 Epoch 237/500
2025-01-14 10:22:42,458 Current Learning Rate: 0.0005407953
2025-01-14 10:22:42,459 Train Loss: 0.0002548, Val Loss: 0.0009955
2025-01-14 10:22:42,459 Epoch 238/500
2025-01-14 10:25:19,930 Current Learning Rate: 0.0005376634
2025-01-14 10:25:19,931 Train Loss: 0.0002537, Val Loss: 0.0017457
2025-01-14 10:25:19,931 Epoch 239/500
2025-01-14 10:27:57,223 Current Learning Rate: 0.0005345300
2025-01-14 10:27:57,223 Train Loss: 0.0002534, Val Loss: 0.0011482
2025-01-14 10:27:57,223 Epoch 240/500
2025-01-14 10:30:34,725 Current Learning Rate: 0.0005313953
2025-01-14 10:30:34,726 Train Loss: 0.0002526, Val Loss: 0.0013447
2025-01-14 10:30:34,726 Epoch 241/500
2025-01-14 10:33:12,127 Current Learning Rate: 0.0005282593
2025-01-14 10:33:12,127 Train Loss: 0.0002524, Val Loss: 0.0008685
2025-01-14 10:33:12,128 Epoch 242/500
2025-01-14 10:35:49,497 Current Learning Rate: 0.0005251222
2025-01-14 10:35:49,497 Train Loss: 0.0002520, Val Loss: 0.0008505
2025-01-14 10:35:49,497 Epoch 243/500
2025-01-14 10:38:26,913 Current Learning Rate: 0.0005219841
2025-01-14 10:38:26,913 Train Loss: 0.0002517, Val Loss: 0.0008309
2025-01-14 10:38:26,913 Epoch 244/500
2025-01-14 10:41:04,224 Current Learning Rate: 0.0005188451
2025-01-14 10:41:04,224 Train Loss: 0.0002503, Val Loss: 0.0010923
2025-01-14 10:41:04,225 Epoch 245/500
2025-01-14 10:43:41,495 Current Learning Rate: 0.0005157054
2025-01-14 10:43:41,496 Train Loss: 0.0002505, Val Loss: 0.0008917
2025-01-14 10:43:41,497 Epoch 246/500
2025-01-14 10:46:18,778 Current Learning Rate: 0.0005125650
2025-01-14 10:46:18,778 Train Loss: 0.0002499, Val Loss: 0.0009957
2025-01-14 10:46:18,779 Epoch 247/500
2025-01-14 10:48:56,308 Current Learning Rate: 0.0005094242
2025-01-14 10:48:56,308 Train Loss: 0.0002487, Val Loss: 0.0012113
2025-01-14 10:48:56,309 Epoch 248/500
2025-01-14 10:51:33,850 Current Learning Rate: 0.0005062830
2025-01-14 10:51:33,851 Train Loss: 0.0002488, Val Loss: 0.0008091
2025-01-14 10:51:33,851 Epoch 249/500
2025-01-14 10:54:11,313 Current Learning Rate: 0.0005031416
2025-01-14 10:54:11,313 Train Loss: 0.0002483, Val Loss: 0.0011957
2025-01-14 10:54:11,313 Epoch 250/500
2025-01-14 10:56:48,658 Current Learning Rate: 0.0005000000
2025-01-14 10:56:48,659 Train Loss: 0.0002484, Val Loss: 0.0010423
2025-01-14 10:56:48,659 Epoch 251/500
2025-01-14 10:59:26,005 Current Learning Rate: 0.0004968584
2025-01-14 10:59:26,005 Train Loss: 0.0002476, Val Loss: 0.0009363
2025-01-14 10:59:26,006 Epoch 252/500
2025-01-14 11:02:03,528 Current Learning Rate: 0.0004937170
2025-01-14 11:02:03,529 Train Loss: 0.0002468, Val Loss: 0.0008450
2025-01-14 11:02:03,529 Epoch 253/500
2025-01-14 11:04:40,857 Current Learning Rate: 0.0004905758
2025-01-14 11:04:40,858 Train Loss: 0.0002456, Val Loss: 0.0021260
2025-01-14 11:04:40,858 Epoch 254/500
2025-01-14 11:07:18,228 Current Learning Rate: 0.0004874350
2025-01-14 11:07:18,229 Train Loss: 0.0002465, Val Loss: 0.0011181
2025-01-14 11:07:18,229 Epoch 255/500
2025-01-14 11:09:55,596 Current Learning Rate: 0.0004842946
2025-01-14 11:09:55,596 Train Loss: 0.0002452, Val Loss: 0.0010458
2025-01-14 11:09:55,597 Epoch 256/500
2025-01-14 11:12:33,199 Current Learning Rate: 0.0004811549
2025-01-14 11:12:33,200 Train Loss: 0.0002450, Val Loss: 0.0010722
2025-01-14 11:12:33,200 Epoch 257/500
2025-01-14 11:15:10,851 Current Learning Rate: 0.0004780159
2025-01-14 11:15:10,852 Train Loss: 0.0002444, Val Loss: 0.0016445
2025-01-14 11:15:10,852 Epoch 258/500
2025-01-14 11:17:48,332 Current Learning Rate: 0.0004748778
2025-01-14 11:17:48,332 Train Loss: 0.0002444, Val Loss: 0.0011091
2025-01-14 11:17:48,333 Epoch 259/500
2025-01-14 11:20:25,577 Current Learning Rate: 0.0004717407
2025-01-14 11:20:25,578 Train Loss: 0.0002435, Val Loss: 0.0009122
2025-01-14 11:20:25,578 Epoch 260/500
2025-01-14 11:23:03,064 Current Learning Rate: 0.0004686047
2025-01-14 11:23:03,064 Train Loss: 0.0002434, Val Loss: 0.0009227
2025-01-14 11:23:03,064 Epoch 261/500
2025-01-14 11:25:40,490 Current Learning Rate: 0.0004654700
2025-01-14 11:25:40,490 Train Loss: 0.0002426, Val Loss: 0.0011112
2025-01-14 11:25:40,490 Epoch 262/500
2025-01-14 11:28:17,853 Current Learning Rate: 0.0004623366
2025-01-14 11:28:17,854 Train Loss: 0.0002426, Val Loss: 0.0009838
2025-01-14 11:28:17,854 Epoch 263/500
2025-01-14 11:30:55,483 Current Learning Rate: 0.0004592047
2025-01-14 11:30:55,483 Train Loss: 0.0002418, Val Loss: 0.0011861
2025-01-14 11:30:55,484 Epoch 264/500
2025-01-14 11:33:32,800 Current Learning Rate: 0.0004560744
2025-01-14 11:33:32,801 Train Loss: 0.0002416, Val Loss: 0.0009371
2025-01-14 11:33:32,801 Epoch 265/500
2025-01-14 11:36:10,090 Current Learning Rate: 0.0004529458
2025-01-14 11:36:10,091 Train Loss: 0.0002410, Val Loss: 0.0008457
2025-01-14 11:36:10,091 Epoch 266/500
2025-01-14 11:38:47,396 Current Learning Rate: 0.0004498191
2025-01-14 11:38:47,396 Train Loss: 0.0002405, Val Loss: 0.0008578
2025-01-14 11:38:47,396 Epoch 267/500
2025-01-14 11:41:24,621 Current Learning Rate: 0.0004466944
2025-01-14 11:41:24,623 Train Loss: 0.0002399, Val Loss: 0.0008055
2025-01-14 11:41:24,623 Epoch 268/500
2025-01-14 11:44:01,990 Current Learning Rate: 0.0004435718
2025-01-14 11:44:01,991 Train Loss: 0.0002397, Val Loss: 0.0008871
2025-01-14 11:44:01,991 Epoch 269/500
2025-01-14 11:46:39,694 Current Learning Rate: 0.0004404514
2025-01-14 11:46:39,695 Train Loss: 0.0002386, Val Loss: 0.0020108
2025-01-14 11:46:39,695 Epoch 270/500
2025-01-14 11:49:17,480 Current Learning Rate: 0.0004373334
2025-01-14 11:49:17,481 Train Loss: 0.0002389, Val Loss: 0.0009874
2025-01-14 11:49:17,481 Epoch 271/500
2025-01-14 11:51:55,178 Current Learning Rate: 0.0004342178
2025-01-14 11:51:55,179 Train Loss: 0.0002380, Val Loss: 0.0016700
2025-01-14 11:51:55,179 Epoch 272/500
2025-01-14 11:54:32,871 Current Learning Rate: 0.0004311049
2025-01-14 11:54:32,872 Train Loss: 0.0002378, Val Loss: 0.0008910
2025-01-14 11:54:32,872 Epoch 273/500
2025-01-14 11:57:10,571 Current Learning Rate: 0.0004279946
2025-01-14 11:57:10,572 Train Loss: 0.0002372, Val Loss: 0.0013117
2025-01-14 11:57:10,572 Epoch 274/500
2025-01-14 11:59:48,220 Current Learning Rate: 0.0004248872
2025-01-14 11:59:48,220 Train Loss: 0.0002365, Val Loss: 0.0029777
2025-01-14 11:59:48,221 Epoch 275/500
2025-01-14 12:02:25,797 Current Learning Rate: 0.0004217828
2025-01-14 12:02:25,797 Train Loss: 0.0002370, Val Loss: 0.0008813
2025-01-14 12:02:25,798 Epoch 276/500
2025-01-14 12:05:03,097 Current Learning Rate: 0.0004186814
2025-01-14 12:05:03,097 Train Loss: 0.0002360, Val Loss: 0.0009351
2025-01-14 12:05:03,097 Epoch 277/500
2025-01-14 12:07:40,424 Current Learning Rate: 0.0004155833
2025-01-14 12:07:40,425 Train Loss: 0.0002355, Val Loss: 0.0009909
2025-01-14 12:07:40,425 Epoch 278/500
2025-01-14 12:10:18,169 Current Learning Rate: 0.0004124885
2025-01-14 12:10:18,169 Train Loss: 0.0002347, Val Loss: 0.0013870
2025-01-14 12:10:18,170 Epoch 279/500
2025-01-14 12:12:55,972 Current Learning Rate: 0.0004093971
2025-01-14 12:12:55,972 Train Loss: 0.0002347, Val Loss: 0.0012596
2025-01-14 12:12:55,972 Epoch 280/500
2025-01-14 12:15:33,478 Current Learning Rate: 0.0004063093
2025-01-14 12:15:33,479 Train Loss: 0.0002343, Val Loss: 0.0013424
2025-01-14 12:15:33,479 Epoch 281/500
2025-01-14 12:18:10,727 Current Learning Rate: 0.0004032253
2025-01-14 12:18:10,728 Train Loss: 0.0002338, Val Loss: 0.0010243
2025-01-14 12:18:10,728 Epoch 282/500
2025-01-14 12:20:48,069 Current Learning Rate: 0.0004001450
2025-01-14 12:20:48,070 Train Loss: 0.0002332, Val Loss: 0.0013298
2025-01-14 12:20:48,070 Epoch 283/500
2025-01-14 12:23:25,619 Current Learning Rate: 0.0003970687
2025-01-14 12:23:25,619 Train Loss: 0.0002329, Val Loss: 0.0012876
2025-01-14 12:23:25,620 Epoch 284/500
2025-01-14 12:26:03,047 Current Learning Rate: 0.0003939964
2025-01-14 12:26:03,047 Train Loss: 0.0002328, Val Loss: 0.0008827
2025-01-14 12:26:03,048 Epoch 285/500
2025-01-14 12:28:40,442 Current Learning Rate: 0.0003909284
2025-01-14 12:28:40,442 Train Loss: 0.0002324, Val Loss: 0.0010876
2025-01-14 12:28:40,443 Epoch 286/500
2025-01-14 12:31:17,752 Current Learning Rate: 0.0003878646
2025-01-14 12:31:17,752 Train Loss: 0.0002313, Val Loss: 0.0008326
2025-01-14 12:31:17,753 Epoch 287/500
2025-01-14 12:33:55,107 Current Learning Rate: 0.0003848053
2025-01-14 12:33:55,107 Train Loss: 0.0002320, Val Loss: 0.0009170
2025-01-14 12:33:55,108 Epoch 288/500
2025-01-14 12:36:32,277 Current Learning Rate: 0.0003817505
2025-01-14 12:36:32,277 Train Loss: 0.0002308, Val Loss: 0.0009977
2025-01-14 12:36:32,278 Epoch 289/500
2025-01-14 12:39:09,603 Current Learning Rate: 0.0003787004
2025-01-14 12:39:09,604 Train Loss: 0.0002304, Val Loss: 0.0007914
2025-01-14 12:39:09,604 Epoch 290/500
2025-01-14 12:41:46,997 Current Learning Rate: 0.0003756551
2025-01-14 12:41:46,998 Train Loss: 0.0002301, Val Loss: 0.0015693
2025-01-14 12:41:46,998 Epoch 291/500
2025-01-14 12:44:24,436 Current Learning Rate: 0.0003726146
2025-01-14 12:44:24,436 Train Loss: 0.0002299, Val Loss: 0.0010757
2025-01-14 12:44:24,436 Epoch 292/500
2025-01-14 12:47:01,814 Current Learning Rate: 0.0003695792
2025-01-14 12:47:01,814 Train Loss: 0.0002293, Val Loss: 0.0012949
2025-01-14 12:47:01,815 Epoch 293/500
2025-01-14 12:49:39,111 Current Learning Rate: 0.0003665490
2025-01-14 12:49:39,112 Train Loss: 0.0002295, Val Loss: 0.0009295
2025-01-14 12:49:39,112 Epoch 294/500
2025-01-14 12:52:16,587 Current Learning Rate: 0.0003635240
2025-01-14 12:52:16,588 Train Loss: 0.0002279, Val Loss: 0.0008189
2025-01-14 12:52:16,588 Epoch 295/500
2025-01-14 12:54:54,030 Current Learning Rate: 0.0003605044
2025-01-14 12:54:54,031 Train Loss: 0.0002281, Val Loss: 0.0011628
2025-01-14 12:54:54,031 Epoch 296/500
2025-01-14 12:57:31,516 Current Learning Rate: 0.0003574904
2025-01-14 12:57:31,517 Train Loss: 0.0002279, Val Loss: 0.0008403
2025-01-14 12:57:31,518 Epoch 297/500
2025-01-14 13:00:09,002 Current Learning Rate: 0.0003544819
2025-01-14 13:00:09,003 Train Loss: 0.0002279, Val Loss: 0.0009841
2025-01-14 13:00:09,003 Epoch 298/500
2025-01-14 13:02:46,557 Current Learning Rate: 0.0003514792
2025-01-14 13:02:46,558 Train Loss: 0.0002269, Val Loss: 0.0013896
2025-01-14 13:02:46,558 Epoch 299/500
2025-01-14 13:05:24,240 Current Learning Rate: 0.0003484824
2025-01-14 13:05:24,241 Train Loss: 0.0002265, Val Loss: 0.0014498
2025-01-14 13:05:24,241 Epoch 300/500
2025-01-14 13:08:01,481 Current Learning Rate: 0.0003454915
2025-01-14 13:08:01,482 Train Loss: 0.0002270, Val Loss: 0.0008095
2025-01-14 13:08:01,482 Epoch 301/500
2025-01-14 13:10:38,735 Current Learning Rate: 0.0003425067
2025-01-14 13:10:38,736 Train Loss: 0.0002255, Val Loss: 0.0010908
2025-01-14 13:10:38,736 Epoch 302/500
2025-01-14 13:13:16,452 Current Learning Rate: 0.0003395282
2025-01-14 13:13:16,452 Train Loss: 0.0002256, Val Loss: 0.0009595
2025-01-14 13:13:16,453 Epoch 303/500
2025-01-14 13:15:54,261 Current Learning Rate: 0.0003365560
2025-01-14 13:15:54,261 Train Loss: 0.0002251, Val Loss: 0.0009400
2025-01-14 13:15:54,261 Epoch 304/500
2025-01-14 13:18:31,591 Current Learning Rate: 0.0003335902
2025-01-14 13:18:31,592 Train Loss: 0.0002255, Val Loss: 0.0013909
2025-01-14 13:18:31,592 Epoch 305/500
2025-01-14 13:21:09,319 Current Learning Rate: 0.0003306310
2025-01-14 13:21:09,320 Train Loss: 0.0002248, Val Loss: 0.0013696
2025-01-14 13:21:09,320 Epoch 306/500
2025-01-14 13:23:46,907 Current Learning Rate: 0.0003276785
2025-01-14 13:23:46,907 Train Loss: 0.0002238, Val Loss: 0.0013469
2025-01-14 13:23:46,908 Epoch 307/500
2025-01-14 13:26:24,267 Current Learning Rate: 0.0003247328
2025-01-14 13:26:24,267 Train Loss: 0.0002237, Val Loss: 0.0009778
2025-01-14 13:26:24,267 Epoch 308/500
2025-01-14 13:29:01,856 Current Learning Rate: 0.0003217941
2025-01-14 13:29:01,856 Train Loss: 0.0002239, Val Loss: 0.0008512
2025-01-14 13:29:01,856 Epoch 309/500
2025-01-14 13:31:39,218 Current Learning Rate: 0.0003188623
2025-01-14 13:31:39,219 Train Loss: 0.0002233, Val Loss: 0.0009022
2025-01-14 13:31:39,219 Epoch 310/500
2025-01-14 13:34:16,875 Current Learning Rate: 0.0003159377
2025-01-14 13:34:16,875 Train Loss: 0.0002229, Val Loss: 0.0008622
2025-01-14 13:34:16,876 Epoch 311/500
2025-01-14 13:36:54,352 Current Learning Rate: 0.0003130204
2025-01-14 13:36:54,353 Train Loss: 0.0002223, Val Loss: 0.0011391
2025-01-14 13:36:54,353 Epoch 312/500
2025-01-14 13:39:31,592 Current Learning Rate: 0.0003101105
2025-01-14 13:39:31,593 Train Loss: 0.0002224, Val Loss: 0.0010573
2025-01-14 13:39:31,593 Epoch 313/500
2025-01-14 13:42:08,868 Current Learning Rate: 0.0003072080
2025-01-14 13:42:08,868 Train Loss: 0.0002219, Val Loss: 0.0018507
2025-01-14 13:42:08,869 Epoch 314/500
2025-01-14 13:44:46,221 Current Learning Rate: 0.0003043132
2025-01-14 13:44:46,222 Train Loss: 0.0002215, Val Loss: 0.0008437
2025-01-14 13:44:46,222 Epoch 315/500
2025-01-14 13:47:23,710 Current Learning Rate: 0.0003014261
2025-01-14 13:47:23,710 Train Loss: 0.0002208, Val Loss: 0.0008138
2025-01-14 13:47:23,710 Epoch 316/500
2025-01-14 13:50:00,938 Current Learning Rate: 0.0002985468
2025-01-14 13:50:00,939 Train Loss: 0.0002208, Val Loss: 0.0015594
2025-01-14 13:50:00,939 Epoch 317/500
2025-01-14 13:52:38,268 Current Learning Rate: 0.0002956755
2025-01-14 13:52:38,269 Train Loss: 0.0002206, Val Loss: 0.0008332
2025-01-14 13:52:38,269 Epoch 318/500
2025-01-14 13:55:15,568 Current Learning Rate: 0.0002928122
2025-01-14 13:55:15,569 Train Loss: 0.0002205, Val Loss: 0.0009737
2025-01-14 13:55:15,569 Epoch 319/500
2025-01-14 13:57:52,869 Current Learning Rate: 0.0002899571
2025-01-14 13:57:52,869 Train Loss: 0.0002197, Val Loss: 0.0010283
2025-01-14 13:57:52,869 Epoch 320/500
2025-01-14 14:00:30,184 Current Learning Rate: 0.0002871104
2025-01-14 14:00:30,185 Train Loss: 0.0002194, Val Loss: 0.0008873
2025-01-14 14:00:30,185 Epoch 321/500
2025-01-14 14:03:07,487 Current Learning Rate: 0.0002842720
2025-01-14 14:03:07,488 Train Loss: 0.0002190, Val Loss: 0.0008930
2025-01-14 14:03:07,488 Epoch 322/500
2025-01-14 14:05:44,954 Current Learning Rate: 0.0002814421
2025-01-14 14:05:44,954 Train Loss: 0.0002189, Val Loss: 0.0008113
2025-01-14 14:05:44,955 Epoch 323/500
2025-01-14 14:08:22,318 Current Learning Rate: 0.0002786209
2025-01-14 14:08:22,318 Train Loss: 0.0002182, Val Loss: 0.0011234
2025-01-14 14:08:22,318 Epoch 324/500
2025-01-14 14:10:59,645 Current Learning Rate: 0.0002758084
2025-01-14 14:10:59,645 Train Loss: 0.0002180, Val Loss: 0.0008654
2025-01-14 14:10:59,645 Epoch 325/500
2025-01-14 14:13:36,847 Current Learning Rate: 0.0002730048
2025-01-14 14:13:36,847 Train Loss: 0.0002179, Val Loss: 0.0010161
2025-01-14 14:13:36,848 Epoch 326/500
2025-01-14 14:16:14,078 Current Learning Rate: 0.0002702101
2025-01-14 14:16:14,079 Train Loss: 0.0002175, Val Loss: 0.0008311
2025-01-14 14:16:14,079 Epoch 327/500
2025-01-14 14:18:51,548 Current Learning Rate: 0.0002674245
2025-01-14 14:18:51,548 Train Loss: 0.0002170, Val Loss: 0.0009175
2025-01-14 14:18:51,549 Epoch 328/500
2025-01-14 14:21:29,058 Current Learning Rate: 0.0002646480
2025-01-14 14:21:29,059 Train Loss: 0.0002171, Val Loss: 0.0008362
2025-01-14 14:21:29,059 Epoch 329/500
2025-01-14 14:24:06,455 Current Learning Rate: 0.0002618809
2025-01-14 14:24:06,455 Train Loss: 0.0002163, Val Loss: 0.0008221
2025-01-14 14:24:06,456 Epoch 330/500
2025-01-14 14:26:44,035 Current Learning Rate: 0.0002591232
2025-01-14 14:26:44,036 Train Loss: 0.0002161, Val Loss: 0.0009165
2025-01-14 14:26:44,036 Epoch 331/500
2025-01-14 14:29:21,179 Current Learning Rate: 0.0002563749
2025-01-14 14:29:21,180 Train Loss: 0.0002161, Val Loss: 0.0008186
2025-01-14 14:29:21,180 Epoch 332/500
2025-01-14 14:31:58,541 Current Learning Rate: 0.0002536363
2025-01-14 14:31:58,542 Train Loss: 0.0002154, Val Loss: 0.0009816
2025-01-14 14:31:58,542 Epoch 333/500
2025-01-14 14:34:36,001 Current Learning Rate: 0.0002509074
2025-01-14 14:34:36,001 Train Loss: 0.0002152, Val Loss: 0.0009763
2025-01-14 14:34:36,001 Epoch 334/500
2025-01-14 14:37:13,363 Current Learning Rate: 0.0002481884
2025-01-14 14:37:13,364 Train Loss: 0.0002153, Val Loss: 0.0009371
2025-01-14 14:37:13,364 Epoch 335/500
2025-01-14 14:39:50,690 Current Learning Rate: 0.0002454793
2025-01-14 14:39:50,691 Train Loss: 0.0002147, Val Loss: 0.0009550
2025-01-14 14:39:50,691 Epoch 336/500
2025-01-14 14:42:28,240 Current Learning Rate: 0.0002427802
2025-01-14 14:42:28,241 Train Loss: 0.0002145, Val Loss: 0.0008838
2025-01-14 14:42:28,241 Epoch 337/500
2025-01-14 14:45:05,771 Current Learning Rate: 0.0002400913
2025-01-14 14:45:05,772 Train Loss: 0.0002140, Val Loss: 0.0008955
2025-01-14 14:45:05,772 Epoch 338/500
2025-01-14 14:47:43,370 Current Learning Rate: 0.0002374127
2025-01-14 14:47:43,370 Train Loss: 0.0002140, Val Loss: 0.0011961
2025-01-14 14:47:43,371 Epoch 339/500
2025-01-14 14:50:20,899 Current Learning Rate: 0.0002347444
2025-01-14 14:50:20,900 Train Loss: 0.0002134, Val Loss: 0.0008992
2025-01-14 14:50:20,900 Epoch 340/500
2025-01-14 14:52:58,200 Current Learning Rate: 0.0002320866
2025-01-14 14:52:58,200 Train Loss: 0.0002135, Val Loss: 0.0008900
2025-01-14 14:52:58,200 Epoch 341/500
2025-01-14 14:55:35,809 Current Learning Rate: 0.0002294394
2025-01-14 14:55:35,810 Train Loss: 0.0002129, Val Loss: 0.0009165
2025-01-14 14:55:35,810 Epoch 342/500
2025-01-14 14:58:13,461 Current Learning Rate: 0.0002268028
2025-01-14 14:58:13,462 Train Loss: 0.0002127, Val Loss: 0.0008840
2025-01-14 14:58:13,462 Epoch 343/500
2025-01-14 15:00:51,041 Current Learning Rate: 0.0002241771
2025-01-14 15:00:51,042 Train Loss: 0.0002126, Val Loss: 0.0008115
2025-01-14 15:00:51,042 Epoch 344/500
2025-01-14 15:03:28,805 Current Learning Rate: 0.0002215622
2025-01-14 15:03:28,806 Train Loss: 0.0002121, Val Loss: 0.0008131
2025-01-14 15:03:28,806 Epoch 345/500
2025-01-14 15:06:06,511 Current Learning Rate: 0.0002189583
2025-01-14 15:06:06,512 Train Loss: 0.0002117, Val Loss: 0.0008918
2025-01-14 15:06:06,512 Epoch 346/500
2025-01-14 15:08:43,911 Current Learning Rate: 0.0002163655
2025-01-14 15:08:43,912 Train Loss: 0.0002116, Val Loss: 0.0008289
2025-01-14 15:08:43,912 Epoch 347/500
2025-01-14 15:11:21,369 Current Learning Rate: 0.0002137839
2025-01-14 15:11:21,370 Train Loss: 0.0002113, Val Loss: 0.0010397
2025-01-14 15:11:21,370 Epoch 348/500
2025-01-14 15:13:58,939 Current Learning Rate: 0.0002112136
2025-01-14 15:13:58,940 Train Loss: 0.0002110, Val Loss: 0.0008391
2025-01-14 15:13:58,940 Epoch 349/500
2025-01-14 15:16:36,519 Current Learning Rate: 0.0002086548
2025-01-14 15:16:36,520 Train Loss: 0.0002111, Val Loss: 0.0008285
2025-01-14 15:16:36,520 Epoch 350/500
2025-01-14 15:19:13,973 Current Learning Rate: 0.0002061074
2025-01-14 15:19:13,973 Train Loss: 0.0002105, Val Loss: 0.0007994
2025-01-14 15:19:13,974 Epoch 351/500
2025-01-14 15:21:51,533 Current Learning Rate: 0.0002035716
2025-01-14 15:21:51,533 Train Loss: 0.0002102, Val Loss: 0.0013212
2025-01-14 15:21:51,533 Epoch 352/500
2025-01-14 15:24:29,246 Current Learning Rate: 0.0002010475
2025-01-14 15:24:29,246 Train Loss: 0.0002101, Val Loss: 0.0009131
2025-01-14 15:24:29,246 Epoch 353/500
2025-01-14 15:27:06,804 Current Learning Rate: 0.0001985352
2025-01-14 15:27:06,805 Train Loss: 0.0002097, Val Loss: 0.0008873
2025-01-14 15:27:06,805 Epoch 354/500
2025-01-14 15:29:44,186 Current Learning Rate: 0.0001960349
2025-01-14 15:29:44,186 Train Loss: 0.0002094, Val Loss: 0.0008003
2025-01-14 15:29:44,187 Epoch 355/500
2025-01-14 15:32:21,712 Current Learning Rate: 0.0001935465
2025-01-14 15:32:21,713 Train Loss: 0.0002090, Val Loss: 0.0008164
2025-01-14 15:32:21,713 Epoch 356/500
2025-01-14 15:34:59,221 Current Learning Rate: 0.0001910702
2025-01-14 15:34:59,221 Train Loss: 0.0002092, Val Loss: 0.0008608
2025-01-14 15:34:59,222 Epoch 357/500
2025-01-14 15:37:36,852 Current Learning Rate: 0.0001886061
2025-01-14 15:37:36,852 Train Loss: 0.0002090, Val Loss: 0.0008826
2025-01-14 15:37:36,852 Epoch 358/500
2025-01-14 15:40:14,628 Current Learning Rate: 0.0001861543
2025-01-14 15:40:14,628 Train Loss: 0.0002087, Val Loss: 0.0008672
2025-01-14 15:40:14,628 Epoch 359/500
2025-01-14 15:42:52,141 Current Learning Rate: 0.0001837149
2025-01-14 15:42:52,142 Train Loss: 0.0002081, Val Loss: 0.0008531
2025-01-14 15:42:52,142 Epoch 360/500
2025-01-14 15:45:29,419 Current Learning Rate: 0.0001812880
2025-01-14 15:45:29,419 Train Loss: 0.0002078, Val Loss: 0.0009033
2025-01-14 15:45:29,419 Epoch 361/500
2025-01-14 15:48:07,071 Current Learning Rate: 0.0001788737
2025-01-14 15:48:07,071 Train Loss: 0.0002077, Val Loss: 0.0009366
2025-01-14 15:48:07,072 Epoch 362/500
2025-01-14 15:50:44,410 Current Learning Rate: 0.0001764720
2025-01-14 15:50:44,411 Train Loss: 0.0002076, Val Loss: 0.0008790
2025-01-14 15:50:44,411 Epoch 363/500
2025-01-14 15:53:21,934 Current Learning Rate: 0.0001740831
2025-01-14 15:53:21,934 Train Loss: 0.0002073, Val Loss: 0.0009457
2025-01-14 15:53:21,935 Epoch 364/500
2025-01-14 15:55:59,516 Current Learning Rate: 0.0001717071
2025-01-14 15:55:59,516 Train Loss: 0.0002071, Val Loss: 0.0008009
2025-01-14 15:55:59,516 Epoch 365/500
2025-01-14 15:58:37,127 Current Learning Rate: 0.0001693441
2025-01-14 15:58:37,128 Train Loss: 0.0002071, Val Loss: 0.0008415
2025-01-14 15:58:37,128 Epoch 366/500
2025-01-14 16:01:14,766 Current Learning Rate: 0.0001669941
2025-01-14 16:01:14,767 Train Loss: 0.0002066, Val Loss: 0.0008190
2025-01-14 16:01:14,767 Epoch 367/500
2025-01-14 16:03:52,313 Current Learning Rate: 0.0001646572
2025-01-14 16:03:52,313 Train Loss: 0.0002063, Val Loss: 0.0007995
2025-01-14 16:03:52,314 Epoch 368/500
2025-01-14 16:06:30,035 Current Learning Rate: 0.0001623336
2025-01-14 16:06:30,035 Train Loss: 0.0002059, Val Loss: 0.0009211
2025-01-14 16:06:30,036 Epoch 369/500
2025-01-14 16:09:07,524 Current Learning Rate: 0.0001600233
2025-01-14 16:09:07,525 Train Loss: 0.0002060, Val Loss: 0.0008336
2025-01-14 16:09:07,525 Epoch 370/500
2025-01-14 16:11:45,337 Current Learning Rate: 0.0001577264
2025-01-14 16:11:45,338 Train Loss: 0.0002058, Val Loss: 0.0007954
2025-01-14 16:11:45,338 Epoch 371/500
2025-01-14 16:14:23,135 Current Learning Rate: 0.0001554431
2025-01-14 16:14:23,136 Train Loss: 0.0002055, Val Loss: 0.0008643
2025-01-14 16:14:23,136 Epoch 372/500
2025-01-14 16:17:00,791 Current Learning Rate: 0.0001531733
2025-01-14 16:17:00,791 Train Loss: 0.0002054, Val Loss: 0.0008062
2025-01-14 16:17:00,791 Epoch 373/500
2025-01-14 16:19:38,634 Current Learning Rate: 0.0001509173
2025-01-14 16:19:38,634 Train Loss: 0.0002051, Val Loss: 0.0008310
2025-01-14 16:19:38,634 Epoch 374/500
2025-01-14 16:22:16,413 Current Learning Rate: 0.0001486750
2025-01-14 16:22:16,413 Train Loss: 0.0002050, Val Loss: 0.0008272
2025-01-14 16:22:16,414 Epoch 375/500
2025-01-14 16:24:54,013 Current Learning Rate: 0.0001464466
2025-01-14 16:24:54,013 Train Loss: 0.0002047, Val Loss: 0.0009017
2025-01-14 16:24:54,013 Epoch 376/500
2025-01-14 16:27:31,371 Current Learning Rate: 0.0001442322
2025-01-14 16:27:31,371 Train Loss: 0.0002044, Val Loss: 0.0008187
2025-01-14 16:27:31,372 Epoch 377/500
2025-01-14 16:30:08,633 Current Learning Rate: 0.0001420318
2025-01-14 16:30:08,633 Train Loss: 0.0002042, Val Loss: 0.0008195
2025-01-14 16:30:08,633 Epoch 378/500
2025-01-14 16:32:46,157 Current Learning Rate: 0.0001398455
2025-01-14 16:32:46,158 Train Loss: 0.0002039, Val Loss: 0.0008369
2025-01-14 16:32:46,158 Epoch 379/500
2025-01-14 16:35:23,662 Current Learning Rate: 0.0001376734
2025-01-14 16:35:23,662 Train Loss: 0.0002038, Val Loss: 0.0008526
2025-01-14 16:35:23,663 Epoch 380/500
2025-01-14 16:38:01,385 Current Learning Rate: 0.0001355157
2025-01-14 16:38:01,386 Train Loss: 0.0002035, Val Loss: 0.0008509
2025-01-14 16:38:01,386 Epoch 381/500
2025-01-14 16:40:39,265 Current Learning Rate: 0.0001333723
2025-01-14 16:40:39,266 Train Loss: 0.0002033, Val Loss: 0.0008984
2025-01-14 16:40:39,266 Epoch 382/500
2025-01-14 16:43:17,462 Current Learning Rate: 0.0001312434
2025-01-14 16:43:17,463 Train Loss: 0.0002033, Val Loss: 0.0008542
2025-01-14 16:43:17,463 Epoch 383/500
2025-01-14 16:45:55,618 Current Learning Rate: 0.0001291291
2025-01-14 16:45:55,618 Train Loss: 0.0002028, Val Loss: 0.0008491
2025-01-14 16:45:55,619 Epoch 384/500
2025-01-14 16:48:33,406 Current Learning Rate: 0.0001270294
2025-01-14 16:48:33,407 Train Loss: 0.0002031, Val Loss: 0.0008115
2025-01-14 16:48:33,407 Epoch 385/500
2025-01-14 16:51:10,983 Current Learning Rate: 0.0001249445
2025-01-14 16:51:10,984 Train Loss: 0.0002028, Val Loss: 0.0008308
2025-01-14 16:51:10,984 Epoch 386/500
2025-01-14 16:53:48,868 Current Learning Rate: 0.0001228743
2025-01-14 16:53:48,869 Train Loss: 0.0002022, Val Loss: 0.0008124
2025-01-14 16:53:48,869 Epoch 387/500
2025-01-14 16:56:26,684 Current Learning Rate: 0.0001208190
2025-01-14 16:56:26,685 Train Loss: 0.0002021, Val Loss: 0.0007949
2025-01-14 16:56:26,685 Epoch 388/500
2025-01-14 16:59:04,190 Current Learning Rate: 0.0001187787
2025-01-14 16:59:04,191 Train Loss: 0.0002020, Val Loss: 0.0008013
2025-01-14 16:59:04,191 Epoch 389/500
2025-01-14 17:01:41,789 Current Learning Rate: 0.0001167535
2025-01-14 17:01:41,789 Train Loss: 0.0002019, Val Loss: 0.0009538
2025-01-14 17:01:41,790 Epoch 390/500
2025-01-14 17:04:19,722 Current Learning Rate: 0.0001147434
2025-01-14 17:04:19,723 Train Loss: 0.0002017, Val Loss: 0.0008009
2025-01-14 17:04:19,723 Epoch 391/500
2025-01-14 17:06:57,221 Current Learning Rate: 0.0001127485
2025-01-14 17:06:57,222 Train Loss: 0.0002013, Val Loss: 0.0009287
2025-01-14 17:06:57,226 Epoch 392/500
2025-01-14 17:09:34,911 Current Learning Rate: 0.0001107688
2025-01-14 17:09:34,911 Train Loss: 0.0002014, Val Loss: 0.0008205
2025-01-14 17:09:34,912 Epoch 393/500
2025-01-14 17:12:12,245 Current Learning Rate: 0.0001088046
2025-01-14 17:12:12,246 Train Loss: 0.0002012, Val Loss: 0.0009202
2025-01-14 17:12:12,246 Epoch 394/500
2025-01-14 17:14:49,631 Current Learning Rate: 0.0001068558
2025-01-14 17:14:49,631 Train Loss: 0.0002007, Val Loss: 0.0007987
2025-01-14 17:14:49,631 Epoch 395/500
2025-01-14 17:17:27,681 Current Learning Rate: 0.0001049225
2025-01-14 17:17:27,682 Train Loss: 0.0002008, Val Loss: 0.0008061
2025-01-14 17:17:27,683 Epoch 396/500
2025-01-14 17:20:05,477 Current Learning Rate: 0.0001030048
2025-01-14 17:20:05,481 Train Loss: 0.0002007, Val Loss: 0.0008140
2025-01-14 17:20:05,481 Epoch 397/500
2025-01-14 17:22:43,130 Current Learning Rate: 0.0001011028
2025-01-14 17:22:43,131 Train Loss: 0.0002004, Val Loss: 0.0008327
2025-01-14 17:22:43,131 Epoch 398/500
2025-01-14 17:25:20,829 Current Learning Rate: 0.0000992165
2025-01-14 17:25:20,830 Train Loss: 0.0002003, Val Loss: 0.0008377
2025-01-14 17:25:20,830 Epoch 399/500
2025-01-14 17:28:00,469 Current Learning Rate: 0.0000973461
2025-01-14 17:28:00,470 Train Loss: 0.0002001, Val Loss: 0.0008687
2025-01-14 17:28:00,470 Epoch 400/500
2025-01-14 17:30:40,165 Current Learning Rate: 0.0000954915
2025-01-14 17:30:40,168 Train Loss: 0.0002001, Val Loss: 0.0008152
2025-01-14 17:30:40,170 Epoch 401/500
2025-01-14 17:33:19,740 Current Learning Rate: 0.0000936529
2025-01-14 17:33:19,741 Train Loss: 0.0001998, Val Loss: 0.0008074
2025-01-14 17:33:19,741 Epoch 402/500
2025-01-14 17:35:58,843 Current Learning Rate: 0.0000918304
2025-01-14 17:35:58,843 Train Loss: 0.0001997, Val Loss: 0.0008593
2025-01-14 17:35:58,844 Epoch 403/500
2025-01-14 17:38:37,982 Current Learning Rate: 0.0000900239
2025-01-14 17:38:37,982 Train Loss: 0.0001995, Val Loss: 0.0008071
2025-01-14 17:38:37,983 Epoch 404/500
2025-01-14 17:41:17,063 Current Learning Rate: 0.0000882337
2025-01-14 17:41:17,064 Train Loss: 0.0001994, Val Loss: 0.0008027
2025-01-14 17:41:17,064 Epoch 405/500
2025-01-14 17:43:56,372 Current Learning Rate: 0.0000864597
2025-01-14 17:43:56,373 Train Loss: 0.0001993, Val Loss: 0.0008968
2025-01-14 17:43:56,374 Epoch 406/500
2025-01-14 17:46:35,672 Current Learning Rate: 0.0000847021
2025-01-14 17:46:35,673 Train Loss: 0.0001991, Val Loss: 0.0008337
2025-01-14 17:46:35,673 Epoch 407/500
2025-01-14 17:49:14,983 Current Learning Rate: 0.0000829608
2025-01-14 17:49:14,984 Train Loss: 0.0001989, Val Loss: 0.0008264
2025-01-14 17:49:14,984 Epoch 408/500
2025-01-14 17:51:53,805 Current Learning Rate: 0.0000812360
2025-01-14 17:51:53,806 Train Loss: 0.0001988, Val Loss: 0.0008387
2025-01-14 17:51:53,806 Epoch 409/500
2025-01-14 17:54:32,419 Current Learning Rate: 0.0000795277
2025-01-14 17:54:32,420 Train Loss: 0.0001988, Val Loss: 0.0007981
2025-01-14 17:54:32,420 Epoch 410/500
2025-01-14 17:57:11,520 Current Learning Rate: 0.0000778360
2025-01-14 17:57:11,522 Train Loss: 0.0001985, Val Loss: 0.0008094
2025-01-14 17:57:11,522 Epoch 411/500
2025-01-14 17:59:50,857 Current Learning Rate: 0.0000761610
2025-01-14 17:59:50,858 Train Loss: 0.0001984, Val Loss: 0.0008206
2025-01-14 17:59:50,858 Epoch 412/500
2025-01-14 18:02:30,100 Current Learning Rate: 0.0000745028
2025-01-14 18:02:30,101 Train Loss: 0.0001984, Val Loss: 0.0008393
2025-01-14 18:02:30,101 Epoch 413/500
2025-01-14 18:05:09,290 Current Learning Rate: 0.0000728613
2025-01-14 18:05:09,291 Train Loss: 0.0001980, Val Loss: 0.0008025
2025-01-14 18:05:09,291 Epoch 414/500
2025-01-14 18:07:48,565 Current Learning Rate: 0.0000712367
2025-01-14 18:07:48,566 Train Loss: 0.0001978, Val Loss: 0.0008339
2025-01-14 18:07:48,566 Epoch 415/500
2025-01-14 18:10:27,810 Current Learning Rate: 0.0000696290
2025-01-14 18:10:27,810 Train Loss: 0.0001978, Val Loss: 0.0008320
2025-01-14 18:10:27,811 Epoch 416/500
2025-01-14 18:13:07,047 Current Learning Rate: 0.0000680383
2025-01-14 18:13:07,047 Train Loss: 0.0001978, Val Loss: 0.0008681
2025-01-14 18:13:07,048 Epoch 417/500
2025-01-14 18:15:45,981 Current Learning Rate: 0.0000664646
2025-01-14 18:15:45,982 Train Loss: 0.0001979, Val Loss: 0.0008207
2025-01-14 18:15:45,983 Epoch 418/500
2025-01-14 18:18:25,064 Current Learning Rate: 0.0000649081
2025-01-14 18:18:25,065 Train Loss: 0.0001973, Val Loss: 0.0008454
2025-01-14 18:18:25,065 Epoch 419/500
2025-01-14 18:21:04,282 Current Learning Rate: 0.0000633688
2025-01-14 18:21:04,283 Train Loss: 0.0001972, Val Loss: 0.0008005
2025-01-14 18:21:04,285 Epoch 420/500
2025-01-14 18:23:43,860 Current Learning Rate: 0.0000618467
2025-01-14 18:23:43,860 Train Loss: 0.0001971, Val Loss: 0.0008163
2025-01-14 18:23:43,861 Epoch 421/500
2025-01-14 18:26:23,552 Current Learning Rate: 0.0000603418
2025-01-14 18:26:23,552 Train Loss: 0.0001971, Val Loss: 0.0008140
2025-01-14 18:26:23,553 Epoch 422/500
2025-01-14 18:29:03,512 Current Learning Rate: 0.0000588544
2025-01-14 18:29:03,513 Train Loss: 0.0001970, Val Loss: 0.0008501
2025-01-14 18:29:03,513 Epoch 423/500
2025-01-14 18:31:42,543 Current Learning Rate: 0.0000573843
2025-01-14 18:31:42,544 Train Loss: 0.0001968, Val Loss: 0.0007956
2025-01-14 18:31:42,544 Epoch 424/500
2025-01-14 18:34:21,142 Current Learning Rate: 0.0000559318
2025-01-14 18:34:21,142 Train Loss: 0.0001967, Val Loss: 0.0008132
2025-01-14 18:34:21,142 Epoch 425/500
2025-01-14 18:37:00,131 Current Learning Rate: 0.0000544967
2025-01-14 18:37:00,132 Train Loss: 0.0001964, Val Loss: 0.0007938
2025-01-14 18:37:00,132 Epoch 426/500
2025-01-14 18:39:39,347 Current Learning Rate: 0.0000530793
2025-01-14 18:39:39,348 Train Loss: 0.0001965, Val Loss: 0.0008237
2025-01-14 18:39:39,348 Epoch 427/500
2025-01-14 18:42:18,362 Current Learning Rate: 0.0000516795
2025-01-14 18:42:18,363 Train Loss: 0.0001964, Val Loss: 0.0008016
2025-01-14 18:42:18,364 Epoch 428/500
2025-01-14 18:44:57,540 Current Learning Rate: 0.0000502974
2025-01-14 18:44:57,541 Train Loss: 0.0001963, Val Loss: 0.0008189
2025-01-14 18:44:57,541 Epoch 429/500
2025-01-14 18:47:36,842 Current Learning Rate: 0.0000489330
2025-01-14 18:47:36,842 Train Loss: 0.0001961, Val Loss: 0.0008420
2025-01-14 18:47:36,843 Epoch 430/500
2025-01-14 18:50:16,283 Current Learning Rate: 0.0000475865
2025-01-14 18:50:16,284 Train Loss: 0.0001960, Val Loss: 0.0008360
2025-01-14 18:50:16,284 Epoch 431/500
2025-01-14 18:52:55,576 Current Learning Rate: 0.0000462578
2025-01-14 18:52:55,577 Train Loss: 0.0001959, Val Loss: 0.0008003
2025-01-14 18:52:55,577 Epoch 432/500
2025-01-14 18:55:34,291 Current Learning Rate: 0.0000449470
2025-01-14 18:55:34,292 Train Loss: 0.0001959, Val Loss: 0.0008181
2025-01-14 18:55:34,292 Epoch 433/500
2025-01-14 18:58:13,793 Current Learning Rate: 0.0000436542
2025-01-14 18:58:13,793 Train Loss: 0.0001959, Val Loss: 0.0008322
2025-01-14 18:58:13,793 Epoch 434/500
2025-01-14 19:00:53,179 Current Learning Rate: 0.0000423794
2025-01-14 19:00:53,180 Train Loss: 0.0001956, Val Loss: 0.0008175
2025-01-14 19:00:53,180 Epoch 435/500
2025-01-14 19:03:32,463 Current Learning Rate: 0.0000411227
2025-01-14 19:03:32,464 Train Loss: 0.0001955, Val Loss: 0.0008229
2025-01-14 19:03:32,464 Epoch 436/500
2025-01-14 19:06:11,659 Current Learning Rate: 0.0000398841
2025-01-14 19:06:11,659 Train Loss: 0.0001954, Val Loss: 0.0007966
2025-01-14 19:06:11,659 Epoch 437/500
2025-01-14 19:08:50,263 Current Learning Rate: 0.0000386636
2025-01-14 19:08:50,264 Train Loss: 0.0001954, Val Loss: 0.0008034
2025-01-14 19:08:50,264 Epoch 438/500
2025-01-14 19:11:28,668 Current Learning Rate: 0.0000374614
2025-01-14 19:11:28,669 Train Loss: 0.0001952, Val Loss: 0.0008022
2025-01-14 19:11:28,670 Epoch 439/500
2025-01-14 19:14:07,215 Current Learning Rate: 0.0000362774
2025-01-14 19:14:07,216 Train Loss: 0.0001952, Val Loss: 0.0007992
2025-01-14 19:14:07,216 Epoch 440/500
2025-01-14 19:16:45,893 Current Learning Rate: 0.0000351118
2025-01-14 19:16:45,894 Train Loss: 0.0001952, Val Loss: 0.0008027
2025-01-14 19:16:45,895 Epoch 441/500
2025-01-14 19:19:24,965 Current Learning Rate: 0.0000339644
2025-01-14 19:19:24,966 Train Loss: 0.0001949, Val Loss: 0.0008026
2025-01-14 19:19:24,966 Epoch 442/500
2025-01-14 19:22:04,136 Current Learning Rate: 0.0000328355
2025-01-14 19:22:04,137 Train Loss: 0.0001948, Val Loss: 0.0008014
2025-01-14 19:22:04,138 Epoch 443/500
2025-01-14 19:24:43,228 Current Learning Rate: 0.0000317251
2025-01-14 19:24:43,228 Train Loss: 0.0001948, Val Loss: 0.0008024
2025-01-14 19:24:43,229 Epoch 444/500
2025-01-14 19:27:22,051 Current Learning Rate: 0.0000306331
2025-01-14 19:27:22,052 Train Loss: 0.0001946, Val Loss: 0.0007955
2025-01-14 19:27:22,052 Epoch 445/500
2025-01-14 19:30:01,133 Current Learning Rate: 0.0000295596
2025-01-14 19:30:01,134 Train Loss: 0.0001946, Val Loss: 0.0008059
2025-01-14 19:30:01,134 Epoch 446/500
2025-01-14 19:32:40,380 Current Learning Rate: 0.0000285047
2025-01-14 19:32:40,380 Train Loss: 0.0001945, Val Loss: 0.0008032
2025-01-14 19:32:40,381 Epoch 447/500
2025-01-14 19:35:19,971 Current Learning Rate: 0.0000274685
2025-01-14 19:35:19,972 Train Loss: 0.0001944, Val Loss: 0.0008021
2025-01-14 19:35:19,972 Epoch 448/500
2025-01-14 19:37:59,297 Current Learning Rate: 0.0000264508
2025-01-14 19:37:59,298 Train Loss: 0.0001943, Val Loss: 0.0007998
2025-01-14 19:37:59,298 Epoch 449/500
2025-01-14 19:40:38,570 Current Learning Rate: 0.0000254519
2025-01-14 19:40:38,571 Train Loss: 0.0001943, Val Loss: 0.0008048
2025-01-14 19:40:38,571 Epoch 450/500
2025-01-14 19:43:17,899 Current Learning Rate: 0.0000244717
2025-01-14 19:43:17,900 Train Loss: 0.0001943, Val Loss: 0.0007990
2025-01-14 19:43:17,900 Epoch 451/500
2025-01-14 19:45:57,448 Current Learning Rate: 0.0000235103
2025-01-14 19:45:57,449 Train Loss: 0.0001941, Val Loss: 0.0007994
2025-01-14 19:45:57,449 Epoch 452/500
2025-01-14 19:48:36,799 Current Learning Rate: 0.0000225677
2025-01-14 19:48:36,800 Train Loss: 0.0001942, Val Loss: 0.0007930
2025-01-14 19:48:36,800 Epoch 453/500
2025-01-14 19:51:16,443 Current Learning Rate: 0.0000216440
2025-01-14 19:51:16,443 Train Loss: 0.0001941, Val Loss: 0.0007996
2025-01-14 19:51:16,443 Epoch 454/500
2025-01-14 19:53:55,750 Current Learning Rate: 0.0000207391
2025-01-14 19:53:55,750 Train Loss: 0.0001940, Val Loss: 0.0008037
2025-01-14 19:53:55,751 Epoch 455/500
2025-01-14 19:56:34,369 Current Learning Rate: 0.0000198532
2025-01-14 19:56:34,369 Train Loss: 0.0001940, Val Loss: 0.0008012
2025-01-14 19:56:34,370 Epoch 456/500
2025-01-14 19:59:13,275 Current Learning Rate: 0.0000189862
2025-01-14 19:59:13,276 Train Loss: 0.0001938, Val Loss: 0.0007944
2025-01-14 19:59:13,276 Epoch 457/500
2025-01-14 20:01:52,410 Current Learning Rate: 0.0000181382
2025-01-14 20:01:52,411 Train Loss: 0.0001939, Val Loss: 0.0008011
2025-01-14 20:01:52,411 Epoch 458/500
2025-01-14 20:04:31,510 Current Learning Rate: 0.0000173092
2025-01-14 20:04:31,511 Train Loss: 0.0001937, Val Loss: 0.0007938
2025-01-14 20:04:31,511 Epoch 459/500
2025-01-14 20:07:10,961 Current Learning Rate: 0.0000164993
2025-01-14 20:07:10,961 Train Loss: 0.0001938, Val Loss: 0.0007970
2025-01-14 20:07:10,962 Epoch 460/500
2025-01-14 20:09:49,707 Current Learning Rate: 0.0000157084
2025-01-14 20:09:49,708 Train Loss: 0.0001937, Val Loss: 0.0007958
2025-01-14 20:09:49,709 Epoch 461/500
2025-01-14 20:12:29,285 Current Learning Rate: 0.0000149367
2025-01-14 20:12:29,286 Train Loss: 0.0001936, Val Loss: 0.0007988
2025-01-14 20:12:29,286 Epoch 462/500
2025-01-14 20:15:08,884 Current Learning Rate: 0.0000141841
2025-01-14 20:15:08,885 Train Loss: 0.0001935, Val Loss: 0.0007975
2025-01-14 20:15:08,885 Epoch 463/500
2025-01-14 20:17:48,267 Current Learning Rate: 0.0000134507
2025-01-14 20:17:48,268 Train Loss: 0.0001935, Val Loss: 0.0007981
2025-01-14 20:17:48,268 Epoch 464/500
2025-01-14 20:20:27,328 Current Learning Rate: 0.0000127366
2025-01-14 20:20:27,329 Train Loss: 0.0001935, Val Loss: 0.0007963
2025-01-14 20:20:27,329 Epoch 465/500
2025-01-14 20:23:06,436 Current Learning Rate: 0.0000120416
2025-01-14 20:23:06,436 Train Loss: 0.0001933, Val Loss: 0.0007983
2025-01-14 20:23:06,437 Epoch 466/500
2025-01-14 20:25:45,625 Current Learning Rate: 0.0000113659
2025-01-14 20:25:45,626 Train Loss: 0.0001934, Val Loss: 0.0007958
2025-01-14 20:25:45,626 Epoch 467/500
2025-01-14 20:28:24,686 Current Learning Rate: 0.0000107095
2025-01-14 20:28:24,686 Train Loss: 0.0001933, Val Loss: 0.0007976
2025-01-14 20:28:24,687 Epoch 468/500
2025-01-14 20:31:03,185 Current Learning Rate: 0.0000100725
2025-01-14 20:31:03,186 Train Loss: 0.0001933, Val Loss: 0.0007935
2025-01-14 20:31:03,187 Epoch 469/500
2025-01-14 20:33:41,703 Current Learning Rate: 0.0000094547
2025-01-14 20:33:41,704 Train Loss: 0.0001932, Val Loss: 0.0007976
2025-01-14 20:33:41,704 Epoch 470/500
2025-01-14 20:36:20,378 Current Learning Rate: 0.0000088564
2025-01-14 20:36:20,379 Train Loss: 0.0001931, Val Loss: 0.0007953
2025-01-14 20:36:20,379 Epoch 471/500
2025-01-14 20:38:58,952 Current Learning Rate: 0.0000082774
2025-01-14 20:38:58,953 Train Loss: 0.0001932, Val Loss: 0.0007904
2025-01-14 20:38:58,953 Epoch 472/500
2025-01-14 20:41:37,833 Current Learning Rate: 0.0000077178
2025-01-14 20:41:37,834 Train Loss: 0.0001932, Val Loss: 0.0007971
2025-01-14 20:41:37,834 Epoch 473/500
2025-01-14 20:44:16,998 Current Learning Rate: 0.0000071777
2025-01-14 20:44:16,999 Train Loss: 0.0001931, Val Loss: 0.0007952
2025-01-14 20:44:16,999 Epoch 474/500
2025-01-14 20:46:56,243 Current Learning Rate: 0.0000066570
2025-01-14 20:46:56,243 Train Loss: 0.0001930, Val Loss: 0.0007958
2025-01-14 20:46:56,244 Epoch 475/500
2025-01-14 20:49:35,271 Current Learning Rate: 0.0000061558
2025-01-14 20:49:35,272 Train Loss: 0.0001929, Val Loss: 0.0007987
2025-01-14 20:49:35,272 Epoch 476/500
2025-01-14 20:52:14,553 Current Learning Rate: 0.0000056741
2025-01-14 20:52:14,554 Train Loss: 0.0001931, Val Loss: 0.0008001
2025-01-14 20:52:14,554 Epoch 477/500
2025-01-14 20:54:53,948 Current Learning Rate: 0.0000052119
2025-01-14 20:54:53,949 Train Loss: 0.0001927, Val Loss: 0.0007979
2025-01-14 20:54:53,949 Epoch 478/500
2025-01-14 20:57:33,668 Current Learning Rate: 0.0000047693
2025-01-14 20:57:33,669 Train Loss: 0.0001929, Val Loss: 0.0007932
2025-01-14 20:57:33,669 Epoch 479/500
2025-01-14 21:00:13,159 Current Learning Rate: 0.0000043462
2025-01-14 21:00:13,160 Train Loss: 0.0001927, Val Loss: 0.0007967
2025-01-14 21:00:13,161 Epoch 480/500
2025-01-14 21:02:52,255 Current Learning Rate: 0.0000039426
2025-01-14 21:02:52,256 Train Loss: 0.0001927, Val Loss: 0.0007981
2025-01-14 21:02:52,256 Epoch 481/500
2025-01-14 21:05:31,819 Current Learning Rate: 0.0000035587
2025-01-14 21:05:31,819 Train Loss: 0.0001929, Val Loss: 0.0007964
2025-01-14 21:05:31,820 Epoch 482/500
2025-01-14 21:08:11,087 Current Learning Rate: 0.0000031943
2025-01-14 21:08:11,087 Train Loss: 0.0001928, Val Loss: 0.0007971
2025-01-14 21:08:11,088 Epoch 483/500
2025-01-14 21:10:49,758 Current Learning Rate: 0.0000028496
2025-01-14 21:10:49,759 Train Loss: 0.0001926, Val Loss: 0.0007964
2025-01-14 21:10:49,761 Epoch 484/500
2025-01-14 21:13:28,236 Current Learning Rate: 0.0000025245
2025-01-14 21:13:28,237 Train Loss: 0.0001929, Val Loss: 0.0007977
2025-01-14 21:13:28,237 Epoch 485/500
2025-01-14 21:16:06,716 Current Learning Rate: 0.0000022190
2025-01-14 21:16:06,716 Train Loss: 0.0001928, Val Loss: 0.0007941
2025-01-14 21:16:06,717 Epoch 486/500
2025-01-14 21:18:45,487 Current Learning Rate: 0.0000019332
2025-01-14 21:18:45,488 Train Loss: 0.0001926, Val Loss: 0.0007935
2025-01-14 21:18:45,488 Epoch 487/500
2025-01-14 21:21:24,610 Current Learning Rate: 0.0000016670
2025-01-14 21:21:24,610 Train Loss: 0.0001926, Val Loss: 0.0007974
2025-01-14 21:21:24,611 Epoch 488/500
2025-01-14 21:24:03,832 Current Learning Rate: 0.0000014205
2025-01-14 21:24:03,833 Train Loss: 0.0001926, Val Loss: 0.0007959
2025-01-14 21:24:03,833 Epoch 489/500
2025-01-14 21:26:43,086 Current Learning Rate: 0.0000011937
2025-01-14 21:26:43,087 Train Loss: 0.0001926, Val Loss: 0.0007972
2025-01-14 21:26:43,087 Epoch 490/500
2025-01-14 21:29:22,397 Current Learning Rate: 0.0000009866
2025-01-14 21:29:22,398 Train Loss: 0.0001926, Val Loss: 0.0007963
2025-01-14 21:29:22,399 Epoch 491/500
2025-01-14 21:32:01,669 Current Learning Rate: 0.0000007992
2025-01-14 21:32:01,670 Train Loss: 0.0001926, Val Loss: 0.0007957
2025-01-14 21:32:01,670 Epoch 492/500
2025-01-14 21:34:40,779 Current Learning Rate: 0.0000006315
2025-01-14 21:34:40,780 Train Loss: 0.0001925, Val Loss: 0.0007961
2025-01-14 21:34:40,780 Epoch 493/500
2025-01-14 21:37:19,791 Current Learning Rate: 0.0000004835
2025-01-14 21:37:19,791 Train Loss: 0.0001926, Val Loss: 0.0007967
2025-01-14 21:37:19,792 Epoch 494/500
2025-01-14 21:39:59,271 Current Learning Rate: 0.0000003553
2025-01-14 21:39:59,271 Train Loss: 0.0001926, Val Loss: 0.0007993
2025-01-14 21:39:59,272 Epoch 495/500
2025-01-14 21:42:38,199 Current Learning Rate: 0.0000002467
2025-01-14 21:42:38,200 Train Loss: 0.0001926, Val Loss: 0.0007956
2025-01-14 21:42:38,200 Epoch 496/500
2025-01-14 21:45:17,545 Current Learning Rate: 0.0000001579
2025-01-14 21:45:17,545 Train Loss: 0.0001926, Val Loss: 0.0007959
2025-01-14 21:45:17,546 Epoch 497/500
2025-01-14 21:47:56,744 Current Learning Rate: 0.0000000888
2025-01-14 21:47:56,744 Train Loss: 0.0001925, Val Loss: 0.0007966
2025-01-14 21:47:56,745 Epoch 498/500
2025-01-14 21:50:36,086 Current Learning Rate: 0.0000000395
2025-01-14 21:50:36,086 Train Loss: 0.0001925, Val Loss: 0.0007978
2025-01-14 21:50:36,087 Epoch 499/500
2025-01-14 21:53:15,077 Current Learning Rate: 0.0000000099
2025-01-14 21:53:15,078 Train Loss: 0.0001926, Val Loss: 0.0007954
2025-01-14 21:53:15,078 Epoch 500/500
2025-01-14 21:55:53,862 Current Learning Rate: 0.0000000000
2025-01-14 21:55:53,863 Train Loss: 0.0001925, Val Loss: 0.0007976
