2025-01-08 21:39:32,108 Added key: store_based_barrier_key:1 to store for rank: 2
2025-01-08 21:39:32,137 Added key: store_based_barrier_key:1 to store for rank: 3
2025-01-08 21:39:32,148 Added key: store_based_barrier_key:1 to store for rank: 4
2025-01-08 21:39:32,156 Added key: store_based_barrier_key:1 to store for rank: 1
2025-01-08 21:39:32,159 Added key: store_based_barrier_key:1 to store for rank: 5
2025-01-08 21:39:32,168 Added key: store_based_barrier_key:1 to store for rank: 0
2025-01-08 21:40:19,995 Epoch 1/500
2025-01-08 21:42:59,591 Current Learning Rate: 0.0004999951
2025-01-08 21:42:59,618 Train Loss: 0.5415211, Val Loss: 0.4390013
2025-01-08 21:42:59,618 Epoch 2/500
2025-01-08 21:45:39,377 Current Learning Rate: 0.0004999803
2025-01-08 21:45:39,404 Train Loss: 0.3752937, Val Loss: 0.3342994
2025-01-08 21:45:39,404 Epoch 3/500
2025-01-08 21:48:18,877 Current Learning Rate: 0.0004999556
2025-01-08 21:48:18,903 Train Loss: 0.2903314, Val Loss: 0.2619000
2025-01-08 21:48:18,903 Epoch 4/500
2025-01-08 21:50:57,695 Current Learning Rate: 0.0004999210
2025-01-08 21:50:57,721 Train Loss: 0.2295384, Val Loss: 0.2089472
2025-01-08 21:50:57,721 Epoch 5/500
2025-01-08 21:53:35,613 Current Learning Rate: 0.0004998766
2025-01-08 21:53:35,638 Train Loss: 0.1845037, Val Loss: 0.1693130
2025-01-08 21:53:35,638 Epoch 6/500
2025-01-08 21:56:14,714 Current Learning Rate: 0.0004998224
2025-01-08 21:56:14,742 Train Loss: 0.1504045, Val Loss: 0.1391360
2025-01-08 21:56:14,743 Epoch 7/500
2025-01-08 21:58:53,182 Current Learning Rate: 0.0004997582
2025-01-08 21:58:53,207 Train Loss: 0.1241380, Val Loss: 0.1157206
2025-01-08 21:58:53,208 Epoch 8/500
2025-01-08 22:01:31,794 Current Learning Rate: 0.0004996842
2025-01-08 22:01:31,819 Train Loss: 0.1035901, Val Loss: 0.0972936
2025-01-08 22:01:31,820 Epoch 9/500
2025-01-08 22:04:09,462 Current Learning Rate: 0.0004996004
2025-01-08 22:04:09,488 Train Loss: 0.0872405, Val Loss: 0.0824943
2025-01-08 22:04:09,489 Epoch 10/500
2025-01-08 22:06:49,794 Current Learning Rate: 0.0004995067
2025-01-08 22:06:49,820 Train Loss: 0.0740681, Val Loss: 0.0705948
2025-01-08 22:06:49,820 Epoch 11/500
2025-01-08 22:09:29,763 Current Learning Rate: 0.0004994031
2025-01-08 22:09:29,789 Train Loss: 0.0636518, Val Loss: 0.0612620
2025-01-08 22:09:29,789 Epoch 12/500
2025-01-08 22:12:08,420 Current Learning Rate: 0.0004992897
2025-01-08 22:12:08,446 Train Loss: 0.0555352, Val Loss: 0.0540303
2025-01-08 22:12:08,446 Epoch 13/500
2025-01-08 22:14:44,996 Current Learning Rate: 0.0004991665
2025-01-08 22:14:45,022 Train Loss: 0.0491742, Val Loss: 0.0483373
2025-01-08 22:14:45,022 Epoch 14/500
2025-01-08 22:17:21,578 Current Learning Rate: 0.0004990334
2025-01-08 22:17:21,672 Train Loss: 0.0441643, Val Loss: 0.0438567
2025-01-08 22:17:21,672 Epoch 15/500
2025-01-08 22:19:58,156 Current Learning Rate: 0.0004988905
2025-01-08 22:19:58,184 Train Loss: 0.0402138, Val Loss: 0.0403162
2025-01-08 22:19:58,184 Epoch 16/500
2025-01-08 22:22:34,541 Current Learning Rate: 0.0004987378
2025-01-08 22:22:34,567 Train Loss: 0.0371070, Val Loss: 0.0375311
2025-01-08 22:22:34,567 Epoch 17/500
2025-01-08 22:25:10,625 Current Learning Rate: 0.0004985752
2025-01-08 22:25:10,655 Train Loss: 0.0346723, Val Loss: 0.0353029
2025-01-08 22:25:10,656 Epoch 18/500
2025-01-08 22:27:47,204 Current Learning Rate: 0.0004984028
2025-01-08 22:27:47,233 Train Loss: 0.0327661, Val Loss: 0.0335847
2025-01-08 22:27:47,233 Epoch 19/500
2025-01-08 22:30:22,981 Current Learning Rate: 0.0004982207
2025-01-08 22:30:23,010 Train Loss: 0.0312804, Val Loss: 0.0322701
2025-01-08 22:30:23,011 Epoch 20/500
2025-01-08 22:32:59,614 Current Learning Rate: 0.0004980287
2025-01-08 22:32:59,640 Train Loss: 0.0301238, Val Loss: 0.0312309
2025-01-08 22:32:59,641 Epoch 21/500
2025-01-08 22:35:35,754 Current Learning Rate: 0.0004978269
2025-01-08 22:35:35,780 Train Loss: 0.0292167, Val Loss: 0.0303771
2025-01-08 22:35:35,780 Epoch 22/500
2025-01-08 22:38:12,188 Current Learning Rate: 0.0004976154
2025-01-08 22:38:12,213 Train Loss: 0.0285152, Val Loss: 0.0297754
2025-01-08 22:38:12,214 Epoch 23/500
2025-01-08 22:40:48,397 Current Learning Rate: 0.0004973940
2025-01-08 22:40:48,421 Train Loss: 0.0279714, Val Loss: 0.0292784
2025-01-08 22:40:48,422 Epoch 24/500
2025-01-08 22:43:24,107 Current Learning Rate: 0.0004971629
2025-01-08 22:43:24,133 Train Loss: 0.0275516, Val Loss: 0.0289638
2025-01-08 22:43:24,133 Epoch 25/500
2025-01-08 22:45:59,870 Current Learning Rate: 0.0004969221
2025-01-08 22:45:59,896 Train Loss: 0.0272317, Val Loss: 0.0286391
2025-01-08 22:45:59,896 Epoch 26/500
2025-01-08 22:48:34,463 Current Learning Rate: 0.0004966715
2025-01-08 22:48:34,490 Train Loss: 0.0269833, Val Loss: 0.0284601
2025-01-08 22:48:34,491 Epoch 27/500
2025-01-08 22:51:09,218 Current Learning Rate: 0.0004964111
2025-01-08 22:51:09,244 Train Loss: 0.0267952, Val Loss: 0.0282434
2025-01-08 22:51:09,244 Epoch 28/500
2025-01-08 22:53:44,497 Current Learning Rate: 0.0004961411
2025-01-08 22:53:44,522 Train Loss: 0.0266408, Val Loss: 0.0281302
2025-01-08 22:53:44,522 Epoch 29/500
2025-01-08 22:56:20,452 Current Learning Rate: 0.0004958613
2025-01-08 22:56:20,477 Train Loss: 0.0265225, Val Loss: 0.0280128
2025-01-08 22:56:20,478 Epoch 30/500
2025-01-08 22:58:55,827 Current Learning Rate: 0.0004955718
2025-01-08 22:58:55,854 Train Loss: 0.0264247, Val Loss: 0.0279797
2025-01-08 22:58:55,854 Epoch 31/500
2025-01-08 23:01:32,709 Current Learning Rate: 0.0004952726
2025-01-08 23:01:32,734 Train Loss: 0.0263452, Val Loss: 0.0278510
2025-01-08 23:01:32,734 Epoch 32/500
2025-01-08 23:04:10,323 Current Learning Rate: 0.0004949638
2025-01-08 23:04:10,349 Train Loss: 0.0262774, Val Loss: 0.0277904
2025-01-08 23:04:10,349 Epoch 33/500
2025-01-08 23:06:48,927 Current Learning Rate: 0.0004946452
2025-01-08 23:06:48,927 Train Loss: 0.0262188, Val Loss: 0.0278006
2025-01-08 23:06:48,928 Epoch 34/500
2025-01-08 23:09:25,168 Current Learning Rate: 0.0004943170
2025-01-08 23:09:25,193 Train Loss: 0.0261698, Val Loss: 0.0277026
2025-01-08 23:09:25,194 Epoch 35/500
2025-01-08 23:12:02,704 Current Learning Rate: 0.0004939792
2025-01-08 23:12:03,386 Train Loss: 0.0261230, Val Loss: 0.0276501
2025-01-08 23:12:03,387 Epoch 36/500
2025-01-08 23:14:37,933 Current Learning Rate: 0.0004936317
2025-01-08 23:14:37,959 Train Loss: 0.0260887, Val Loss: 0.0276146
2025-01-08 23:14:37,959 Epoch 37/500
2025-01-08 23:17:13,556 Current Learning Rate: 0.0004932746
2025-01-08 23:17:13,581 Train Loss: 0.0260507, Val Loss: 0.0275801
2025-01-08 23:17:13,582 Epoch 38/500
2025-01-08 23:19:48,101 Current Learning Rate: 0.0004929079
2025-01-08 23:19:48,128 Train Loss: 0.0260209, Val Loss: 0.0275588
2025-01-08 23:19:48,128 Epoch 39/500
2025-01-08 23:22:22,301 Current Learning Rate: 0.0004925316
2025-01-08 23:22:22,327 Train Loss: 0.0259945, Val Loss: 0.0275455
2025-01-08 23:22:22,327 Epoch 40/500
2025-01-08 23:24:56,162 Current Learning Rate: 0.0004921458
2025-01-08 23:24:56,188 Train Loss: 0.0259688, Val Loss: 0.0275005
2025-01-08 23:24:56,188 Epoch 41/500
2025-01-08 23:27:29,965 Current Learning Rate: 0.0004917504
2025-01-08 23:27:29,966 Train Loss: 0.0259425, Val Loss: 0.0275711
2025-01-08 23:27:29,966 Epoch 42/500
2025-01-08 23:30:02,581 Current Learning Rate: 0.0004913454
2025-01-08 23:30:02,582 Train Loss: 0.0259212, Val Loss: 0.0275031
2025-01-08 23:30:02,582 Epoch 43/500
2025-01-08 23:32:34,822 Current Learning Rate: 0.0004909309
2025-01-08 23:32:34,847 Train Loss: 0.0259024, Val Loss: 0.0274424
2025-01-08 23:32:34,848 Epoch 44/500
2025-01-08 23:35:08,780 Current Learning Rate: 0.0004905069
2025-01-08 23:35:08,812 Train Loss: 0.0258830, Val Loss: 0.0274282
2025-01-08 23:35:08,813 Epoch 45/500
2025-01-08 23:37:41,832 Current Learning Rate: 0.0004900734
2025-01-08 23:37:41,857 Train Loss: 0.0258665, Val Loss: 0.0274068
2025-01-08 23:37:41,858 Epoch 46/500
2025-01-08 23:40:14,617 Current Learning Rate: 0.0004896304
2025-01-08 23:40:14,643 Train Loss: 0.0258472, Val Loss: 0.0273742
2025-01-08 23:40:14,644 Epoch 47/500
2025-01-08 23:42:50,082 Current Learning Rate: 0.0004891780
2025-01-08 23:42:50,107 Train Loss: 0.0258321, Val Loss: 0.0273601
2025-01-08 23:42:50,108 Epoch 48/500
2025-01-08 23:45:27,796 Current Learning Rate: 0.0004887161
2025-01-08 23:45:27,822 Train Loss: 0.0258180, Val Loss: 0.0273496
2025-01-08 23:45:27,822 Epoch 49/500
2025-01-08 23:48:04,883 Current Learning Rate: 0.0004882448
2025-01-08 23:48:04,884 Train Loss: 0.0258036, Val Loss: 0.0273842
2025-01-08 23:48:04,884 Epoch 50/500
2025-01-08 23:50:40,349 Current Learning Rate: 0.0004877641
2025-01-08 23:50:40,375 Train Loss: 0.0257891, Val Loss: 0.0273248
2025-01-08 23:50:40,375 Epoch 51/500
2025-01-08 23:53:15,083 Current Learning Rate: 0.0004872740
2025-01-08 23:53:15,108 Train Loss: 0.0257777, Val Loss: 0.0273203
2025-01-08 23:53:15,108 Epoch 52/500
2025-01-08 23:55:50,915 Current Learning Rate: 0.0004867746
2025-01-08 23:55:50,942 Train Loss: 0.0257634, Val Loss: 0.0272878
2025-01-08 23:55:50,942 Epoch 53/500
2025-01-08 23:58:26,416 Current Learning Rate: 0.0004862658
2025-01-08 23:58:26,417 Train Loss: 0.0257542, Val Loss: 0.0273316
2025-01-08 23:58:26,417 Epoch 54/500
2025-01-09 00:01:02,583 Current Learning Rate: 0.0004857476
2025-01-09 00:01:03,313 Train Loss: 0.0257383, Val Loss: 0.0272821
2025-01-09 00:01:03,314 Epoch 55/500
2025-01-09 00:03:39,137 Current Learning Rate: 0.0004852202
2025-01-09 00:03:39,163 Train Loss: 0.0257320, Val Loss: 0.0272464
2025-01-09 00:03:39,163 Epoch 56/500
2025-01-09 00:06:14,970 Current Learning Rate: 0.0004846835
2025-01-09 00:06:14,970 Train Loss: 0.0257163, Val Loss: 0.0272474
2025-01-09 00:06:14,970 Epoch 57/500
2025-01-09 00:08:50,691 Current Learning Rate: 0.0004841375
2025-01-09 00:08:50,717 Train Loss: 0.0257113, Val Loss: 0.0272200
2025-01-09 00:08:50,717 Epoch 58/500
2025-01-09 00:11:28,794 Current Learning Rate: 0.0004835822
2025-01-09 00:11:28,820 Train Loss: 0.0257008, Val Loss: 0.0272168
2025-01-09 00:11:28,820 Epoch 59/500
2025-01-09 00:14:07,472 Current Learning Rate: 0.0004830178
2025-01-09 00:14:07,472 Train Loss: 0.0256903, Val Loss: 0.0272470
2025-01-09 00:14:07,473 Epoch 60/500
2025-01-09 00:16:45,815 Current Learning Rate: 0.0004824441
2025-01-09 00:16:45,842 Train Loss: 0.0256860, Val Loss: 0.0272011
2025-01-09 00:16:45,842 Epoch 61/500
2025-01-09 00:19:22,263 Current Learning Rate: 0.0004818613
2025-01-09 00:19:22,289 Train Loss: 0.0256750, Val Loss: 0.0271986
2025-01-09 00:19:22,289 Epoch 62/500
2025-01-09 00:22:01,609 Current Learning Rate: 0.0004812693
2025-01-09 00:22:01,609 Train Loss: 0.0256672, Val Loss: 0.0272268
2025-01-09 00:22:01,609 Epoch 63/500
2025-01-09 00:24:42,980 Current Learning Rate: 0.0004806682
2025-01-09 00:24:42,981 Train Loss: 0.0256578, Val Loss: 0.0272105
2025-01-09 00:24:42,981 Epoch 64/500
2025-01-09 00:27:22,908 Current Learning Rate: 0.0004800580
2025-01-09 00:27:22,908 Train Loss: 0.0256514, Val Loss: 0.0272212
2025-01-09 00:27:22,909 Epoch 65/500
2025-01-09 00:30:01,335 Current Learning Rate: 0.0004794387
2025-01-09 00:30:01,335 Train Loss: 0.0256466, Val Loss: 0.0272040
2025-01-09 00:30:01,336 Epoch 66/500
2025-01-09 00:32:40,518 Current Learning Rate: 0.0004788103
2025-01-09 00:32:40,544 Train Loss: 0.0256376, Val Loss: 0.0271828
2025-01-09 00:32:40,544 Epoch 67/500
2025-01-09 00:35:18,815 Current Learning Rate: 0.0004781729
2025-01-09 00:35:18,850 Train Loss: 0.0256303, Val Loss: 0.0271687
2025-01-09 00:35:18,850 Epoch 68/500
2025-01-09 00:37:56,801 Current Learning Rate: 0.0004775265
2025-01-09 00:37:56,826 Train Loss: 0.0256250, Val Loss: 0.0271414
2025-01-09 00:37:56,826 Epoch 69/500
2025-01-09 00:40:36,050 Current Learning Rate: 0.0004768711
2025-01-09 00:40:36,076 Train Loss: 0.0256184, Val Loss: 0.0271296
2025-01-09 00:40:36,077 Epoch 70/500
2025-01-09 00:43:13,224 Current Learning Rate: 0.0004762068
2025-01-09 00:43:13,225 Train Loss: 0.0256109, Val Loss: 0.0271451
2025-01-09 00:43:13,225 Epoch 71/500
2025-01-09 00:45:50,267 Current Learning Rate: 0.0004755335
2025-01-09 00:45:50,293 Train Loss: 0.0256064, Val Loss: 0.0271149
2025-01-09 00:45:50,294 Epoch 72/500
2025-01-09 00:48:28,845 Current Learning Rate: 0.0004748513
2025-01-09 00:48:28,846 Train Loss: 0.0256012, Val Loss: 0.0271177
2025-01-09 00:48:28,846 Epoch 73/500
2025-01-09 00:51:09,195 Current Learning Rate: 0.0004741603
2025-01-09 00:51:09,226 Train Loss: 0.0255945, Val Loss: 0.0271040
2025-01-09 00:51:09,226 Epoch 74/500
2025-01-09 00:53:48,233 Current Learning Rate: 0.0004734604
2025-01-09 00:53:48,260 Train Loss: 0.0255869, Val Loss: 0.0270994
2025-01-09 00:53:48,261 Epoch 75/500
2025-01-09 00:56:25,449 Current Learning Rate: 0.0004727516
2025-01-09 00:56:25,475 Train Loss: 0.0255824, Val Loss: 0.0270949
2025-01-09 00:56:25,475 Epoch 76/500
2025-01-09 00:59:01,737 Current Learning Rate: 0.0004720341
2025-01-09 00:59:02,735 Train Loss: 0.0255754, Val Loss: 0.0270877
2025-01-09 00:59:02,735 Epoch 77/500
2025-01-09 01:01:39,857 Current Learning Rate: 0.0004713078
2025-01-09 01:01:39,883 Train Loss: 0.0255717, Val Loss: 0.0270777
2025-01-09 01:01:39,883 Epoch 78/500
2025-01-09 01:04:15,855 Current Learning Rate: 0.0004705728
2025-01-09 01:04:15,856 Train Loss: 0.0255656, Val Loss: 0.0270794
2025-01-09 01:04:15,856 Epoch 79/500
2025-01-09 01:06:50,536 Current Learning Rate: 0.0004698291
2025-01-09 01:06:50,536 Train Loss: 0.0255601, Val Loss: 0.0271162
2025-01-09 01:06:50,537 Epoch 80/500
2025-01-09 01:09:28,119 Current Learning Rate: 0.0004690767
2025-01-09 01:09:28,146 Train Loss: 0.0255545, Val Loss: 0.0270751
2025-01-09 01:09:28,147 Epoch 81/500
2025-01-09 01:12:07,791 Current Learning Rate: 0.0004683156
2025-01-09 01:12:07,792 Train Loss: 0.0255516, Val Loss: 0.0270790
2025-01-09 01:12:07,792 Epoch 82/500
2025-01-09 01:14:43,990 Current Learning Rate: 0.0004675459
2025-01-09 01:14:43,991 Train Loss: 0.0255463, Val Loss: 0.0270803
2025-01-09 01:14:43,991 Epoch 83/500
2025-01-09 01:17:19,604 Current Learning Rate: 0.0004667677
2025-01-09 01:17:19,634 Train Loss: 0.0255428, Val Loss: 0.0270518
2025-01-09 01:17:19,635 Epoch 84/500
2025-01-09 01:19:55,864 Current Learning Rate: 0.0004659809
2025-01-09 01:19:55,865 Train Loss: 0.0255379, Val Loss: 0.0270539
2025-01-09 01:19:55,865 Epoch 85/500
2025-01-09 01:22:33,878 Current Learning Rate: 0.0004651855
2025-01-09 01:22:33,904 Train Loss: 0.0255321, Val Loss: 0.0270455
2025-01-09 01:22:33,904 Epoch 86/500
2025-01-09 01:25:10,467 Current Learning Rate: 0.0004643817
2025-01-09 01:25:10,492 Train Loss: 0.0255288, Val Loss: 0.0270383
2025-01-09 01:25:10,492 Epoch 87/500
2025-01-09 01:27:47,833 Current Learning Rate: 0.0004635694
2025-01-09 01:27:47,834 Train Loss: 0.0255254, Val Loss: 0.0270500
2025-01-09 01:27:47,834 Epoch 88/500
2025-01-09 01:30:24,431 Current Learning Rate: 0.0004627486
2025-01-09 01:30:24,458 Train Loss: 0.0255221, Val Loss: 0.0270290
2025-01-09 01:30:24,459 Epoch 89/500
2025-01-09 01:33:00,133 Current Learning Rate: 0.0004619195
2025-01-09 01:33:00,133 Train Loss: 0.0255182, Val Loss: 0.0271024
2025-01-09 01:33:00,134 Epoch 90/500
2025-01-09 01:35:37,982 Current Learning Rate: 0.0004610820
2025-01-09 01:35:37,982 Train Loss: 0.0255139, Val Loss: 0.0270879
2025-01-09 01:35:37,982 Epoch 91/500
2025-01-09 01:38:15,438 Current Learning Rate: 0.0004602361
2025-01-09 01:38:15,464 Train Loss: 0.0255119, Val Loss: 0.0270178
2025-01-09 01:38:15,464 Epoch 92/500
2025-01-09 01:40:52,554 Current Learning Rate: 0.0004593820
2025-01-09 01:40:52,555 Train Loss: 0.0255088, Val Loss: 0.0270227
2025-01-09 01:40:52,555 Epoch 93/500
2025-01-09 01:43:29,613 Current Learning Rate: 0.0004585196
2025-01-09 01:43:29,638 Train Loss: 0.0255037, Val Loss: 0.0270064
2025-01-09 01:43:29,639 Epoch 94/500
2025-01-09 01:46:07,948 Current Learning Rate: 0.0004576490
2025-01-09 01:46:07,973 Train Loss: 0.0255008, Val Loss: 0.0270033
2025-01-09 01:46:07,973 Epoch 95/500
2025-01-09 01:48:46,394 Current Learning Rate: 0.0004567701
2025-01-09 01:48:46,394 Train Loss: 0.0254965, Val Loss: 0.0270112
2025-01-09 01:48:46,395 Epoch 96/500
2025-01-09 01:51:24,848 Current Learning Rate: 0.0004558831
2025-01-09 01:51:24,849 Train Loss: 0.0254941, Val Loss: 0.0270114
2025-01-09 01:51:24,849 Epoch 97/500
2025-01-09 01:54:03,471 Current Learning Rate: 0.0004549880
2025-01-09 01:54:03,496 Train Loss: 0.0254925, Val Loss: 0.0270014
2025-01-09 01:54:03,497 Epoch 98/500
2025-01-09 01:56:42,210 Current Learning Rate: 0.0004540848
2025-01-09 01:56:42,211 Train Loss: 0.0254893, Val Loss: 0.0270283
2025-01-09 01:56:42,211 Epoch 99/500
2025-01-09 01:59:18,164 Current Learning Rate: 0.0004531735
2025-01-09 01:59:18,165 Train Loss: 0.0254875, Val Loss: 0.0270343
2025-01-09 01:59:18,165 Epoch 100/500
2025-01-09 02:01:54,190 Current Learning Rate: 0.0004522542
2025-01-09 02:01:54,190 Train Loss: 0.0254839, Val Loss: 0.0270158
2025-01-09 02:01:54,190 Epoch 101/500
2025-01-09 02:04:29,971 Current Learning Rate: 0.0004513270
2025-01-09 02:04:29,997 Train Loss: 0.0254826, Val Loss: 0.0269957
2025-01-09 02:04:29,997 Epoch 102/500
2025-01-09 02:07:08,594 Current Learning Rate: 0.0004503917
2025-01-09 02:07:08,594 Train Loss: 0.0254794, Val Loss: 0.0269996
2025-01-09 02:07:08,594 Epoch 103/500
2025-01-09 02:09:49,202 Current Learning Rate: 0.0004494486
2025-01-09 02:09:49,203 Train Loss: 0.0254760, Val Loss: 0.0270121
2025-01-09 02:09:49,203 Epoch 104/500
2025-01-09 02:12:28,945 Current Learning Rate: 0.0004484976
2025-01-09 02:12:28,971 Train Loss: 0.0254746, Val Loss: 0.0269778
2025-01-09 02:12:28,971 Epoch 105/500
2025-01-09 02:15:05,609 Current Learning Rate: 0.0004475388
2025-01-09 02:15:05,637 Train Loss: 0.0254712, Val Loss: 0.0269758
2025-01-09 02:15:05,638 Epoch 106/500
2025-01-09 02:17:42,863 Current Learning Rate: 0.0004465721
2025-01-09 02:17:42,888 Train Loss: 0.0254711, Val Loss: 0.0269689
2025-01-09 02:17:42,888 Epoch 107/500
2025-01-09 02:20:16,879 Current Learning Rate: 0.0004455977
2025-01-09 02:20:16,879 Train Loss: 0.0254659, Val Loss: 0.0270393
2025-01-09 02:20:16,880 Epoch 108/500
2025-01-09 02:22:52,915 Current Learning Rate: 0.0004446156
2025-01-09 02:22:52,944 Train Loss: 0.0254649, Val Loss: 0.0269674
2025-01-09 02:22:52,944 Epoch 109/500
2025-01-09 02:25:30,999 Current Learning Rate: 0.0004436258
2025-01-09 02:25:31,025 Train Loss: 0.0254653, Val Loss: 0.0269650
2025-01-09 02:25:31,025 Epoch 110/500
2025-01-09 02:28:10,712 Current Learning Rate: 0.0004426283
2025-01-09 02:28:10,712 Train Loss: 0.0254619, Val Loss: 0.0270140
2025-01-09 02:28:10,713 Epoch 111/500
2025-01-09 02:30:46,957 Current Learning Rate: 0.0004416233
2025-01-09 02:30:46,958 Train Loss: 0.0254613, Val Loss: 0.0269769
2025-01-09 02:30:46,958 Epoch 112/500
2025-01-09 02:33:23,290 Current Learning Rate: 0.0004406106
2025-01-09 02:33:23,290 Train Loss: 0.0254568, Val Loss: 0.0269753
2025-01-09 02:33:23,291 Epoch 113/500
2025-01-09 02:35:59,867 Current Learning Rate: 0.0004395905
2025-01-09 02:35:59,893 Train Loss: 0.0254555, Val Loss: 0.0269627
2025-01-09 02:35:59,894 Epoch 114/500
2025-01-09 02:38:34,748 Current Learning Rate: 0.0004385628
2025-01-09 02:38:34,774 Train Loss: 0.0254558, Val Loss: 0.0269599
2025-01-09 02:38:34,774 Epoch 115/500
2025-01-09 02:41:09,304 Current Learning Rate: 0.0004375278
2025-01-09 02:41:09,330 Train Loss: 0.0254534, Val Loss: 0.0269527
2025-01-09 02:41:09,330 Epoch 116/500
2025-01-09 02:43:45,305 Current Learning Rate: 0.0004364853
2025-01-09 02:43:45,306 Train Loss: 0.0254513, Val Loss: 0.0269678
2025-01-09 02:43:45,306 Epoch 117/500
2025-01-09 02:46:21,175 Current Learning Rate: 0.0004354354
2025-01-09 02:46:21,202 Train Loss: 0.0254482, Val Loss: 0.0269518
2025-01-09 02:46:21,202 Epoch 118/500
2025-01-09 02:48:57,102 Current Learning Rate: 0.0004343783
2025-01-09 02:48:57,102 Train Loss: 0.0254477, Val Loss: 0.0269632
2025-01-09 02:48:57,103 Epoch 119/500
2025-01-09 02:51:32,619 Current Learning Rate: 0.0004333138
2025-01-09 02:51:32,655 Train Loss: 0.0254467, Val Loss: 0.0269370
2025-01-09 02:51:32,655 Epoch 120/500
2025-01-09 02:54:08,944 Current Learning Rate: 0.0004322422
2025-01-09 02:54:08,944 Train Loss: 0.0254447, Val Loss: 0.0269619
2025-01-09 02:54:08,944 Epoch 121/500
2025-01-09 02:56:45,152 Current Learning Rate: 0.0004311633
2025-01-09 02:56:45,152 Train Loss: 0.0254445, Val Loss: 0.0269483
2025-01-09 02:56:45,153 Epoch 122/500
2025-01-09 02:59:20,453 Current Learning Rate: 0.0004300773
2025-01-09 02:59:20,453 Train Loss: 0.0254428, Val Loss: 0.0269387
2025-01-09 02:59:20,453 Epoch 123/500
2025-01-09 03:01:55,848 Current Learning Rate: 0.0004289841
2025-01-09 03:01:55,849 Train Loss: 0.0254417, Val Loss: 0.0269575
2025-01-09 03:01:55,849 Epoch 124/500
2025-01-09 03:04:31,303 Current Learning Rate: 0.0004278839
2025-01-09 03:04:31,303 Train Loss: 0.0254391, Val Loss: 0.0269486
2025-01-09 03:04:31,304 Epoch 125/500
2025-01-09 03:07:07,106 Current Learning Rate: 0.0004267767
2025-01-09 03:07:07,106 Train Loss: 0.0254376, Val Loss: 0.0269523
2025-01-09 03:07:07,107 Epoch 126/500
2025-01-09 03:09:42,682 Current Learning Rate: 0.0004256625
2025-01-09 03:09:42,683 Train Loss: 0.0254383, Val Loss: 0.0269470
2025-01-09 03:09:42,683 Epoch 127/500
2025-01-09 03:12:18,259 Current Learning Rate: 0.0004245414
2025-01-09 03:12:18,260 Train Loss: 0.0254371, Val Loss: 0.0269389
2025-01-09 03:12:18,260 Epoch 128/500
2025-01-09 03:14:53,464 Current Learning Rate: 0.0004234133
2025-01-09 03:14:53,489 Train Loss: 0.0254326, Val Loss: 0.0269310
2025-01-09 03:14:53,489 Epoch 129/500
2025-01-09 03:17:28,127 Current Learning Rate: 0.0004222785
2025-01-09 03:17:28,127 Train Loss: 0.0254364, Val Loss: 0.0269402
2025-01-09 03:17:28,127 Epoch 130/500
2025-01-09 03:20:04,840 Current Learning Rate: 0.0004211368
2025-01-09 03:20:04,866 Train Loss: 0.0254326, Val Loss: 0.0269229
2025-01-09 03:20:04,866 Epoch 131/500
2025-01-09 03:22:41,251 Current Learning Rate: 0.0004199883
2025-01-09 03:22:41,252 Train Loss: 0.0254303, Val Loss: 0.0269281
2025-01-09 03:22:41,252 Epoch 132/500
2025-01-09 03:25:20,371 Current Learning Rate: 0.0004188332
2025-01-09 03:25:20,372 Train Loss: 0.0254305, Val Loss: 0.0269345
2025-01-09 03:25:20,372 Epoch 133/500
2025-01-09 03:27:57,925 Current Learning Rate: 0.0004176714
2025-01-09 03:27:57,926 Train Loss: 0.0254289, Val Loss: 0.0269284
2025-01-09 03:27:57,926 Epoch 134/500
2025-01-09 03:30:34,952 Current Learning Rate: 0.0004165030
2025-01-09 03:30:34,952 Train Loss: 0.0254285, Val Loss: 0.0269246
2025-01-09 03:30:34,953 Epoch 135/500
2025-01-09 03:33:12,800 Current Learning Rate: 0.0004153280
2025-01-09 03:33:12,801 Train Loss: 0.0254273, Val Loss: 0.0269267
2025-01-09 03:33:12,801 Epoch 136/500
2025-01-09 03:35:50,340 Current Learning Rate: 0.0004141464
2025-01-09 03:35:50,340 Train Loss: 0.0254268, Val Loss: 0.0269325
2025-01-09 03:35:50,340 Epoch 137/500
2025-01-09 03:38:24,195 Current Learning Rate: 0.0004129584
2025-01-09 03:38:24,196 Train Loss: 0.0254252, Val Loss: 0.0269956
2025-01-09 03:38:24,196 Epoch 138/500
2025-01-09 03:40:57,451 Current Learning Rate: 0.0004117640
2025-01-09 03:40:57,451 Train Loss: 0.0254263, Val Loss: 0.0269401
2025-01-09 03:40:57,451 Epoch 139/500
2025-01-09 03:43:30,921 Current Learning Rate: 0.0004105632
2025-01-09 03:43:30,922 Train Loss: 0.0254232, Val Loss: 0.0269468
2025-01-09 03:43:30,922 Epoch 140/500
2025-01-09 03:46:05,745 Current Learning Rate: 0.0004093560
2025-01-09 03:46:05,745 Train Loss: 0.0254230, Val Loss: 0.0269288
2025-01-09 03:46:05,745 Epoch 141/500
2025-01-09 03:48:42,766 Current Learning Rate: 0.0004081425
2025-01-09 03:48:42,766 Train Loss: 0.0254238, Val Loss: 0.0269310
2025-01-09 03:48:42,766 Epoch 142/500
2025-01-09 03:51:18,226 Current Learning Rate: 0.0004069228
2025-01-09 03:51:18,227 Train Loss: 0.0254207, Val Loss: 0.0269475
2025-01-09 03:51:18,227 Epoch 143/500
2025-01-09 03:53:53,850 Current Learning Rate: 0.0004056969
2025-01-09 03:53:53,851 Train Loss: 0.0254201, Val Loss: 0.0269438
2025-01-09 03:53:53,851 Epoch 144/500
2025-01-09 03:56:29,825 Current Learning Rate: 0.0004044649
2025-01-09 03:56:29,825 Train Loss: 0.0254194, Val Loss: 0.0269354
2025-01-09 03:56:29,826 Epoch 145/500
2025-01-09 03:59:06,035 Current Learning Rate: 0.0004032268
2025-01-09 03:59:06,061 Train Loss: 0.0254193, Val Loss: 0.0269180
2025-01-09 03:59:06,062 Epoch 146/500
2025-01-09 04:01:41,742 Current Learning Rate: 0.0004019826
2025-01-09 04:01:41,743 Train Loss: 0.0254170, Val Loss: 0.0269211
2025-01-09 04:01:41,743 Epoch 147/500
2025-01-09 04:04:16,343 Current Learning Rate: 0.0004007324
2025-01-09 04:04:16,369 Train Loss: 0.0254176, Val Loss: 0.0269172
2025-01-09 04:04:16,369 Epoch 148/500
2025-01-09 04:06:49,109 Current Learning Rate: 0.0003994762
2025-01-09 04:06:49,135 Train Loss: 0.0254157, Val Loss: 0.0269107
2025-01-09 04:06:49,135 Epoch 149/500
2025-01-09 04:09:22,310 Current Learning Rate: 0.0003982142
2025-01-09 04:09:22,311 Train Loss: 0.0254157, Val Loss: 0.0269357
2025-01-09 04:09:22,311 Epoch 150/500
2025-01-09 04:11:56,767 Current Learning Rate: 0.0003969463
2025-01-09 04:11:56,767 Train Loss: 0.0254158, Val Loss: 0.0269259
2025-01-09 04:11:56,767 Epoch 151/500
2025-01-09 04:14:33,747 Current Learning Rate: 0.0003956726
2025-01-09 04:14:33,747 Train Loss: 0.0254140, Val Loss: 0.0269379
2025-01-09 04:14:33,748 Epoch 152/500
2025-01-09 04:17:10,275 Current Learning Rate: 0.0003943932
2025-01-09 04:17:10,275 Train Loss: 0.0254131, Val Loss: 0.0269116
2025-01-09 04:17:10,276 Epoch 153/500
2025-01-09 04:19:47,380 Current Learning Rate: 0.0003931080
2025-01-09 04:19:47,381 Train Loss: 0.0254140, Val Loss: 0.0269130
2025-01-09 04:19:47,381 Epoch 154/500
2025-01-09 04:22:22,165 Current Learning Rate: 0.0003918172
2025-01-09 04:22:22,165 Train Loss: 0.0254130, Val Loss: 0.0269117
2025-01-09 04:22:22,165 Epoch 155/500
2025-01-09 04:24:57,129 Current Learning Rate: 0.0003905208
2025-01-09 04:24:57,161 Train Loss: 0.0254114, Val Loss: 0.0269095
2025-01-09 04:24:57,161 Epoch 156/500
2025-01-09 04:27:31,955 Current Learning Rate: 0.0003892189
2025-01-09 04:27:31,956 Train Loss: 0.0254110, Val Loss: 0.0269242
2025-01-09 04:27:31,956 Epoch 157/500
2025-01-09 04:30:09,087 Current Learning Rate: 0.0003879115
2025-01-09 04:30:09,087 Train Loss: 0.0254112, Val Loss: 0.0269133
2025-01-09 04:30:09,088 Epoch 158/500
2025-01-09 04:32:47,976 Current Learning Rate: 0.0003865986
2025-01-09 04:32:47,977 Train Loss: 0.0254098, Val Loss: 0.0269102
2025-01-09 04:32:47,977 Epoch 159/500
2025-01-09 04:35:25,625 Current Learning Rate: 0.0003852803
2025-01-09 04:35:25,626 Train Loss: 0.0254071, Val Loss: 0.0269257
2025-01-09 04:35:25,626 Epoch 160/500
2025-01-09 04:38:02,010 Current Learning Rate: 0.0003839567
2025-01-09 04:38:03,378 Train Loss: 0.0254089, Val Loss: 0.0269091
2025-01-09 04:38:03,378 Epoch 161/500
2025-01-09 04:40:38,303 Current Learning Rate: 0.0003826278
2025-01-09 04:40:38,329 Train Loss: 0.0254077, Val Loss: 0.0269034
2025-01-09 04:40:38,330 Epoch 162/500
2025-01-09 04:43:13,861 Current Learning Rate: 0.0003812937
2025-01-09 04:43:13,862 Train Loss: 0.0254072, Val Loss: 0.0269110
2025-01-09 04:43:13,862 Epoch 163/500
2025-01-09 04:45:49,593 Current Learning Rate: 0.0003799543
2025-01-09 04:45:49,594 Train Loss: 0.0254066, Val Loss: 0.0269117
2025-01-09 04:45:49,594 Epoch 164/500
2025-01-09 04:48:25,463 Current Learning Rate: 0.0003786099
2025-01-09 04:48:25,463 Train Loss: 0.0254064, Val Loss: 0.0269226
2025-01-09 04:48:25,464 Epoch 165/500
2025-01-09 04:51:00,984 Current Learning Rate: 0.0003772604
2025-01-09 04:51:00,985 Train Loss: 0.0254058, Val Loss: 0.0269233
2025-01-09 04:51:00,985 Epoch 166/500
2025-01-09 04:53:36,142 Current Learning Rate: 0.0003759058
2025-01-09 04:53:36,168 Train Loss: 0.0254039, Val Loss: 0.0269022
2025-01-09 04:53:36,168 Epoch 167/500
2025-01-09 04:56:12,918 Current Learning Rate: 0.0003745463
2025-01-09 04:56:12,919 Train Loss: 0.0254036, Val Loss: 0.0269226
2025-01-09 04:56:12,919 Epoch 168/500
2025-01-09 04:58:48,796 Current Learning Rate: 0.0003731818
2025-01-09 04:58:48,797 Train Loss: 0.0254030, Val Loss: 0.0269065
2025-01-09 04:58:48,797 Epoch 169/500
2025-01-09 05:01:25,026 Current Learning Rate: 0.0003718125
2025-01-09 05:01:25,052 Train Loss: 0.0254034, Val Loss: 0.0269004
2025-01-09 05:01:25,052 Epoch 170/500
2025-01-09 05:04:00,550 Current Learning Rate: 0.0003704384
2025-01-09 05:04:00,550 Train Loss: 0.0254034, Val Loss: 0.0269089
2025-01-09 05:04:00,550 Epoch 171/500
2025-01-09 05:06:34,903 Current Learning Rate: 0.0003690596
2025-01-09 05:06:34,904 Train Loss: 0.0254021, Val Loss: 0.0269018
2025-01-09 05:06:34,904 Epoch 172/500
2025-01-09 05:09:09,281 Current Learning Rate: 0.0003676760
2025-01-09 05:09:09,282 Train Loss: 0.0254009, Val Loss: 0.0269104
2025-01-09 05:09:09,282 Epoch 173/500
2025-01-09 05:11:43,917 Current Learning Rate: 0.0003662878
2025-01-09 05:11:43,917 Train Loss: 0.0254001, Val Loss: 0.0269641
2025-01-09 05:11:43,918 Epoch 174/500
2025-01-09 05:14:18,805 Current Learning Rate: 0.0003648950
2025-01-09 05:14:18,805 Train Loss: 0.0254011, Val Loss: 0.0269146
2025-01-09 05:14:18,805 Epoch 175/500
2025-01-09 05:16:54,475 Current Learning Rate: 0.0003634976
2025-01-09 05:16:54,476 Train Loss: 0.0253994, Val Loss: 0.0269218
2025-01-09 05:16:54,476 Epoch 176/500
2025-01-09 05:19:29,926 Current Learning Rate: 0.0003620958
2025-01-09 05:19:29,926 Train Loss: 0.0253992, Val Loss: 0.0269116
2025-01-09 05:19:29,926 Epoch 177/500
2025-01-09 05:22:05,151 Current Learning Rate: 0.0003606896
2025-01-09 05:22:05,152 Train Loss: 0.0253981, Val Loss: 0.0269212
2025-01-09 05:22:05,152 Epoch 178/500
2025-01-09 05:24:41,306 Current Learning Rate: 0.0003592789
2025-01-09 05:24:41,331 Train Loss: 0.0253979, Val Loss: 0.0268988
2025-01-09 05:24:41,331 Epoch 179/500
2025-01-09 05:27:16,981 Current Learning Rate: 0.0003578640
2025-01-09 05:27:17,009 Train Loss: 0.0253972, Val Loss: 0.0268930
2025-01-09 05:27:17,010 Epoch 180/500
2025-01-09 05:29:52,389 Current Learning Rate: 0.0003564448
2025-01-09 05:29:52,390 Train Loss: 0.0253970, Val Loss: 0.0269158
2025-01-09 05:29:52,390 Epoch 181/500
2025-01-09 05:32:27,407 Current Learning Rate: 0.0003550214
2025-01-09 05:32:27,433 Train Loss: 0.0253977, Val Loss: 0.0268908
2025-01-09 05:32:27,433 Epoch 182/500
2025-01-09 05:35:02,686 Current Learning Rate: 0.0003535939
2025-01-09 05:35:02,687 Train Loss: 0.0253948, Val Loss: 0.0269026
2025-01-09 05:35:02,687 Epoch 183/500
2025-01-09 05:37:37,302 Current Learning Rate: 0.0003521623
2025-01-09 05:37:37,303 Train Loss: 0.0253959, Val Loss: 0.0269545
2025-01-09 05:37:37,303 Epoch 184/500
2025-01-09 05:40:12,473 Current Learning Rate: 0.0003507266
2025-01-09 05:40:12,474 Train Loss: 0.0253942, Val Loss: 0.0268948
2025-01-09 05:40:12,474 Epoch 185/500
2025-01-09 05:42:49,665 Current Learning Rate: 0.0003492870
2025-01-09 05:42:49,666 Train Loss: 0.0253933, Val Loss: 0.0269031
2025-01-09 05:42:49,666 Epoch 186/500
2025-01-09 05:45:28,492 Current Learning Rate: 0.0003478434
2025-01-09 05:45:28,492 Train Loss: 0.0253933, Val Loss: 0.0269041
2025-01-09 05:45:28,493 Epoch 187/500
2025-01-09 05:48:05,228 Current Learning Rate: 0.0003463960
2025-01-09 05:48:05,228 Train Loss: 0.0253929, Val Loss: 0.0269011
2025-01-09 05:48:05,228 Epoch 188/500
2025-01-09 05:50:41,560 Current Learning Rate: 0.0003449448
2025-01-09 05:50:41,592 Train Loss: 0.0253926, Val Loss: 0.0268885
2025-01-09 05:50:41,592 Epoch 189/500
2025-01-09 05:53:17,540 Current Learning Rate: 0.0003434898
2025-01-09 05:53:17,541 Train Loss: 0.0253918, Val Loss: 0.0269159
2025-01-09 05:53:17,541 Epoch 190/500
2025-01-09 05:55:53,170 Current Learning Rate: 0.0003420311
2025-01-09 05:55:53,196 Train Loss: 0.0253890, Val Loss: 0.0268871
2025-01-09 05:55:53,196 Epoch 191/500
2025-01-09 05:58:29,040 Current Learning Rate: 0.0003405688
2025-01-09 05:58:29,068 Train Loss: 0.0253910, Val Loss: 0.0268831
2025-01-09 05:58:29,069 Epoch 192/500
2025-01-09 06:01:04,087 Current Learning Rate: 0.0003391030
2025-01-09 06:01:04,088 Train Loss: 0.0253905, Val Loss: 0.0268852
2025-01-09 06:01:04,088 Epoch 193/500
2025-01-09 06:03:38,700 Current Learning Rate: 0.0003376336
2025-01-09 06:03:38,701 Train Loss: 0.0253893, Val Loss: 0.0269011
2025-01-09 06:03:38,701 Epoch 194/500
2025-01-09 06:06:12,694 Current Learning Rate: 0.0003361607
2025-01-09 06:06:12,695 Train Loss: 0.0253888, Val Loss: 0.0268875
2025-01-09 06:06:12,695 Epoch 195/500
2025-01-09 06:08:46,830 Current Learning Rate: 0.0003346845
2025-01-09 06:08:46,831 Train Loss: 0.0253891, Val Loss: 0.0268945
2025-01-09 06:08:46,832 Epoch 196/500
2025-01-09 06:11:21,251 Current Learning Rate: 0.0003332049
2025-01-09 06:11:21,251 Train Loss: 0.0253874, Val Loss: 0.0269147
2025-01-09 06:11:21,251 Epoch 197/500
2025-01-09 06:13:55,739 Current Learning Rate: 0.0003317220
2025-01-09 06:13:55,739 Train Loss: 0.0253878, Val Loss: 0.0268888
2025-01-09 06:13:55,740 Epoch 198/500
2025-01-09 06:16:31,947 Current Learning Rate: 0.0003302359
2025-01-09 06:16:31,948 Train Loss: 0.0253871, Val Loss: 0.0268899
2025-01-09 06:16:31,948 Epoch 199/500
2025-01-09 06:19:06,302 Current Learning Rate: 0.0003287466
2025-01-09 06:19:06,303 Train Loss: 0.0253873, Val Loss: 0.0268900
2025-01-09 06:19:06,303 Epoch 200/500
2025-01-09 06:21:40,769 Current Learning Rate: 0.0003272542
2025-01-09 06:21:40,796 Train Loss: 0.0253847, Val Loss: 0.0268755
2025-01-09 06:21:40,796 Epoch 201/500
2025-01-09 06:24:14,213 Current Learning Rate: 0.0003257588
2025-01-09 06:24:14,213 Train Loss: 0.0253851, Val Loss: 0.0268815
2025-01-09 06:24:14,213 Epoch 202/500
2025-01-09 06:26:47,623 Current Learning Rate: 0.0003242604
2025-01-09 06:26:47,624 Train Loss: 0.0253855, Val Loss: 0.0268911
2025-01-09 06:26:47,624 Epoch 203/500
2025-01-09 06:29:20,830 Current Learning Rate: 0.0003227590
2025-01-09 06:29:20,830 Train Loss: 0.0253845, Val Loss: 0.0268843
2025-01-09 06:29:20,830 Epoch 204/500
2025-01-09 06:31:54,387 Current Learning Rate: 0.0003212548
2025-01-09 06:31:54,387 Train Loss: 0.0253827, Val Loss: 0.0268870
2025-01-09 06:31:54,387 Epoch 205/500
2025-01-09 06:34:28,361 Current Learning Rate: 0.0003197478
2025-01-09 06:34:28,362 Train Loss: 0.0253843, Val Loss: 0.0268852
2025-01-09 06:34:28,362 Epoch 206/500
2025-01-09 06:37:02,142 Current Learning Rate: 0.0003182380
2025-01-09 06:37:02,142 Train Loss: 0.0253830, Val Loss: 0.0268851
2025-01-09 06:37:02,143 Epoch 207/500
2025-01-09 06:39:36,617 Current Learning Rate: 0.0003167255
2025-01-09 06:39:36,617 Train Loss: 0.0253839, Val Loss: 0.0268854
2025-01-09 06:39:36,617 Epoch 208/500
2025-01-09 06:42:11,652 Current Learning Rate: 0.0003152104
2025-01-09 06:42:11,652 Train Loss: 0.0253828, Val Loss: 0.0268818
2025-01-09 06:42:11,652 Epoch 209/500
2025-01-09 06:44:48,044 Current Learning Rate: 0.0003136927
2025-01-09 06:44:48,044 Train Loss: 0.0253818, Val Loss: 0.0268969
2025-01-09 06:44:48,045 Epoch 210/500
2025-01-09 06:47:24,419 Current Learning Rate: 0.0003121725
2025-01-09 06:47:24,420 Train Loss: 0.0253818, Val Loss: 0.0268819
2025-01-09 06:47:24,420 Epoch 211/500
2025-01-09 06:50:00,854 Current Learning Rate: 0.0003106498
2025-01-09 06:50:00,855 Train Loss: 0.0253824, Val Loss: 0.0268851
2025-01-09 06:50:00,855 Epoch 212/500
2025-01-09 06:52:37,285 Current Learning Rate: 0.0003091247
2025-01-09 06:52:37,286 Train Loss: 0.0253794, Val Loss: 0.0268830
2025-01-09 06:52:37,286 Epoch 213/500
2025-01-09 06:55:14,942 Current Learning Rate: 0.0003075974
2025-01-09 06:55:14,943 Train Loss: 0.0253798, Val Loss: 0.0268778
2025-01-09 06:55:14,943 Epoch 214/500
2025-01-09 06:57:53,253 Current Learning Rate: 0.0003060677
2025-01-09 06:57:53,254 Train Loss: 0.0253797, Val Loss: 0.0268867
2025-01-09 06:57:53,254 Epoch 215/500
2025-01-09 07:00:31,502 Current Learning Rate: 0.0003045358
2025-01-09 07:00:31,502 Train Loss: 0.0253802, Val Loss: 0.0268800
2025-01-09 07:00:31,503 Epoch 216/500
2025-01-09 07:03:08,618 Current Learning Rate: 0.0003030018
2025-01-09 07:03:08,618 Train Loss: 0.0253789, Val Loss: 0.0268908
2025-01-09 07:03:08,619 Epoch 217/500
2025-01-09 07:05:46,702 Current Learning Rate: 0.0003014657
2025-01-09 07:05:46,702 Train Loss: 0.0253781, Val Loss: 0.0268865
2025-01-09 07:05:46,702 Epoch 218/500
2025-01-09 07:08:24,228 Current Learning Rate: 0.0002999275
2025-01-09 07:08:24,229 Train Loss: 0.0253783, Val Loss: 0.0268905
2025-01-09 07:08:24,229 Epoch 219/500
2025-01-09 07:11:00,925 Current Learning Rate: 0.0002983874
2025-01-09 07:11:00,926 Train Loss: 0.0253770, Val Loss: 0.0268898
2025-01-09 07:11:00,926 Epoch 220/500
2025-01-09 07:13:38,841 Current Learning Rate: 0.0002968453
2025-01-09 07:13:38,841 Train Loss: 0.0253772, Val Loss: 0.0268881
2025-01-09 07:13:38,842 Epoch 221/500
2025-01-09 07:16:16,624 Current Learning Rate: 0.0002953014
2025-01-09 07:16:16,625 Train Loss: 0.0253770, Val Loss: 0.0268801
2025-01-09 07:16:16,625 Epoch 222/500
2025-01-09 07:18:51,672 Current Learning Rate: 0.0002937558
2025-01-09 07:18:51,699 Train Loss: 0.0253765, Val Loss: 0.0268713
2025-01-09 07:18:51,699 Epoch 223/500
2025-01-09 07:21:25,086 Current Learning Rate: 0.0002922084
2025-01-09 07:21:25,087 Train Loss: 0.0253754, Val Loss: 0.0269014
2025-01-09 07:21:25,087 Epoch 224/500
2025-01-09 07:24:00,458 Current Learning Rate: 0.0002906593
2025-01-09 07:24:00,459 Train Loss: 0.0253746, Val Loss: 0.0268770
2025-01-09 07:24:00,459 Epoch 225/500
2025-01-09 07:26:35,079 Current Learning Rate: 0.0002891086
2025-01-09 07:26:35,105 Train Loss: 0.0253752, Val Loss: 0.0268705
2025-01-09 07:26:35,106 Epoch 226/500
2025-01-09 07:29:11,221 Current Learning Rate: 0.0002875564
2025-01-09 07:29:11,221 Train Loss: 0.0253738, Val Loss: 0.0268800
2025-01-09 07:29:11,222 Epoch 227/500
2025-01-09 07:31:50,281 Current Learning Rate: 0.0002860027
2025-01-09 07:31:50,282 Train Loss: 0.0253745, Val Loss: 0.0268837
2025-01-09 07:31:50,283 Epoch 228/500
2025-01-09 07:34:26,822 Current Learning Rate: 0.0002844476
2025-01-09 07:34:26,822 Train Loss: 0.0253738, Val Loss: 0.0268830
2025-01-09 07:34:26,823 Epoch 229/500
2025-01-09 07:37:03,177 Current Learning Rate: 0.0002828911
2025-01-09 07:37:03,178 Train Loss: 0.0253734, Val Loss: 0.0268797
2025-01-09 07:37:03,178 Epoch 230/500
2025-01-09 07:39:39,385 Current Learning Rate: 0.0002813333
2025-01-09 07:39:39,386 Train Loss: 0.0253732, Val Loss: 0.0268862
2025-01-09 07:39:39,386 Epoch 231/500
2025-01-09 07:42:17,560 Current Learning Rate: 0.0002797743
2025-01-09 07:42:17,586 Train Loss: 0.0253746, Val Loss: 0.0268693
2025-01-09 07:42:17,586 Epoch 232/500
2025-01-09 07:44:54,781 Current Learning Rate: 0.0002782141
2025-01-09 07:44:54,781 Train Loss: 0.0253708, Val Loss: 0.0268754
2025-01-09 07:44:54,781 Epoch 233/500
2025-01-09 07:47:31,089 Current Learning Rate: 0.0002766528
2025-01-09 07:47:31,090 Train Loss: 0.0253716, Val Loss: 0.0268713
2025-01-09 07:47:31,090 Epoch 234/500
2025-01-09 07:50:04,784 Current Learning Rate: 0.0002750904
2025-01-09 07:50:04,809 Train Loss: 0.0253713, Val Loss: 0.0268652
2025-01-09 07:50:04,809 Epoch 235/500
2025-01-09 07:52:38,616 Current Learning Rate: 0.0002735271
2025-01-09 07:52:38,616 Train Loss: 0.0253712, Val Loss: 0.0268944
2025-01-09 07:52:38,617 Epoch 236/500
2025-01-09 07:55:13,383 Current Learning Rate: 0.0002719628
2025-01-09 07:55:13,383 Train Loss: 0.0253705, Val Loss: 0.0268870
2025-01-09 07:55:13,384 Epoch 237/500
2025-01-09 07:57:50,548 Current Learning Rate: 0.0002703977
2025-01-09 07:57:50,549 Train Loss: 0.0253701, Val Loss: 0.0268714
2025-01-09 07:57:50,549 Epoch 238/500
2025-01-09 08:00:27,157 Current Learning Rate: 0.0002688317
2025-01-09 08:00:27,157 Train Loss: 0.0253703, Val Loss: 0.0268667
2025-01-09 08:00:27,157 Epoch 239/500
2025-01-09 08:03:02,860 Current Learning Rate: 0.0002672650
2025-01-09 08:03:02,860 Train Loss: 0.0253693, Val Loss: 0.0268700
2025-01-09 08:03:02,861 Epoch 240/500
2025-01-09 08:05:39,809 Current Learning Rate: 0.0002656976
2025-01-09 08:05:39,810 Train Loss: 0.0253691, Val Loss: 0.0268928
2025-01-09 08:05:39,810 Epoch 241/500
2025-01-09 08:08:18,559 Current Learning Rate: 0.0002641296
2025-01-09 08:08:18,560 Train Loss: 0.0253693, Val Loss: 0.0268900
2025-01-09 08:08:18,560 Epoch 242/500
2025-01-09 08:10:55,735 Current Learning Rate: 0.0002625611
2025-01-09 08:10:55,736 Train Loss: 0.0253680, Val Loss: 0.0268776
2025-01-09 08:10:55,736 Epoch 243/500
2025-01-09 08:13:32,606 Current Learning Rate: 0.0002609920
2025-01-09 08:13:32,607 Train Loss: 0.0253681, Val Loss: 0.0268762
2025-01-09 08:13:32,607 Epoch 244/500
2025-01-09 08:16:11,629 Current Learning Rate: 0.0002594225
2025-01-09 08:16:11,630 Train Loss: 0.0253667, Val Loss: 0.0268864
2025-01-09 08:16:11,630 Epoch 245/500
2025-01-09 08:18:49,550 Current Learning Rate: 0.0002578527
2025-01-09 08:18:49,576 Train Loss: 0.0253667, Val Loss: 0.0268644
2025-01-09 08:18:49,576 Epoch 246/500
2025-01-09 08:21:27,102 Current Learning Rate: 0.0002562825
2025-01-09 08:21:27,128 Train Loss: 0.0253669, Val Loss: 0.0268590
2025-01-09 08:21:27,128 Epoch 247/500
2025-01-09 08:24:04,426 Current Learning Rate: 0.0002547121
2025-01-09 08:24:04,427 Train Loss: 0.0253671, Val Loss: 0.0268603
2025-01-09 08:24:04,427 Epoch 248/500
2025-01-09 08:26:42,105 Current Learning Rate: 0.0002531415
2025-01-09 08:26:42,106 Train Loss: 0.0253663, Val Loss: 0.0268609
2025-01-09 08:26:42,106 Epoch 249/500
2025-01-09 08:29:20,558 Current Learning Rate: 0.0002515708
2025-01-09 08:29:20,558 Train Loss: 0.0253657, Val Loss: 0.0268731
2025-01-09 08:29:20,558 Epoch 250/500
2025-01-09 08:31:58,460 Current Learning Rate: 0.0002500000
2025-01-09 08:31:58,460 Train Loss: 0.0253650, Val Loss: 0.0268773
2025-01-09 08:31:58,460 Epoch 251/500
2025-01-09 08:34:34,265 Current Learning Rate: 0.0002484292
2025-01-09 08:34:34,265 Train Loss: 0.0253659, Val Loss: 0.0268608
2025-01-09 08:34:34,266 Epoch 252/500
2025-01-09 08:37:10,795 Current Learning Rate: 0.0002468585
2025-01-09 08:37:10,796 Train Loss: 0.0253647, Val Loss: 0.0268661
2025-01-09 08:37:10,796 Epoch 253/500
2025-01-09 08:39:48,329 Current Learning Rate: 0.0002452879
2025-01-09 08:39:48,329 Train Loss: 0.0253645, Val Loss: 0.0268773
2025-01-09 08:39:48,330 Epoch 254/500
2025-01-09 08:42:26,052 Current Learning Rate: 0.0002437175
2025-01-09 08:42:26,077 Train Loss: 0.0253638, Val Loss: 0.0268584
2025-01-09 08:42:26,078 Epoch 255/500
2025-01-09 08:45:03,796 Current Learning Rate: 0.0002421473
2025-01-09 08:45:03,797 Train Loss: 0.0253631, Val Loss: 0.0268625
2025-01-09 08:45:03,797 Epoch 256/500
2025-01-09 08:47:41,560 Current Learning Rate: 0.0002405775
2025-01-09 08:47:41,560 Train Loss: 0.0253634, Val Loss: 0.0268647
2025-01-09 08:47:41,561 Epoch 257/500
2025-01-09 08:50:19,335 Current Learning Rate: 0.0002390080
2025-01-09 08:50:19,335 Train Loss: 0.0253623, Val Loss: 0.0268603
2025-01-09 08:50:19,336 Epoch 258/500
2025-01-09 08:52:57,199 Current Learning Rate: 0.0002374389
2025-01-09 08:52:57,200 Train Loss: 0.0253625, Val Loss: 0.0268620
2025-01-09 08:52:57,200 Epoch 259/500
2025-01-09 08:55:35,997 Current Learning Rate: 0.0002358704
2025-01-09 08:55:36,023 Train Loss: 0.0253628, Val Loss: 0.0268558
2025-01-09 08:55:36,023 Epoch 260/500
2025-01-09 08:58:14,441 Current Learning Rate: 0.0002343024
2025-01-09 08:58:14,442 Train Loss: 0.0253625, Val Loss: 0.0268602
2025-01-09 08:58:14,442 Epoch 261/500
2025-01-09 09:00:53,464 Current Learning Rate: 0.0002327350
2025-01-09 09:00:53,490 Train Loss: 0.0253611, Val Loss: 0.0268538
2025-01-09 09:00:53,490 Epoch 262/500
2025-01-09 09:03:31,832 Current Learning Rate: 0.0002311683
2025-01-09 09:03:31,832 Train Loss: 0.0253617, Val Loss: 0.0268638
2025-01-09 09:03:31,833 Epoch 263/500
2025-01-09 09:06:08,939 Current Learning Rate: 0.0002296023
2025-01-09 09:06:08,939 Train Loss: 0.0253607, Val Loss: 0.0268586
2025-01-09 09:06:08,940 Epoch 264/500
2025-01-09 09:08:47,063 Current Learning Rate: 0.0002280372
2025-01-09 09:08:47,093 Train Loss: 0.0253604, Val Loss: 0.0268532
2025-01-09 09:08:47,094 Epoch 265/500
2025-01-09 09:11:25,850 Current Learning Rate: 0.0002264729
2025-01-09 09:11:25,851 Train Loss: 0.0253609, Val Loss: 0.0268660
2025-01-09 09:11:25,851 Epoch 266/500
2025-01-09 09:14:02,308 Current Learning Rate: 0.0002249096
2025-01-09 09:14:02,308 Train Loss: 0.0253598, Val Loss: 0.0268550
2025-01-09 09:14:02,309 Epoch 267/500
2025-01-09 09:16:40,008 Current Learning Rate: 0.0002233472
2025-01-09 09:16:40,009 Train Loss: 0.0253593, Val Loss: 0.0268622
2025-01-09 09:16:40,009 Epoch 268/500
2025-01-09 09:19:14,158 Current Learning Rate: 0.0002217859
2025-01-09 09:19:14,159 Train Loss: 0.0253602, Val Loss: 0.0268608
2025-01-09 09:19:14,159 Epoch 269/500
2025-01-09 09:21:47,561 Current Learning Rate: 0.0002202257
2025-01-09 09:21:47,561 Train Loss: 0.0253589, Val Loss: 0.0268556
2025-01-09 09:21:47,562 Epoch 270/500
2025-01-09 09:24:20,686 Current Learning Rate: 0.0002186667
2025-01-09 09:24:20,687 Train Loss: 0.0253593, Val Loss: 0.0268624
2025-01-09 09:24:20,687 Epoch 271/500
2025-01-09 09:26:54,990 Current Learning Rate: 0.0002171089
2025-01-09 09:26:55,016 Train Loss: 0.0253587, Val Loss: 0.0268506
2025-01-09 09:26:55,017 Epoch 272/500
2025-01-09 09:29:30,714 Current Learning Rate: 0.0002155524
2025-01-09 09:29:30,715 Train Loss: 0.0253575, Val Loss: 0.0268641
2025-01-09 09:29:30,715 Epoch 273/500
2025-01-09 09:32:05,921 Current Learning Rate: 0.0002139973
2025-01-09 09:32:05,946 Train Loss: 0.0253580, Val Loss: 0.0268504
2025-01-09 09:32:05,946 Epoch 274/500
2025-01-09 09:34:43,703 Current Learning Rate: 0.0002124436
2025-01-09 09:34:43,728 Train Loss: 0.0253573, Val Loss: 0.0268503
2025-01-09 09:34:43,728 Epoch 275/500
2025-01-09 09:37:21,563 Current Learning Rate: 0.0002108914
2025-01-09 09:37:21,564 Train Loss: 0.0253568, Val Loss: 0.0268690
2025-01-09 09:37:21,564 Epoch 276/500
2025-01-09 09:39:57,687 Current Learning Rate: 0.0002093407
2025-01-09 09:39:57,688 Train Loss: 0.0253576, Val Loss: 0.0268543
2025-01-09 09:39:57,688 Epoch 277/500
2025-01-09 09:42:35,241 Current Learning Rate: 0.0002077916
2025-01-09 09:42:35,241 Train Loss: 0.0253572, Val Loss: 0.0268641
2025-01-09 09:42:35,242 Epoch 278/500
2025-01-09 09:45:09,861 Current Learning Rate: 0.0002062442
2025-01-09 09:45:09,861 Train Loss: 0.0253564, Val Loss: 0.0268516
2025-01-09 09:45:09,861 Epoch 279/500
2025-01-09 09:47:45,159 Current Learning Rate: 0.0002046986
2025-01-09 09:47:45,160 Train Loss: 0.0253556, Val Loss: 0.0268622
2025-01-09 09:47:45,160 Epoch 280/500
2025-01-09 09:50:21,120 Current Learning Rate: 0.0002031547
2025-01-09 09:50:21,121 Train Loss: 0.0253562, Val Loss: 0.0268711
2025-01-09 09:50:21,121 Epoch 281/500
2025-01-09 09:52:56,659 Current Learning Rate: 0.0002016126
2025-01-09 09:52:56,660 Train Loss: 0.0253559, Val Loss: 0.0268639
2025-01-09 09:52:56,660 Epoch 282/500
2025-01-09 09:55:33,136 Current Learning Rate: 0.0002000725
2025-01-09 09:55:33,162 Train Loss: 0.0253559, Val Loss: 0.0268475
2025-01-09 09:55:33,162 Epoch 283/500
2025-01-09 09:58:08,986 Current Learning Rate: 0.0001985343
2025-01-09 09:58:08,987 Train Loss: 0.0253546, Val Loss: 0.0268552
2025-01-09 09:58:08,987 Epoch 284/500
2025-01-09 10:00:43,820 Current Learning Rate: 0.0001969982
2025-01-09 10:00:43,820 Train Loss: 0.0253556, Val Loss: 0.0268540
2025-01-09 10:00:43,820 Epoch 285/500
2025-01-09 10:03:17,921 Current Learning Rate: 0.0001954642
2025-01-09 10:03:17,921 Train Loss: 0.0253543, Val Loss: 0.0268608
2025-01-09 10:03:17,922 Epoch 286/500
2025-01-09 10:05:52,138 Current Learning Rate: 0.0001939323
2025-01-09 10:05:52,139 Train Loss: 0.0253551, Val Loss: 0.0268636
2025-01-09 10:05:52,139 Epoch 287/500
2025-01-09 10:08:28,657 Current Learning Rate: 0.0001924026
2025-01-09 10:08:28,657 Train Loss: 0.0253536, Val Loss: 0.0268502
2025-01-09 10:08:28,658 Epoch 288/500
2025-01-09 10:11:08,050 Current Learning Rate: 0.0001908753
2025-01-09 10:11:08,051 Train Loss: 0.0253540, Val Loss: 0.0268532
2025-01-09 10:11:08,051 Epoch 289/500
2025-01-09 10:13:44,474 Current Learning Rate: 0.0001893502
2025-01-09 10:13:44,474 Train Loss: 0.0253542, Val Loss: 0.0268488
2025-01-09 10:13:44,474 Epoch 290/500
2025-01-09 10:16:20,091 Current Learning Rate: 0.0001878275
2025-01-09 10:16:20,092 Train Loss: 0.0253530, Val Loss: 0.0268607
2025-01-09 10:16:20,092 Epoch 291/500
2025-01-09 10:18:56,418 Current Learning Rate: 0.0001863073
2025-01-09 10:18:56,419 Train Loss: 0.0253536, Val Loss: 0.0268831
2025-01-09 10:18:56,419 Epoch 292/500
2025-01-09 10:21:32,336 Current Learning Rate: 0.0001847896
2025-01-09 10:21:32,337 Train Loss: 0.0253532, Val Loss: 0.0268512
2025-01-09 10:21:32,337 Epoch 293/500
2025-01-09 10:24:08,010 Current Learning Rate: 0.0001832745
2025-01-09 10:24:08,040 Train Loss: 0.0253521, Val Loss: 0.0268460
2025-01-09 10:24:08,040 Epoch 294/500
2025-01-09 10:26:44,472 Current Learning Rate: 0.0001817620
2025-01-09 10:26:44,472 Train Loss: 0.0253534, Val Loss: 0.0268546
2025-01-09 10:26:44,473 Epoch 295/500
2025-01-09 10:29:19,651 Current Learning Rate: 0.0001802522
2025-01-09 10:29:19,652 Train Loss: 0.0253526, Val Loss: 0.0268536
2025-01-09 10:29:19,652 Epoch 296/500
2025-01-09 10:31:54,703 Current Learning Rate: 0.0001787452
2025-01-09 10:31:54,704 Train Loss: 0.0253520, Val Loss: 0.0268503
2025-01-09 10:31:54,704 Epoch 297/500
2025-01-09 10:34:29,604 Current Learning Rate: 0.0001772410
2025-01-09 10:34:29,604 Train Loss: 0.0253514, Val Loss: 0.0268523
2025-01-09 10:34:29,604 Epoch 298/500
2025-01-09 10:37:03,928 Current Learning Rate: 0.0001757396
2025-01-09 10:37:03,959 Train Loss: 0.0253521, Val Loss: 0.0268460
2025-01-09 10:37:03,960 Epoch 299/500
2025-01-09 10:39:38,549 Current Learning Rate: 0.0001742412
2025-01-09 10:39:38,549 Train Loss: 0.0253517, Val Loss: 0.0268499
2025-01-09 10:39:38,549 Epoch 300/500
2025-01-09 10:42:12,668 Current Learning Rate: 0.0001727458
2025-01-09 10:42:12,669 Train Loss: 0.0253513, Val Loss: 0.0268489
2025-01-09 10:42:12,669 Epoch 301/500
2025-01-09 10:44:45,785 Current Learning Rate: 0.0001712534
2025-01-09 10:44:45,786 Train Loss: 0.0253518, Val Loss: 0.0268500
2025-01-09 10:44:45,786 Epoch 302/500
2025-01-09 10:47:19,726 Current Learning Rate: 0.0001697641
2025-01-09 10:47:19,727 Train Loss: 0.0253504, Val Loss: 0.0268501
2025-01-09 10:47:19,727 Epoch 303/500
2025-01-09 10:49:53,733 Current Learning Rate: 0.0001682780
2025-01-09 10:49:53,733 Train Loss: 0.0253515, Val Loss: 0.0268594
2025-01-09 10:49:53,733 Epoch 304/500
2025-01-09 10:52:27,799 Current Learning Rate: 0.0001667951
2025-01-09 10:52:27,800 Train Loss: 0.0253510, Val Loss: 0.0268604
2025-01-09 10:52:27,800 Epoch 305/500
2025-01-09 10:55:01,956 Current Learning Rate: 0.0001653155
2025-01-09 10:55:01,956 Train Loss: 0.0253500, Val Loss: 0.0268683
2025-01-09 10:55:01,957 Epoch 306/500
2025-01-09 10:57:35,416 Current Learning Rate: 0.0001638393
2025-01-09 10:57:35,417 Train Loss: 0.0253503, Val Loss: 0.0268502
2025-01-09 10:57:35,417 Epoch 307/500
2025-01-09 11:00:09,530 Current Learning Rate: 0.0001623664
2025-01-09 11:00:09,555 Train Loss: 0.0253500, Val Loss: 0.0268460
2025-01-09 11:00:09,556 Epoch 308/500
2025-01-09 11:02:45,222 Current Learning Rate: 0.0001608970
2025-01-09 11:02:45,223 Train Loss: 0.0253502, Val Loss: 0.0268577
2025-01-09 11:02:45,223 Epoch 309/500
2025-01-09 11:05:20,570 Current Learning Rate: 0.0001594312
2025-01-09 11:05:20,571 Train Loss: 0.0253494, Val Loss: 0.0268576
2025-01-09 11:05:20,571 Epoch 310/500
2025-01-09 11:07:55,960 Current Learning Rate: 0.0001579689
2025-01-09 11:07:55,961 Train Loss: 0.0253495, Val Loss: 0.0268568
2025-01-09 11:07:55,961 Epoch 311/500
2025-01-09 11:10:31,914 Current Learning Rate: 0.0001565102
2025-01-09 11:10:31,915 Train Loss: 0.0253490, Val Loss: 0.0268477
2025-01-09 11:10:31,915 Epoch 312/500
2025-01-09 11:13:07,401 Current Learning Rate: 0.0001550552
2025-01-09 11:13:07,427 Train Loss: 0.0253490, Val Loss: 0.0268457
2025-01-09 11:13:07,428 Epoch 313/500
2025-01-09 11:15:43,081 Current Learning Rate: 0.0001536040
2025-01-09 11:15:43,081 Train Loss: 0.0253492, Val Loss: 0.0268524
2025-01-09 11:15:43,081 Epoch 314/500
2025-01-09 11:18:19,840 Current Learning Rate: 0.0001521566
2025-01-09 11:18:19,841 Train Loss: 0.0253489, Val Loss: 0.0268478
2025-01-09 11:18:19,842 Epoch 315/500
2025-01-09 11:20:56,598 Current Learning Rate: 0.0001507130
2025-01-09 11:20:56,599 Train Loss: 0.0253489, Val Loss: 0.0268515
2025-01-09 11:20:56,599 Epoch 316/500
2025-01-09 11:23:34,180 Current Learning Rate: 0.0001492734
2025-01-09 11:23:34,181 Train Loss: 0.0253482, Val Loss: 0.0268526
2025-01-09 11:23:34,181 Epoch 317/500
2025-01-09 11:26:12,731 Current Learning Rate: 0.0001478377
2025-01-09 11:26:12,732 Train Loss: 0.0253485, Val Loss: 0.0268558
2025-01-09 11:26:12,732 Epoch 318/500
2025-01-09 11:28:49,707 Current Learning Rate: 0.0001464061
2025-01-09 11:28:49,707 Train Loss: 0.0253480, Val Loss: 0.0268513
2025-01-09 11:28:49,707 Epoch 319/500
2025-01-09 11:31:24,421 Current Learning Rate: 0.0001449786
2025-01-09 11:31:24,455 Train Loss: 0.0253475, Val Loss: 0.0268422
2025-01-09 11:31:24,458 Epoch 320/500
2025-01-09 11:33:59,170 Current Learning Rate: 0.0001435552
2025-01-09 11:33:59,171 Train Loss: 0.0253473, Val Loss: 0.0268493
2025-01-09 11:33:59,171 Epoch 321/500
2025-01-09 11:36:34,891 Current Learning Rate: 0.0001421360
2025-01-09 11:36:34,891 Train Loss: 0.0253477, Val Loss: 0.0268423
2025-01-09 11:36:34,891 Epoch 322/500
2025-01-09 11:39:11,421 Current Learning Rate: 0.0001407211
2025-01-09 11:39:11,422 Train Loss: 0.0253473, Val Loss: 0.0268444
2025-01-09 11:39:11,422 Epoch 323/500
2025-01-09 11:41:48,575 Current Learning Rate: 0.0001393104
2025-01-09 11:41:48,576 Train Loss: 0.0253470, Val Loss: 0.0268577
2025-01-09 11:41:48,576 Epoch 324/500
2025-01-09 11:44:26,137 Current Learning Rate: 0.0001379042
2025-01-09 11:44:26,138 Train Loss: 0.0253470, Val Loss: 0.0268496
2025-01-09 11:44:26,138 Epoch 325/500
2025-01-09 11:47:01,875 Current Learning Rate: 0.0001365024
2025-01-09 11:47:01,875 Train Loss: 0.0253470, Val Loss: 0.0268541
2025-01-09 11:47:01,875 Epoch 326/500
2025-01-09 11:49:38,698 Current Learning Rate: 0.0001351050
2025-01-09 11:49:38,699 Train Loss: 0.0253463, Val Loss: 0.0268505
2025-01-09 11:49:38,699 Epoch 327/500
2025-01-09 11:52:15,615 Current Learning Rate: 0.0001337122
2025-01-09 11:52:15,615 Train Loss: 0.0253467, Val Loss: 0.0268500
2025-01-09 11:52:15,615 Epoch 328/500
2025-01-09 11:54:51,791 Current Learning Rate: 0.0001323240
2025-01-09 11:54:51,792 Train Loss: 0.0253458, Val Loss: 0.0268476
2025-01-09 11:54:51,792 Epoch 329/500
2025-01-09 11:57:28,073 Current Learning Rate: 0.0001309404
2025-01-09 11:57:28,073 Train Loss: 0.0253463, Val Loss: 0.0268643
2025-01-09 11:57:28,074 Epoch 330/500
2025-01-09 12:00:03,296 Current Learning Rate: 0.0001295616
2025-01-09 12:00:03,297 Train Loss: 0.0253461, Val Loss: 0.0268512
2025-01-09 12:00:03,297 Epoch 331/500
2025-01-09 12:02:38,861 Current Learning Rate: 0.0001281875
2025-01-09 12:02:38,862 Train Loss: 0.0253457, Val Loss: 0.0268523
2025-01-09 12:02:38,862 Epoch 332/500
2025-01-09 12:05:14,100 Current Learning Rate: 0.0001268182
2025-01-09 12:05:14,100 Train Loss: 0.0253454, Val Loss: 0.0268482
2025-01-09 12:05:14,101 Epoch 333/500
2025-01-09 12:07:52,270 Current Learning Rate: 0.0001254537
2025-01-09 12:07:52,270 Train Loss: 0.0253458, Val Loss: 0.0268497
2025-01-09 12:07:52,270 Epoch 334/500
2025-01-09 12:10:27,857 Current Learning Rate: 0.0001240942
2025-01-09 12:10:27,857 Train Loss: 0.0253452, Val Loss: 0.0268493
2025-01-09 12:10:27,858 Epoch 335/500
2025-01-09 12:13:04,087 Current Learning Rate: 0.0001227396
2025-01-09 12:13:04,088 Train Loss: 0.0253450, Val Loss: 0.0268555
2025-01-09 12:13:04,088 Epoch 336/500
2025-01-09 12:15:39,317 Current Learning Rate: 0.0001213901
2025-01-09 12:15:39,317 Train Loss: 0.0253455, Val Loss: 0.0268463
2025-01-09 12:15:39,317 Epoch 337/500
2025-01-09 12:18:14,725 Current Learning Rate: 0.0001200457
2025-01-09 12:18:14,725 Train Loss: 0.0253444, Val Loss: 0.0268485
2025-01-09 12:18:14,725 Epoch 338/500
2025-01-09 12:20:50,050 Current Learning Rate: 0.0001187063
2025-01-09 12:20:50,051 Train Loss: 0.0253448, Val Loss: 0.0268441
2025-01-09 12:20:50,051 Epoch 339/500
2025-01-09 12:23:26,874 Current Learning Rate: 0.0001173722
2025-01-09 12:23:26,875 Train Loss: 0.0253445, Val Loss: 0.0268465
2025-01-09 12:23:26,875 Epoch 340/500
2025-01-09 12:26:03,369 Current Learning Rate: 0.0001160433
2025-01-09 12:26:03,369 Train Loss: 0.0253436, Val Loss: 0.0268450
2025-01-09 12:26:03,369 Epoch 341/500
2025-01-09 12:28:39,755 Current Learning Rate: 0.0001147197
2025-01-09 12:28:39,756 Train Loss: 0.0253445, Val Loss: 0.0268474
2025-01-09 12:28:39,756 Epoch 342/500
2025-01-09 12:31:17,825 Current Learning Rate: 0.0001134014
2025-01-09 12:31:17,851 Train Loss: 0.0253442, Val Loss: 0.0268417
2025-01-09 12:31:17,851 Epoch 343/500
2025-01-09 12:33:56,803 Current Learning Rate: 0.0001120885
2025-01-09 12:33:56,829 Train Loss: 0.0253442, Val Loss: 0.0268403
2025-01-09 12:33:56,830 Epoch 344/500
2025-01-09 12:36:36,447 Current Learning Rate: 0.0001107811
2025-01-09 12:36:36,447 Train Loss: 0.0253436, Val Loss: 0.0268431
2025-01-09 12:36:36,448 Epoch 345/500
2025-01-09 12:39:13,085 Current Learning Rate: 0.0001094792
2025-01-09 12:39:13,085 Train Loss: 0.0253438, Val Loss: 0.0268438
2025-01-09 12:39:13,086 Epoch 346/500
2025-01-09 12:41:49,947 Current Learning Rate: 0.0001081828
2025-01-09 12:41:49,948 Train Loss: 0.0253433, Val Loss: 0.0268457
2025-01-09 12:41:49,948 Epoch 347/500
2025-01-09 12:44:26,336 Current Learning Rate: 0.0001068920
2025-01-09 12:44:26,337 Train Loss: 0.0253440, Val Loss: 0.0268472
2025-01-09 12:44:26,337 Epoch 348/500
2025-01-09 12:47:03,640 Current Learning Rate: 0.0001056068
2025-01-09 12:47:03,666 Train Loss: 0.0253436, Val Loss: 0.0268359
2025-01-09 12:47:03,666 Epoch 349/500
2025-01-09 12:49:40,420 Current Learning Rate: 0.0001043274
2025-01-09 12:49:40,421 Train Loss: 0.0253431, Val Loss: 0.0268546
2025-01-09 12:49:40,421 Epoch 350/500
2025-01-09 12:52:15,629 Current Learning Rate: 0.0001030537
2025-01-09 12:52:15,630 Train Loss: 0.0253429, Val Loss: 0.0268480
2025-01-09 12:52:15,630 Epoch 351/500
2025-01-09 12:54:52,151 Current Learning Rate: 0.0001017858
2025-01-09 12:54:52,152 Train Loss: 0.0253427, Val Loss: 0.0268451
2025-01-09 12:54:52,152 Epoch 352/500
2025-01-09 12:57:30,441 Current Learning Rate: 0.0001005238
2025-01-09 12:57:30,442 Train Loss: 0.0253423, Val Loss: 0.0268465
2025-01-09 12:57:30,442 Epoch 353/500
2025-01-09 13:00:09,016 Current Learning Rate: 0.0000992676
2025-01-09 13:00:09,016 Train Loss: 0.0253429, Val Loss: 0.0268424
2025-01-09 13:00:09,017 Epoch 354/500
2025-01-09 13:02:46,400 Current Learning Rate: 0.0000980174
2025-01-09 13:02:46,401 Train Loss: 0.0253424, Val Loss: 0.0268424
2025-01-09 13:02:46,401 Epoch 355/500
2025-01-09 13:05:24,050 Current Learning Rate: 0.0000967732
2025-01-09 13:05:24,051 Train Loss: 0.0253424, Val Loss: 0.0268478
2025-01-09 13:05:24,051 Epoch 356/500
2025-01-09 13:08:02,217 Current Learning Rate: 0.0000955351
2025-01-09 13:08:02,217 Train Loss: 0.0253419, Val Loss: 0.0268418
2025-01-09 13:08:02,217 Epoch 357/500
2025-01-09 13:10:39,234 Current Learning Rate: 0.0000943031
2025-01-09 13:10:39,235 Train Loss: 0.0253424, Val Loss: 0.0268423
2025-01-09 13:10:39,235 Epoch 358/500
2025-01-09 13:13:17,263 Current Learning Rate: 0.0000930772
2025-01-09 13:13:17,263 Train Loss: 0.0253422, Val Loss: 0.0268364
2025-01-09 13:13:17,264 Epoch 359/500
2025-01-09 13:15:53,527 Current Learning Rate: 0.0000918575
2025-01-09 13:15:53,528 Train Loss: 0.0253417, Val Loss: 0.0268413
2025-01-09 13:15:53,528 Epoch 360/500
2025-01-09 13:18:29,447 Current Learning Rate: 0.0000906440
2025-01-09 13:18:29,448 Train Loss: 0.0253416, Val Loss: 0.0268388
2025-01-09 13:18:29,448 Epoch 361/500
2025-01-09 13:21:06,177 Current Learning Rate: 0.0000894368
2025-01-09 13:21:06,177 Train Loss: 0.0253414, Val Loss: 0.0268453
2025-01-09 13:21:06,178 Epoch 362/500
2025-01-09 13:23:42,108 Current Learning Rate: 0.0000882360
2025-01-09 13:23:42,109 Train Loss: 0.0253411, Val Loss: 0.0268504
2025-01-09 13:23:42,109 Epoch 363/500
2025-01-09 13:26:20,219 Current Learning Rate: 0.0000870416
2025-01-09 13:26:20,220 Train Loss: 0.0253416, Val Loss: 0.0268428
2025-01-09 13:26:20,220 Epoch 364/500
2025-01-09 13:28:59,232 Current Learning Rate: 0.0000858536
2025-01-09 13:28:59,233 Train Loss: 0.0253413, Val Loss: 0.0268457
2025-01-09 13:28:59,234 Epoch 365/500
2025-01-09 13:31:38,097 Current Learning Rate: 0.0000846720
2025-01-09 13:31:38,098 Train Loss: 0.0253414, Val Loss: 0.0268470
2025-01-09 13:31:38,098 Epoch 366/500
2025-01-09 13:34:16,173 Current Learning Rate: 0.0000834970
2025-01-09 13:34:16,174 Train Loss: 0.0253404, Val Loss: 0.0268447
2025-01-09 13:34:16,174 Epoch 367/500
2025-01-09 13:36:53,505 Current Learning Rate: 0.0000823286
2025-01-09 13:36:53,506 Train Loss: 0.0253411, Val Loss: 0.0268422
2025-01-09 13:36:53,507 Epoch 368/500
2025-01-09 13:39:30,494 Current Learning Rate: 0.0000811668
2025-01-09 13:39:30,495 Train Loss: 0.0253406, Val Loss: 0.0268379
2025-01-09 13:39:30,495 Epoch 369/500
2025-01-09 13:42:09,058 Current Learning Rate: 0.0000800117
2025-01-09 13:42:09,059 Train Loss: 0.0253403, Val Loss: 0.0268447
2025-01-09 13:42:09,060 Epoch 370/500
2025-01-09 13:44:47,732 Current Learning Rate: 0.0000788632
2025-01-09 13:44:47,732 Train Loss: 0.0253403, Val Loss: 0.0268485
2025-01-09 13:44:47,733 Epoch 371/500
2025-01-09 13:47:29,446 Current Learning Rate: 0.0000777215
2025-01-09 13:47:29,447 Train Loss: 0.0253403, Val Loss: 0.0268390
2025-01-09 13:47:29,447 Epoch 372/500
2025-01-09 13:50:11,245 Current Learning Rate: 0.0000765867
2025-01-09 13:50:11,246 Train Loss: 0.0253405, Val Loss: 0.0268448
2025-01-09 13:50:11,246 Epoch 373/500
2025-01-09 13:52:50,272 Current Learning Rate: 0.0000754586
2025-01-09 13:52:50,273 Train Loss: 0.0253403, Val Loss: 0.0268469
2025-01-09 13:52:50,273 Epoch 374/500
2025-01-09 13:55:30,789 Current Learning Rate: 0.0000743375
2025-01-09 13:55:30,790 Train Loss: 0.0253400, Val Loss: 0.0268495
2025-01-09 13:55:30,790 Epoch 375/500
2025-01-09 13:58:11,403 Current Learning Rate: 0.0000732233
2025-01-09 13:58:11,404 Train Loss: 0.0253400, Val Loss: 0.0268457
2025-01-09 13:58:11,404 Epoch 376/500
2025-01-09 14:00:51,445 Current Learning Rate: 0.0000721161
2025-01-09 14:00:51,446 Train Loss: 0.0253401, Val Loss: 0.0268377
2025-01-09 14:00:51,447 Epoch 377/500
2025-01-09 14:03:27,122 Current Learning Rate: 0.0000710159
2025-01-09 14:03:27,123 Train Loss: 0.0253398, Val Loss: 0.0268425
2025-01-09 14:03:27,126 Epoch 378/500
2025-01-09 14:06:02,957 Current Learning Rate: 0.0000699227
2025-01-09 14:06:02,957 Train Loss: 0.0253398, Val Loss: 0.0268436
2025-01-09 14:06:02,958 Epoch 379/500
2025-01-09 14:08:36,301 Current Learning Rate: 0.0000688367
2025-01-09 14:08:36,302 Train Loss: 0.0253395, Val Loss: 0.0268393
2025-01-09 14:08:36,302 Epoch 380/500
2025-01-09 14:11:09,420 Current Learning Rate: 0.0000677578
2025-01-09 14:11:09,421 Train Loss: 0.0253396, Val Loss: 0.0268436
2025-01-09 14:11:09,421 Epoch 381/500
2025-01-09 14:13:43,108 Current Learning Rate: 0.0000666862
2025-01-09 14:13:43,109 Train Loss: 0.0253393, Val Loss: 0.0268409
2025-01-09 14:13:43,109 Epoch 382/500
2025-01-09 14:16:15,805 Current Learning Rate: 0.0000656217
2025-01-09 14:16:15,805 Train Loss: 0.0253389, Val Loss: 0.0268429
2025-01-09 14:16:15,806 Epoch 383/500
2025-01-09 14:18:47,926 Current Learning Rate: 0.0000645646
2025-01-09 14:18:47,926 Train Loss: 0.0253391, Val Loss: 0.0268426
2025-01-09 14:18:47,927 Epoch 384/500
2025-01-09 14:21:21,964 Current Learning Rate: 0.0000635147
2025-01-09 14:21:21,964 Train Loss: 0.0253392, Val Loss: 0.0268436
2025-01-09 14:21:21,965 Epoch 385/500
2025-01-09 14:23:56,043 Current Learning Rate: 0.0000624722
2025-01-09 14:23:56,044 Train Loss: 0.0253387, Val Loss: 0.0268407
2025-01-09 14:23:56,044 Epoch 386/500
2025-01-09 14:26:29,841 Current Learning Rate: 0.0000614372
2025-01-09 14:26:29,842 Train Loss: 0.0253389, Val Loss: 0.0268421
2025-01-09 14:26:29,842 Epoch 387/500
2025-01-09 14:29:03,280 Current Learning Rate: 0.0000604095
2025-01-09 14:29:03,281 Train Loss: 0.0253388, Val Loss: 0.0268417
2025-01-09 14:29:03,281 Epoch 388/500
2025-01-09 14:31:38,000 Current Learning Rate: 0.0000593894
2025-01-09 14:31:38,000 Train Loss: 0.0253387, Val Loss: 0.0268373
2025-01-09 14:31:38,000 Epoch 389/500
2025-01-09 14:34:10,721 Current Learning Rate: 0.0000583767
2025-01-09 14:34:10,721 Train Loss: 0.0253386, Val Loss: 0.0268498
2025-01-09 14:34:10,721 Epoch 390/500
2025-01-09 14:36:44,439 Current Learning Rate: 0.0000573717
2025-01-09 14:36:44,440 Train Loss: 0.0253384, Val Loss: 0.0268421
2025-01-09 14:36:44,440 Epoch 391/500
2025-01-09 14:39:19,320 Current Learning Rate: 0.0000563742
2025-01-09 14:39:19,320 Train Loss: 0.0253383, Val Loss: 0.0268438
2025-01-09 14:39:19,320 Epoch 392/500
2025-01-09 14:41:54,300 Current Learning Rate: 0.0000553844
2025-01-09 14:41:54,301 Train Loss: 0.0253383, Val Loss: 0.0268415
2025-01-09 14:41:54,301 Epoch 393/500
2025-01-09 14:44:29,078 Current Learning Rate: 0.0000544023
2025-01-09 14:44:29,104 Train Loss: 0.0253382, Val Loss: 0.0268355
2025-01-09 14:44:29,105 Epoch 394/500
2025-01-09 14:47:03,673 Current Learning Rate: 0.0000534279
2025-01-09 14:47:03,674 Train Loss: 0.0253384, Val Loss: 0.0268404
2025-01-09 14:47:03,674 Epoch 395/500
2025-01-09 14:49:39,296 Current Learning Rate: 0.0000524612
2025-01-09 14:49:39,296 Train Loss: 0.0253379, Val Loss: 0.0268428
2025-01-09 14:49:39,297 Epoch 396/500
2025-01-09 14:52:15,441 Current Learning Rate: 0.0000515024
2025-01-09 14:52:15,442 Train Loss: 0.0253379, Val Loss: 0.0268412
2025-01-09 14:52:15,443 Epoch 397/500
2025-01-09 14:54:51,915 Current Learning Rate: 0.0000505514
2025-01-09 14:54:51,915 Train Loss: 0.0253379, Val Loss: 0.0268357
2025-01-09 14:54:51,916 Epoch 398/500
2025-01-09 14:57:28,202 Current Learning Rate: 0.0000496083
2025-01-09 14:57:28,202 Train Loss: 0.0253379, Val Loss: 0.0268372
2025-01-09 14:57:28,202 Epoch 399/500
2025-01-09 15:00:03,179 Current Learning Rate: 0.0000486730
2025-01-09 15:00:03,179 Train Loss: 0.0253376, Val Loss: 0.0268412
2025-01-09 15:00:03,179 Epoch 400/500
2025-01-09 15:02:38,288 Current Learning Rate: 0.0000477458
2025-01-09 15:02:38,289 Train Loss: 0.0253374, Val Loss: 0.0268444
2025-01-09 15:02:38,289 Epoch 401/500
2025-01-09 15:05:15,542 Current Learning Rate: 0.0000468265
2025-01-09 15:05:15,543 Train Loss: 0.0253376, Val Loss: 0.0268463
2025-01-09 15:05:15,543 Epoch 402/500
2025-01-09 15:07:54,266 Current Learning Rate: 0.0000459152
2025-01-09 15:07:54,266 Train Loss: 0.0253375, Val Loss: 0.0268420
2025-01-09 15:07:54,266 Epoch 403/500
2025-01-09 15:10:31,538 Current Learning Rate: 0.0000450120
2025-01-09 15:10:31,538 Train Loss: 0.0253372, Val Loss: 0.0268436
2025-01-09 15:10:31,538 Epoch 404/500
2025-01-09 15:13:09,180 Current Learning Rate: 0.0000441169
2025-01-09 15:13:09,181 Train Loss: 0.0253373, Val Loss: 0.0268427
2025-01-09 15:13:09,181 Epoch 405/500
2025-01-09 15:15:48,771 Current Learning Rate: 0.0000432299
2025-01-09 15:15:48,772 Train Loss: 0.0253370, Val Loss: 0.0268483
2025-01-09 15:15:48,772 Epoch 406/500
2025-01-09 15:18:29,019 Current Learning Rate: 0.0000423510
2025-01-09 15:18:29,019 Train Loss: 0.0253371, Val Loss: 0.0268367
2025-01-09 15:18:29,020 Epoch 407/500
2025-01-09 15:21:04,733 Current Learning Rate: 0.0000414804
2025-01-09 15:21:04,733 Train Loss: 0.0253370, Val Loss: 0.0268384
2025-01-09 15:21:04,734 Epoch 408/500
2025-01-09 15:23:40,537 Current Learning Rate: 0.0000406180
2025-01-09 15:23:40,538 Train Loss: 0.0253366, Val Loss: 0.0268411
2025-01-09 15:23:40,538 Epoch 409/500
2025-01-09 15:26:17,193 Current Learning Rate: 0.0000397639
2025-01-09 15:26:17,194 Train Loss: 0.0253367, Val Loss: 0.0268411
2025-01-09 15:26:17,195 Epoch 410/500
2025-01-09 15:28:53,358 Current Learning Rate: 0.0000389180
2025-01-09 15:28:53,358 Train Loss: 0.0253367, Val Loss: 0.0268415
2025-01-09 15:28:53,359 Epoch 411/500
2025-01-09 15:31:27,452 Current Learning Rate: 0.0000380805
2025-01-09 15:31:27,452 Train Loss: 0.0253367, Val Loss: 0.0268386
2025-01-09 15:31:27,453 Epoch 412/500
2025-01-09 15:34:00,482 Current Learning Rate: 0.0000372514
2025-01-09 15:34:00,483 Train Loss: 0.0253362, Val Loss: 0.0268378
2025-01-09 15:34:00,483 Epoch 413/500
2025-01-09 15:36:37,303 Current Learning Rate: 0.0000364306
2025-01-09 15:36:37,304 Train Loss: 0.0253364, Val Loss: 0.0268465
2025-01-09 15:36:37,304 Epoch 414/500
2025-01-09 15:39:15,117 Current Learning Rate: 0.0000356183
2025-01-09 15:39:15,118 Train Loss: 0.0253365, Val Loss: 0.0268404
2025-01-09 15:39:15,118 Epoch 415/500
2025-01-09 15:41:55,742 Current Learning Rate: 0.0000348145
2025-01-09 15:41:55,742 Train Loss: 0.0253364, Val Loss: 0.0268398
2025-01-09 15:41:55,742 Epoch 416/500
2025-01-09 15:44:31,611 Current Learning Rate: 0.0000340191
2025-01-09 15:44:31,611 Train Loss: 0.0253366, Val Loss: 0.0268405
2025-01-09 15:44:31,612 Epoch 417/500
2025-01-09 15:47:07,989 Current Learning Rate: 0.0000332323
2025-01-09 15:47:07,989 Train Loss: 0.0253361, Val Loss: 0.0268433
2025-01-09 15:47:07,990 Epoch 418/500
2025-01-09 15:49:44,645 Current Learning Rate: 0.0000324541
2025-01-09 15:49:44,645 Train Loss: 0.0253365, Val Loss: 0.0268408
2025-01-09 15:49:44,645 Epoch 419/500
2025-01-09 15:52:21,250 Current Learning Rate: 0.0000316844
2025-01-09 15:52:21,250 Train Loss: 0.0253361, Val Loss: 0.0268370
2025-01-09 15:52:21,250 Epoch 420/500
2025-01-09 15:54:57,074 Current Learning Rate: 0.0000309233
2025-01-09 15:54:57,075 Train Loss: 0.0253363, Val Loss: 0.0268387
2025-01-09 15:54:57,075 Epoch 421/500
2025-01-09 15:57:32,824 Current Learning Rate: 0.0000301709
2025-01-09 15:57:32,825 Train Loss: 0.0253359, Val Loss: 0.0268399
2025-01-09 15:57:32,825 Epoch 422/500
2025-01-09 16:00:07,480 Current Learning Rate: 0.0000294272
2025-01-09 16:00:07,480 Train Loss: 0.0253360, Val Loss: 0.0268403
2025-01-09 16:00:07,481 Epoch 423/500
2025-01-09 16:02:41,862 Current Learning Rate: 0.0000286922
2025-01-09 16:02:41,863 Train Loss: 0.0253361, Val Loss: 0.0268420
2025-01-09 16:02:41,863 Epoch 424/500
2025-01-09 16:05:16,027 Current Learning Rate: 0.0000279659
2025-01-09 16:05:16,028 Train Loss: 0.0253357, Val Loss: 0.0268442
2025-01-09 16:05:16,028 Epoch 425/500
2025-01-09 16:07:50,784 Current Learning Rate: 0.0000272484
2025-01-09 16:07:50,785 Train Loss: 0.0253357, Val Loss: 0.0268358
2025-01-09 16:07:50,785 Epoch 426/500
2025-01-09 16:10:24,874 Current Learning Rate: 0.0000265396
2025-01-09 16:10:24,875 Train Loss: 0.0253358, Val Loss: 0.0268386
2025-01-09 16:10:24,875 Epoch 427/500
2025-01-09 16:12:58,125 Current Learning Rate: 0.0000258397
2025-01-09 16:12:58,126 Train Loss: 0.0253359, Val Loss: 0.0268423
2025-01-09 16:12:58,126 Epoch 428/500
2025-01-09 16:15:31,736 Current Learning Rate: 0.0000251487
2025-01-09 16:15:31,737 Train Loss: 0.0253358, Val Loss: 0.0268428
2025-01-09 16:15:31,737 Epoch 429/500
2025-01-09 16:18:08,022 Current Learning Rate: 0.0000244665
2025-01-09 16:18:08,023 Train Loss: 0.0253357, Val Loss: 0.0268380
2025-01-09 16:18:08,023 Epoch 430/500
2025-01-09 16:20:44,170 Current Learning Rate: 0.0000237932
2025-01-09 16:20:44,171 Train Loss: 0.0253358, Val Loss: 0.0268400
2025-01-09 16:20:44,171 Epoch 431/500
2025-01-09 16:23:19,198 Current Learning Rate: 0.0000231289
2025-01-09 16:23:19,199 Train Loss: 0.0253352, Val Loss: 0.0268383
2025-01-09 16:23:19,199 Epoch 432/500
2025-01-09 16:25:53,879 Current Learning Rate: 0.0000224735
2025-01-09 16:25:53,879 Train Loss: 0.0253354, Val Loss: 0.0268394
2025-01-09 16:25:53,879 Epoch 433/500
2025-01-09 16:28:28,471 Current Learning Rate: 0.0000218271
2025-01-09 16:28:28,471 Train Loss: 0.0253352, Val Loss: 0.0268388
2025-01-09 16:28:28,472 Epoch 434/500
2025-01-09 16:31:04,571 Current Learning Rate: 0.0000211897
2025-01-09 16:31:04,572 Train Loss: 0.0253354, Val Loss: 0.0268402
2025-01-09 16:31:04,572 Epoch 435/500
2025-01-09 16:33:45,915 Current Learning Rate: 0.0000205613
2025-01-09 16:33:45,915 Train Loss: 0.0253352, Val Loss: 0.0268388
2025-01-09 16:33:45,915 Epoch 436/500
2025-01-09 16:36:26,377 Current Learning Rate: 0.0000199420
2025-01-09 16:36:26,377 Train Loss: 0.0253350, Val Loss: 0.0268410
2025-01-09 16:36:26,377 Epoch 437/500
2025-01-09 16:39:06,405 Current Learning Rate: 0.0000193318
2025-01-09 16:39:06,439 Train Loss: 0.0253353, Val Loss: 0.0268347
2025-01-09 16:39:06,439 Epoch 438/500
2025-01-09 16:41:46,371 Current Learning Rate: 0.0000187307
2025-01-09 16:41:46,372 Train Loss: 0.0253351, Val Loss: 0.0268373
2025-01-09 16:41:46,372 Epoch 439/500
2025-01-09 16:44:27,225 Current Learning Rate: 0.0000181387
2025-01-09 16:44:27,225 Train Loss: 0.0253350, Val Loss: 0.0268382
2025-01-09 16:44:27,225 Epoch 440/500
2025-01-09 16:47:07,233 Current Learning Rate: 0.0000175559
2025-01-09 16:47:07,234 Train Loss: 0.0253352, Val Loss: 0.0268412
2025-01-09 16:47:07,234 Epoch 441/500
2025-01-09 16:49:48,520 Current Learning Rate: 0.0000169822
2025-01-09 16:49:48,521 Train Loss: 0.0253348, Val Loss: 0.0268412
2025-01-09 16:49:48,521 Epoch 442/500
2025-01-09 16:52:27,838 Current Learning Rate: 0.0000164178
2025-01-09 16:52:27,839 Train Loss: 0.0253350, Val Loss: 0.0268376
2025-01-09 16:52:27,839 Epoch 443/500
2025-01-09 16:55:04,033 Current Learning Rate: 0.0000158625
2025-01-09 16:55:04,033 Train Loss: 0.0253348, Val Loss: 0.0268400
2025-01-09 16:55:04,033 Epoch 444/500
2025-01-09 16:57:39,771 Current Learning Rate: 0.0000153165
2025-01-09 16:57:39,771 Train Loss: 0.0253348, Val Loss: 0.0268387
2025-01-09 16:57:39,772 Epoch 445/500
2025-01-09 17:00:15,877 Current Learning Rate: 0.0000147798
2025-01-09 17:00:15,878 Train Loss: 0.0253349, Val Loss: 0.0268400
2025-01-09 17:00:15,878 Epoch 446/500
2025-01-09 17:02:53,222 Current Learning Rate: 0.0000142524
2025-01-09 17:02:53,223 Train Loss: 0.0253346, Val Loss: 0.0268387
2025-01-09 17:02:53,223 Epoch 447/500
2025-01-09 17:05:29,541 Current Learning Rate: 0.0000137342
2025-01-09 17:05:29,541 Train Loss: 0.0253348, Val Loss: 0.0268417
2025-01-09 17:05:29,542 Epoch 448/500
2025-01-09 17:08:07,397 Current Learning Rate: 0.0000132254
2025-01-09 17:08:07,397 Train Loss: 0.0253347, Val Loss: 0.0268369
2025-01-09 17:08:07,397 Epoch 449/500
2025-01-09 17:10:44,895 Current Learning Rate: 0.0000127260
2025-01-09 17:10:44,895 Train Loss: 0.0253348, Val Loss: 0.0268401
2025-01-09 17:10:44,895 Epoch 450/500
2025-01-09 17:13:21,412 Current Learning Rate: 0.0000122359
2025-01-09 17:13:21,413 Train Loss: 0.0253347, Val Loss: 0.0268367
2025-01-09 17:13:21,413 Epoch 451/500
2025-01-09 17:15:57,973 Current Learning Rate: 0.0000117552
2025-01-09 17:15:57,974 Train Loss: 0.0253347, Val Loss: 0.0268389
2025-01-09 17:15:57,974 Epoch 452/500
2025-01-09 17:18:35,423 Current Learning Rate: 0.0000112839
2025-01-09 17:18:35,424 Train Loss: 0.0253344, Val Loss: 0.0268381
2025-01-09 17:18:35,424 Epoch 453/500
2025-01-09 17:21:14,770 Current Learning Rate: 0.0000108220
2025-01-09 17:21:14,771 Train Loss: 0.0253345, Val Loss: 0.0268402
2025-01-09 17:21:14,771 Epoch 454/500
2025-01-09 17:23:52,504 Current Learning Rate: 0.0000103696
2025-01-09 17:23:52,505 Train Loss: 0.0253342, Val Loss: 0.0268383
2025-01-09 17:23:52,505 Epoch 455/500
2025-01-09 17:26:31,021 Current Learning Rate: 0.0000099266
2025-01-09 17:26:31,022 Train Loss: 0.0253344, Val Loss: 0.0268367
2025-01-09 17:26:31,022 Epoch 456/500
2025-01-09 17:29:09,843 Current Learning Rate: 0.0000094931
2025-01-09 17:29:09,844 Train Loss: 0.0253344, Val Loss: 0.0268379
2025-01-09 17:29:09,844 Epoch 457/500
2025-01-09 17:31:48,776 Current Learning Rate: 0.0000090691
2025-01-09 17:31:48,777 Train Loss: 0.0253341, Val Loss: 0.0268370
2025-01-09 17:31:48,777 Epoch 458/500
2025-01-09 17:34:26,580 Current Learning Rate: 0.0000086546
2025-01-09 17:34:26,580 Train Loss: 0.0253344, Val Loss: 0.0268381
2025-01-09 17:34:26,581 Epoch 459/500
2025-01-09 17:37:02,499 Current Learning Rate: 0.0000082496
2025-01-09 17:37:02,500 Train Loss: 0.0253344, Val Loss: 0.0268372
2025-01-09 17:37:02,500 Epoch 460/500
2025-01-09 17:39:38,359 Current Learning Rate: 0.0000078542
2025-01-09 17:39:38,360 Train Loss: 0.0253345, Val Loss: 0.0268364
2025-01-09 17:39:38,360 Epoch 461/500
2025-01-09 17:42:14,342 Current Learning Rate: 0.0000074684
2025-01-09 17:42:14,342 Train Loss: 0.0253343, Val Loss: 0.0268384
2025-01-09 17:42:14,342 Epoch 462/500
2025-01-09 17:44:51,165 Current Learning Rate: 0.0000070921
2025-01-09 17:44:51,166 Train Loss: 0.0253342, Val Loss: 0.0268386
2025-01-09 17:44:51,166 Epoch 463/500
2025-01-09 17:47:26,111 Current Learning Rate: 0.0000067254
2025-01-09 17:47:26,112 Train Loss: 0.0253340, Val Loss: 0.0268379
2025-01-09 17:47:26,112 Epoch 464/500
2025-01-09 17:50:00,147 Current Learning Rate: 0.0000063683
2025-01-09 17:50:00,147 Train Loss: 0.0253342, Val Loss: 0.0268402
2025-01-09 17:50:00,148 Epoch 465/500
2025-01-09 17:52:36,348 Current Learning Rate: 0.0000060208
2025-01-09 17:52:36,348 Train Loss: 0.0253341, Val Loss: 0.0268380
2025-01-09 17:52:36,349 Epoch 466/500
2025-01-09 17:55:11,728 Current Learning Rate: 0.0000056830
2025-01-09 17:55:11,728 Train Loss: 0.0253340, Val Loss: 0.0268381
2025-01-09 17:55:11,728 Epoch 467/500
2025-01-09 17:57:47,325 Current Learning Rate: 0.0000053548
2025-01-09 17:57:47,326 Train Loss: 0.0253343, Val Loss: 0.0268388
2025-01-09 17:57:47,326 Epoch 468/500
2025-01-09 18:00:23,026 Current Learning Rate: 0.0000050362
2025-01-09 18:00:23,027 Train Loss: 0.0253340, Val Loss: 0.0268383
2025-01-09 18:00:23,027 Epoch 469/500
2025-01-09 18:02:58,785 Current Learning Rate: 0.0000047274
2025-01-09 18:02:58,786 Train Loss: 0.0253341, Val Loss: 0.0268371
2025-01-09 18:02:58,786 Epoch 470/500
2025-01-09 18:05:36,376 Current Learning Rate: 0.0000044282
2025-01-09 18:05:36,377 Train Loss: 0.0253339, Val Loss: 0.0268378
2025-01-09 18:05:36,377 Epoch 471/500
2025-01-09 18:08:13,430 Current Learning Rate: 0.0000041387
2025-01-09 18:08:13,431 Train Loss: 0.0253341, Val Loss: 0.0268375
2025-01-09 18:08:13,431 Epoch 472/500
2025-01-09 18:10:50,986 Current Learning Rate: 0.0000038589
2025-01-09 18:10:50,990 Train Loss: 0.0253340, Val Loss: 0.0268376
2025-01-09 18:10:50,991 Epoch 473/500
2025-01-09 18:13:29,347 Current Learning Rate: 0.0000035889
2025-01-09 18:13:29,347 Train Loss: 0.0253339, Val Loss: 0.0268373
2025-01-09 18:13:29,348 Epoch 474/500
2025-01-09 18:16:06,475 Current Learning Rate: 0.0000033285
2025-01-09 18:16:06,475 Train Loss: 0.0253339, Val Loss: 0.0268371
2025-01-09 18:16:06,476 Epoch 475/500
2025-01-09 18:18:44,538 Current Learning Rate: 0.0000030779
2025-01-09 18:18:44,538 Train Loss: 0.0253339, Val Loss: 0.0268391
2025-01-09 18:18:44,538 Epoch 476/500
2025-01-09 18:21:22,207 Current Learning Rate: 0.0000028371
2025-01-09 18:21:22,208 Train Loss: 0.0253339, Val Loss: 0.0268375
2025-01-09 18:21:22,208 Epoch 477/500
2025-01-09 18:24:00,213 Current Learning Rate: 0.0000026060
2025-01-09 18:24:00,213 Train Loss: 0.0253339, Val Loss: 0.0268381
2025-01-09 18:24:00,214 Epoch 478/500
2025-01-09 18:26:37,124 Current Learning Rate: 0.0000023846
2025-01-09 18:26:37,125 Train Loss: 0.0253338, Val Loss: 0.0268385
2025-01-09 18:26:37,125 Epoch 479/500
2025-01-09 18:29:12,491 Current Learning Rate: 0.0000021731
2025-01-09 18:29:12,492 Train Loss: 0.0253338, Val Loss: 0.0268381
2025-01-09 18:29:12,492 Epoch 480/500
2025-01-09 18:31:47,208 Current Learning Rate: 0.0000019713
2025-01-09 18:31:47,209 Train Loss: 0.0253339, Val Loss: 0.0268369
2025-01-09 18:31:47,209 Epoch 481/500
2025-01-09 18:34:23,186 Current Learning Rate: 0.0000017793
2025-01-09 18:34:23,187 Train Loss: 0.0253338, Val Loss: 0.0268385
2025-01-09 18:34:23,187 Epoch 482/500
2025-01-09 18:37:03,846 Current Learning Rate: 0.0000015972
2025-01-09 18:37:03,847 Train Loss: 0.0253335, Val Loss: 0.0268377
2025-01-09 18:37:03,847 Epoch 483/500
2025-01-09 18:39:43,557 Current Learning Rate: 0.0000014248
2025-01-09 18:39:43,557 Train Loss: 0.0253337, Val Loss: 0.0268383
2025-01-09 18:39:43,557 Epoch 484/500
2025-01-09 18:42:22,659 Current Learning Rate: 0.0000012622
2025-01-09 18:42:22,660 Train Loss: 0.0253339, Val Loss: 0.0268383
2025-01-09 18:42:22,660 Epoch 485/500
2025-01-09 18:45:00,811 Current Learning Rate: 0.0000011095
2025-01-09 18:45:00,812 Train Loss: 0.0253339, Val Loss: 0.0268380
2025-01-09 18:45:00,812 Epoch 486/500
2025-01-09 18:47:42,044 Current Learning Rate: 0.0000009666
2025-01-09 18:47:42,044 Train Loss: 0.0253339, Val Loss: 0.0268380
2025-01-09 18:47:42,044 Epoch 487/500
2025-01-09 18:50:24,173 Current Learning Rate: 0.0000008335
2025-01-09 18:50:24,174 Train Loss: 0.0253339, Val Loss: 0.0268389
2025-01-09 18:50:24,174 Epoch 488/500
2025-01-09 18:53:02,544 Current Learning Rate: 0.0000007103
2025-01-09 18:53:02,545 Train Loss: 0.0253338, Val Loss: 0.0268375
2025-01-09 18:53:02,545 Epoch 489/500
2025-01-09 18:55:42,728 Current Learning Rate: 0.0000005969
2025-01-09 18:55:42,729 Train Loss: 0.0253338, Val Loss: 0.0268378
2025-01-09 18:55:42,729 Epoch 490/500
2025-01-09 18:58:20,813 Current Learning Rate: 0.0000004933
2025-01-09 18:58:20,814 Train Loss: 0.0253337, Val Loss: 0.0268377
2025-01-09 18:58:20,814 Epoch 491/500
2025-01-09 19:00:59,634 Current Learning Rate: 0.0000003996
2025-01-09 19:00:59,634 Train Loss: 0.0253337, Val Loss: 0.0268380
2025-01-09 19:00:59,634 Epoch 492/500
2025-01-09 19:03:40,078 Current Learning Rate: 0.0000003158
2025-01-09 19:03:40,079 Train Loss: 0.0253336, Val Loss: 0.0268376
2025-01-09 19:03:40,079 Epoch 493/500
2025-01-09 19:06:20,326 Current Learning Rate: 0.0000002418
2025-01-09 19:06:20,326 Train Loss: 0.0253339, Val Loss: 0.0268377
2025-01-09 19:06:20,326 Epoch 494/500
2025-01-09 19:08:59,107 Current Learning Rate: 0.0000001776
2025-01-09 19:08:59,108 Train Loss: 0.0253337, Val Loss: 0.0268378
2025-01-09 19:08:59,108 Epoch 495/500
2025-01-09 19:11:36,396 Current Learning Rate: 0.0000001234
2025-01-09 19:11:36,396 Train Loss: 0.0253335, Val Loss: 0.0268378
2025-01-09 19:11:36,396 Epoch 496/500
2025-01-09 19:14:12,124 Current Learning Rate: 0.0000000790
2025-01-09 19:14:12,124 Train Loss: 0.0253337, Val Loss: 0.0268377
2025-01-09 19:14:12,125 Epoch 497/500
2025-01-09 19:16:47,980 Current Learning Rate: 0.0000000444
2025-01-09 19:16:47,980 Train Loss: 0.0253338, Val Loss: 0.0268377
2025-01-09 19:16:47,981 Epoch 498/500
2025-01-09 19:19:25,487 Current Learning Rate: 0.0000000197
2025-01-09 19:19:25,487 Train Loss: 0.0253340, Val Loss: 0.0268377
2025-01-09 19:19:25,488 Epoch 499/500
2025-01-09 19:22:07,419 Current Learning Rate: 0.0000000049
2025-01-09 19:22:07,420 Train Loss: 0.0253336, Val Loss: 0.0268377
2025-01-09 19:22:07,420 Epoch 500/500
2025-01-09 19:24:45,933 Current Learning Rate: 0.0000000000
2025-01-09 19:24:45,934 Train Loss: 0.0253337, Val Loss: 0.0268377
