2025-01-13 23:05:41,537 Added key: store_based_barrier_key:1 to store for rank: 5
2025-01-13 23:05:41,542 Added key: store_based_barrier_key:1 to store for rank: 3
2025-01-13 23:05:42,416 Added key: store_based_barrier_key:1 to store for rank: 1
2025-01-13 23:05:42,482 Added key: store_based_barrier_key:1 to store for rank: 2
2025-01-13 23:05:42,515 Added key: store_based_barrier_key:1 to store for rank: 4
2025-01-13 23:05:42,519 Added key: store_based_barrier_key:1 to store for rank: 0
2025-01-13 23:06:14,034 Added key: store_based_barrier_key:1 to store for rank: 1
2025-01-13 23:06:14,041 Added key: store_based_barrier_key:1 to store for rank: 5
2025-01-13 23:06:14,049 Added key: store_based_barrier_key:1 to store for rank: 2
2025-01-13 23:06:14,053 Added key: store_based_barrier_key:1 to store for rank: 4
2025-01-13 23:06:14,996 Added key: store_based_barrier_key:1 to store for rank: 3
2025-01-13 23:06:15,004 Added key: store_based_barrier_key:1 to store for rank: 0
2025-01-13 23:06:26,181 Added key: store_based_barrier_key:1 to store for rank: 1
2025-01-13 23:06:26,186 Added key: store_based_barrier_key:1 to store for rank: 5
2025-01-13 23:06:26,225 Added key: store_based_barrier_key:1 to store for rank: 3
2025-01-13 23:06:26,234 Added key: store_based_barrier_key:1 to store for rank: 2
2025-01-13 23:06:26,236 Added key: store_based_barrier_key:1 to store for rank: 4
2025-01-13 23:06:26,239 Added key: store_based_barrier_key:1 to store for rank: 0
2025-01-13 23:08:27,692 Epoch 1/500
2025-01-13 23:10:58,328 Current Learning Rate: 0.0009999901
2025-01-13 23:10:58,393 Train Loss: 0.0061904, Val Loss: 0.0042558
2025-01-13 23:10:58,394 Epoch 2/500
2025-01-13 23:13:24,506 Current Learning Rate: 0.0009999605
2025-01-13 23:13:24,558 Train Loss: 0.0036782, Val Loss: 0.0032641
2025-01-13 23:13:24,558 Epoch 3/500
2025-01-13 23:15:49,622 Current Learning Rate: 0.0009999112
2025-01-13 23:15:49,671 Train Loss: 0.0028889, Val Loss: 0.0026040
2025-01-13 23:15:49,672 Epoch 4/500
2025-01-13 23:18:16,455 Current Learning Rate: 0.0009998421
2025-01-13 23:18:16,503 Train Loss: 0.0024171, Val Loss: 0.0023225
2025-01-13 23:18:16,504 Epoch 5/500
2025-01-13 23:20:45,302 Current Learning Rate: 0.0009997533
2025-01-13 23:20:45,348 Train Loss: 0.0021575, Val Loss: 0.0023215
2025-01-13 23:20:45,349 Epoch 6/500
2025-01-13 23:23:11,482 Current Learning Rate: 0.0009996447
2025-01-13 23:23:11,528 Train Loss: 0.0019769, Val Loss: 0.0019910
2025-01-13 23:23:11,528 Epoch 7/500
2025-01-13 23:25:35,721 Current Learning Rate: 0.0009995165
2025-01-13 23:25:35,766 Train Loss: 0.0018492, Val Loss: 0.0018510
2025-01-13 23:25:35,767 Epoch 8/500
2025-01-13 23:27:59,882 Current Learning Rate: 0.0009993685
2025-01-13 23:27:59,927 Train Loss: 0.0017371, Val Loss: 0.0017573
2025-01-13 23:27:59,928 Epoch 9/500
2025-01-13 23:30:23,884 Current Learning Rate: 0.0009992008
2025-01-13 23:30:23,930 Train Loss: 0.0016644, Val Loss: 0.0016663
2025-01-13 23:30:23,931 Epoch 10/500
2025-01-13 23:32:47,777 Current Learning Rate: 0.0009990134
2025-01-13 23:32:47,824 Train Loss: 0.0015857, Val Loss: 0.0016144
2025-01-13 23:32:47,825 Epoch 11/500
2025-01-13 23:35:12,271 Current Learning Rate: 0.0009988063
2025-01-13 23:35:12,318 Train Loss: 0.0015282, Val Loss: 0.0015746
2025-01-13 23:35:12,319 Epoch 12/500
2025-01-13 23:37:36,971 Current Learning Rate: 0.0009985795
2025-01-13 23:37:37,016 Train Loss: 0.0014776, Val Loss: 0.0015102
2025-01-13 23:37:37,017 Epoch 13/500
2025-01-13 23:40:00,807 Current Learning Rate: 0.0009983330
2025-01-13 23:40:00,853 Train Loss: 0.0014403, Val Loss: 0.0014753
2025-01-13 23:40:00,855 Epoch 14/500
2025-01-13 23:42:25,327 Current Learning Rate: 0.0009980668
2025-01-13 23:42:25,371 Train Loss: 0.0013807, Val Loss: 0.0014404
2025-01-13 23:42:25,371 Epoch 15/500
2025-01-13 23:44:49,144 Current Learning Rate: 0.0009977810
2025-01-13 23:44:49,190 Train Loss: 0.0013514, Val Loss: 0.0013654
2025-01-13 23:44:49,190 Epoch 16/500
2025-01-13 23:47:13,127 Current Learning Rate: 0.0009974755
2025-01-13 23:47:13,172 Train Loss: 0.0013148, Val Loss: 0.0013224
2025-01-13 23:47:13,172 Epoch 17/500
2025-01-13 23:49:38,463 Current Learning Rate: 0.0009971504
2025-01-13 23:49:38,463 Train Loss: 0.0012784, Val Loss: 0.0013681
2025-01-13 23:49:38,464 Epoch 18/500
2025-01-13 23:52:05,683 Current Learning Rate: 0.0009968057
2025-01-13 23:52:05,730 Train Loss: 0.0012451, Val Loss: 0.0013065
2025-01-13 23:52:05,731 Epoch 19/500
2025-01-13 23:54:31,588 Current Learning Rate: 0.0009964413
2025-01-13 23:54:31,588 Train Loss: 0.0012200, Val Loss: 0.0013190
2025-01-13 23:54:31,589 Epoch 20/500
2025-01-13 23:56:59,236 Current Learning Rate: 0.0009960574
2025-01-13 23:56:59,301 Train Loss: 0.0011999, Val Loss: 0.0012918
2025-01-13 23:56:59,301 Epoch 21/500
2025-01-13 23:59:28,281 Current Learning Rate: 0.0009956538
2025-01-13 23:59:28,374 Train Loss: 0.0011720, Val Loss: 0.0012757
2025-01-13 23:59:28,374 Epoch 22/500
2025-01-14 00:01:57,942 Current Learning Rate: 0.0009952307
2025-01-14 00:01:58,015 Train Loss: 0.0011491, Val Loss: 0.0012616
2025-01-14 00:01:58,016 Epoch 23/500
2025-01-14 00:04:24,335 Current Learning Rate: 0.0009947881
2025-01-14 00:04:24,394 Train Loss: 0.0011361, Val Loss: 0.0011679
2025-01-14 00:04:24,394 Epoch 24/500
2025-01-14 00:06:50,778 Current Learning Rate: 0.0009943259
2025-01-14 00:06:50,779 Train Loss: 0.0011149, Val Loss: 0.0011957
2025-01-14 00:06:50,779 Epoch 25/500
2025-01-14 00:09:17,238 Current Learning Rate: 0.0009938442
2025-01-14 00:09:17,285 Train Loss: 0.0010851, Val Loss: 0.0011428
2025-01-14 00:09:17,285 Epoch 26/500
2025-01-14 00:11:41,652 Current Learning Rate: 0.0009933430
2025-01-14 00:11:41,652 Train Loss: 0.0010782, Val Loss: 0.0011722
2025-01-14 00:11:41,653 Epoch 27/500
2025-01-14 00:14:06,759 Current Learning Rate: 0.0009928223
2025-01-14 00:14:06,809 Train Loss: 0.0010679, Val Loss: 0.0011353
2025-01-14 00:14:06,809 Epoch 28/500
2025-01-14 00:16:33,604 Current Learning Rate: 0.0009922822
2025-01-14 00:16:33,654 Train Loss: 0.0010445, Val Loss: 0.0010986
2025-01-14 00:16:33,654 Epoch 29/500
2025-01-14 00:18:58,342 Current Learning Rate: 0.0009917226
2025-01-14 00:18:58,342 Train Loss: 0.0010254, Val Loss: 0.0011270
2025-01-14 00:18:58,343 Epoch 30/500
2025-01-14 00:21:27,149 Current Learning Rate: 0.0009911436
2025-01-14 00:21:27,199 Train Loss: 0.0010228, Val Loss: 0.0010838
2025-01-14 00:21:27,200 Epoch 31/500
2025-01-14 00:23:55,768 Current Learning Rate: 0.0009905453
2025-01-14 00:23:55,770 Train Loss: 0.0010092, Val Loss: 0.0011228
2025-01-14 00:23:55,771 Epoch 32/500
2025-01-14 00:26:24,166 Current Learning Rate: 0.0009899275
2025-01-14 00:26:24,236 Train Loss: 0.0009883, Val Loss: 0.0010535
2025-01-14 00:26:24,236 Epoch 33/500
2025-01-14 00:28:52,934 Current Learning Rate: 0.0009892905
2025-01-14 00:28:52,935 Train Loss: 0.0009732, Val Loss: 0.0010702
2025-01-14 00:28:52,935 Epoch 34/500
2025-01-14 00:31:22,216 Current Learning Rate: 0.0009886341
2025-01-14 00:31:22,216 Train Loss: 0.0009737, Val Loss: 0.0010572
2025-01-14 00:31:22,217 Epoch 35/500
2025-01-14 00:33:50,835 Current Learning Rate: 0.0009879584
2025-01-14 00:33:50,835 Train Loss: 0.0009507, Val Loss: 0.0010767
2025-01-14 00:33:50,835 Epoch 36/500
2025-01-14 00:36:18,944 Current Learning Rate: 0.0009872634
2025-01-14 00:36:18,997 Train Loss: 0.0009497, Val Loss: 0.0010254
2025-01-14 00:36:18,998 Epoch 37/500
2025-01-14 00:38:44,164 Current Learning Rate: 0.0009865493
2025-01-14 00:38:44,211 Train Loss: 0.0009410, Val Loss: 0.0010093
2025-01-14 00:38:44,211 Epoch 38/500
2025-01-14 00:41:08,991 Current Learning Rate: 0.0009858159
2025-01-14 00:41:09,037 Train Loss: 0.0009281, Val Loss: 0.0009912
2025-01-14 00:41:09,038 Epoch 39/500
2025-01-14 00:43:34,040 Current Learning Rate: 0.0009850633
2025-01-14 00:43:34,040 Train Loss: 0.0009164, Val Loss: 0.0010103
2025-01-14 00:43:34,041 Epoch 40/500
2025-01-14 00:45:59,151 Current Learning Rate: 0.0009842916
2025-01-14 00:45:59,198 Train Loss: 0.0009047, Val Loss: 0.0009901
2025-01-14 00:45:59,198 Epoch 41/500
2025-01-14 00:48:24,692 Current Learning Rate: 0.0009835007
2025-01-14 00:48:24,737 Train Loss: 0.0009003, Val Loss: 0.0009833
2025-01-14 00:48:24,737 Epoch 42/500
2025-01-14 00:50:51,512 Current Learning Rate: 0.0009826908
2025-01-14 00:50:51,563 Train Loss: 0.0008934, Val Loss: 0.0009570
2025-01-14 00:50:51,563 Epoch 43/500
2025-01-14 00:53:19,453 Current Learning Rate: 0.0009818618
2025-01-14 00:53:19,454 Train Loss: 0.0008828, Val Loss: 0.0009829
2025-01-14 00:53:19,455 Epoch 44/500
2025-01-14 00:55:47,506 Current Learning Rate: 0.0009810138
2025-01-14 00:55:47,507 Train Loss: 0.0008767, Val Loss: 0.0009835
2025-01-14 00:55:47,507 Epoch 45/500
2025-01-14 00:58:12,692 Current Learning Rate: 0.0009801468
2025-01-14 00:58:12,693 Train Loss: 0.0008662, Val Loss: 0.0009926
2025-01-14 00:58:12,693 Epoch 46/500
2025-01-14 01:00:37,480 Current Learning Rate: 0.0009792609
2025-01-14 01:00:37,480 Train Loss: 0.0008601, Val Loss: 0.0010045
2025-01-14 01:00:37,481 Epoch 47/500
2025-01-14 01:03:01,940 Current Learning Rate: 0.0009783560
2025-01-14 01:03:02,903 Train Loss: 0.0008517, Val Loss: 0.0009327
2025-01-14 01:03:02,903 Epoch 48/500
2025-01-14 01:05:27,761 Current Learning Rate: 0.0009774323
2025-01-14 01:05:27,762 Train Loss: 0.0008526, Val Loss: 0.0009640
2025-01-14 01:05:27,763 Epoch 49/500
2025-01-14 01:07:56,323 Current Learning Rate: 0.0009764897
2025-01-14 01:07:56,324 Train Loss: 0.0008437, Val Loss: 0.0009389
2025-01-14 01:07:56,324 Epoch 50/500
2025-01-14 01:10:24,904 Current Learning Rate: 0.0009755283
2025-01-14 01:10:24,904 Train Loss: 0.0008293, Val Loss: 0.0009541
2025-01-14 01:10:24,905 Epoch 51/500
2025-01-14 01:12:50,887 Current Learning Rate: 0.0009745481
2025-01-14 01:12:50,937 Train Loss: 0.0008276, Val Loss: 0.0009050
2025-01-14 01:12:50,937 Epoch 52/500
2025-01-14 01:15:15,462 Current Learning Rate: 0.0009735492
2025-01-14 01:15:15,463 Train Loss: 0.0008228, Val Loss: 0.0009129
2025-01-14 01:15:15,463 Epoch 53/500
2025-01-14 01:17:39,750 Current Learning Rate: 0.0009725315
2025-01-14 01:17:39,751 Train Loss: 0.0008136, Val Loss: 0.0009096
2025-01-14 01:17:39,751 Epoch 54/500
2025-01-14 01:20:03,925 Current Learning Rate: 0.0009714953
2025-01-14 01:20:03,926 Train Loss: 0.0008140, Val Loss: 0.0009251
2025-01-14 01:20:03,926 Epoch 55/500
2025-01-14 01:22:28,964 Current Learning Rate: 0.0009704404
2025-01-14 01:22:28,965 Train Loss: 0.0008115, Val Loss: 0.0009083
2025-01-14 01:22:28,965 Epoch 56/500
2025-01-14 01:24:54,147 Current Learning Rate: 0.0009693669
2025-01-14 01:24:54,148 Train Loss: 0.0007930, Val Loss: 0.0009147
2025-01-14 01:24:54,148 Epoch 57/500
2025-01-14 01:27:20,570 Current Learning Rate: 0.0009682749
2025-01-14 01:27:20,570 Train Loss: 0.0007943, Val Loss: 0.0009223
2025-01-14 01:27:20,570 Epoch 58/500
2025-01-14 01:29:48,787 Current Learning Rate: 0.0009671645
2025-01-14 01:29:48,787 Train Loss: 0.0007878, Val Loss: 0.0009061
2025-01-14 01:29:48,788 Epoch 59/500
2025-01-14 01:32:16,454 Current Learning Rate: 0.0009660356
2025-01-14 01:32:16,500 Train Loss: 0.0007909, Val Loss: 0.0008871
2025-01-14 01:32:16,501 Epoch 60/500
2025-01-14 01:34:44,192 Current Learning Rate: 0.0009648882
2025-01-14 01:34:44,237 Train Loss: 0.0007774, Val Loss: 0.0008710
2025-01-14 01:34:44,237 Epoch 61/500
2025-01-14 01:37:12,450 Current Learning Rate: 0.0009637226
2025-01-14 01:37:12,450 Train Loss: 0.0007735, Val Loss: 0.0009002
2025-01-14 01:37:12,451 Epoch 62/500
2025-01-14 01:39:40,465 Current Learning Rate: 0.0009625386
2025-01-14 01:39:40,466 Train Loss: 0.0007714, Val Loss: 0.0008720
2025-01-14 01:39:40,466 Epoch 63/500
2025-01-14 01:42:05,831 Current Learning Rate: 0.0009613364
2025-01-14 01:42:05,832 Train Loss: 0.0007655, Val Loss: 0.0008862
2025-01-14 01:42:05,832 Epoch 64/500
2025-01-14 01:44:30,286 Current Learning Rate: 0.0009601159
2025-01-14 01:44:30,286 Train Loss: 0.0007638, Val Loss: 0.0008729
2025-01-14 01:44:30,286 Epoch 65/500
2025-01-14 01:46:54,730 Current Learning Rate: 0.0009588773
2025-01-14 01:46:54,784 Train Loss: 0.0007551, Val Loss: 0.0008566
2025-01-14 01:46:54,784 Epoch 66/500
2025-01-14 01:49:19,564 Current Learning Rate: 0.0009576206
2025-01-14 01:49:19,565 Train Loss: 0.0007517, Val Loss: 0.0009019
2025-01-14 01:49:19,565 Epoch 67/500
2025-01-14 01:51:44,419 Current Learning Rate: 0.0009563458
2025-01-14 01:51:44,420 Train Loss: 0.0007468, Val Loss: 0.0008720
2025-01-14 01:51:44,420 Epoch 68/500
2025-01-14 01:54:10,758 Current Learning Rate: 0.0009550530
2025-01-14 01:54:10,809 Train Loss: 0.0007468, Val Loss: 0.0008441
2025-01-14 01:54:10,809 Epoch 69/500
2025-01-14 01:56:37,495 Current Learning Rate: 0.0009537422
2025-01-14 01:56:37,495 Train Loss: 0.0007389, Val Loss: 0.0008456
2025-01-14 01:56:37,495 Epoch 70/500
2025-01-14 01:59:02,766 Current Learning Rate: 0.0009524135
2025-01-14 01:59:02,766 Train Loss: 0.0007339, Val Loss: 0.0008676
2025-01-14 01:59:02,766 Epoch 71/500
2025-01-14 02:01:30,303 Current Learning Rate: 0.0009510670
2025-01-14 02:01:30,304 Train Loss: 0.0007357, Val Loss: 0.0008741
2025-01-14 02:01:30,304 Epoch 72/500
2025-01-14 02:03:58,484 Current Learning Rate: 0.0009497026
2025-01-14 02:03:58,485 Train Loss: 0.0007306, Val Loss: 0.0008465
2025-01-14 02:03:58,485 Epoch 73/500
2025-01-14 02:06:26,830 Current Learning Rate: 0.0009483205
2025-01-14 02:06:26,830 Train Loss: 0.0007258, Val Loss: 0.0008906
2025-01-14 02:06:26,831 Epoch 74/500
2025-01-14 02:08:51,969 Current Learning Rate: 0.0009469207
2025-01-14 02:08:52,017 Train Loss: 0.0007229, Val Loss: 0.0008439
2025-01-14 02:08:52,018 Epoch 75/500
2025-01-14 02:11:16,174 Current Learning Rate: 0.0009455033
2025-01-14 02:11:16,175 Train Loss: 0.0007179, Val Loss: 0.0008457
2025-01-14 02:11:16,175 Epoch 76/500
2025-01-14 02:13:40,392 Current Learning Rate: 0.0009440682
2025-01-14 02:13:40,440 Train Loss: 0.0007194, Val Loss: 0.0008431
2025-01-14 02:13:40,440 Epoch 77/500
2025-01-14 02:16:04,736 Current Learning Rate: 0.0009426157
2025-01-14 02:16:04,784 Train Loss: 0.0007117, Val Loss: 0.0008427
2025-01-14 02:16:04,784 Epoch 78/500
2025-01-14 02:18:30,164 Current Learning Rate: 0.0009411456
2025-01-14 02:18:30,210 Train Loss: 0.0007052, Val Loss: 0.0008183
2025-01-14 02:18:30,210 Epoch 79/500
2025-01-14 02:20:54,788 Current Learning Rate: 0.0009396582
2025-01-14 02:20:54,789 Train Loss: 0.0007048, Val Loss: 0.0008653
2025-01-14 02:20:54,789 Epoch 80/500
2025-01-14 02:23:19,406 Current Learning Rate: 0.0009381533
2025-01-14 02:23:19,407 Train Loss: 0.0007036, Val Loss: 0.0008392
2025-01-14 02:23:19,407 Epoch 81/500
2025-01-14 02:25:43,848 Current Learning Rate: 0.0009366312
2025-01-14 02:25:43,848 Train Loss: 0.0006986, Val Loss: 0.0008287
2025-01-14 02:25:43,849 Epoch 82/500
2025-01-14 02:28:08,288 Current Learning Rate: 0.0009350919
2025-01-14 02:28:08,289 Train Loss: 0.0006955, Val Loss: 0.0008257
2025-01-14 02:28:08,289 Epoch 83/500
2025-01-14 02:30:32,737 Current Learning Rate: 0.0009335354
2025-01-14 02:30:32,785 Train Loss: 0.0006912, Val Loss: 0.0008135
2025-01-14 02:30:32,786 Epoch 84/500
2025-01-14 02:32:56,949 Current Learning Rate: 0.0009319617
2025-01-14 02:32:56,949 Train Loss: 0.0006916, Val Loss: 0.0008252
2025-01-14 02:32:56,950 Epoch 85/500
2025-01-14 02:35:22,017 Current Learning Rate: 0.0009303710
2025-01-14 02:35:22,018 Train Loss: 0.0006864, Val Loss: 0.0008259
2025-01-14 02:35:22,018 Epoch 86/500
2025-01-14 02:37:47,342 Current Learning Rate: 0.0009287633
2025-01-14 02:37:47,343 Train Loss: 0.0006854, Val Loss: 0.0008337
2025-01-14 02:37:47,343 Epoch 87/500
2025-01-14 02:40:12,412 Current Learning Rate: 0.0009271387
2025-01-14 02:40:12,413 Train Loss: 0.0006762, Val Loss: 0.0008199
2025-01-14 02:40:12,413 Epoch 88/500
2025-01-14 02:42:38,097 Current Learning Rate: 0.0009254972
2025-01-14 02:42:38,148 Train Loss: 0.0006806, Val Loss: 0.0008113
2025-01-14 02:42:38,149 Epoch 89/500
2025-01-14 02:45:05,698 Current Learning Rate: 0.0009238390
2025-01-14 02:45:05,753 Train Loss: 0.0006793, Val Loss: 0.0007993
2025-01-14 02:45:05,754 Epoch 90/500
2025-01-14 02:47:30,820 Current Learning Rate: 0.0009221640
2025-01-14 02:47:30,821 Train Loss: 0.0006706, Val Loss: 0.0008192
2025-01-14 02:47:30,821 Epoch 91/500
2025-01-14 02:49:58,149 Current Learning Rate: 0.0009204723
2025-01-14 02:49:58,149 Train Loss: 0.0006723, Val Loss: 0.0007998
2025-01-14 02:49:58,150 Epoch 92/500
2025-01-14 02:52:27,148 Current Learning Rate: 0.0009187640
2025-01-14 02:52:27,148 Train Loss: 0.0006691, Val Loss: 0.0008015
2025-01-14 02:52:27,149 Epoch 93/500
2025-01-14 02:54:54,514 Current Learning Rate: 0.0009170392
2025-01-14 02:54:54,515 Train Loss: 0.0006608, Val Loss: 0.0008062
2025-01-14 02:54:54,515 Epoch 94/500
2025-01-14 02:57:22,763 Current Learning Rate: 0.0009152979
2025-01-14 02:57:22,763 Train Loss: 0.0006664, Val Loss: 0.0007999
2025-01-14 02:57:22,764 Epoch 95/500
2025-01-14 02:59:51,111 Current Learning Rate: 0.0009135403
2025-01-14 02:59:51,112 Train Loss: 0.0006602, Val Loss: 0.0008116
2025-01-14 02:59:51,112 Epoch 96/500
2025-01-14 03:02:19,523 Current Learning Rate: 0.0009117663
2025-01-14 03:02:19,523 Train Loss: 0.0006570, Val Loss: 0.0008153
2025-01-14 03:02:19,523 Epoch 97/500
2025-01-14 03:04:48,003 Current Learning Rate: 0.0009099761
2025-01-14 03:04:48,004 Train Loss: 0.0006539, Val Loss: 0.0008154
2025-01-14 03:04:48,004 Epoch 98/500
2025-01-14 03:07:16,555 Current Learning Rate: 0.0009081696
2025-01-14 03:07:16,555 Train Loss: 0.0006561, Val Loss: 0.0008032
2025-01-14 03:07:16,556 Epoch 99/500
2025-01-14 03:09:44,287 Current Learning Rate: 0.0009063471
2025-01-14 03:09:44,288 Train Loss: 0.0006492, Val Loss: 0.0008150
2025-01-14 03:09:44,288 Epoch 100/500
2025-01-14 03:12:10,536 Current Learning Rate: 0.0009045085
2025-01-14 03:12:10,536 Train Loss: 0.0006470, Val Loss: 0.0008022
2025-01-14 03:12:10,537 Epoch 101/500
2025-01-14 03:14:37,413 Current Learning Rate: 0.0009026539
2025-01-14 03:14:37,460 Train Loss: 0.0006454, Val Loss: 0.0007973
2025-01-14 03:14:37,461 Epoch 102/500
2025-01-14 03:17:06,200 Current Learning Rate: 0.0009007835
2025-01-14 03:17:06,247 Train Loss: 0.0006416, Val Loss: 0.0007939
2025-01-14 03:17:06,247 Epoch 103/500
2025-01-14 03:19:34,430 Current Learning Rate: 0.0008988972
2025-01-14 03:19:34,482 Train Loss: 0.0006408, Val Loss: 0.0007868
2025-01-14 03:19:34,483 Epoch 104/500
2025-01-14 03:22:03,533 Current Learning Rate: 0.0008969952
2025-01-14 03:22:03,534 Train Loss: 0.0006443, Val Loss: 0.0007890
2025-01-14 03:22:03,534 Epoch 105/500
2025-01-14 03:24:30,470 Current Learning Rate: 0.0008950775
2025-01-14 03:24:30,526 Train Loss: 0.0006340, Val Loss: 0.0007788
2025-01-14 03:24:30,527 Epoch 106/500
2025-01-14 03:26:58,649 Current Learning Rate: 0.0008931442
2025-01-14 03:26:58,710 Train Loss: 0.0006339, Val Loss: 0.0007780
2025-01-14 03:26:58,710 Epoch 107/500
2025-01-14 03:29:24,976 Current Learning Rate: 0.0008911954
2025-01-14 03:29:24,976 Train Loss: 0.0006313, Val Loss: 0.0007800
2025-01-14 03:29:24,976 Epoch 108/500
2025-01-14 03:31:50,958 Current Learning Rate: 0.0008892312
2025-01-14 03:31:50,958 Train Loss: 0.0006323, Val Loss: 0.0008055
2025-01-14 03:31:50,959 Epoch 109/500
2025-01-14 03:34:16,687 Current Learning Rate: 0.0008872515
2025-01-14 03:34:16,687 Train Loss: 0.0006348, Val Loss: 0.0007782
2025-01-14 03:34:16,687 Epoch 110/500
2025-01-14 03:36:43,899 Current Learning Rate: 0.0008852566
2025-01-14 03:36:43,899 Train Loss: 0.0006246, Val Loss: 0.0007810
2025-01-14 03:36:43,900 Epoch 111/500
2025-01-14 03:39:11,880 Current Learning Rate: 0.0008832465
2025-01-14 03:39:11,881 Train Loss: 0.0006255, Val Loss: 0.0007910
2025-01-14 03:39:11,881 Epoch 112/500
2025-01-14 03:41:37,998 Current Learning Rate: 0.0008812213
2025-01-14 03:41:37,998 Train Loss: 0.0006204, Val Loss: 0.0007902
2025-01-14 03:41:37,998 Epoch 113/500
2025-01-14 03:44:02,939 Current Learning Rate: 0.0008791810
2025-01-14 03:44:02,996 Train Loss: 0.0006206, Val Loss: 0.0007676
2025-01-14 03:44:02,997 Epoch 114/500
2025-01-14 03:46:27,944 Current Learning Rate: 0.0008771257
2025-01-14 03:46:27,945 Train Loss: 0.0006182, Val Loss: 0.0007691
2025-01-14 03:46:27,945 Epoch 115/500
2025-01-14 03:48:55,040 Current Learning Rate: 0.0008750555
2025-01-14 03:48:55,092 Train Loss: 0.0006203, Val Loss: 0.0007514
2025-01-14 03:48:55,092 Epoch 116/500
2025-01-14 03:51:22,441 Current Learning Rate: 0.0008729706
2025-01-14 03:51:22,442 Train Loss: 0.0006113, Val Loss: 0.0007622
2025-01-14 03:51:22,442 Epoch 117/500
2025-01-14 03:53:49,602 Current Learning Rate: 0.0008708709
2025-01-14 03:53:49,602 Train Loss: 0.0006184, Val Loss: 0.0007572
2025-01-14 03:53:49,602 Epoch 118/500
2025-01-14 03:56:17,269 Current Learning Rate: 0.0008687566
2025-01-14 03:56:17,269 Train Loss: 0.0006122, Val Loss: 0.0007727
2025-01-14 03:56:17,269 Epoch 119/500
2025-01-14 03:58:45,297 Current Learning Rate: 0.0008666277
2025-01-14 03:58:45,298 Train Loss: 0.0006099, Val Loss: 0.0007806
2025-01-14 03:58:45,298 Epoch 120/500
2025-01-14 04:01:10,610 Current Learning Rate: 0.0008644843
2025-01-14 04:01:10,610 Train Loss: 0.0006047, Val Loss: 0.0007591
2025-01-14 04:01:10,610 Epoch 121/500
2025-01-14 04:03:34,810 Current Learning Rate: 0.0008623266
2025-01-14 04:03:34,811 Train Loss: 0.0006066, Val Loss: 0.0007743
2025-01-14 04:03:34,811 Epoch 122/500
2025-01-14 04:05:59,542 Current Learning Rate: 0.0008601545
2025-01-14 04:05:59,542 Train Loss: 0.0006044, Val Loss: 0.0007556
2025-01-14 04:05:59,543 Epoch 123/500
2025-01-14 04:08:25,496 Current Learning Rate: 0.0008579682
2025-01-14 04:08:25,497 Train Loss: 0.0006024, Val Loss: 0.0007542
2025-01-14 04:08:25,497 Epoch 124/500
2025-01-14 04:10:51,288 Current Learning Rate: 0.0008557678
2025-01-14 04:10:51,289 Train Loss: 0.0006016, Val Loss: 0.0007689
2025-01-14 04:10:51,289 Epoch 125/500
2025-01-14 04:13:16,972 Current Learning Rate: 0.0008535534
2025-01-14 04:13:16,973 Train Loss: 0.0005965, Val Loss: 0.0007651
2025-01-14 04:13:16,973 Epoch 126/500
2025-01-14 04:15:43,369 Current Learning Rate: 0.0008513250
2025-01-14 04:15:43,370 Train Loss: 0.0005985, Val Loss: 0.0007799
2025-01-14 04:15:43,370 Epoch 127/500
2025-01-14 04:18:11,438 Current Learning Rate: 0.0008490827
2025-01-14 04:18:11,438 Train Loss: 0.0005963, Val Loss: 0.0007896
2025-01-14 04:18:11,439 Epoch 128/500
2025-01-14 04:20:36,658 Current Learning Rate: 0.0008468267
2025-01-14 04:20:36,659 Train Loss: 0.0005945, Val Loss: 0.0007629
2025-01-14 04:20:36,659 Epoch 129/500
2025-01-14 04:23:01,395 Current Learning Rate: 0.0008445569
2025-01-14 04:23:01,444 Train Loss: 0.0005876, Val Loss: 0.0007498
2025-01-14 04:23:01,445 Epoch 130/500
2025-01-14 04:25:26,663 Current Learning Rate: 0.0008422736
2025-01-14 04:25:26,712 Train Loss: 0.0005934, Val Loss: 0.0007481
2025-01-14 04:25:26,712 Epoch 131/500
2025-01-14 04:27:52,828 Current Learning Rate: 0.0008399767
2025-01-14 04:27:52,829 Train Loss: 0.0005884, Val Loss: 0.0007905
2025-01-14 04:27:52,829 Epoch 132/500
2025-01-14 04:30:20,062 Current Learning Rate: 0.0008376664
2025-01-14 04:30:20,063 Train Loss: 0.0005903, Val Loss: 0.0007641
2025-01-14 04:30:20,064 Epoch 133/500
2025-01-14 04:32:46,787 Current Learning Rate: 0.0008353428
2025-01-14 04:32:46,787 Train Loss: 0.0005859, Val Loss: 0.0007697
2025-01-14 04:32:46,787 Epoch 134/500
2025-01-14 04:35:13,769 Current Learning Rate: 0.0008330059
2025-01-14 04:35:13,770 Train Loss: 0.0005846, Val Loss: 0.0007541
2025-01-14 04:35:13,770 Epoch 135/500
2025-01-14 04:37:40,693 Current Learning Rate: 0.0008306559
2025-01-14 04:37:40,694 Train Loss: 0.0005877, Val Loss: 0.0007783
2025-01-14 04:37:40,694 Epoch 136/500
2025-01-14 04:40:08,796 Current Learning Rate: 0.0008282929
2025-01-14 04:40:08,797 Train Loss: 0.0005808, Val Loss: 0.0007592
2025-01-14 04:40:08,797 Epoch 137/500
2025-01-14 04:42:36,127 Current Learning Rate: 0.0008259169
2025-01-14 04:42:36,189 Train Loss: 0.0005781, Val Loss: 0.0007463
2025-01-14 04:42:36,190 Epoch 138/500
2025-01-14 04:45:01,322 Current Learning Rate: 0.0008235280
2025-01-14 04:45:01,322 Train Loss: 0.0005791, Val Loss: 0.0007847
2025-01-14 04:45:01,322 Epoch 139/500
2025-01-14 04:47:25,660 Current Learning Rate: 0.0008211263
2025-01-14 04:47:25,660 Train Loss: 0.0005765, Val Loss: 0.0007569
2025-01-14 04:47:25,661 Epoch 140/500
2025-01-14 04:49:50,062 Current Learning Rate: 0.0008187120
2025-01-14 04:49:50,062 Train Loss: 0.0005765, Val Loss: 0.0007483
2025-01-14 04:49:50,062 Epoch 141/500
2025-01-14 04:52:15,131 Current Learning Rate: 0.0008162851
2025-01-14 04:52:15,180 Train Loss: 0.0005774, Val Loss: 0.0007438
2025-01-14 04:52:15,180 Epoch 142/500
2025-01-14 04:54:41,773 Current Learning Rate: 0.0008138457
2025-01-14 04:54:41,774 Train Loss: 0.0005716, Val Loss: 0.0007626
2025-01-14 04:54:41,774 Epoch 143/500
2025-01-14 04:57:10,651 Current Learning Rate: 0.0008113939
2025-01-14 04:57:10,652 Train Loss: 0.0005733, Val Loss: 0.0007504
2025-01-14 04:57:10,652 Epoch 144/500
2025-01-14 04:59:37,855 Current Learning Rate: 0.0008089298
2025-01-14 04:59:37,908 Train Loss: 0.0005714, Val Loss: 0.0007409
2025-01-14 04:59:37,908 Epoch 145/500
2025-01-14 05:02:06,207 Current Learning Rate: 0.0008064535
2025-01-14 05:02:06,207 Train Loss: 0.0005685, Val Loss: 0.0007450
2025-01-14 05:02:06,208 Epoch 146/500
2025-01-14 05:04:32,372 Current Learning Rate: 0.0008039651
2025-01-14 05:04:32,373 Train Loss: 0.0005672, Val Loss: 0.0007523
2025-01-14 05:04:32,373 Epoch 147/500
2025-01-14 05:06:59,984 Current Learning Rate: 0.0008014648
2025-01-14 05:07:00,040 Train Loss: 0.0005617, Val Loss: 0.0007369
2025-01-14 05:07:00,041 Epoch 148/500
2025-01-14 05:09:26,618 Current Learning Rate: 0.0007989525
2025-01-14 05:09:26,618 Train Loss: 0.0005641, Val Loss: 0.0007386
2025-01-14 05:09:26,619 Epoch 149/500
2025-01-14 05:11:52,432 Current Learning Rate: 0.0007964284
2025-01-14 05:11:52,432 Train Loss: 0.0005699, Val Loss: 0.0007491
2025-01-14 05:11:52,433 Epoch 150/500
2025-01-14 05:14:17,939 Current Learning Rate: 0.0007938926
2025-01-14 05:14:17,939 Train Loss: 0.0005580, Val Loss: 0.0007387
2025-01-14 05:14:17,940 Epoch 151/500
2025-01-14 05:16:44,103 Current Learning Rate: 0.0007913452
2025-01-14 05:16:44,152 Train Loss: 0.0005605, Val Loss: 0.0007348
2025-01-14 05:16:44,152 Epoch 152/500
2025-01-14 05:19:10,592 Current Learning Rate: 0.0007887864
2025-01-14 05:19:10,592 Train Loss: 0.0005584, Val Loss: 0.0007626
2025-01-14 05:19:10,592 Epoch 153/500
2025-01-14 05:21:38,047 Current Learning Rate: 0.0007862161
2025-01-14 05:21:38,047 Train Loss: 0.0005615, Val Loss: 0.0007428
2025-01-14 05:21:38,047 Epoch 154/500
2025-01-14 05:24:06,747 Current Learning Rate: 0.0007836345
2025-01-14 05:24:06,812 Train Loss: 0.0005534, Val Loss: 0.0007262
2025-01-14 05:24:06,812 Epoch 155/500
2025-01-14 05:26:35,956 Current Learning Rate: 0.0007810417
2025-01-14 05:26:35,957 Train Loss: 0.0005564, Val Loss: 0.0007391
2025-01-14 05:26:35,957 Epoch 156/500
2025-01-14 05:29:04,969 Current Learning Rate: 0.0007784378
2025-01-14 05:29:04,970 Train Loss: 0.0005527, Val Loss: 0.0007308
2025-01-14 05:29:04,970 Epoch 157/500
2025-01-14 05:31:33,062 Current Learning Rate: 0.0007758229
2025-01-14 05:31:33,063 Train Loss: 0.0005524, Val Loss: 0.0007690
2025-01-14 05:31:33,063 Epoch 158/500
2025-01-14 05:33:58,584 Current Learning Rate: 0.0007731972
2025-01-14 05:33:58,584 Train Loss: 0.0005492, Val Loss: 0.0007271
2025-01-14 05:33:58,585 Epoch 159/500
2025-01-14 05:36:24,118 Current Learning Rate: 0.0007705606
2025-01-14 05:36:24,119 Train Loss: 0.0005528, Val Loss: 0.0007415
2025-01-14 05:36:24,119 Epoch 160/500
2025-01-14 05:38:48,919 Current Learning Rate: 0.0007679134
2025-01-14 05:38:48,919 Train Loss: 0.0005500, Val Loss: 0.0007610
2025-01-14 05:38:48,920 Epoch 161/500
2025-01-14 05:41:14,418 Current Learning Rate: 0.0007652556
2025-01-14 05:41:14,465 Train Loss: 0.0005457, Val Loss: 0.0007252
2025-01-14 05:41:14,465 Epoch 162/500
2025-01-14 05:43:41,845 Current Learning Rate: 0.0007625873
2025-01-14 05:43:41,845 Train Loss: 0.0005452, Val Loss: 0.0007406
2025-01-14 05:43:41,845 Epoch 163/500
2025-01-14 05:46:10,778 Current Learning Rate: 0.0007599087
2025-01-14 05:46:10,778 Train Loss: 0.0005454, Val Loss: 0.0007413
2025-01-14 05:46:10,778 Epoch 164/500
2025-01-14 05:48:38,344 Current Learning Rate: 0.0007572198
2025-01-14 05:48:38,344 Train Loss: 0.0005463, Val Loss: 0.0007359
2025-01-14 05:48:38,344 Epoch 165/500
2025-01-14 05:51:06,238 Current Learning Rate: 0.0007545207
2025-01-14 05:51:06,239 Train Loss: 0.0005436, Val Loss: 0.0007338
2025-01-14 05:51:06,239 Epoch 166/500
2025-01-14 05:53:34,885 Current Learning Rate: 0.0007518116
2025-01-14 05:53:34,886 Train Loss: 0.0005421, Val Loss: 0.0007412
2025-01-14 05:53:34,886 Epoch 167/500
2025-01-14 05:56:03,211 Current Learning Rate: 0.0007490926
2025-01-14 05:56:03,269 Train Loss: 0.0005373, Val Loss: 0.0007242
2025-01-14 05:56:03,270 Epoch 168/500
2025-01-14 05:58:31,634 Current Learning Rate: 0.0007463637
2025-01-14 05:58:31,635 Train Loss: 0.0005404, Val Loss: 0.0007366
2025-01-14 05:58:31,635 Epoch 169/500
2025-01-14 06:00:59,523 Current Learning Rate: 0.0007436251
2025-01-14 06:00:59,527 Train Loss: 0.0005388, Val Loss: 0.0007322
2025-01-14 06:00:59,528 Epoch 170/500
2025-01-14 06:03:26,019 Current Learning Rate: 0.0007408768
2025-01-14 06:03:26,019 Train Loss: 0.0005392, Val Loss: 0.0007362
2025-01-14 06:03:26,019 Epoch 171/500
2025-01-14 06:05:52,922 Current Learning Rate: 0.0007381191
2025-01-14 06:05:52,970 Train Loss: 0.0005343, Val Loss: 0.0007238
2025-01-14 06:05:52,971 Epoch 172/500
2025-01-14 06:08:20,211 Current Learning Rate: 0.0007353520
2025-01-14 06:08:20,256 Train Loss: 0.0005339, Val Loss: 0.0007153
2025-01-14 06:08:20,257 Epoch 173/500
2025-01-14 06:10:47,298 Current Learning Rate: 0.0007325755
2025-01-14 06:10:47,299 Train Loss: 0.0005322, Val Loss: 0.0007202
2025-01-14 06:10:47,299 Epoch 174/500
2025-01-14 06:13:13,870 Current Learning Rate: 0.0007297899
2025-01-14 06:13:13,870 Train Loss: 0.0005337, Val Loss: 0.0007359
2025-01-14 06:13:13,871 Epoch 175/500
2025-01-14 06:15:40,673 Current Learning Rate: 0.0007269952
2025-01-14 06:15:40,673 Train Loss: 0.0005351, Val Loss: 0.0007430
2025-01-14 06:15:40,674 Epoch 176/500
2025-01-14 06:18:07,660 Current Learning Rate: 0.0007241916
2025-01-14 06:18:07,660 Train Loss: 0.0005299, Val Loss: 0.0007299
2025-01-14 06:18:07,661 Epoch 177/500
2025-01-14 06:20:35,109 Current Learning Rate: 0.0007213791
2025-01-14 06:20:35,109 Train Loss: 0.0005290, Val Loss: 0.0007338
2025-01-14 06:20:35,109 Epoch 178/500
2025-01-14 06:23:01,589 Current Learning Rate: 0.0007185579
2025-01-14 06:23:01,590 Train Loss: 0.0005273, Val Loss: 0.0007406
2025-01-14 06:23:01,590 Epoch 179/500
2025-01-14 06:25:29,134 Current Learning Rate: 0.0007157280
2025-01-14 06:25:29,135 Train Loss: 0.0005287, Val Loss: 0.0007217
2025-01-14 06:25:29,135 Epoch 180/500
2025-01-14 06:27:57,294 Current Learning Rate: 0.0007128896
2025-01-14 06:27:57,295 Train Loss: 0.0005249, Val Loss: 0.0007288
2025-01-14 06:27:57,295 Epoch 181/500
2025-01-14 06:30:23,721 Current Learning Rate: 0.0007100429
2025-01-14 06:30:23,723 Train Loss: 0.0005262, Val Loss: 0.0007376
2025-01-14 06:30:23,723 Epoch 182/500
2025-01-14 06:32:48,699 Current Learning Rate: 0.0007071878
2025-01-14 06:32:48,699 Train Loss: 0.0005230, Val Loss: 0.0007212
2025-01-14 06:32:48,699 Epoch 183/500
2025-01-14 06:35:13,763 Current Learning Rate: 0.0007043245
2025-01-14 06:35:13,763 Train Loss: 0.0005217, Val Loss: 0.0007167
2025-01-14 06:35:13,764 Epoch 184/500
2025-01-14 06:37:41,522 Current Learning Rate: 0.0007014532
2025-01-14 06:37:41,523 Train Loss: 0.0005228, Val Loss: 0.0007199
2025-01-14 06:37:41,523 Epoch 185/500
2025-01-14 06:40:07,550 Current Learning Rate: 0.0006985739
2025-01-14 06:40:07,551 Train Loss: 0.0005209, Val Loss: 0.0007307
2025-01-14 06:40:07,551 Epoch 186/500
2025-01-14 06:42:32,200 Current Learning Rate: 0.0006956868
2025-01-14 06:42:32,246 Train Loss: 0.0005206, Val Loss: 0.0007148
2025-01-14 06:42:32,246 Epoch 187/500
2025-01-14 06:44:56,958 Current Learning Rate: 0.0006927920
2025-01-14 06:44:56,958 Train Loss: 0.0005205, Val Loss: 0.0007293
2025-01-14 06:44:56,959 Epoch 188/500
2025-01-14 06:47:21,609 Current Learning Rate: 0.0006898895
2025-01-14 06:47:21,610 Train Loss: 0.0005166, Val Loss: 0.0007189
2025-01-14 06:47:21,610 Epoch 189/500
2025-01-14 06:49:46,120 Current Learning Rate: 0.0006869796
2025-01-14 06:49:46,121 Train Loss: 0.0005168, Val Loss: 0.0007148
2025-01-14 06:49:46,121 Epoch 190/500
2025-01-14 06:52:10,417 Current Learning Rate: 0.0006840623
2025-01-14 06:52:10,418 Train Loss: 0.0005159, Val Loss: 0.0007379
2025-01-14 06:52:10,418 Epoch 191/500
2025-01-14 06:54:34,612 Current Learning Rate: 0.0006811377
2025-01-14 06:54:34,661 Train Loss: 0.0005154, Val Loss: 0.0007133
2025-01-14 06:54:34,662 Epoch 192/500
2025-01-14 06:56:58,892 Current Learning Rate: 0.0006782059
2025-01-14 06:56:58,893 Train Loss: 0.0005144, Val Loss: 0.0007269
2025-01-14 06:56:58,893 Epoch 193/500
2025-01-14 06:59:23,124 Current Learning Rate: 0.0006752672
2025-01-14 06:59:23,124 Train Loss: 0.0005113, Val Loss: 0.0007158
2025-01-14 06:59:23,125 Epoch 194/500
2025-01-14 07:01:47,318 Current Learning Rate: 0.0006723215
2025-01-14 07:01:47,318 Train Loss: 0.0005146, Val Loss: 0.0007151
2025-01-14 07:01:47,319 Epoch 195/500
2025-01-14 07:04:11,707 Current Learning Rate: 0.0006693690
2025-01-14 07:04:11,707 Train Loss: 0.0005103, Val Loss: 0.0007306
2025-01-14 07:04:11,707 Epoch 196/500
2025-01-14 07:06:40,196 Current Learning Rate: 0.0006664098
2025-01-14 07:06:40,197 Train Loss: 0.0005111, Val Loss: 0.0007219
2025-01-14 07:06:40,197 Epoch 197/500
2025-01-14 07:09:08,694 Current Learning Rate: 0.0006634440
2025-01-14 07:09:08,695 Train Loss: 0.0005093, Val Loss: 0.0007171
2025-01-14 07:09:08,695 Epoch 198/500
2025-01-14 07:11:37,212 Current Learning Rate: 0.0006604718
2025-01-14 07:11:37,212 Train Loss: 0.0005095, Val Loss: 0.0007140
2025-01-14 07:11:37,212 Epoch 199/500
2025-01-14 07:14:02,642 Current Learning Rate: 0.0006574933
2025-01-14 07:14:02,642 Train Loss: 0.0005049, Val Loss: 0.0007137
2025-01-14 07:14:02,643 Epoch 200/500
2025-01-14 07:16:27,043 Current Learning Rate: 0.0006545085
2025-01-14 07:16:27,044 Train Loss: 0.0005075, Val Loss: 0.0007167
2025-01-14 07:16:27,044 Epoch 201/500
2025-01-14 07:18:52,640 Current Learning Rate: 0.0006515176
2025-01-14 07:18:52,641 Train Loss: 0.0005071, Val Loss: 0.0007156
2025-01-14 07:18:52,642 Epoch 202/500
2025-01-14 07:21:18,001 Current Learning Rate: 0.0006485208
2025-01-14 07:21:18,047 Train Loss: 0.0005043, Val Loss: 0.0007092
2025-01-14 07:21:18,047 Epoch 203/500
2025-01-14 07:23:42,383 Current Learning Rate: 0.0006455181
2025-01-14 07:23:42,434 Train Loss: 0.0005040, Val Loss: 0.0007009
2025-01-14 07:23:42,434 Epoch 204/500
2025-01-14 07:26:06,978 Current Learning Rate: 0.0006425096
2025-01-14 07:26:06,979 Train Loss: 0.0005013, Val Loss: 0.0007099
2025-01-14 07:26:06,979 Epoch 205/500
2025-01-14 07:28:31,671 Current Learning Rate: 0.0006394956
2025-01-14 07:28:31,671 Train Loss: 0.0005039, Val Loss: 0.0007145
2025-01-14 07:28:31,671 Epoch 206/500
2025-01-14 07:30:56,638 Current Learning Rate: 0.0006364760
2025-01-14 07:30:56,638 Train Loss: 0.0005006, Val Loss: 0.0007100
2025-01-14 07:30:56,639 Epoch 207/500
2025-01-14 07:33:22,497 Current Learning Rate: 0.0006334510
2025-01-14 07:33:22,498 Train Loss: 0.0005021, Val Loss: 0.0007148
2025-01-14 07:33:22,498 Epoch 208/500
2025-01-14 07:35:48,531 Current Learning Rate: 0.0006304208
2025-01-14 07:35:48,531 Train Loss: 0.0004981, Val Loss: 0.0007118
2025-01-14 07:35:48,531 Epoch 209/500
2025-01-14 07:38:17,042 Current Learning Rate: 0.0006273854
2025-01-14 07:38:17,043 Train Loss: 0.0004972, Val Loss: 0.0007028
2025-01-14 07:38:17,043 Epoch 210/500
2025-01-14 07:40:44,738 Current Learning Rate: 0.0006243449
2025-01-14 07:40:44,738 Train Loss: 0.0004993, Val Loss: 0.0007081
2025-01-14 07:40:44,739 Epoch 211/500
2025-01-14 07:43:12,551 Current Learning Rate: 0.0006212996
2025-01-14 07:43:12,552 Train Loss: 0.0004957, Val Loss: 0.0007046
2025-01-14 07:43:12,552 Epoch 212/500
2025-01-14 07:45:37,364 Current Learning Rate: 0.0006182495
2025-01-14 07:45:37,365 Train Loss: 0.0004975, Val Loss: 0.0007082
2025-01-14 07:45:37,365 Epoch 213/500
2025-01-14 07:48:01,442 Current Learning Rate: 0.0006151947
2025-01-14 07:48:01,442 Train Loss: 0.0004939, Val Loss: 0.0007151
2025-01-14 07:48:01,443 Epoch 214/500
2025-01-14 07:50:25,426 Current Learning Rate: 0.0006121354
2025-01-14 07:50:25,426 Train Loss: 0.0004939, Val Loss: 0.0007088
2025-01-14 07:50:25,426 Epoch 215/500
2025-01-14 07:52:49,976 Current Learning Rate: 0.0006090716
2025-01-14 07:52:49,977 Train Loss: 0.0004940, Val Loss: 0.0007158
2025-01-14 07:52:49,977 Epoch 216/500
2025-01-14 07:55:16,809 Current Learning Rate: 0.0006060036
2025-01-14 07:55:16,810 Train Loss: 0.0004914, Val Loss: 0.0007086
2025-01-14 07:55:16,810 Epoch 217/500
2025-01-14 07:57:43,888 Current Learning Rate: 0.0006029313
2025-01-14 07:57:43,889 Train Loss: 0.0004918, Val Loss: 0.0007028
2025-01-14 07:57:43,889 Epoch 218/500
2025-01-14 08:00:11,288 Current Learning Rate: 0.0005998550
2025-01-14 08:00:11,288 Train Loss: 0.0004884, Val Loss: 0.0007064
2025-01-14 08:00:11,289 Epoch 219/500
2025-01-14 08:02:38,424 Current Learning Rate: 0.0005967747
2025-01-14 08:02:38,425 Train Loss: 0.0004899, Val Loss: 0.0007066
2025-01-14 08:02:38,425 Epoch 220/500
2025-01-14 08:05:05,623 Current Learning Rate: 0.0005936907
2025-01-14 08:05:05,623 Train Loss: 0.0004880, Val Loss: 0.0007182
2025-01-14 08:05:05,624 Epoch 221/500
2025-01-14 08:07:30,646 Current Learning Rate: 0.0005906029
2025-01-14 08:07:30,647 Train Loss: 0.0004889, Val Loss: 0.0007064
2025-01-14 08:07:30,647 Epoch 222/500
2025-01-14 08:09:54,848 Current Learning Rate: 0.0005875115
2025-01-14 08:09:54,848 Train Loss: 0.0004886, Val Loss: 0.0007088
2025-01-14 08:09:54,849 Epoch 223/500
2025-01-14 08:12:19,423 Current Learning Rate: 0.0005844167
2025-01-14 08:12:19,423 Train Loss: 0.0004858, Val Loss: 0.0007044
2025-01-14 08:12:19,424 Epoch 224/500
2025-01-14 08:14:44,871 Current Learning Rate: 0.0005813186
2025-01-14 08:14:44,872 Train Loss: 0.0004835, Val Loss: 0.0007038
2025-01-14 08:14:44,872 Epoch 225/500
2025-01-14 08:17:13,030 Current Learning Rate: 0.0005782172
2025-01-14 08:17:13,031 Train Loss: 0.0004861, Val Loss: 0.0007052
2025-01-14 08:17:13,031 Epoch 226/500
2025-01-14 08:19:41,306 Current Learning Rate: 0.0005751128
2025-01-14 08:19:41,306 Train Loss: 0.0004861, Val Loss: 0.0007128
2025-01-14 08:19:41,307 Epoch 227/500
2025-01-14 08:22:09,207 Current Learning Rate: 0.0005720054
2025-01-14 08:22:09,208 Train Loss: 0.0004825, Val Loss: 0.0007097
2025-01-14 08:22:09,208 Epoch 228/500
2025-01-14 08:24:36,554 Current Learning Rate: 0.0005688951
2025-01-14 08:24:36,554 Train Loss: 0.0004863, Val Loss: 0.0007016
2025-01-14 08:24:36,555 Epoch 229/500
2025-01-14 08:27:01,880 Current Learning Rate: 0.0005657822
2025-01-14 08:27:01,881 Train Loss: 0.0004806, Val Loss: 0.0007013
2025-01-14 08:27:01,882 Epoch 230/500
2025-01-14 08:29:27,065 Current Learning Rate: 0.0005626666
2025-01-14 08:29:27,065 Train Loss: 0.0004804, Val Loss: 0.0007117
2025-01-14 08:29:27,066 Epoch 231/500
2025-01-14 08:31:53,511 Current Learning Rate: 0.0005595486
2025-01-14 08:31:53,555 Train Loss: 0.0004819, Val Loss: 0.0006972
2025-01-14 08:31:53,555 Epoch 232/500
2025-01-14 08:34:18,666 Current Learning Rate: 0.0005564282
2025-01-14 08:34:18,667 Train Loss: 0.0004787, Val Loss: 0.0007057
2025-01-14 08:34:18,667 Epoch 233/500
2025-01-14 08:36:42,819 Current Learning Rate: 0.0005533056
2025-01-14 08:36:42,819 Train Loss: 0.0004778, Val Loss: 0.0007027
2025-01-14 08:36:42,819 Epoch 234/500
2025-01-14 08:39:07,492 Current Learning Rate: 0.0005501809
2025-01-14 08:39:07,492 Train Loss: 0.0004780, Val Loss: 0.0007021
2025-01-14 08:39:07,492 Epoch 235/500
2025-01-14 08:41:31,613 Current Learning Rate: 0.0005470542
2025-01-14 08:41:31,614 Train Loss: 0.0004758, Val Loss: 0.0007049
2025-01-14 08:41:31,614 Epoch 236/500
2025-01-14 08:43:55,751 Current Learning Rate: 0.0005439256
2025-01-14 08:43:55,795 Train Loss: 0.0004763, Val Loss: 0.0006953
2025-01-14 08:43:55,795 Epoch 237/500
2025-01-14 08:46:19,869 Current Learning Rate: 0.0005407953
2025-01-14 08:46:19,870 Train Loss: 0.0004765, Val Loss: 0.0007070
2025-01-14 08:46:19,870 Epoch 238/500
2025-01-14 08:48:43,959 Current Learning Rate: 0.0005376634
2025-01-14 08:48:43,960 Train Loss: 0.0004753, Val Loss: 0.0006992
2025-01-14 08:48:43,960 Epoch 239/500
2025-01-14 08:51:08,136 Current Learning Rate: 0.0005345300
2025-01-14 08:51:08,182 Train Loss: 0.0004751, Val Loss: 0.0006943
2025-01-14 08:51:08,183 Epoch 240/500
2025-01-14 08:53:34,175 Current Learning Rate: 0.0005313953
2025-01-14 08:53:34,175 Train Loss: 0.0004739, Val Loss: 0.0006994
2025-01-14 08:53:34,175 Epoch 241/500
2025-01-14 08:55:58,787 Current Learning Rate: 0.0005282593
2025-01-14 08:55:58,787 Train Loss: 0.0004702, Val Loss: 0.0007056
2025-01-14 08:55:58,788 Epoch 242/500
2025-01-14 08:58:26,828 Current Learning Rate: 0.0005251222
2025-01-14 08:58:26,828 Train Loss: 0.0004735, Val Loss: 0.0007002
2025-01-14 08:58:26,829 Epoch 243/500
2025-01-14 09:00:53,574 Current Learning Rate: 0.0005219841
2025-01-14 09:00:53,575 Train Loss: 0.0004720, Val Loss: 0.0007107
2025-01-14 09:00:53,575 Epoch 244/500
2025-01-14 09:03:20,432 Current Learning Rate: 0.0005188451
2025-01-14 09:03:20,433 Train Loss: 0.0004697, Val Loss: 0.0007046
2025-01-14 09:03:20,433 Epoch 245/500
2025-01-14 09:05:46,609 Current Learning Rate: 0.0005157054
2025-01-14 09:05:46,610 Train Loss: 0.0004708, Val Loss: 0.0006976
2025-01-14 09:05:46,610 Epoch 246/500
2025-01-14 09:08:11,892 Current Learning Rate: 0.0005125650
2025-01-14 09:08:11,939 Train Loss: 0.0004678, Val Loss: 0.0006928
2025-01-14 09:08:11,939 Epoch 247/500
2025-01-14 09:10:39,257 Current Learning Rate: 0.0005094242
2025-01-14 09:10:39,258 Train Loss: 0.0004693, Val Loss: 0.0006986
2025-01-14 09:10:39,258 Epoch 248/500
2025-01-14 09:13:06,248 Current Learning Rate: 0.0005062830
2025-01-14 09:13:06,249 Train Loss: 0.0004682, Val Loss: 0.0006992
2025-01-14 09:13:06,249 Epoch 249/500
2025-01-14 09:15:33,092 Current Learning Rate: 0.0005031416
2025-01-14 09:15:33,093 Train Loss: 0.0004657, Val Loss: 0.0006965
2025-01-14 09:15:33,093 Epoch 250/500
2025-01-14 09:17:59,429 Current Learning Rate: 0.0005000000
2025-01-14 09:17:59,429 Train Loss: 0.0004666, Val Loss: 0.0006974
2025-01-14 09:17:59,430 Epoch 251/500
2025-01-14 09:20:24,531 Current Learning Rate: 0.0004968584
2025-01-14 09:20:24,532 Train Loss: 0.0004645, Val Loss: 0.0006953
2025-01-14 09:20:24,532 Epoch 252/500
2025-01-14 09:22:50,314 Current Learning Rate: 0.0004937170
2025-01-14 09:22:50,316 Train Loss: 0.0004661, Val Loss: 0.0006941
2025-01-14 09:22:50,316 Epoch 253/500
2025-01-14 09:25:15,665 Current Learning Rate: 0.0004905758
2025-01-14 09:25:15,665 Train Loss: 0.0004624, Val Loss: 0.0006995
2025-01-14 09:25:15,665 Epoch 254/500
2025-01-14 09:27:41,048 Current Learning Rate: 0.0004874350
2025-01-14 09:27:41,049 Train Loss: 0.0004653, Val Loss: 0.0006992
2025-01-14 09:27:41,049 Epoch 255/500
2025-01-14 09:30:06,652 Current Learning Rate: 0.0004842946
2025-01-14 09:30:06,653 Train Loss: 0.0004625, Val Loss: 0.0006976
2025-01-14 09:30:06,653 Epoch 256/500
2025-01-14 09:32:31,073 Current Learning Rate: 0.0004811549
2025-01-14 09:32:31,073 Train Loss: 0.0004612, Val Loss: 0.0006963
2025-01-14 09:32:31,074 Epoch 257/500
2025-01-14 09:34:55,888 Current Learning Rate: 0.0004780159
2025-01-14 09:34:55,888 Train Loss: 0.0004621, Val Loss: 0.0006989
2025-01-14 09:34:55,889 Epoch 258/500
2025-01-14 09:37:20,148 Current Learning Rate: 0.0004748778
2025-01-14 09:37:20,149 Train Loss: 0.0004613, Val Loss: 0.0006988
2025-01-14 09:37:20,149 Epoch 259/500
2025-01-14 09:39:46,055 Current Learning Rate: 0.0004717407
2025-01-14 09:39:46,055 Train Loss: 0.0004597, Val Loss: 0.0006935
2025-01-14 09:39:46,056 Epoch 260/500
2025-01-14 09:42:13,055 Current Learning Rate: 0.0004686047
2025-01-14 09:42:13,102 Train Loss: 0.0004606, Val Loss: 0.0006899
2025-01-14 09:42:13,103 Epoch 261/500
2025-01-14 09:44:38,525 Current Learning Rate: 0.0004654700
2025-01-14 09:44:38,526 Train Loss: 0.0004588, Val Loss: 0.0006948
2025-01-14 09:44:38,526 Epoch 262/500
2025-01-14 09:47:05,860 Current Learning Rate: 0.0004623366
2025-01-14 09:47:05,860 Train Loss: 0.0004578, Val Loss: 0.0006935
2025-01-14 09:47:05,861 Epoch 263/500
2025-01-14 09:49:31,139 Current Learning Rate: 0.0004592047
2025-01-14 09:49:31,139 Train Loss: 0.0004577, Val Loss: 0.0006976
2025-01-14 09:49:31,140 Epoch 264/500
2025-01-14 09:51:59,340 Current Learning Rate: 0.0004560744
2025-01-14 09:51:59,340 Train Loss: 0.0004571, Val Loss: 0.0007020
2025-01-14 09:51:59,340 Epoch 265/500
2025-01-14 09:54:27,586 Current Learning Rate: 0.0004529458
2025-01-14 09:54:27,586 Train Loss: 0.0004563, Val Loss: 0.0006947
2025-01-14 09:54:27,586 Epoch 266/500
2025-01-14 09:56:55,885 Current Learning Rate: 0.0004498191
2025-01-14 09:56:55,944 Train Loss: 0.0004549, Val Loss: 0.0006888
2025-01-14 09:56:55,944 Epoch 267/500
2025-01-14 09:59:23,061 Current Learning Rate: 0.0004466944
2025-01-14 09:59:23,062 Train Loss: 0.0004540, Val Loss: 0.0006968
2025-01-14 09:59:23,062 Epoch 268/500
2025-01-14 10:01:48,074 Current Learning Rate: 0.0004435718
2025-01-14 10:01:48,075 Train Loss: 0.0004546, Val Loss: 0.0006952
2025-01-14 10:01:48,075 Epoch 269/500
2025-01-14 10:04:12,970 Current Learning Rate: 0.0004404514
2025-01-14 10:04:12,971 Train Loss: 0.0004530, Val Loss: 0.0006935
2025-01-14 10:04:12,971 Epoch 270/500
2025-01-14 10:06:39,032 Current Learning Rate: 0.0004373334
2025-01-14 10:06:39,032 Train Loss: 0.0004523, Val Loss: 0.0006914
2025-01-14 10:06:39,032 Epoch 271/500
2025-01-14 10:09:03,862 Current Learning Rate: 0.0004342178
2025-01-14 10:09:03,863 Train Loss: 0.0004523, Val Loss: 0.0006926
2025-01-14 10:09:03,863 Epoch 272/500
2025-01-14 10:11:28,313 Current Learning Rate: 0.0004311049
2025-01-14 10:11:28,314 Train Loss: 0.0004534, Val Loss: 0.0006953
2025-01-14 10:11:28,314 Epoch 273/500
2025-01-14 10:13:52,576 Current Learning Rate: 0.0004279946
2025-01-14 10:13:52,576 Train Loss: 0.0004509, Val Loss: 0.0006940
2025-01-14 10:13:52,577 Epoch 274/500
2025-01-14 10:16:16,854 Current Learning Rate: 0.0004248872
2025-01-14 10:16:16,855 Train Loss: 0.0004497, Val Loss: 0.0006978
2025-01-14 10:16:16,855 Epoch 275/500
2025-01-14 10:18:41,068 Current Learning Rate: 0.0004217828
2025-01-14 10:18:41,068 Train Loss: 0.0004506, Val Loss: 0.0006954
2025-01-14 10:18:41,069 Epoch 276/500
2025-01-14 10:21:05,292 Current Learning Rate: 0.0004186814
2025-01-14 10:21:05,293 Train Loss: 0.0004493, Val Loss: 0.0006968
2025-01-14 10:21:05,293 Epoch 277/500
2025-01-14 10:23:29,944 Current Learning Rate: 0.0004155833
2025-01-14 10:23:29,945 Train Loss: 0.0004491, Val Loss: 0.0006922
2025-01-14 10:23:29,945 Epoch 278/500
2025-01-14 10:25:54,249 Current Learning Rate: 0.0004124885
2025-01-14 10:25:54,249 Train Loss: 0.0004475, Val Loss: 0.0006905
2025-01-14 10:25:54,249 Epoch 279/500
2025-01-14 10:28:18,667 Current Learning Rate: 0.0004093971
2025-01-14 10:28:18,668 Train Loss: 0.0004469, Val Loss: 0.0006949
2025-01-14 10:28:18,668 Epoch 280/500
2025-01-14 10:30:43,199 Current Learning Rate: 0.0004063093
2025-01-14 10:30:43,200 Train Loss: 0.0004479, Val Loss: 0.0007056
2025-01-14 10:30:43,200 Epoch 281/500
2025-01-14 10:33:07,825 Current Learning Rate: 0.0004032253
2025-01-14 10:33:07,874 Train Loss: 0.0004460, Val Loss: 0.0006882
2025-01-14 10:33:07,875 Epoch 282/500
2025-01-14 10:35:32,885 Current Learning Rate: 0.0004001450
2025-01-14 10:35:32,886 Train Loss: 0.0004450, Val Loss: 0.0006903
2025-01-14 10:35:32,886 Epoch 283/500
2025-01-14 10:37:57,437 Current Learning Rate: 0.0003970687
2025-01-14 10:37:57,483 Train Loss: 0.0004471, Val Loss: 0.0006876
2025-01-14 10:37:57,484 Epoch 284/500
2025-01-14 10:40:23,459 Current Learning Rate: 0.0003939964
2025-01-14 10:40:23,460 Train Loss: 0.0004434, Val Loss: 0.0006929
2025-01-14 10:40:23,460 Epoch 285/500
2025-01-14 10:42:51,785 Current Learning Rate: 0.0003909284
2025-01-14 10:42:51,786 Train Loss: 0.0004444, Val Loss: 0.0006958
2025-01-14 10:42:51,786 Epoch 286/500
2025-01-14 10:45:19,314 Current Learning Rate: 0.0003878646
2025-01-14 10:45:19,314 Train Loss: 0.0004438, Val Loss: 0.0006913
2025-01-14 10:45:19,315 Epoch 287/500
2025-01-14 10:47:46,532 Current Learning Rate: 0.0003848053
2025-01-14 10:47:46,532 Train Loss: 0.0004420, Val Loss: 0.0006912
2025-01-14 10:47:46,533 Epoch 288/500
2025-01-14 10:50:13,388 Current Learning Rate: 0.0003817505
2025-01-14 10:50:13,388 Train Loss: 0.0004421, Val Loss: 0.0006905
2025-01-14 10:50:13,388 Epoch 289/500
2025-01-14 10:52:39,127 Current Learning Rate: 0.0003787004
2025-01-14 10:52:39,127 Train Loss: 0.0004421, Val Loss: 0.0006931
2025-01-14 10:52:39,127 Epoch 290/500
2025-01-14 10:55:04,049 Current Learning Rate: 0.0003756551
2025-01-14 10:55:04,099 Train Loss: 0.0004415, Val Loss: 0.0006870
2025-01-14 10:55:04,099 Epoch 291/500
2025-01-14 10:57:30,853 Current Learning Rate: 0.0003726146
2025-01-14 10:57:30,901 Train Loss: 0.0004410, Val Loss: 0.0006828
2025-01-14 10:57:30,902 Epoch 292/500
2025-01-14 10:59:55,575 Current Learning Rate: 0.0003695792
2025-01-14 10:59:55,575 Train Loss: 0.0004406, Val Loss: 0.0006849
2025-01-14 10:59:55,576 Epoch 293/500
2025-01-14 11:02:20,666 Current Learning Rate: 0.0003665490
2025-01-14 11:02:20,666 Train Loss: 0.0004389, Val Loss: 0.0006861
2025-01-14 11:02:20,666 Epoch 294/500
2025-01-14 11:04:46,251 Current Learning Rate: 0.0003635240
2025-01-14 11:04:46,251 Train Loss: 0.0004387, Val Loss: 0.0006885
2025-01-14 11:04:46,251 Epoch 295/500
2025-01-14 11:07:10,843 Current Learning Rate: 0.0003605044
2025-01-14 11:07:10,844 Train Loss: 0.0004387, Val Loss: 0.0006872
2025-01-14 11:07:10,844 Epoch 296/500
2025-01-14 11:09:35,944 Current Learning Rate: 0.0003574904
2025-01-14 11:09:35,944 Train Loss: 0.0004379, Val Loss: 0.0006868
2025-01-14 11:09:35,945 Epoch 297/500
2025-01-14 11:12:02,076 Current Learning Rate: 0.0003544819
2025-01-14 11:12:02,077 Train Loss: 0.0004373, Val Loss: 0.0006964
2025-01-14 11:12:02,077 Epoch 298/500
2025-01-14 11:14:30,129 Current Learning Rate: 0.0003514792
2025-01-14 11:14:30,130 Train Loss: 0.0004367, Val Loss: 0.0006907
2025-01-14 11:14:30,130 Epoch 299/500
2025-01-14 11:16:56,163 Current Learning Rate: 0.0003484824
2025-01-14 11:16:56,164 Train Loss: 0.0004366, Val Loss: 0.0006868
2025-01-14 11:16:56,164 Epoch 300/500
2025-01-14 11:19:23,756 Current Learning Rate: 0.0003454915
2025-01-14 11:19:23,757 Train Loss: 0.0004366, Val Loss: 0.0006887
2025-01-14 11:19:23,757 Epoch 301/500
2025-01-14 11:21:50,467 Current Learning Rate: 0.0003425067
2025-01-14 11:21:50,468 Train Loss: 0.0004348, Val Loss: 0.0006881
2025-01-14 11:21:50,468 Epoch 302/500
2025-01-14 11:24:18,383 Current Learning Rate: 0.0003395282
2025-01-14 11:24:18,383 Train Loss: 0.0004346, Val Loss: 0.0006893
2025-01-14 11:24:18,384 Epoch 303/500
2025-01-14 11:26:45,925 Current Learning Rate: 0.0003365560
2025-01-14 11:26:45,925 Train Loss: 0.0004339, Val Loss: 0.0006893
2025-01-14 11:26:45,926 Epoch 304/500
2025-01-14 11:29:11,550 Current Learning Rate: 0.0003335902
2025-01-14 11:29:11,551 Train Loss: 0.0004340, Val Loss: 0.0006873
2025-01-14 11:29:11,551 Epoch 305/500
2025-01-14 11:31:36,754 Current Learning Rate: 0.0003306310
2025-01-14 11:31:36,754 Train Loss: 0.0004339, Val Loss: 0.0006890
2025-01-14 11:31:36,754 Epoch 306/500
2025-01-14 11:34:02,901 Current Learning Rate: 0.0003276785
2025-01-14 11:34:02,901 Train Loss: 0.0004326, Val Loss: 0.0006858
2025-01-14 11:34:02,902 Epoch 307/500
2025-01-14 11:36:29,485 Current Learning Rate: 0.0003247328
2025-01-14 11:36:29,486 Train Loss: 0.0004316, Val Loss: 0.0006868
2025-01-14 11:36:29,486 Epoch 308/500
2025-01-14 11:38:56,325 Current Learning Rate: 0.0003217941
2025-01-14 11:38:56,326 Train Loss: 0.0004321, Val Loss: 0.0006927
2025-01-14 11:38:56,326 Epoch 309/500
2025-01-14 11:41:21,481 Current Learning Rate: 0.0003188623
2025-01-14 11:41:21,481 Train Loss: 0.0004315, Val Loss: 0.0006869
2025-01-14 11:41:21,482 Epoch 310/500
2025-01-14 11:43:46,861 Current Learning Rate: 0.0003159377
2025-01-14 11:43:46,861 Train Loss: 0.0004308, Val Loss: 0.0006861
2025-01-14 11:43:46,861 Epoch 311/500
2025-01-14 11:46:11,453 Current Learning Rate: 0.0003130204
2025-01-14 11:46:11,453 Train Loss: 0.0004307, Val Loss: 0.0006893
2025-01-14 11:46:11,454 Epoch 312/500
2025-01-14 11:48:37,679 Current Learning Rate: 0.0003101105
2025-01-14 11:48:37,679 Train Loss: 0.0004295, Val Loss: 0.0006861
2025-01-14 11:48:37,680 Epoch 313/500
2025-01-14 11:51:03,612 Current Learning Rate: 0.0003072080
2025-01-14 11:51:03,612 Train Loss: 0.0004294, Val Loss: 0.0006856
2025-01-14 11:51:03,612 Epoch 314/500
2025-01-14 11:53:28,507 Current Learning Rate: 0.0003043132
2025-01-14 11:53:28,508 Train Loss: 0.0004279, Val Loss: 0.0006865
2025-01-14 11:53:28,508 Epoch 315/500
2025-01-14 11:55:53,035 Current Learning Rate: 0.0003014261
2025-01-14 11:55:53,035 Train Loss: 0.0004287, Val Loss: 0.0006889
2025-01-14 11:55:53,035 Epoch 316/500
2025-01-14 11:58:17,170 Current Learning Rate: 0.0002985468
2025-01-14 11:58:17,170 Train Loss: 0.0004278, Val Loss: 0.0006836
2025-01-14 11:58:17,171 Epoch 317/500
2025-01-14 12:00:42,207 Current Learning Rate: 0.0002956755
2025-01-14 12:00:42,207 Train Loss: 0.0004272, Val Loss: 0.0006866
2025-01-14 12:00:42,207 Epoch 318/500
2025-01-14 12:03:07,884 Current Learning Rate: 0.0002928122
2025-01-14 12:03:07,884 Train Loss: 0.0004275, Val Loss: 0.0006879
2025-01-14 12:03:07,884 Epoch 319/500
2025-01-14 12:05:32,002 Current Learning Rate: 0.0002899571
2025-01-14 12:05:32,002 Train Loss: 0.0004263, Val Loss: 0.0006863
2025-01-14 12:05:32,003 Epoch 320/500
2025-01-14 12:07:56,482 Current Learning Rate: 0.0002871104
2025-01-14 12:07:56,483 Train Loss: 0.0004261, Val Loss: 0.0006884
2025-01-14 12:07:56,483 Epoch 321/500
2025-01-14 12:10:22,299 Current Learning Rate: 0.0002842720
2025-01-14 12:10:22,299 Train Loss: 0.0004253, Val Loss: 0.0006840
2025-01-14 12:10:22,300 Epoch 322/500
2025-01-14 12:12:48,074 Current Learning Rate: 0.0002814421
2025-01-14 12:12:48,075 Train Loss: 0.0004254, Val Loss: 0.0006831
2025-01-14 12:12:48,075 Epoch 323/500
2025-01-14 12:15:14,093 Current Learning Rate: 0.0002786209
2025-01-14 12:15:14,093 Train Loss: 0.0004247, Val Loss: 0.0006882
2025-01-14 12:15:14,094 Epoch 324/500
2025-01-14 12:17:40,670 Current Learning Rate: 0.0002758084
2025-01-14 12:17:40,671 Train Loss: 0.0004242, Val Loss: 0.0006832
2025-01-14 12:17:40,671 Epoch 325/500
2025-01-14 12:20:06,909 Current Learning Rate: 0.0002730048
2025-01-14 12:20:06,911 Train Loss: 0.0004240, Val Loss: 0.0006875
2025-01-14 12:20:06,912 Epoch 326/500
2025-01-14 12:22:33,506 Current Learning Rate: 0.0002702101
2025-01-14 12:22:33,506 Train Loss: 0.0004230, Val Loss: 0.0006848
2025-01-14 12:22:33,507 Epoch 327/500
2025-01-14 12:24:58,911 Current Learning Rate: 0.0002674245
2025-01-14 12:24:58,911 Train Loss: 0.0004223, Val Loss: 0.0006839
2025-01-14 12:24:58,912 Epoch 328/500
2025-01-14 12:27:25,310 Current Learning Rate: 0.0002646480
2025-01-14 12:27:25,311 Train Loss: 0.0004228, Val Loss: 0.0006846
2025-01-14 12:27:25,311 Epoch 329/500
2025-01-14 12:29:50,965 Current Learning Rate: 0.0002618809
2025-01-14 12:29:50,966 Train Loss: 0.0004222, Val Loss: 0.0006916
2025-01-14 12:29:50,966 Epoch 330/500
2025-01-14 12:32:16,471 Current Learning Rate: 0.0002591232
2025-01-14 12:32:16,472 Train Loss: 0.0004215, Val Loss: 0.0006862
2025-01-14 12:32:16,472 Epoch 331/500
2025-01-14 12:34:42,222 Current Learning Rate: 0.0002563749
2025-01-14 12:34:42,222 Train Loss: 0.0004211, Val Loss: 0.0006880
2025-01-14 12:34:42,222 Epoch 332/500
2025-01-14 12:37:09,865 Current Learning Rate: 0.0002536363
2025-01-14 12:37:09,866 Train Loss: 0.0004207, Val Loss: 0.0006871
2025-01-14 12:37:09,866 Epoch 333/500
2025-01-14 12:39:38,042 Current Learning Rate: 0.0002509074
2025-01-14 12:39:38,043 Train Loss: 0.0004206, Val Loss: 0.0006844
2025-01-14 12:39:38,043 Epoch 334/500
2025-01-14 12:42:05,854 Current Learning Rate: 0.0002481884
2025-01-14 12:42:05,854 Train Loss: 0.0004199, Val Loss: 0.0006900
2025-01-14 12:42:05,855 Epoch 335/500
2025-01-14 12:44:34,104 Current Learning Rate: 0.0002454793
2025-01-14 12:44:34,104 Train Loss: 0.0004193, Val Loss: 0.0006846
2025-01-14 12:44:34,104 Epoch 336/500
2025-01-14 12:47:00,619 Current Learning Rate: 0.0002427802
2025-01-14 12:47:00,620 Train Loss: 0.0004188, Val Loss: 0.0006848
2025-01-14 12:47:00,620 Epoch 337/500
2025-01-14 12:49:25,864 Current Learning Rate: 0.0002400913
2025-01-14 12:49:25,865 Train Loss: 0.0004191, Val Loss: 0.0006851
2025-01-14 12:49:25,865 Epoch 338/500
2025-01-14 12:51:50,315 Current Learning Rate: 0.0002374127
2025-01-14 12:51:50,315 Train Loss: 0.0004183, Val Loss: 0.0006884
2025-01-14 12:51:50,316 Epoch 339/500
2025-01-14 12:54:15,403 Current Learning Rate: 0.0002347444
2025-01-14 12:54:15,404 Train Loss: 0.0004175, Val Loss: 0.0006874
2025-01-14 12:54:15,404 Epoch 340/500
2025-01-14 12:56:40,972 Current Learning Rate: 0.0002320866
2025-01-14 12:56:40,973 Train Loss: 0.0004172, Val Loss: 0.0006871
2025-01-14 12:56:40,973 Epoch 341/500
2025-01-14 12:59:06,566 Current Learning Rate: 0.0002294394
2025-01-14 12:59:06,567 Train Loss: 0.0004170, Val Loss: 0.0006840
2025-01-14 12:59:06,567 Epoch 342/500
2025-01-14 13:01:31,377 Current Learning Rate: 0.0002268028
2025-01-14 13:01:31,377 Train Loss: 0.0004168, Val Loss: 0.0006847
2025-01-14 13:01:31,378 Epoch 343/500
2025-01-14 13:03:56,265 Current Learning Rate: 0.0002241771
2025-01-14 13:03:56,266 Train Loss: 0.0004166, Val Loss: 0.0006864
2025-01-14 13:03:56,266 Epoch 344/500
2025-01-14 13:06:21,173 Current Learning Rate: 0.0002215622
2025-01-14 13:06:21,173 Train Loss: 0.0004158, Val Loss: 0.0006856
2025-01-14 13:06:21,174 Epoch 345/500
2025-01-14 13:08:45,777 Current Learning Rate: 0.0002189583
2025-01-14 13:08:45,778 Train Loss: 0.0004152, Val Loss: 0.0006856
2025-01-14 13:08:45,778 Epoch 346/500
2025-01-14 13:11:10,256 Current Learning Rate: 0.0002163655
2025-01-14 13:11:10,256 Train Loss: 0.0004152, Val Loss: 0.0006852
2025-01-14 13:11:10,256 Epoch 347/500
2025-01-14 13:13:34,698 Current Learning Rate: 0.0002137839
2025-01-14 13:13:34,698 Train Loss: 0.0004150, Val Loss: 0.0006839
2025-01-14 13:13:34,699 Epoch 348/500
2025-01-14 13:15:58,953 Current Learning Rate: 0.0002112136
2025-01-14 13:15:58,953 Train Loss: 0.0004146, Val Loss: 0.0006831
2025-01-14 13:15:58,954 Epoch 349/500
2025-01-14 13:18:23,008 Current Learning Rate: 0.0002086548
2025-01-14 13:18:23,009 Train Loss: 0.0004137, Val Loss: 0.0006861
2025-01-14 13:18:23,009 Epoch 350/500
2025-01-14 13:20:47,159 Current Learning Rate: 0.0002061074
2025-01-14 13:20:47,159 Train Loss: 0.0004135, Val Loss: 0.0006834
2025-01-14 13:20:47,159 Epoch 351/500
2025-01-14 13:23:11,520 Current Learning Rate: 0.0002035716
2025-01-14 13:23:11,521 Train Loss: 0.0004134, Val Loss: 0.0006855
2025-01-14 13:23:11,521 Epoch 352/500
2025-01-14 13:25:35,637 Current Learning Rate: 0.0002010475
2025-01-14 13:25:35,638 Train Loss: 0.0004130, Val Loss: 0.0006845
2025-01-14 13:25:35,638 Epoch 353/500
2025-01-14 13:27:59,914 Current Learning Rate: 0.0001985352
2025-01-14 13:27:59,914 Train Loss: 0.0004125, Val Loss: 0.0006833
2025-01-14 13:27:59,915 Epoch 354/500
2025-01-14 13:30:24,105 Current Learning Rate: 0.0001960349
2025-01-14 13:30:24,106 Train Loss: 0.0004118, Val Loss: 0.0006835
2025-01-14 13:30:24,106 Epoch 355/500
2025-01-14 13:32:48,204 Current Learning Rate: 0.0001935465
2025-01-14 13:32:48,205 Train Loss: 0.0004122, Val Loss: 0.0006836
2025-01-14 13:32:48,205 Epoch 356/500
2025-01-14 13:35:12,321 Current Learning Rate: 0.0001910702
2025-01-14 13:35:12,322 Train Loss: 0.0004115, Val Loss: 0.0006868
2025-01-14 13:35:12,322 Epoch 357/500
2025-01-14 13:37:39,472 Current Learning Rate: 0.0001886061
2025-01-14 13:37:39,472 Train Loss: 0.0004110, Val Loss: 0.0006838
2025-01-14 13:37:39,473 Epoch 358/500
2025-01-14 13:40:06,874 Current Learning Rate: 0.0001861543
2025-01-14 13:40:06,875 Train Loss: 0.0004107, Val Loss: 0.0006841
2025-01-14 13:40:06,875 Epoch 359/500
2025-01-14 13:42:32,841 Current Learning Rate: 0.0001837149
2025-01-14 13:42:32,888 Train Loss: 0.0004109, Val Loss: 0.0006823
2025-01-14 13:42:32,888 Epoch 360/500
2025-01-14 13:44:58,136 Current Learning Rate: 0.0001812880
2025-01-14 13:44:58,137 Train Loss: 0.0004100, Val Loss: 0.0006823
2025-01-14 13:44:58,137 Epoch 361/500
2025-01-14 13:47:22,910 Current Learning Rate: 0.0001788737
2025-01-14 13:47:22,910 Train Loss: 0.0004099, Val Loss: 0.0006863
2025-01-14 13:47:22,910 Epoch 362/500
2025-01-14 13:49:47,650 Current Learning Rate: 0.0001764720
2025-01-14 13:49:47,650 Train Loss: 0.0004096, Val Loss: 0.0006826
2025-01-14 13:49:47,651 Epoch 363/500
2025-01-14 13:52:12,453 Current Learning Rate: 0.0001740831
2025-01-14 13:52:12,454 Train Loss: 0.0004094, Val Loss: 0.0006833
2025-01-14 13:52:12,454 Epoch 364/500
2025-01-14 13:54:37,071 Current Learning Rate: 0.0001717071
2025-01-14 13:54:37,072 Train Loss: 0.0004086, Val Loss: 0.0006829
2025-01-14 13:54:37,072 Epoch 365/500
2025-01-14 13:57:01,832 Current Learning Rate: 0.0001693441
2025-01-14 13:57:01,832 Train Loss: 0.0004084, Val Loss: 0.0006844
2025-01-14 13:57:01,833 Epoch 366/500
2025-01-14 13:59:26,799 Current Learning Rate: 0.0001669941
2025-01-14 13:59:26,800 Train Loss: 0.0004083, Val Loss: 0.0006843
2025-01-14 13:59:26,800 Epoch 367/500
2025-01-14 14:01:53,564 Current Learning Rate: 0.0001646572
2025-01-14 14:01:53,615 Train Loss: 0.0004077, Val Loss: 0.0006816
2025-01-14 14:01:53,616 Epoch 368/500
2025-01-14 14:04:22,056 Current Learning Rate: 0.0001623336
2025-01-14 14:04:22,057 Train Loss: 0.0004076, Val Loss: 0.0006840
2025-01-14 14:04:22,057 Epoch 369/500
2025-01-14 14:06:49,685 Current Learning Rate: 0.0001600233
2025-01-14 14:06:49,686 Train Loss: 0.0004073, Val Loss: 0.0006873
2025-01-14 14:06:49,686 Epoch 370/500
2025-01-14 14:09:17,428 Current Learning Rate: 0.0001577264
2025-01-14 14:09:17,428 Train Loss: 0.0004068, Val Loss: 0.0006853
2025-01-14 14:09:17,429 Epoch 371/500
2025-01-14 14:11:45,312 Current Learning Rate: 0.0001554431
2025-01-14 14:11:45,312 Train Loss: 0.0004065, Val Loss: 0.0006856
2025-01-14 14:11:45,313 Epoch 372/500
2025-01-14 14:14:12,211 Current Learning Rate: 0.0001531733
2025-01-14 14:14:12,211 Train Loss: 0.0004063, Val Loss: 0.0006820
2025-01-14 14:14:12,211 Epoch 373/500
2025-01-14 14:16:38,505 Current Learning Rate: 0.0001509173
2025-01-14 14:16:38,550 Train Loss: 0.0004062, Val Loss: 0.0006814
2025-01-14 14:16:38,551 Epoch 374/500
2025-01-14 14:19:06,032 Current Learning Rate: 0.0001486750
2025-01-14 14:19:06,033 Train Loss: 0.0004059, Val Loss: 0.0006834
2025-01-14 14:19:06,033 Epoch 375/500
2025-01-14 14:21:33,371 Current Learning Rate: 0.0001464466
2025-01-14 14:21:33,416 Train Loss: 0.0004054, Val Loss: 0.0006813
2025-01-14 14:21:33,417 Epoch 376/500
2025-01-14 14:24:00,593 Current Learning Rate: 0.0001442322
2025-01-14 14:24:00,594 Train Loss: 0.0004049, Val Loss: 0.0006822
2025-01-14 14:24:00,594 Epoch 377/500
2025-01-14 14:26:27,717 Current Learning Rate: 0.0001420318
2025-01-14 14:26:27,717 Train Loss: 0.0004050, Val Loss: 0.0006833
2025-01-14 14:26:27,717 Epoch 378/500
2025-01-14 14:28:53,550 Current Learning Rate: 0.0001398455
2025-01-14 14:28:53,551 Train Loss: 0.0004045, Val Loss: 0.0006846
2025-01-14 14:28:53,551 Epoch 379/500
2025-01-14 14:31:20,512 Current Learning Rate: 0.0001376734
2025-01-14 14:31:20,512 Train Loss: 0.0004042, Val Loss: 0.0006814
2025-01-14 14:31:20,512 Epoch 380/500
2025-01-14 14:33:47,011 Current Learning Rate: 0.0001355157
2025-01-14 14:33:47,011 Train Loss: 0.0004039, Val Loss: 0.0006837
2025-01-14 14:33:47,012 Epoch 381/500
2025-01-14 14:36:11,508 Current Learning Rate: 0.0001333723
2025-01-14 14:36:11,508 Train Loss: 0.0004040, Val Loss: 0.0006842
2025-01-14 14:36:11,508 Epoch 382/500
2025-01-14 14:38:38,638 Current Learning Rate: 0.0001312434
2025-01-14 14:38:38,639 Train Loss: 0.0004035, Val Loss: 0.0006865
2025-01-14 14:38:38,644 Epoch 383/500
2025-01-14 14:41:06,333 Current Learning Rate: 0.0001291291
2025-01-14 14:41:06,333 Train Loss: 0.0004031, Val Loss: 0.0006828
2025-01-14 14:41:06,334 Epoch 384/500
2025-01-14 14:43:33,768 Current Learning Rate: 0.0001270294
2025-01-14 14:43:33,769 Train Loss: 0.0004028, Val Loss: 0.0006828
2025-01-14 14:43:33,769 Epoch 385/500
2025-01-14 14:46:00,851 Current Learning Rate: 0.0001249445
2025-01-14 14:46:00,851 Train Loss: 0.0004026, Val Loss: 0.0006848
2025-01-14 14:46:00,851 Epoch 386/500
2025-01-14 14:48:28,922 Current Learning Rate: 0.0001228743
2025-01-14 14:48:28,923 Train Loss: 0.0004024, Val Loss: 0.0006837
2025-01-14 14:48:28,923 Epoch 387/500
2025-01-14 14:50:55,404 Current Learning Rate: 0.0001208190
2025-01-14 14:50:55,405 Train Loss: 0.0004021, Val Loss: 0.0006836
2025-01-14 14:50:55,405 Epoch 388/500
2025-01-14 14:53:20,429 Current Learning Rate: 0.0001187787
2025-01-14 14:53:20,429 Train Loss: 0.0004019, Val Loss: 0.0006866
2025-01-14 14:53:20,429 Epoch 389/500
2025-01-14 14:55:44,965 Current Learning Rate: 0.0001167535
2025-01-14 14:55:44,965 Train Loss: 0.0004017, Val Loss: 0.0006832
2025-01-14 14:55:44,966 Epoch 390/500
2025-01-14 14:58:09,637 Current Learning Rate: 0.0001147434
2025-01-14 14:58:09,689 Train Loss: 0.0004013, Val Loss: 0.0006807
2025-01-14 14:58:09,689 Epoch 391/500
2025-01-14 15:00:36,353 Current Learning Rate: 0.0001127485
2025-01-14 15:00:36,354 Train Loss: 0.0004012, Val Loss: 0.0006837
2025-01-14 15:00:36,354 Epoch 392/500
2025-01-14 15:03:04,555 Current Learning Rate: 0.0001107688
2025-01-14 15:03:04,556 Train Loss: 0.0004010, Val Loss: 0.0006825
2025-01-14 15:03:04,556 Epoch 393/500
2025-01-14 15:05:33,358 Current Learning Rate: 0.0001088046
2025-01-14 15:05:33,359 Train Loss: 0.0004005, Val Loss: 0.0006812
2025-01-14 15:05:33,359 Epoch 394/500
2025-01-14 15:08:00,411 Current Learning Rate: 0.0001068558
2025-01-14 15:08:00,411 Train Loss: 0.0004005, Val Loss: 0.0006841
2025-01-14 15:08:00,411 Epoch 395/500
2025-01-14 15:10:25,046 Current Learning Rate: 0.0001049225
2025-01-14 15:10:25,047 Train Loss: 0.0004003, Val Loss: 0.0006812
2025-01-14 15:10:25,047 Epoch 396/500
2025-01-14 15:12:49,949 Current Learning Rate: 0.0001030048
2025-01-14 15:12:49,950 Train Loss: 0.0003999, Val Loss: 0.0006822
2025-01-14 15:12:49,950 Epoch 397/500
2025-01-14 15:15:14,606 Current Learning Rate: 0.0001011028
2025-01-14 15:15:14,607 Train Loss: 0.0003997, Val Loss: 0.0006820
2025-01-14 15:15:14,607 Epoch 398/500
2025-01-14 15:17:39,809 Current Learning Rate: 0.0000992165
2025-01-14 15:17:39,810 Train Loss: 0.0003995, Val Loss: 0.0006846
2025-01-14 15:17:39,810 Epoch 399/500
2025-01-14 15:20:04,469 Current Learning Rate: 0.0000973461
2025-01-14 15:20:04,470 Train Loss: 0.0003993, Val Loss: 0.0006822
2025-01-14 15:20:04,470 Epoch 400/500
2025-01-14 15:22:29,129 Current Learning Rate: 0.0000954915
2025-01-14 15:22:29,130 Train Loss: 0.0003990, Val Loss: 0.0006835
2025-01-14 15:22:29,130 Epoch 401/500
2025-01-14 15:24:54,706 Current Learning Rate: 0.0000936529
2025-01-14 15:24:54,707 Train Loss: 0.0003988, Val Loss: 0.0006826
2025-01-14 15:24:54,707 Epoch 402/500
2025-01-14 15:27:20,494 Current Learning Rate: 0.0000918304
2025-01-14 15:27:20,495 Train Loss: 0.0003986, Val Loss: 0.0006839
2025-01-14 15:27:20,495 Epoch 403/500
2025-01-14 15:29:46,764 Current Learning Rate: 0.0000900239
2025-01-14 15:29:46,765 Train Loss: 0.0003983, Val Loss: 0.0006835
2025-01-14 15:29:46,765 Epoch 404/500
2025-01-14 15:32:14,858 Current Learning Rate: 0.0000882337
2025-01-14 15:32:14,858 Train Loss: 0.0003982, Val Loss: 0.0006833
2025-01-14 15:32:14,858 Epoch 405/500
2025-01-14 15:34:42,893 Current Learning Rate: 0.0000864597
2025-01-14 15:34:42,894 Train Loss: 0.0003979, Val Loss: 0.0006851
2025-01-14 15:34:42,894 Epoch 406/500
2025-01-14 15:37:09,880 Current Learning Rate: 0.0000847021
2025-01-14 15:37:09,881 Train Loss: 0.0003978, Val Loss: 0.0006850
2025-01-14 15:37:09,881 Epoch 407/500
2025-01-14 15:39:36,287 Current Learning Rate: 0.0000829608
2025-01-14 15:39:36,287 Train Loss: 0.0003976, Val Loss: 0.0006828
2025-01-14 15:39:36,287 Epoch 408/500
2025-01-14 15:42:01,137 Current Learning Rate: 0.0000812360
2025-01-14 15:42:01,138 Train Loss: 0.0003973, Val Loss: 0.0006857
2025-01-14 15:42:01,138 Epoch 409/500
2025-01-14 15:44:26,209 Current Learning Rate: 0.0000795277
2025-01-14 15:44:26,209 Train Loss: 0.0003971, Val Loss: 0.0006846
2025-01-14 15:44:26,210 Epoch 410/500
2025-01-14 15:46:50,499 Current Learning Rate: 0.0000778360
2025-01-14 15:46:50,500 Train Loss: 0.0003969, Val Loss: 0.0006837
2025-01-14 15:46:50,500 Epoch 411/500
2025-01-14 15:49:15,015 Current Learning Rate: 0.0000761610
2025-01-14 15:49:15,015 Train Loss: 0.0003967, Val Loss: 0.0006855
2025-01-14 15:49:15,015 Epoch 412/500
2025-01-14 15:51:39,921 Current Learning Rate: 0.0000745028
2025-01-14 15:51:39,922 Train Loss: 0.0003966, Val Loss: 0.0006839
2025-01-14 15:51:39,922 Epoch 413/500
2025-01-14 15:54:04,191 Current Learning Rate: 0.0000728613
2025-01-14 15:54:04,191 Train Loss: 0.0003963, Val Loss: 0.0006848
2025-01-14 15:54:04,191 Epoch 414/500
2025-01-14 15:56:30,574 Current Learning Rate: 0.0000712367
2025-01-14 15:56:30,574 Train Loss: 0.0003962, Val Loss: 0.0006833
2025-01-14 15:56:30,575 Epoch 415/500
2025-01-14 15:58:57,112 Current Learning Rate: 0.0000696290
2025-01-14 15:58:57,112 Train Loss: 0.0003960, Val Loss: 0.0006824
2025-01-14 15:58:57,112 Epoch 416/500
2025-01-14 16:01:24,487 Current Learning Rate: 0.0000680383
2025-01-14 16:01:24,488 Train Loss: 0.0003958, Val Loss: 0.0006836
2025-01-14 16:01:24,488 Epoch 417/500
2025-01-14 16:03:52,479 Current Learning Rate: 0.0000664646
2025-01-14 16:03:52,479 Train Loss: 0.0003957, Val Loss: 0.0006840
2025-01-14 16:03:52,479 Epoch 418/500
2025-01-14 16:06:20,869 Current Learning Rate: 0.0000649081
2025-01-14 16:06:20,869 Train Loss: 0.0003955, Val Loss: 0.0006824
2025-01-14 16:06:20,870 Epoch 419/500
2025-01-14 16:08:48,116 Current Learning Rate: 0.0000633688
2025-01-14 16:08:48,117 Train Loss: 0.0003953, Val Loss: 0.0006845
2025-01-14 16:08:48,117 Epoch 420/500
2025-01-14 16:11:14,630 Current Learning Rate: 0.0000618467
2025-01-14 16:11:14,630 Train Loss: 0.0003951, Val Loss: 0.0006841
2025-01-14 16:11:14,630 Epoch 421/500
2025-01-14 16:13:41,344 Current Learning Rate: 0.0000603418
2025-01-14 16:13:41,345 Train Loss: 0.0003949, Val Loss: 0.0006843
2025-01-14 16:13:41,345 Epoch 422/500
2025-01-14 16:16:07,966 Current Learning Rate: 0.0000588544
2025-01-14 16:16:07,967 Train Loss: 0.0003947, Val Loss: 0.0006853
2025-01-14 16:16:07,967 Epoch 423/500
2025-01-14 16:18:32,758 Current Learning Rate: 0.0000573843
2025-01-14 16:18:32,759 Train Loss: 0.0003946, Val Loss: 0.0006831
2025-01-14 16:18:32,759 Epoch 424/500
2025-01-14 16:20:58,923 Current Learning Rate: 0.0000559318
2025-01-14 16:20:58,923 Train Loss: 0.0003944, Val Loss: 0.0006848
2025-01-14 16:20:58,923 Epoch 425/500
2025-01-14 16:23:24,909 Current Learning Rate: 0.0000544967
2025-01-14 16:23:24,910 Train Loss: 0.0003943, Val Loss: 0.0006857
2025-01-14 16:23:24,910 Epoch 426/500
2025-01-14 16:25:50,205 Current Learning Rate: 0.0000530793
2025-01-14 16:25:50,205 Train Loss: 0.0003941, Val Loss: 0.0006822
2025-01-14 16:25:50,205 Epoch 427/500
2025-01-14 16:28:15,629 Current Learning Rate: 0.0000516795
2025-01-14 16:28:15,629 Train Loss: 0.0003940, Val Loss: 0.0006835
2025-01-14 16:28:15,630 Epoch 428/500
2025-01-14 16:30:42,896 Current Learning Rate: 0.0000502974
2025-01-14 16:30:42,897 Train Loss: 0.0003938, Val Loss: 0.0006837
2025-01-14 16:30:42,897 Epoch 429/500
2025-01-14 16:33:07,821 Current Learning Rate: 0.0000489330
2025-01-14 16:33:07,821 Train Loss: 0.0003936, Val Loss: 0.0006837
2025-01-14 16:33:07,822 Epoch 430/500
2025-01-14 16:35:32,171 Current Learning Rate: 0.0000475865
2025-01-14 16:35:32,172 Train Loss: 0.0003935, Val Loss: 0.0006835
2025-01-14 16:35:32,172 Epoch 431/500
2025-01-14 16:37:58,431 Current Learning Rate: 0.0000462578
2025-01-14 16:37:58,431 Train Loss: 0.0003933, Val Loss: 0.0006827
2025-01-14 16:37:58,432 Epoch 432/500
2025-01-14 16:40:22,480 Current Learning Rate: 0.0000449470
2025-01-14 16:40:22,481 Train Loss: 0.0003933, Val Loss: 0.0006846
2025-01-14 16:40:22,481 Epoch 433/500
2025-01-14 16:42:47,045 Current Learning Rate: 0.0000436542
2025-01-14 16:42:47,045 Train Loss: 0.0003931, Val Loss: 0.0006824
2025-01-14 16:42:47,045 Epoch 434/500
2025-01-14 16:45:12,781 Current Learning Rate: 0.0000423794
2025-01-14 16:45:12,782 Train Loss: 0.0003930, Val Loss: 0.0006841
2025-01-14 16:45:12,782 Epoch 435/500
2025-01-14 16:47:39,470 Current Learning Rate: 0.0000411227
2025-01-14 16:47:39,471 Train Loss: 0.0003928, Val Loss: 0.0006836
2025-01-14 16:47:39,471 Epoch 436/500
2025-01-14 16:50:07,485 Current Learning Rate: 0.0000398841
2025-01-14 16:50:07,485 Train Loss: 0.0003927, Val Loss: 0.0006851
2025-01-14 16:50:07,485 Epoch 437/500
2025-01-14 16:52:35,443 Current Learning Rate: 0.0000386636
2025-01-14 16:52:35,444 Train Loss: 0.0003925, Val Loss: 0.0006836
2025-01-14 16:52:35,444 Epoch 438/500
2025-01-14 16:55:02,469 Current Learning Rate: 0.0000374614
2025-01-14 16:55:02,470 Train Loss: 0.0003924, Val Loss: 0.0006837
2025-01-14 16:55:02,470 Epoch 439/500
2025-01-14 16:57:30,575 Current Learning Rate: 0.0000362774
2025-01-14 16:57:30,575 Train Loss: 0.0003923, Val Loss: 0.0006831
2025-01-14 16:57:30,575 Epoch 440/500
2025-01-14 16:59:59,008 Current Learning Rate: 0.0000351118
2025-01-14 16:59:59,008 Train Loss: 0.0003922, Val Loss: 0.0006833
2025-01-14 16:59:59,009 Epoch 441/500
2025-01-14 17:02:25,875 Current Learning Rate: 0.0000339644
2025-01-14 17:02:25,875 Train Loss: 0.0003921, Val Loss: 0.0006838
2025-01-14 17:02:25,876 Epoch 442/500
2025-01-14 17:04:52,153 Current Learning Rate: 0.0000328355
2025-01-14 17:04:52,153 Train Loss: 0.0003920, Val Loss: 0.0006838
2025-01-14 17:04:52,154 Epoch 443/500
2025-01-14 17:07:18,828 Current Learning Rate: 0.0000317251
2025-01-14 17:07:18,829 Train Loss: 0.0003918, Val Loss: 0.0006824
2025-01-14 17:07:18,829 Epoch 444/500
2025-01-14 17:09:45,159 Current Learning Rate: 0.0000306331
2025-01-14 17:09:45,159 Train Loss: 0.0003917, Val Loss: 0.0006830
2025-01-14 17:09:45,160 Epoch 445/500
2025-01-14 17:12:11,118 Current Learning Rate: 0.0000295596
2025-01-14 17:12:11,118 Train Loss: 0.0003916, Val Loss: 0.0006825
2025-01-14 17:12:11,119 Epoch 446/500
2025-01-14 17:14:36,342 Current Learning Rate: 0.0000285047
2025-01-14 17:14:36,342 Train Loss: 0.0003914, Val Loss: 0.0006832
2025-01-14 17:14:36,342 Epoch 447/500
2025-01-14 17:17:04,032 Current Learning Rate: 0.0000274685
2025-01-14 17:17:04,033 Train Loss: 0.0003914, Val Loss: 0.0006838
2025-01-14 17:17:04,033 Epoch 448/500
2025-01-14 17:19:30,874 Current Learning Rate: 0.0000264508
2025-01-14 17:19:30,874 Train Loss: 0.0003913, Val Loss: 0.0006825
2025-01-14 17:19:30,875 Epoch 449/500
2025-01-14 17:21:57,715 Current Learning Rate: 0.0000254519
2025-01-14 17:21:57,715 Train Loss: 0.0003912, Val Loss: 0.0006841
2025-01-14 17:21:57,715 Epoch 450/500
2025-01-14 17:24:23,333 Current Learning Rate: 0.0000244717
2025-01-14 17:24:23,334 Train Loss: 0.0003911, Val Loss: 0.0006837
2025-01-14 17:24:23,334 Epoch 451/500
2025-01-14 17:26:49,015 Current Learning Rate: 0.0000235103
2025-01-14 17:26:49,016 Train Loss: 0.0003910, Val Loss: 0.0006848
2025-01-14 17:26:49,016 Epoch 452/500
2025-01-14 17:29:15,478 Current Learning Rate: 0.0000225677
2025-01-14 17:29:15,479 Train Loss: 0.0003909, Val Loss: 0.0006845
2025-01-14 17:29:15,479 Epoch 453/500
2025-01-14 17:31:40,076 Current Learning Rate: 0.0000216440
2025-01-14 17:31:40,076 Train Loss: 0.0003908, Val Loss: 0.0006841
2025-01-14 17:31:40,076 Epoch 454/500
2025-01-14 17:34:04,225 Current Learning Rate: 0.0000207391
2025-01-14 17:34:04,225 Train Loss: 0.0003907, Val Loss: 0.0006835
2025-01-14 17:34:04,225 Epoch 455/500
2025-01-14 17:36:31,242 Current Learning Rate: 0.0000198532
2025-01-14 17:36:31,243 Train Loss: 0.0003906, Val Loss: 0.0006843
2025-01-14 17:36:31,243 Epoch 456/500
2025-01-14 17:38:57,926 Current Learning Rate: 0.0000189862
2025-01-14 17:38:57,926 Train Loss: 0.0003905, Val Loss: 0.0006829
2025-01-14 17:38:57,927 Epoch 457/500
2025-01-14 17:41:22,894 Current Learning Rate: 0.0000181382
2025-01-14 17:41:22,895 Train Loss: 0.0003904, Val Loss: 0.0006837
2025-01-14 17:41:22,895 Epoch 458/500
2025-01-14 17:43:47,862 Current Learning Rate: 0.0000173092
2025-01-14 17:43:47,863 Train Loss: 0.0003903, Val Loss: 0.0006850
2025-01-14 17:43:47,863 Epoch 459/500
2025-01-14 17:46:14,119 Current Learning Rate: 0.0000164993
2025-01-14 17:46:14,120 Train Loss: 0.0003903, Val Loss: 0.0006838
2025-01-14 17:46:14,120 Epoch 460/500
2025-01-14 17:48:41,514 Current Learning Rate: 0.0000157084
2025-01-14 17:48:41,515 Train Loss: 0.0003902, Val Loss: 0.0006839
2025-01-14 17:48:41,515 Epoch 461/500
2025-01-14 17:51:07,486 Current Learning Rate: 0.0000149367
2025-01-14 17:51:07,486 Train Loss: 0.0003901, Val Loss: 0.0006833
2025-01-14 17:51:07,486 Epoch 462/500
2025-01-14 17:53:33,285 Current Learning Rate: 0.0000141841
2025-01-14 17:53:33,286 Train Loss: 0.0003900, Val Loss: 0.0006842
2025-01-14 17:53:33,286 Epoch 463/500
2025-01-14 17:56:00,712 Current Learning Rate: 0.0000134507
2025-01-14 17:56:00,713 Train Loss: 0.0003900, Val Loss: 0.0006833
2025-01-14 17:56:00,713 Epoch 464/500
2025-01-14 17:58:28,972 Current Learning Rate: 0.0000127366
2025-01-14 17:58:28,973 Train Loss: 0.0003899, Val Loss: 0.0006837
2025-01-14 17:58:28,973 Epoch 465/500
2025-01-14 18:00:57,233 Current Learning Rate: 0.0000120416
2025-01-14 18:00:57,234 Train Loss: 0.0003898, Val Loss: 0.0006834
2025-01-14 18:00:57,234 Epoch 466/500
2025-01-14 18:03:23,984 Current Learning Rate: 0.0000113659
2025-01-14 18:03:23,985 Train Loss: 0.0003898, Val Loss: 0.0006842
2025-01-14 18:03:23,985 Epoch 467/500
2025-01-14 18:05:49,960 Current Learning Rate: 0.0000107095
2025-01-14 18:05:49,960 Train Loss: 0.0003897, Val Loss: 0.0006841
2025-01-14 18:05:49,961 Epoch 468/500
2025-01-14 18:08:16,862 Current Learning Rate: 0.0000100725
2025-01-14 18:08:16,863 Train Loss: 0.0003896, Val Loss: 0.0006844
2025-01-14 18:08:16,863 Epoch 469/500
2025-01-14 18:10:42,107 Current Learning Rate: 0.0000094547
2025-01-14 18:10:42,108 Train Loss: 0.0003896, Val Loss: 0.0006836
2025-01-14 18:10:42,108 Epoch 470/500
2025-01-14 18:13:07,187 Current Learning Rate: 0.0000088564
2025-01-14 18:13:07,188 Train Loss: 0.0003895, Val Loss: 0.0006835
2025-01-14 18:13:07,188 Epoch 471/500
2025-01-14 18:15:34,027 Current Learning Rate: 0.0000082774
2025-01-14 18:15:34,028 Train Loss: 0.0003895, Val Loss: 0.0006838
2025-01-14 18:15:34,028 Epoch 472/500
2025-01-14 18:17:58,581 Current Learning Rate: 0.0000077178
2025-01-14 18:17:58,582 Train Loss: 0.0003894, Val Loss: 0.0006836
2025-01-14 18:17:58,582 Epoch 473/500
2025-01-14 18:20:23,259 Current Learning Rate: 0.0000071777
2025-01-14 18:20:23,260 Train Loss: 0.0003893, Val Loss: 0.0006840
2025-01-14 18:20:23,260 Epoch 474/500
2025-01-14 18:22:48,101 Current Learning Rate: 0.0000066570
2025-01-14 18:22:48,102 Train Loss: 0.0003893, Val Loss: 0.0006836
2025-01-14 18:22:48,102 Epoch 475/500
2025-01-14 18:25:12,999 Current Learning Rate: 0.0000061558
2025-01-14 18:25:12,999 Train Loss: 0.0003892, Val Loss: 0.0006841
2025-01-14 18:25:12,999 Epoch 476/500
2025-01-14 18:27:39,168 Current Learning Rate: 0.0000056741
2025-01-14 18:27:39,168 Train Loss: 0.0003892, Val Loss: 0.0006839
2025-01-14 18:27:39,168 Epoch 477/500
2025-01-14 18:30:06,191 Current Learning Rate: 0.0000052119
2025-01-14 18:30:06,192 Train Loss: 0.0003891, Val Loss: 0.0006835
2025-01-14 18:30:06,192 Epoch 478/500
2025-01-14 18:32:32,221 Current Learning Rate: 0.0000047693
2025-01-14 18:32:32,221 Train Loss: 0.0003891, Val Loss: 0.0006841
2025-01-14 18:32:32,222 Epoch 479/500
2025-01-14 18:34:58,674 Current Learning Rate: 0.0000043462
2025-01-14 18:34:58,674 Train Loss: 0.0003891, Val Loss: 0.0006836
2025-01-14 18:34:58,675 Epoch 480/500
2025-01-14 18:37:24,240 Current Learning Rate: 0.0000039426
2025-01-14 18:37:24,240 Train Loss: 0.0003890, Val Loss: 0.0006839
2025-01-14 18:37:24,240 Epoch 481/500
2025-01-14 18:39:49,846 Current Learning Rate: 0.0000035587
2025-01-14 18:39:49,847 Train Loss: 0.0003890, Val Loss: 0.0006842
2025-01-14 18:39:49,847 Epoch 482/500
2025-01-14 18:42:16,576 Current Learning Rate: 0.0000031943
2025-01-14 18:42:16,576 Train Loss: 0.0003889, Val Loss: 0.0006834
2025-01-14 18:42:16,576 Epoch 483/500
2025-01-14 18:44:43,259 Current Learning Rate: 0.0000028496
2025-01-14 18:44:43,259 Train Loss: 0.0003889, Val Loss: 0.0006839
2025-01-14 18:44:43,259 Epoch 484/500
2025-01-14 18:47:11,468 Current Learning Rate: 0.0000025245
2025-01-14 18:47:11,469 Train Loss: 0.0003889, Val Loss: 0.0006840
2025-01-14 18:47:11,469 Epoch 485/500
2025-01-14 18:49:39,127 Current Learning Rate: 0.0000022190
2025-01-14 18:49:39,130 Train Loss: 0.0003888, Val Loss: 0.0006838
2025-01-14 18:49:39,130 Epoch 486/500
2025-01-14 18:52:04,720 Current Learning Rate: 0.0000019332
2025-01-14 18:52:04,720 Train Loss: 0.0003888, Val Loss: 0.0006840
2025-01-14 18:52:04,721 Epoch 487/500
2025-01-14 18:54:30,363 Current Learning Rate: 0.0000016670
2025-01-14 18:54:30,364 Train Loss: 0.0003888, Val Loss: 0.0006841
2025-01-14 18:54:30,364 Epoch 488/500
2025-01-14 18:56:56,172 Current Learning Rate: 0.0000014205
2025-01-14 18:56:56,172 Train Loss: 0.0003888, Val Loss: 0.0006838
2025-01-14 18:56:56,173 Epoch 489/500
2025-01-14 18:59:22,532 Current Learning Rate: 0.0000011937
2025-01-14 18:59:22,533 Train Loss: 0.0003887, Val Loss: 0.0006839
2025-01-14 18:59:22,533 Epoch 490/500
2025-01-14 19:01:51,220 Current Learning Rate: 0.0000009866
2025-01-14 19:01:51,221 Train Loss: 0.0003887, Val Loss: 0.0006836
2025-01-14 19:01:51,221 Epoch 491/500
2025-01-14 19:04:18,066 Current Learning Rate: 0.0000007992
2025-01-14 19:04:18,067 Train Loss: 0.0003887, Val Loss: 0.0006837
2025-01-14 19:04:18,067 Epoch 492/500
2025-01-14 19:06:43,397 Current Learning Rate: 0.0000006315
2025-01-14 19:06:43,398 Train Loss: 0.0003887, Val Loss: 0.0006839
2025-01-14 19:06:43,398 Epoch 493/500
2025-01-14 19:09:09,006 Current Learning Rate: 0.0000004835
2025-01-14 19:09:09,007 Train Loss: 0.0003886, Val Loss: 0.0006837
2025-01-14 19:09:09,007 Epoch 494/500
2025-01-14 19:11:33,716 Current Learning Rate: 0.0000003553
2025-01-14 19:11:33,716 Train Loss: 0.0003886, Val Loss: 0.0006838
2025-01-14 19:11:33,717 Epoch 495/500
2025-01-14 19:14:00,836 Current Learning Rate: 0.0000002467
2025-01-14 19:14:00,837 Train Loss: 0.0003886, Val Loss: 0.0006839
2025-01-14 19:14:00,837 Epoch 496/500
2025-01-14 19:16:26,790 Current Learning Rate: 0.0000001579
2025-01-14 19:16:26,791 Train Loss: 0.0003886, Val Loss: 0.0006838
2025-01-14 19:16:26,791 Epoch 497/500
2025-01-14 19:18:52,844 Current Learning Rate: 0.0000000888
2025-01-14 19:18:52,845 Train Loss: 0.0003886, Val Loss: 0.0006838
2025-01-14 19:18:52,845 Epoch 498/500
2025-01-14 19:21:17,917 Current Learning Rate: 0.0000000395
2025-01-14 19:21:17,917 Train Loss: 0.0003886, Val Loss: 0.0006838
2025-01-14 19:21:17,918 Epoch 499/500
2025-01-14 19:23:43,099 Current Learning Rate: 0.0000000099
2025-01-14 19:23:43,100 Train Loss: 0.0003886, Val Loss: 0.0006838
2025-01-14 19:23:43,100 Epoch 500/500
2025-01-14 19:26:08,432 Current Learning Rate: 0.0000000000
2025-01-14 19:26:08,432 Train Loss: 0.0003886, Val Loss: 0.0006838
