2025-01-13 22:48:54,604 Added key: store_based_barrier_key:1 to store for rank: 5
2025-01-13 22:48:54,689 Added key: store_based_barrier_key:1 to store for rank: 3
2025-01-13 22:48:54,696 Added key: store_based_barrier_key:1 to store for rank: 4
2025-01-13 22:48:54,704 Added key: store_based_barrier_key:1 to store for rank: 1
2025-01-13 22:48:54,710 Added key: store_based_barrier_key:1 to store for rank: 2
2025-01-13 22:48:54,716 Added key: store_based_barrier_key:1 to store for rank: 0
2025-01-13 22:49:12,180 Added key: store_based_barrier_key:1 to store for rank: 3
2025-01-13 22:49:12,204 Added key: store_based_barrier_key:1 to store for rank: 4
2025-01-13 22:49:12,214 Added key: store_based_barrier_key:1 to store for rank: 5
2025-01-13 22:49:12,221 Added key: store_based_barrier_key:1 to store for rank: 1
2025-01-13 22:49:12,226 Added key: store_based_barrier_key:1 to store for rank: 2
2025-01-13 22:49:12,231 Added key: store_based_barrier_key:1 to store for rank: 0
2025-01-13 22:50:57,794 Epoch 1/500
2025-01-13 22:53:17,678 Current Learning Rate: 0.0009999901
2025-01-13 22:53:17,744 Train Loss: 0.0089142, Val Loss: 0.0040663
2025-01-13 22:53:17,744 Epoch 2/500
2025-01-13 22:55:36,334 Current Learning Rate: 0.0009999605
2025-01-13 22:55:36,408 Train Loss: 0.0037158, Val Loss: 0.0032696
2025-01-13 22:55:36,408 Epoch 3/500
2025-01-13 22:57:55,059 Current Learning Rate: 0.0009999112
2025-01-13 22:57:55,125 Train Loss: 0.0031294, Val Loss: 0.0028375
2025-01-13 22:57:55,125 Epoch 4/500
2025-01-13 23:00:13,884 Current Learning Rate: 0.0009998421
2025-01-13 23:00:13,945 Train Loss: 0.0027547, Val Loss: 0.0025545
2025-01-13 23:00:13,945 Epoch 5/500
2025-01-13 23:02:32,419 Current Learning Rate: 0.0009997533
2025-01-13 23:02:32,480 Train Loss: 0.0024821, Val Loss: 0.0023883
2025-01-13 23:02:32,480 Epoch 6/500
2025-01-13 23:04:50,806 Current Learning Rate: 0.0009996447
2025-01-13 23:04:50,873 Train Loss: 0.0022799, Val Loss: 0.0021440
2025-01-13 23:04:50,874 Epoch 7/500
2025-01-13 23:07:09,137 Current Learning Rate: 0.0009995165
2025-01-13 23:07:09,208 Train Loss: 0.0021092, Val Loss: 0.0020047
2025-01-13 23:07:09,208 Epoch 8/500
2025-01-13 23:09:27,337 Current Learning Rate: 0.0009993685
2025-01-13 23:09:27,415 Train Loss: 0.0019710, Val Loss: 0.0018589
2025-01-13 23:09:27,416 Epoch 9/500
2025-01-13 23:11:45,689 Current Learning Rate: 0.0009992008
2025-01-13 23:11:45,753 Train Loss: 0.0018495, Val Loss: 0.0017634
2025-01-13 23:11:45,754 Epoch 10/500
2025-01-13 23:14:04,265 Current Learning Rate: 0.0009990134
2025-01-13 23:14:04,328 Train Loss: 0.0017547, Val Loss: 0.0016928
2025-01-13 23:14:04,328 Epoch 11/500
2025-01-13 23:16:22,644 Current Learning Rate: 0.0009988063
2025-01-13 23:16:22,704 Train Loss: 0.0016687, Val Loss: 0.0016131
2025-01-13 23:16:22,705 Epoch 12/500
2025-01-13 23:18:41,033 Current Learning Rate: 0.0009985795
2025-01-13 23:18:41,093 Train Loss: 0.0016009, Val Loss: 0.0015575
2025-01-13 23:18:41,094 Epoch 13/500
2025-01-13 23:20:59,456 Current Learning Rate: 0.0009983330
2025-01-13 23:20:59,529 Train Loss: 0.0015396, Val Loss: 0.0014969
2025-01-13 23:20:59,529 Epoch 14/500
2025-01-13 23:23:17,826 Current Learning Rate: 0.0009980668
2025-01-13 23:23:17,891 Train Loss: 0.0014780, Val Loss: 0.0014566
2025-01-13 23:23:17,891 Epoch 15/500
2025-01-13 23:25:36,324 Current Learning Rate: 0.0009977810
2025-01-13 23:25:36,409 Train Loss: 0.0014255, Val Loss: 0.0014056
2025-01-13 23:25:36,409 Epoch 16/500
2025-01-13 23:27:54,623 Current Learning Rate: 0.0009974755
2025-01-13 23:27:54,681 Train Loss: 0.0013838, Val Loss: 0.0013771
2025-01-13 23:27:54,681 Epoch 17/500
2025-01-13 23:30:12,635 Current Learning Rate: 0.0009971504
2025-01-13 23:30:12,694 Train Loss: 0.0013470, Val Loss: 0.0013522
2025-01-13 23:30:12,695 Epoch 18/500
2025-01-13 23:32:30,948 Current Learning Rate: 0.0009968057
2025-01-13 23:32:31,012 Train Loss: 0.0013040, Val Loss: 0.0013364
2025-01-13 23:32:31,013 Epoch 19/500
2025-01-13 23:34:49,053 Current Learning Rate: 0.0009964413
2025-01-13 23:34:49,114 Train Loss: 0.0012753, Val Loss: 0.0013080
2025-01-13 23:34:49,115 Epoch 20/500
2025-01-13 23:37:07,168 Current Learning Rate: 0.0009960574
2025-01-13 23:37:07,233 Train Loss: 0.0012391, Val Loss: 0.0012554
2025-01-13 23:37:07,233 Epoch 21/500
2025-01-13 23:39:25,384 Current Learning Rate: 0.0009956538
2025-01-13 23:39:25,450 Train Loss: 0.0012095, Val Loss: 0.0012228
2025-01-13 23:39:25,450 Epoch 22/500
2025-01-13 23:41:44,139 Current Learning Rate: 0.0009952307
2025-01-13 23:41:44,203 Train Loss: 0.0011796, Val Loss: 0.0012021
2025-01-13 23:41:44,203 Epoch 23/500
2025-01-13 23:44:02,552 Current Learning Rate: 0.0009947881
2025-01-13 23:44:02,553 Train Loss: 0.0011562, Val Loss: 0.0012055
2025-01-13 23:44:02,553 Epoch 24/500
2025-01-13 23:46:20,944 Current Learning Rate: 0.0009943259
2025-01-13 23:46:21,013 Train Loss: 0.0011301, Val Loss: 0.0011598
2025-01-13 23:46:21,013 Epoch 25/500
2025-01-13 23:48:39,201 Current Learning Rate: 0.0009938442
2025-01-13 23:48:39,265 Train Loss: 0.0011074, Val Loss: 0.0011374
2025-01-13 23:48:39,265 Epoch 26/500
2025-01-13 23:50:57,414 Current Learning Rate: 0.0009933430
2025-01-13 23:50:57,476 Train Loss: 0.0010854, Val Loss: 0.0011213
2025-01-13 23:50:57,477 Epoch 27/500
2025-01-13 23:53:15,762 Current Learning Rate: 0.0009928223
2025-01-13 23:53:15,855 Train Loss: 0.0010680, Val Loss: 0.0011059
2025-01-13 23:53:15,856 Epoch 28/500
2025-01-13 23:55:34,079 Current Learning Rate: 0.0009922822
2025-01-13 23:55:34,143 Train Loss: 0.0010500, Val Loss: 0.0010828
2025-01-13 23:55:34,143 Epoch 29/500
2025-01-13 23:57:52,349 Current Learning Rate: 0.0009917226
2025-01-13 23:57:52,411 Train Loss: 0.0010280, Val Loss: 0.0010783
2025-01-13 23:57:52,412 Epoch 30/500
2025-01-14 00:00:10,653 Current Learning Rate: 0.0009911436
2025-01-14 00:00:10,720 Train Loss: 0.0010104, Val Loss: 0.0010687
2025-01-14 00:00:10,721 Epoch 31/500
2025-01-14 00:02:29,018 Current Learning Rate: 0.0009905453
2025-01-14 00:02:29,093 Train Loss: 0.0009939, Val Loss: 0.0010330
2025-01-14 00:02:29,094 Epoch 32/500
2025-01-14 00:04:48,019 Current Learning Rate: 0.0009899275
2025-01-14 00:04:48,020 Train Loss: 0.0009775, Val Loss: 0.0010512
2025-01-14 00:04:48,020 Epoch 33/500
2025-01-14 00:07:06,810 Current Learning Rate: 0.0009892905
2025-01-14 00:07:06,889 Train Loss: 0.0009655, Val Loss: 0.0010179
2025-01-14 00:07:06,890 Epoch 34/500
2025-01-14 00:09:25,792 Current Learning Rate: 0.0009886341
2025-01-14 00:09:25,793 Train Loss: 0.0009502, Val Loss: 0.0010283
2025-01-14 00:09:25,793 Epoch 35/500
2025-01-14 00:11:44,306 Current Learning Rate: 0.0009879584
2025-01-14 00:11:44,376 Train Loss: 0.0009344, Val Loss: 0.0010025
2025-01-14 00:11:44,376 Epoch 36/500
2025-01-14 00:14:03,137 Current Learning Rate: 0.0009872634
2025-01-14 00:14:03,606 Train Loss: 0.0009256, Val Loss: 0.0009928
2025-01-14 00:14:03,606 Epoch 37/500
2025-01-14 00:16:22,128 Current Learning Rate: 0.0009865493
2025-01-14 00:16:22,194 Train Loss: 0.0009122, Val Loss: 0.0009710
2025-01-14 00:16:22,194 Epoch 38/500
2025-01-14 00:18:40,535 Current Learning Rate: 0.0009858159
2025-01-14 00:18:40,597 Train Loss: 0.0008976, Val Loss: 0.0009573
2025-01-14 00:18:40,598 Epoch 39/500
2025-01-14 00:20:58,849 Current Learning Rate: 0.0009850633
2025-01-14 00:20:58,911 Train Loss: 0.0008888, Val Loss: 0.0009523
2025-01-14 00:20:58,911 Epoch 40/500
2025-01-14 00:23:17,215 Current Learning Rate: 0.0009842916
2025-01-14 00:23:17,215 Train Loss: 0.0008787, Val Loss: 0.0009616
2025-01-14 00:23:17,215 Epoch 41/500
2025-01-14 00:25:35,657 Current Learning Rate: 0.0009835007
2025-01-14 00:25:35,722 Train Loss: 0.0008659, Val Loss: 0.0009436
2025-01-14 00:25:35,722 Epoch 42/500
2025-01-14 00:27:53,917 Current Learning Rate: 0.0009826908
2025-01-14 00:27:53,978 Train Loss: 0.0008569, Val Loss: 0.0009322
2025-01-14 00:27:53,978 Epoch 43/500
2025-01-14 00:30:12,235 Current Learning Rate: 0.0009818618
2025-01-14 00:30:12,309 Train Loss: 0.0008486, Val Loss: 0.0009140
2025-01-14 00:30:12,309 Epoch 44/500
2025-01-14 00:32:30,712 Current Learning Rate: 0.0009810138
2025-01-14 00:32:30,713 Train Loss: 0.0008378, Val Loss: 0.0009254
2025-01-14 00:32:30,713 Epoch 45/500
2025-01-14 00:34:49,229 Current Learning Rate: 0.0009801468
2025-01-14 00:34:49,300 Train Loss: 0.0008345, Val Loss: 0.0008962
2025-01-14 00:34:49,300 Epoch 46/500
2025-01-14 00:37:08,244 Current Learning Rate: 0.0009792609
2025-01-14 00:37:08,244 Train Loss: 0.0008199, Val Loss: 0.0009106
2025-01-14 00:37:08,244 Epoch 47/500
2025-01-14 00:39:26,901 Current Learning Rate: 0.0009783560
2025-01-14 00:39:26,901 Train Loss: 0.0008131, Val Loss: 0.0008977
2025-01-14 00:39:26,901 Epoch 48/500
2025-01-14 00:41:45,091 Current Learning Rate: 0.0009774323
2025-01-14 00:41:45,153 Train Loss: 0.0008027, Val Loss: 0.0008903
2025-01-14 00:41:45,153 Epoch 49/500
2025-01-14 00:44:03,315 Current Learning Rate: 0.0009764897
2025-01-14 00:44:03,377 Train Loss: 0.0007968, Val Loss: 0.0008781
2025-01-14 00:44:03,377 Epoch 50/500
2025-01-14 00:46:21,820 Current Learning Rate: 0.0009755283
2025-01-14 00:46:21,821 Train Loss: 0.0007893, Val Loss: 0.0008789
2025-01-14 00:46:21,821 Epoch 51/500
2025-01-14 00:48:40,379 Current Learning Rate: 0.0009745481
2025-01-14 00:48:40,379 Train Loss: 0.0007821, Val Loss: 0.0008836
2025-01-14 00:48:40,380 Epoch 52/500
2025-01-14 00:50:58,788 Current Learning Rate: 0.0009735492
2025-01-14 00:50:58,858 Train Loss: 0.0007739, Val Loss: 0.0008679
2025-01-14 00:50:58,859 Epoch 53/500
2025-01-14 00:53:17,109 Current Learning Rate: 0.0009725315
2025-01-14 00:53:17,176 Train Loss: 0.0007650, Val Loss: 0.0008619
2025-01-14 00:53:17,176 Epoch 54/500
2025-01-14 00:55:35,400 Current Learning Rate: 0.0009714953
2025-01-14 00:55:35,475 Train Loss: 0.0007597, Val Loss: 0.0008479
2025-01-14 00:55:35,475 Epoch 55/500
2025-01-14 00:57:53,902 Current Learning Rate: 0.0009704404
2025-01-14 00:57:53,971 Train Loss: 0.0007495, Val Loss: 0.0008399
2025-01-14 00:57:53,972 Epoch 56/500
2025-01-14 01:00:12,506 Current Learning Rate: 0.0009693669
2025-01-14 01:00:12,599 Train Loss: 0.0007470, Val Loss: 0.0008379
2025-01-14 01:00:12,599 Epoch 57/500
2025-01-14 01:02:31,278 Current Learning Rate: 0.0009682749
2025-01-14 01:02:31,278 Train Loss: 0.0007390, Val Loss: 0.0008418
2025-01-14 01:02:31,279 Epoch 58/500
2025-01-14 01:04:49,841 Current Learning Rate: 0.0009671645
2025-01-14 01:04:49,914 Train Loss: 0.0007364, Val Loss: 0.0008316
2025-01-14 01:04:49,914 Epoch 59/500
2025-01-14 01:07:08,216 Current Learning Rate: 0.0009660356
2025-01-14 01:07:08,299 Train Loss: 0.0007269, Val Loss: 0.0008270
2025-01-14 01:07:08,299 Epoch 60/500
2025-01-14 01:09:26,808 Current Learning Rate: 0.0009648882
2025-01-14 01:09:26,808 Train Loss: 0.0007235, Val Loss: 0.0008297
2025-01-14 01:09:26,809 Epoch 61/500
2025-01-14 01:11:45,536 Current Learning Rate: 0.0009637226
2025-01-14 01:11:45,610 Train Loss: 0.0007159, Val Loss: 0.0008159
2025-01-14 01:11:45,610 Epoch 62/500
2025-01-14 01:14:03,867 Current Learning Rate: 0.0009625386
2025-01-14 01:14:03,956 Train Loss: 0.0007098, Val Loss: 0.0008015
2025-01-14 01:14:03,956 Epoch 63/500
2025-01-14 01:16:22,148 Current Learning Rate: 0.0009613364
2025-01-14 01:16:22,148 Train Loss: 0.0007080, Val Loss: 0.0008175
2025-01-14 01:16:22,148 Epoch 64/500
2025-01-14 01:18:40,505 Current Learning Rate: 0.0009601159
2025-01-14 01:18:40,506 Train Loss: 0.0006999, Val Loss: 0.0008050
2025-01-14 01:18:40,506 Epoch 65/500
2025-01-14 01:20:59,393 Current Learning Rate: 0.0009588773
2025-01-14 01:20:59,463 Train Loss: 0.0006980, Val Loss: 0.0007958
2025-01-14 01:20:59,463 Epoch 66/500
2025-01-14 01:23:17,811 Current Learning Rate: 0.0009576206
2025-01-14 01:23:17,883 Train Loss: 0.0006909, Val Loss: 0.0007943
2025-01-14 01:23:17,883 Epoch 67/500
2025-01-14 01:25:36,493 Current Learning Rate: 0.0009563458
2025-01-14 01:25:36,493 Train Loss: 0.0006845, Val Loss: 0.0007989
2025-01-14 01:25:36,493 Epoch 68/500
2025-01-14 01:27:54,762 Current Learning Rate: 0.0009550530
2025-01-14 01:27:54,826 Train Loss: 0.0006825, Val Loss: 0.0007845
2025-01-14 01:27:54,826 Epoch 69/500
2025-01-14 01:30:12,833 Current Learning Rate: 0.0009537422
2025-01-14 01:30:12,909 Train Loss: 0.0006804, Val Loss: 0.0007747
2025-01-14 01:30:12,910 Epoch 70/500
2025-01-14 01:32:31,548 Current Learning Rate: 0.0009524135
2025-01-14 01:32:31,622 Train Loss: 0.0006731, Val Loss: 0.0007741
2025-01-14 01:32:31,623 Epoch 71/500
2025-01-14 01:34:50,079 Current Learning Rate: 0.0009510670
2025-01-14 01:34:50,080 Train Loss: 0.0006713, Val Loss: 0.0007829
2025-01-14 01:34:50,080 Epoch 72/500
2025-01-14 01:37:08,355 Current Learning Rate: 0.0009497026
2025-01-14 01:37:08,430 Train Loss: 0.0006638, Val Loss: 0.0007695
2025-01-14 01:37:08,430 Epoch 73/500
2025-01-14 01:39:27,002 Current Learning Rate: 0.0009483205
2025-01-14 01:39:27,069 Train Loss: 0.0006611, Val Loss: 0.0007676
2025-01-14 01:39:27,069 Epoch 74/500
2025-01-14 01:41:45,735 Current Learning Rate: 0.0009469207
2025-01-14 01:41:45,806 Train Loss: 0.0006520, Val Loss: 0.0007542
2025-01-14 01:41:45,806 Epoch 75/500
2025-01-14 01:44:04,634 Current Learning Rate: 0.0009455033
2025-01-14 01:44:04,635 Train Loss: 0.0006516, Val Loss: 0.0007758
2025-01-14 01:44:04,635 Epoch 76/500
2025-01-14 01:46:23,046 Current Learning Rate: 0.0009440682
2025-01-14 01:46:23,047 Train Loss: 0.0006487, Val Loss: 0.0007755
2025-01-14 01:46:23,047 Epoch 77/500
2025-01-14 01:48:41,387 Current Learning Rate: 0.0009426157
2025-01-14 01:48:41,452 Train Loss: 0.0006420, Val Loss: 0.0007444
2025-01-14 01:48:41,452 Epoch 78/500
2025-01-14 01:50:59,792 Current Learning Rate: 0.0009411456
2025-01-14 01:50:59,793 Train Loss: 0.0006386, Val Loss: 0.0007531
2025-01-14 01:50:59,793 Epoch 79/500
2025-01-14 01:53:18,211 Current Learning Rate: 0.0009396582
2025-01-14 01:53:18,211 Train Loss: 0.0006355, Val Loss: 0.0007555
2025-01-14 01:53:18,212 Epoch 80/500
2025-01-14 01:55:37,083 Current Learning Rate: 0.0009381533
2025-01-14 01:55:37,083 Train Loss: 0.0006350, Val Loss: 0.0007507
2025-01-14 01:55:37,084 Epoch 81/500
2025-01-14 01:57:55,283 Current Learning Rate: 0.0009366312
2025-01-14 01:57:55,347 Train Loss: 0.0006271, Val Loss: 0.0007372
2025-01-14 01:57:55,348 Epoch 82/500
2025-01-14 02:00:13,520 Current Learning Rate: 0.0009350919
2025-01-14 02:00:13,521 Train Loss: 0.0006242, Val Loss: 0.0007384
2025-01-14 02:00:13,521 Epoch 83/500
2025-01-14 02:02:31,793 Current Learning Rate: 0.0009335354
2025-01-14 02:02:31,794 Train Loss: 0.0006228, Val Loss: 0.0007379
2025-01-14 02:02:31,794 Epoch 84/500
2025-01-14 02:04:50,124 Current Learning Rate: 0.0009319617
2025-01-14 02:04:50,125 Train Loss: 0.0006190, Val Loss: 0.0007389
2025-01-14 02:04:50,125 Epoch 85/500
2025-01-14 02:07:08,385 Current Learning Rate: 0.0009303710
2025-01-14 02:07:08,445 Train Loss: 0.0006170, Val Loss: 0.0007256
2025-01-14 02:07:08,446 Epoch 86/500
2025-01-14 02:09:26,821 Current Learning Rate: 0.0009287633
2025-01-14 02:09:26,822 Train Loss: 0.0006136, Val Loss: 0.0007332
2025-01-14 02:09:26,822 Epoch 87/500
2025-01-14 02:11:45,150 Current Learning Rate: 0.0009271387
2025-01-14 02:11:45,151 Train Loss: 0.0006094, Val Loss: 0.0007286
2025-01-14 02:11:45,151 Epoch 88/500
2025-01-14 02:14:03,592 Current Learning Rate: 0.0009254972
2025-01-14 02:14:03,593 Train Loss: 0.0006078, Val Loss: 0.0007293
2025-01-14 02:14:03,593 Epoch 89/500
2025-01-14 02:16:21,716 Current Learning Rate: 0.0009238390
2025-01-14 02:16:21,716 Train Loss: 0.0006045, Val Loss: 0.0007341
2025-01-14 02:16:21,716 Epoch 90/500
2025-01-14 02:18:39,864 Current Learning Rate: 0.0009221640
2025-01-14 02:18:39,940 Train Loss: 0.0006010, Val Loss: 0.0007234
2025-01-14 02:18:39,941 Epoch 91/500
2025-01-14 02:20:58,529 Current Learning Rate: 0.0009204723
2025-01-14 02:20:58,600 Train Loss: 0.0005996, Val Loss: 0.0007166
2025-01-14 02:20:58,600 Epoch 92/500
2025-01-14 02:23:16,828 Current Learning Rate: 0.0009187640
2025-01-14 02:23:16,829 Train Loss: 0.0005976, Val Loss: 0.0007228
2025-01-14 02:23:16,829 Epoch 93/500
2025-01-14 02:25:35,274 Current Learning Rate: 0.0009170392
2025-01-14 02:25:35,274 Train Loss: 0.0005910, Val Loss: 0.0007201
2025-01-14 02:25:35,275 Epoch 94/500
2025-01-14 02:27:53,675 Current Learning Rate: 0.0009152979
2025-01-14 02:27:53,676 Train Loss: 0.0005877, Val Loss: 0.0007174
2025-01-14 02:27:53,676 Epoch 95/500
2025-01-14 02:30:11,873 Current Learning Rate: 0.0009135403
2025-01-14 02:30:11,934 Train Loss: 0.0005831, Val Loss: 0.0006999
2025-01-14 02:30:11,934 Epoch 96/500
2025-01-14 02:32:30,263 Current Learning Rate: 0.0009117663
2025-01-14 02:32:30,264 Train Loss: 0.0005868, Val Loss: 0.0007064
2025-01-14 02:32:30,264 Epoch 97/500
2025-01-14 02:34:48,770 Current Learning Rate: 0.0009099761
2025-01-14 02:34:48,770 Train Loss: 0.0005812, Val Loss: 0.0007075
2025-01-14 02:34:48,770 Epoch 98/500
2025-01-14 02:37:07,226 Current Learning Rate: 0.0009081696
2025-01-14 02:37:07,227 Train Loss: 0.0005791, Val Loss: 0.0007139
2025-01-14 02:37:07,227 Epoch 99/500
2025-01-14 02:39:25,553 Current Learning Rate: 0.0009063471
2025-01-14 02:39:25,553 Train Loss: 0.0005759, Val Loss: 0.0007024
2025-01-14 02:39:25,554 Epoch 100/500
2025-01-14 02:41:44,164 Current Learning Rate: 0.0009045085
2025-01-14 02:41:44,165 Train Loss: 0.0005741, Val Loss: 0.0007039
2025-01-14 02:41:44,165 Epoch 101/500
2025-01-14 02:44:02,363 Current Learning Rate: 0.0009026539
2025-01-14 02:44:02,364 Train Loss: 0.0005709, Val Loss: 0.0007034
2025-01-14 02:44:02,364 Epoch 102/500
2025-01-14 02:46:20,484 Current Learning Rate: 0.0009007835
2025-01-14 02:46:20,484 Train Loss: 0.0005680, Val Loss: 0.0007088
2025-01-14 02:46:20,484 Epoch 103/500
2025-01-14 02:48:38,641 Current Learning Rate: 0.0008988972
2025-01-14 02:48:38,710 Train Loss: 0.0005676, Val Loss: 0.0006979
2025-01-14 02:48:38,710 Epoch 104/500
2025-01-14 02:50:57,015 Current Learning Rate: 0.0008969952
2025-01-14 02:50:57,082 Train Loss: 0.0005652, Val Loss: 0.0006973
2025-01-14 02:50:57,082 Epoch 105/500
2025-01-14 02:53:15,303 Current Learning Rate: 0.0008950775
2025-01-14 02:53:15,375 Train Loss: 0.0005597, Val Loss: 0.0006912
2025-01-14 02:53:15,375 Epoch 106/500
2025-01-14 02:55:33,542 Current Learning Rate: 0.0008931442
2025-01-14 02:55:33,543 Train Loss: 0.0005629, Val Loss: 0.0006976
2025-01-14 02:55:33,544 Epoch 107/500
2025-01-14 02:57:51,719 Current Learning Rate: 0.0008911954
2025-01-14 02:57:51,720 Train Loss: 0.0005564, Val Loss: 0.0007006
2025-01-14 02:57:51,720 Epoch 108/500
2025-01-14 03:00:10,112 Current Learning Rate: 0.0008892312
2025-01-14 03:00:10,112 Train Loss: 0.0005562, Val Loss: 0.0006948
2025-01-14 03:00:10,113 Epoch 109/500
2025-01-14 03:02:28,253 Current Learning Rate: 0.0008872515
2025-01-14 03:02:28,317 Train Loss: 0.0005549, Val Loss: 0.0006849
2025-01-14 03:02:28,317 Epoch 110/500
2025-01-14 03:04:46,389 Current Learning Rate: 0.0008852566
2025-01-14 03:04:46,455 Train Loss: 0.0005520, Val Loss: 0.0006784
2025-01-14 03:04:46,456 Epoch 111/500
2025-01-14 03:07:04,530 Current Learning Rate: 0.0008832465
2025-01-14 03:07:04,531 Train Loss: 0.0005473, Val Loss: 0.0006868
2025-01-14 03:07:04,531 Epoch 112/500
2025-01-14 03:09:22,570 Current Learning Rate: 0.0008812213
2025-01-14 03:09:22,571 Train Loss: 0.0005467, Val Loss: 0.0006809
2025-01-14 03:09:22,571 Epoch 113/500
2025-01-14 03:11:40,700 Current Learning Rate: 0.0008791810
2025-01-14 03:11:40,700 Train Loss: 0.0005502, Val Loss: 0.0006885
2025-01-14 03:11:40,700 Epoch 114/500
2025-01-14 03:13:58,951 Current Learning Rate: 0.0008771257
2025-01-14 03:13:58,951 Train Loss: 0.0005450, Val Loss: 0.0006818
2025-01-14 03:13:58,951 Epoch 115/500
2025-01-14 03:16:17,178 Current Learning Rate: 0.0008750555
2025-01-14 03:16:17,247 Train Loss: 0.0005401, Val Loss: 0.0006716
2025-01-14 03:16:17,248 Epoch 116/500
2025-01-14 03:18:35,482 Current Learning Rate: 0.0008729706
2025-01-14 03:18:35,482 Train Loss: 0.0005376, Val Loss: 0.0006836
2025-01-14 03:18:35,482 Epoch 117/500
2025-01-14 03:20:54,353 Current Learning Rate: 0.0008708709
2025-01-14 03:20:54,420 Train Loss: 0.0005365, Val Loss: 0.0006712
2025-01-14 03:20:54,420 Epoch 118/500
2025-01-14 03:23:12,992 Current Learning Rate: 0.0008687566
2025-01-14 03:23:12,992 Train Loss: 0.0005343, Val Loss: 0.0006784
2025-01-14 03:23:12,992 Epoch 119/500
2025-01-14 03:25:31,371 Current Learning Rate: 0.0008666277
2025-01-14 03:25:31,371 Train Loss: 0.0005347, Val Loss: 0.0006732
2025-01-14 03:25:31,372 Epoch 120/500
2025-01-14 03:27:49,759 Current Learning Rate: 0.0008644843
2025-01-14 03:27:49,759 Train Loss: 0.0005307, Val Loss: 0.0006720
2025-01-14 03:27:49,760 Epoch 121/500
2025-01-14 03:30:08,506 Current Learning Rate: 0.0008623266
2025-01-14 03:30:08,507 Train Loss: 0.0005286, Val Loss: 0.0006771
2025-01-14 03:30:08,507 Epoch 122/500
2025-01-14 03:32:26,934 Current Learning Rate: 0.0008601545
2025-01-14 03:32:27,015 Train Loss: 0.0005285, Val Loss: 0.0006651
2025-01-14 03:32:27,015 Epoch 123/500
2025-01-14 03:34:45,483 Current Learning Rate: 0.0008579682
2025-01-14 03:34:45,484 Train Loss: 0.0005268, Val Loss: 0.0006694
2025-01-14 03:34:45,484 Epoch 124/500
2025-01-14 03:37:03,895 Current Learning Rate: 0.0008557678
2025-01-14 03:37:03,967 Train Loss: 0.0005257, Val Loss: 0.0006602
2025-01-14 03:37:03,968 Epoch 125/500
2025-01-14 03:39:22,484 Current Learning Rate: 0.0008535534
2025-01-14 03:39:22,485 Train Loss: 0.0005212, Val Loss: 0.0006688
2025-01-14 03:39:22,485 Epoch 126/500
2025-01-14 03:41:40,724 Current Learning Rate: 0.0008513250
2025-01-14 03:41:40,725 Train Loss: 0.0005194, Val Loss: 0.0006650
2025-01-14 03:41:40,725 Epoch 127/500
2025-01-14 03:43:59,266 Current Learning Rate: 0.0008490827
2025-01-14 03:43:59,267 Train Loss: 0.0005212, Val Loss: 0.0006614
2025-01-14 03:43:59,267 Epoch 128/500
2025-01-14 03:46:17,844 Current Learning Rate: 0.0008468267
2025-01-14 03:46:17,845 Train Loss: 0.0005194, Val Loss: 0.0006662
2025-01-14 03:46:17,845 Epoch 129/500
2025-01-14 03:48:36,403 Current Learning Rate: 0.0008445569
2025-01-14 03:48:36,475 Train Loss: 0.0005166, Val Loss: 0.0006595
2025-01-14 03:48:36,475 Epoch 130/500
2025-01-14 03:50:55,017 Current Learning Rate: 0.0008422736
2025-01-14 03:50:55,121 Train Loss: 0.0005148, Val Loss: 0.0006532
2025-01-14 03:50:55,121 Epoch 131/500
2025-01-14 03:53:13,446 Current Learning Rate: 0.0008399767
2025-01-14 03:53:13,516 Train Loss: 0.0005099, Val Loss: 0.0006522
2025-01-14 03:53:13,516 Epoch 132/500
2025-01-14 03:55:32,255 Current Learning Rate: 0.0008376664
2025-01-14 03:55:32,256 Train Loss: 0.0005075, Val Loss: 0.0006581
2025-01-14 03:55:32,256 Epoch 133/500
2025-01-14 03:57:50,788 Current Learning Rate: 0.0008353428
2025-01-14 03:57:50,789 Train Loss: 0.0005113, Val Loss: 0.0006617
2025-01-14 03:57:50,789 Epoch 134/500
2025-01-14 04:00:09,174 Current Learning Rate: 0.0008330059
2025-01-14 04:00:09,243 Train Loss: 0.0005071, Val Loss: 0.0006521
2025-01-14 04:00:09,243 Epoch 135/500
2025-01-14 04:02:27,345 Current Learning Rate: 0.0008306559
2025-01-14 04:02:27,346 Train Loss: 0.0005048, Val Loss: 0.0006558
2025-01-14 04:02:27,346 Epoch 136/500
2025-01-14 04:04:45,650 Current Learning Rate: 0.0008282929
2025-01-14 04:04:45,651 Train Loss: 0.0005051, Val Loss: 0.0006523
2025-01-14 04:04:45,651 Epoch 137/500
2025-01-14 04:07:04,091 Current Learning Rate: 0.0008259169
2025-01-14 04:07:04,155 Train Loss: 0.0005050, Val Loss: 0.0006509
2025-01-14 04:07:04,155 Epoch 138/500
2025-01-14 04:09:22,515 Current Learning Rate: 0.0008235280
2025-01-14 04:09:22,574 Train Loss: 0.0004997, Val Loss: 0.0006506
2025-01-14 04:09:22,575 Epoch 139/500
2025-01-14 04:11:40,972 Current Learning Rate: 0.0008211263
2025-01-14 04:11:41,033 Train Loss: 0.0005012, Val Loss: 0.0006501
2025-01-14 04:11:41,033 Epoch 140/500
2025-01-14 04:13:59,467 Current Learning Rate: 0.0008187120
2025-01-14 04:13:59,528 Train Loss: 0.0004999, Val Loss: 0.0006480
2025-01-14 04:13:59,528 Epoch 141/500
2025-01-14 04:16:17,638 Current Learning Rate: 0.0008162851
2025-01-14 04:16:17,697 Train Loss: 0.0004968, Val Loss: 0.0006475
2025-01-14 04:16:17,697 Epoch 142/500
2025-01-14 04:18:36,189 Current Learning Rate: 0.0008138457
2025-01-14 04:18:36,259 Train Loss: 0.0004974, Val Loss: 0.0006449
2025-01-14 04:18:36,260 Epoch 143/500
2025-01-14 04:20:54,489 Current Learning Rate: 0.0008113939
2025-01-14 04:20:54,490 Train Loss: 0.0004939, Val Loss: 0.0006452
2025-01-14 04:20:54,490 Epoch 144/500
2025-01-14 04:23:12,834 Current Learning Rate: 0.0008089298
2025-01-14 04:23:12,835 Train Loss: 0.0004929, Val Loss: 0.0006486
2025-01-14 04:23:12,835 Epoch 145/500
2025-01-14 04:25:31,516 Current Learning Rate: 0.0008064535
2025-01-14 04:25:31,516 Train Loss: 0.0004906, Val Loss: 0.0006457
2025-01-14 04:25:31,516 Epoch 146/500
2025-01-14 04:27:50,021 Current Learning Rate: 0.0008039651
2025-01-14 04:27:50,103 Train Loss: 0.0004875, Val Loss: 0.0006441
2025-01-14 04:27:50,104 Epoch 147/500
2025-01-14 04:30:08,460 Current Learning Rate: 0.0008014648
2025-01-14 04:30:08,520 Train Loss: 0.0004889, Val Loss: 0.0006354
2025-01-14 04:30:08,520 Epoch 148/500
2025-01-14 04:32:27,197 Current Learning Rate: 0.0007989525
2025-01-14 04:32:27,198 Train Loss: 0.0004861, Val Loss: 0.0006423
2025-01-14 04:32:27,198 Epoch 149/500
2025-01-14 04:34:45,801 Current Learning Rate: 0.0007964284
2025-01-14 04:34:45,801 Train Loss: 0.0004868, Val Loss: 0.0006461
2025-01-14 04:34:45,802 Epoch 150/500
2025-01-14 04:37:04,070 Current Learning Rate: 0.0007938926
2025-01-14 04:37:04,070 Train Loss: 0.0004856, Val Loss: 0.0006365
2025-01-14 04:37:04,071 Epoch 151/500
2025-01-14 04:39:22,770 Current Learning Rate: 0.0007913452
2025-01-14 04:39:22,770 Train Loss: 0.0004831, Val Loss: 0.0006429
2025-01-14 04:39:22,771 Epoch 152/500
2025-01-14 04:41:41,246 Current Learning Rate: 0.0007887864
2025-01-14 04:41:41,247 Train Loss: 0.0004847, Val Loss: 0.0006375
2025-01-14 04:41:41,247 Epoch 153/500
2025-01-14 04:43:59,539 Current Learning Rate: 0.0007862161
2025-01-14 04:43:59,604 Train Loss: 0.0004782, Val Loss: 0.0006343
2025-01-14 04:43:59,604 Epoch 154/500
2025-01-14 04:46:17,848 Current Learning Rate: 0.0007836345
2025-01-14 04:46:17,905 Train Loss: 0.0004783, Val Loss: 0.0006337
2025-01-14 04:46:17,905 Epoch 155/500
2025-01-14 04:48:36,229 Current Learning Rate: 0.0007810417
2025-01-14 04:48:36,230 Train Loss: 0.0004754, Val Loss: 0.0006342
2025-01-14 04:48:36,230 Epoch 156/500
2025-01-14 04:50:54,780 Current Learning Rate: 0.0007784378
2025-01-14 04:50:54,781 Train Loss: 0.0004763, Val Loss: 0.0006398
2025-01-14 04:50:54,781 Epoch 157/500
2025-01-14 04:53:14,131 Current Learning Rate: 0.0007758229
2025-01-14 04:53:14,204 Train Loss: 0.0004743, Val Loss: 0.0006326
2025-01-14 04:53:14,204 Epoch 158/500
2025-01-14 04:55:33,515 Current Learning Rate: 0.0007731972
2025-01-14 04:55:33,515 Train Loss: 0.0004775, Val Loss: 0.0006363
2025-01-14 04:55:33,516 Epoch 159/500
2025-01-14 04:57:52,647 Current Learning Rate: 0.0007705606
2025-01-14 04:57:52,715 Train Loss: 0.0004744, Val Loss: 0.0006285
2025-01-14 04:57:52,715 Epoch 160/500
2025-01-14 05:00:11,291 Current Learning Rate: 0.0007679134
2025-01-14 05:00:11,291 Train Loss: 0.0004702, Val Loss: 0.0006364
2025-01-14 05:00:11,291 Epoch 161/500
2025-01-14 05:02:29,890 Current Learning Rate: 0.0007652556
2025-01-14 05:02:29,891 Train Loss: 0.0004713, Val Loss: 0.0006350
2025-01-14 05:02:29,891 Epoch 162/500
2025-01-14 05:04:48,406 Current Learning Rate: 0.0007625873
2025-01-14 05:04:48,464 Train Loss: 0.0004715, Val Loss: 0.0006250
2025-01-14 05:04:48,465 Epoch 163/500
2025-01-14 05:07:06,781 Current Learning Rate: 0.0007599087
2025-01-14 05:07:06,782 Train Loss: 0.0004699, Val Loss: 0.0006254
2025-01-14 05:07:06,782 Epoch 164/500
2025-01-14 05:09:24,853 Current Learning Rate: 0.0007572198
2025-01-14 05:09:24,854 Train Loss: 0.0004688, Val Loss: 0.0006279
2025-01-14 05:09:24,854 Epoch 165/500
2025-01-14 05:11:43,158 Current Learning Rate: 0.0007545207
2025-01-14 05:11:43,159 Train Loss: 0.0004678, Val Loss: 0.0006276
2025-01-14 05:11:43,159 Epoch 166/500
2025-01-14 05:14:01,384 Current Learning Rate: 0.0007518116
2025-01-14 05:14:01,455 Train Loss: 0.0004637, Val Loss: 0.0006239
2025-01-14 05:14:01,455 Epoch 167/500
2025-01-14 05:16:19,792 Current Learning Rate: 0.0007490926
2025-01-14 05:16:19,793 Train Loss: 0.0004640, Val Loss: 0.0006280
2025-01-14 05:16:19,793 Epoch 168/500
2025-01-14 05:18:38,316 Current Learning Rate: 0.0007463637
2025-01-14 05:18:38,316 Train Loss: 0.0004621, Val Loss: 0.0006248
2025-01-14 05:18:38,316 Epoch 169/500
2025-01-14 05:20:56,760 Current Learning Rate: 0.0007436251
2025-01-14 05:20:56,824 Train Loss: 0.0004612, Val Loss: 0.0006200
2025-01-14 05:20:56,824 Epoch 170/500
2025-01-14 05:23:15,760 Current Learning Rate: 0.0007408768
2025-01-14 05:23:15,761 Train Loss: 0.0004598, Val Loss: 0.0006284
2025-01-14 05:23:15,761 Epoch 171/500
2025-01-14 05:25:34,519 Current Learning Rate: 0.0007381191
2025-01-14 05:25:34,520 Train Loss: 0.0004575, Val Loss: 0.0006417
2025-01-14 05:25:34,520 Epoch 172/500
2025-01-14 05:27:53,282 Current Learning Rate: 0.0007353520
2025-01-14 05:27:53,283 Train Loss: 0.0004585, Val Loss: 0.0006222
2025-01-14 05:27:53,283 Epoch 173/500
2025-01-14 05:30:11,592 Current Learning Rate: 0.0007325755
2025-01-14 05:30:11,593 Train Loss: 0.0004563, Val Loss: 0.0006211
2025-01-14 05:30:11,593 Epoch 174/500
2025-01-14 05:32:30,275 Current Learning Rate: 0.0007297899
2025-01-14 05:32:30,364 Train Loss: 0.0004581, Val Loss: 0.0006195
2025-01-14 05:32:30,364 Epoch 175/500
2025-01-14 05:34:49,618 Current Learning Rate: 0.0007269952
2025-01-14 05:34:49,696 Train Loss: 0.0004553, Val Loss: 0.0006191
2025-01-14 05:34:49,696 Epoch 176/500
2025-01-14 05:37:08,912 Current Learning Rate: 0.0007241916
2025-01-14 05:37:08,912 Train Loss: 0.0004513, Val Loss: 0.0006227
2025-01-14 05:37:08,913 Epoch 177/500
2025-01-14 05:39:27,862 Current Learning Rate: 0.0007213791
2025-01-14 05:39:27,863 Train Loss: 0.0004535, Val Loss: 0.0006214
2025-01-14 05:39:27,864 Epoch 178/500
2025-01-14 05:41:46,856 Current Learning Rate: 0.0007185579
2025-01-14 05:41:46,924 Train Loss: 0.0004554, Val Loss: 0.0006175
2025-01-14 05:41:46,924 Epoch 179/500
2025-01-14 05:44:05,924 Current Learning Rate: 0.0007157280
2025-01-14 05:44:05,990 Train Loss: 0.0004505, Val Loss: 0.0006121
2025-01-14 05:44:05,991 Epoch 180/500
2025-01-14 05:46:25,019 Current Learning Rate: 0.0007128896
2025-01-14 05:46:25,020 Train Loss: 0.0004504, Val Loss: 0.0006150
2025-01-14 05:46:25,020 Epoch 181/500
2025-01-14 05:48:43,821 Current Learning Rate: 0.0007100429
2025-01-14 05:48:43,822 Train Loss: 0.0004497, Val Loss: 0.0006126
2025-01-14 05:48:43,822 Epoch 182/500
2025-01-14 05:51:02,641 Current Learning Rate: 0.0007071878
2025-01-14 05:51:02,641 Train Loss: 0.0004471, Val Loss: 0.0006122
2025-01-14 05:51:02,642 Epoch 183/500
2025-01-14 05:53:21,681 Current Learning Rate: 0.0007043245
2025-01-14 05:53:21,761 Train Loss: 0.0004484, Val Loss: 0.0006113
2025-01-14 05:53:21,761 Epoch 184/500
2025-01-14 05:55:40,173 Current Learning Rate: 0.0007014532
2025-01-14 05:55:40,173 Train Loss: 0.0004453, Val Loss: 0.0006145
2025-01-14 05:55:40,174 Epoch 185/500
2025-01-14 05:57:58,268 Current Learning Rate: 0.0006985739
2025-01-14 05:57:58,336 Train Loss: 0.0004464, Val Loss: 0.0006055
2025-01-14 05:57:58,336 Epoch 186/500
2025-01-14 06:00:16,857 Current Learning Rate: 0.0006956868
2025-01-14 06:00:16,858 Train Loss: 0.0004420, Val Loss: 0.0006119
2025-01-14 06:00:16,858 Epoch 187/500
2025-01-14 06:02:35,435 Current Learning Rate: 0.0006927920
2025-01-14 06:02:35,436 Train Loss: 0.0004446, Val Loss: 0.0006197
2025-01-14 06:02:35,436 Epoch 188/500
2025-01-14 06:04:54,029 Current Learning Rate: 0.0006898895
2025-01-14 06:04:54,029 Train Loss: 0.0004431, Val Loss: 0.0006071
2025-01-14 06:04:54,030 Epoch 189/500
2025-01-14 06:07:12,516 Current Learning Rate: 0.0006869796
2025-01-14 06:07:12,516 Train Loss: 0.0004423, Val Loss: 0.0006136
2025-01-14 06:07:12,517 Epoch 190/500
2025-01-14 06:09:31,281 Current Learning Rate: 0.0006840623
2025-01-14 06:09:31,281 Train Loss: 0.0004416, Val Loss: 0.0006068
2025-01-14 06:09:31,282 Epoch 191/500
2025-01-14 06:11:49,825 Current Learning Rate: 0.0006811377
2025-01-14 06:11:49,826 Train Loss: 0.0004398, Val Loss: 0.0006098
2025-01-14 06:11:49,826 Epoch 192/500
2025-01-14 06:14:08,660 Current Learning Rate: 0.0006782059
2025-01-14 06:14:08,661 Train Loss: 0.0004393, Val Loss: 0.0006078
2025-01-14 06:14:08,661 Epoch 193/500
2025-01-14 06:16:27,393 Current Learning Rate: 0.0006752672
2025-01-14 06:16:27,394 Train Loss: 0.0004356, Val Loss: 0.0006070
2025-01-14 06:16:27,394 Epoch 194/500
2025-01-14 06:18:45,749 Current Learning Rate: 0.0006723215
2025-01-14 06:18:45,749 Train Loss: 0.0004350, Val Loss: 0.0006080
2025-01-14 06:18:45,749 Epoch 195/500
2025-01-14 06:21:03,914 Current Learning Rate: 0.0006693690
2025-01-14 06:21:03,983 Train Loss: 0.0004352, Val Loss: 0.0006032
2025-01-14 06:21:03,983 Epoch 196/500
2025-01-14 06:23:22,387 Current Learning Rate: 0.0006664098
2025-01-14 06:23:22,388 Train Loss: 0.0004349, Val Loss: 0.0006077
2025-01-14 06:23:22,388 Epoch 197/500
2025-01-14 06:25:40,791 Current Learning Rate: 0.0006634440
2025-01-14 06:25:40,792 Train Loss: 0.0004310, Val Loss: 0.0006075
2025-01-14 06:25:40,792 Epoch 198/500
2025-01-14 06:27:59,545 Current Learning Rate: 0.0006604718
2025-01-14 06:27:59,615 Train Loss: 0.0004341, Val Loss: 0.0005997
2025-01-14 06:27:59,615 Epoch 199/500
2025-01-14 06:30:18,632 Current Learning Rate: 0.0006574933
2025-01-14 06:30:18,633 Train Loss: 0.0004306, Val Loss: 0.0006075
2025-01-14 06:30:18,633 Epoch 200/500
2025-01-14 06:32:37,482 Current Learning Rate: 0.0006545085
2025-01-14 06:32:37,482 Train Loss: 0.0004307, Val Loss: 0.0006057
2025-01-14 06:32:37,483 Epoch 201/500
2025-01-14 06:34:56,272 Current Learning Rate: 0.0006515176
2025-01-14 06:34:56,272 Train Loss: 0.0004307, Val Loss: 0.0006055
2025-01-14 06:34:56,273 Epoch 202/500
2025-01-14 06:37:15,057 Current Learning Rate: 0.0006485208
2025-01-14 06:37:15,058 Train Loss: 0.0004287, Val Loss: 0.0006055
2025-01-14 06:37:15,058 Epoch 203/500
2025-01-14 06:39:33,735 Current Learning Rate: 0.0006455181
2025-01-14 06:39:33,736 Train Loss: 0.0004280, Val Loss: 0.0006032
2025-01-14 06:39:33,736 Epoch 204/500
2025-01-14 06:41:52,288 Current Learning Rate: 0.0006425096
2025-01-14 06:41:52,288 Train Loss: 0.0004283, Val Loss: 0.0006002
2025-01-14 06:41:52,289 Epoch 205/500
2025-01-14 06:44:10,792 Current Learning Rate: 0.0006394956
2025-01-14 06:44:10,793 Train Loss: 0.0004274, Val Loss: 0.0006032
2025-01-14 06:44:10,793 Epoch 206/500
2025-01-14 06:46:29,136 Current Learning Rate: 0.0006364760
2025-01-14 06:46:29,137 Train Loss: 0.0004265, Val Loss: 0.0006019
2025-01-14 06:46:29,137 Epoch 207/500
2025-01-14 06:48:47,845 Current Learning Rate: 0.0006334510
2025-01-14 06:48:47,846 Train Loss: 0.0004280, Val Loss: 0.0006004
2025-01-14 06:48:47,846 Epoch 208/500
2025-01-14 06:51:06,548 Current Learning Rate: 0.0006304208
2025-01-14 06:51:06,617 Train Loss: 0.0004253, Val Loss: 0.0005983
2025-01-14 06:51:06,618 Epoch 209/500
2025-01-14 06:53:24,945 Current Learning Rate: 0.0006273854
2025-01-14 06:53:24,945 Train Loss: 0.0004231, Val Loss: 0.0005998
2025-01-14 06:53:24,946 Epoch 210/500
2025-01-14 06:55:43,123 Current Learning Rate: 0.0006243449
2025-01-14 06:55:43,124 Train Loss: 0.0004241, Val Loss: 0.0005992
2025-01-14 06:55:43,124 Epoch 211/500
2025-01-14 06:58:01,101 Current Learning Rate: 0.0006212996
2025-01-14 06:58:01,102 Train Loss: 0.0004223, Val Loss: 0.0006050
2025-01-14 06:58:01,102 Epoch 212/500
2025-01-14 07:00:19,078 Current Learning Rate: 0.0006182495
2025-01-14 07:00:19,079 Train Loss: 0.0004229, Val Loss: 0.0006006
2025-01-14 07:00:19,079 Epoch 213/500
2025-01-14 07:02:37,036 Current Learning Rate: 0.0006151947
2025-01-14 07:02:37,037 Train Loss: 0.0004178, Val Loss: 0.0006082
2025-01-14 07:02:37,037 Epoch 214/500
2025-01-14 07:04:55,030 Current Learning Rate: 0.0006121354
2025-01-14 07:04:55,031 Train Loss: 0.0004181, Val Loss: 0.0006102
2025-01-14 07:04:55,031 Epoch 215/500
2025-01-14 07:07:12,993 Current Learning Rate: 0.0006090716
2025-01-14 07:07:12,994 Train Loss: 0.0004205, Val Loss: 0.0005997
2025-01-14 07:07:12,994 Epoch 216/500
2025-01-14 07:09:30,947 Current Learning Rate: 0.0006060036
2025-01-14 07:09:30,948 Train Loss: 0.0004178, Val Loss: 0.0006022
2025-01-14 07:09:30,948 Epoch 217/500
2025-01-14 07:11:49,129 Current Learning Rate: 0.0006029313
2025-01-14 07:11:49,195 Train Loss: 0.0004175, Val Loss: 0.0005935
2025-01-14 07:11:49,195 Epoch 218/500
2025-01-14 07:14:07,499 Current Learning Rate: 0.0005998550
2025-01-14 07:14:07,565 Train Loss: 0.0004177, Val Loss: 0.0005925
2025-01-14 07:14:07,565 Epoch 219/500
2025-01-14 07:16:25,785 Current Learning Rate: 0.0005967747
2025-01-14 07:16:25,786 Train Loss: 0.0004155, Val Loss: 0.0006009
2025-01-14 07:16:25,786 Epoch 220/500
2025-01-14 07:18:43,868 Current Learning Rate: 0.0005936907
2025-01-14 07:18:43,868 Train Loss: 0.0004160, Val Loss: 0.0006016
2025-01-14 07:18:43,868 Epoch 221/500
2025-01-14 07:21:01,879 Current Learning Rate: 0.0005906029
2025-01-14 07:21:01,880 Train Loss: 0.0004143, Val Loss: 0.0006010
2025-01-14 07:21:01,880 Epoch 222/500
2025-01-14 07:23:19,936 Current Learning Rate: 0.0005875115
2025-01-14 07:23:19,937 Train Loss: 0.0004156, Val Loss: 0.0005965
2025-01-14 07:23:19,937 Epoch 223/500
2025-01-14 07:25:37,976 Current Learning Rate: 0.0005844167
2025-01-14 07:25:37,977 Train Loss: 0.0004142, Val Loss: 0.0005968
2025-01-14 07:25:37,977 Epoch 224/500
2025-01-14 07:27:56,309 Current Learning Rate: 0.0005813186
2025-01-14 07:27:56,309 Train Loss: 0.0004120, Val Loss: 0.0005939
2025-01-14 07:27:56,310 Epoch 225/500
2025-01-14 07:30:14,635 Current Learning Rate: 0.0005782172
2025-01-14 07:30:14,636 Train Loss: 0.0004113, Val Loss: 0.0006022
2025-01-14 07:30:14,636 Epoch 226/500
2025-01-14 07:32:33,060 Current Learning Rate: 0.0005751128
2025-01-14 07:32:33,127 Train Loss: 0.0004116, Val Loss: 0.0005902
2025-01-14 07:32:33,127 Epoch 227/500
2025-01-14 07:34:51,677 Current Learning Rate: 0.0005720054
2025-01-14 07:34:51,677 Train Loss: 0.0004115, Val Loss: 0.0005921
2025-01-14 07:34:51,677 Epoch 228/500
2025-01-14 07:37:10,447 Current Learning Rate: 0.0005688951
2025-01-14 07:37:10,448 Train Loss: 0.0004087, Val Loss: 0.0005924
2025-01-14 07:37:10,448 Epoch 229/500
2025-01-14 07:39:29,613 Current Learning Rate: 0.0005657822
2025-01-14 07:39:29,613 Train Loss: 0.0004094, Val Loss: 0.0005942
2025-01-14 07:39:29,613 Epoch 230/500
2025-01-14 07:41:48,338 Current Learning Rate: 0.0005626666
2025-01-14 07:41:48,338 Train Loss: 0.0004095, Val Loss: 0.0005928
2025-01-14 07:41:48,338 Epoch 231/500
2025-01-14 07:44:06,812 Current Learning Rate: 0.0005595486
2025-01-14 07:44:06,813 Train Loss: 0.0004059, Val Loss: 0.0005919
2025-01-14 07:44:06,814 Epoch 232/500
2025-01-14 07:46:25,216 Current Learning Rate: 0.0005564282
2025-01-14 07:46:25,217 Train Loss: 0.0004094, Val Loss: 0.0005952
2025-01-14 07:46:25,218 Epoch 233/500
2025-01-14 07:48:43,502 Current Learning Rate: 0.0005533056
2025-01-14 07:48:43,569 Train Loss: 0.0004060, Val Loss: 0.0005844
2025-01-14 07:48:43,569 Epoch 234/500
2025-01-14 07:51:01,848 Current Learning Rate: 0.0005501809
2025-01-14 07:51:01,849 Train Loss: 0.0004076, Val Loss: 0.0005941
2025-01-14 07:51:01,849 Epoch 235/500
2025-01-14 07:53:20,404 Current Learning Rate: 0.0005470542
2025-01-14 07:53:20,405 Train Loss: 0.0004026, Val Loss: 0.0005867
2025-01-14 07:53:20,405 Epoch 236/500
2025-01-14 07:55:39,138 Current Learning Rate: 0.0005439256
2025-01-14 07:55:39,139 Train Loss: 0.0004042, Val Loss: 0.0005884
2025-01-14 07:55:39,139 Epoch 237/500
2025-01-14 07:57:57,877 Current Learning Rate: 0.0005407953
2025-01-14 07:57:57,937 Train Loss: 0.0004046, Val Loss: 0.0005840
2025-01-14 07:57:57,937 Epoch 238/500
2025-01-14 08:00:16,483 Current Learning Rate: 0.0005376634
2025-01-14 08:00:16,484 Train Loss: 0.0004032, Val Loss: 0.0005939
2025-01-14 08:00:16,484 Epoch 239/500
2025-01-14 08:02:34,925 Current Learning Rate: 0.0005345300
2025-01-14 08:02:34,925 Train Loss: 0.0004005, Val Loss: 0.0005846
2025-01-14 08:02:34,925 Epoch 240/500
2025-01-14 08:04:53,128 Current Learning Rate: 0.0005313953
2025-01-14 08:04:53,129 Train Loss: 0.0003999, Val Loss: 0.0005890
2025-01-14 08:04:53,129 Epoch 241/500
2025-01-14 08:07:11,352 Current Learning Rate: 0.0005282593
2025-01-14 08:07:11,418 Train Loss: 0.0003985, Val Loss: 0.0005831
2025-01-14 08:07:11,418 Epoch 242/500
2025-01-14 08:09:29,582 Current Learning Rate: 0.0005251222
2025-01-14 08:09:29,583 Train Loss: 0.0003990, Val Loss: 0.0005835
2025-01-14 08:09:29,583 Epoch 243/500
2025-01-14 08:11:47,620 Current Learning Rate: 0.0005219841
2025-01-14 08:11:47,620 Train Loss: 0.0003985, Val Loss: 0.0005866
2025-01-14 08:11:47,621 Epoch 244/500
2025-01-14 08:14:05,843 Current Learning Rate: 0.0005188451
2025-01-14 08:14:05,843 Train Loss: 0.0003981, Val Loss: 0.0005893
2025-01-14 08:14:05,843 Epoch 245/500
2025-01-14 08:16:23,856 Current Learning Rate: 0.0005157054
2025-01-14 08:16:23,926 Train Loss: 0.0004002, Val Loss: 0.0005820
2025-01-14 08:16:23,926 Epoch 246/500
2025-01-14 08:18:41,999 Current Learning Rate: 0.0005125650
2025-01-14 08:18:42,000 Train Loss: 0.0003983, Val Loss: 0.0005889
2025-01-14 08:18:42,000 Epoch 247/500
2025-01-14 08:21:00,019 Current Learning Rate: 0.0005094242
2025-01-14 08:21:00,020 Train Loss: 0.0003975, Val Loss: 0.0005865
2025-01-14 08:21:00,020 Epoch 248/500
2025-01-14 08:23:18,143 Current Learning Rate: 0.0005062830
2025-01-14 08:23:18,144 Train Loss: 0.0003974, Val Loss: 0.0005876
2025-01-14 08:23:18,144 Epoch 249/500
2025-01-14 08:25:36,135 Current Learning Rate: 0.0005031416
2025-01-14 08:25:36,136 Train Loss: 0.0003962, Val Loss: 0.0005910
2025-01-14 08:25:36,136 Epoch 250/500
2025-01-14 08:27:54,138 Current Learning Rate: 0.0005000000
2025-01-14 08:27:54,139 Train Loss: 0.0003937, Val Loss: 0.0005827
2025-01-14 08:27:54,139 Epoch 251/500
2025-01-14 08:30:12,109 Current Learning Rate: 0.0004968584
2025-01-14 08:30:12,110 Train Loss: 0.0003924, Val Loss: 0.0005870
2025-01-14 08:30:12,110 Epoch 252/500
2025-01-14 08:32:30,018 Current Learning Rate: 0.0004937170
2025-01-14 08:32:30,019 Train Loss: 0.0003927, Val Loss: 0.0005834
2025-01-14 08:32:30,019 Epoch 253/500
2025-01-14 08:34:48,101 Current Learning Rate: 0.0004905758
2025-01-14 08:34:48,164 Train Loss: 0.0003922, Val Loss: 0.0005793
2025-01-14 08:34:48,165 Epoch 254/500
2025-01-14 08:37:06,463 Current Learning Rate: 0.0004874350
2025-01-14 08:37:06,533 Train Loss: 0.0003935, Val Loss: 0.0005776
2025-01-14 08:37:06,533 Epoch 255/500
2025-01-14 08:39:25,217 Current Learning Rate: 0.0004842946
2025-01-14 08:39:25,219 Train Loss: 0.0003908, Val Loss: 0.0005803
2025-01-14 08:39:25,220 Epoch 256/500
2025-01-14 08:41:43,549 Current Learning Rate: 0.0004811549
2025-01-14 08:41:43,549 Train Loss: 0.0003902, Val Loss: 0.0005808
2025-01-14 08:41:43,549 Epoch 257/500
2025-01-14 08:44:01,920 Current Learning Rate: 0.0004780159
2025-01-14 08:44:01,921 Train Loss: 0.0003888, Val Loss: 0.0005792
2025-01-14 08:44:01,921 Epoch 258/500
2025-01-14 08:46:20,379 Current Learning Rate: 0.0004748778
2025-01-14 08:46:20,380 Train Loss: 0.0003883, Val Loss: 0.0005805
2025-01-14 08:46:20,380 Epoch 259/500
2025-01-14 08:48:38,867 Current Learning Rate: 0.0004717407
2025-01-14 08:48:38,867 Train Loss: 0.0003890, Val Loss: 0.0005831
2025-01-14 08:48:38,868 Epoch 260/500
2025-01-14 08:50:57,424 Current Learning Rate: 0.0004686047
2025-01-14 08:50:57,496 Train Loss: 0.0003899, Val Loss: 0.0005767
2025-01-14 08:50:57,497 Epoch 261/500
2025-01-14 08:53:15,827 Current Learning Rate: 0.0004654700
2025-01-14 08:53:15,828 Train Loss: 0.0003882, Val Loss: 0.0005795
2025-01-14 08:53:15,828 Epoch 262/500
2025-01-14 08:55:34,336 Current Learning Rate: 0.0004623366
2025-01-14 08:55:34,336 Train Loss: 0.0003870, Val Loss: 0.0005792
2025-01-14 08:55:34,336 Epoch 263/500
2025-01-14 08:57:52,568 Current Learning Rate: 0.0004592047
2025-01-14 08:57:52,569 Train Loss: 0.0003855, Val Loss: 0.0005785
2025-01-14 08:57:52,569 Epoch 264/500
2025-01-14 09:00:11,091 Current Learning Rate: 0.0004560744
2025-01-14 09:00:11,092 Train Loss: 0.0003871, Val Loss: 0.0005801
2025-01-14 09:00:11,092 Epoch 265/500
2025-01-14 09:02:30,010 Current Learning Rate: 0.0004529458
2025-01-14 09:02:30,011 Train Loss: 0.0003870, Val Loss: 0.0005807
2025-01-14 09:02:30,011 Epoch 266/500
2025-01-14 09:04:48,738 Current Learning Rate: 0.0004498191
2025-01-14 09:04:48,739 Train Loss: 0.0003832, Val Loss: 0.0005803
2025-01-14 09:04:48,739 Epoch 267/500
2025-01-14 09:07:06,727 Current Learning Rate: 0.0004466944
2025-01-14 09:07:06,727 Train Loss: 0.0003869, Val Loss: 0.0005814
2025-01-14 09:07:06,727 Epoch 268/500
2025-01-14 09:09:24,946 Current Learning Rate: 0.0004435718
2025-01-14 09:09:24,946 Train Loss: 0.0003846, Val Loss: 0.0005781
2025-01-14 09:09:24,947 Epoch 269/500
2025-01-14 09:11:43,216 Current Learning Rate: 0.0004404514
2025-01-14 09:11:43,216 Train Loss: 0.0003828, Val Loss: 0.0005808
2025-01-14 09:11:43,217 Epoch 270/500
2025-01-14 09:14:01,566 Current Learning Rate: 0.0004373334
2025-01-14 09:14:01,635 Train Loss: 0.0003841, Val Loss: 0.0005757
2025-01-14 09:14:01,635 Epoch 271/500
2025-01-14 09:16:20,016 Current Learning Rate: 0.0004342178
2025-01-14 09:16:20,016 Train Loss: 0.0003812, Val Loss: 0.0005763
2025-01-14 09:16:20,016 Epoch 272/500
2025-01-14 09:18:38,538 Current Learning Rate: 0.0004311049
2025-01-14 09:18:38,602 Train Loss: 0.0003817, Val Loss: 0.0005727
2025-01-14 09:18:38,603 Epoch 273/500
2025-01-14 09:20:56,696 Current Learning Rate: 0.0004279946
2025-01-14 09:20:56,697 Train Loss: 0.0003803, Val Loss: 0.0005764
2025-01-14 09:20:56,697 Epoch 274/500
2025-01-14 09:23:15,215 Current Learning Rate: 0.0004248872
2025-01-14 09:23:15,215 Train Loss: 0.0003799, Val Loss: 0.0005746
2025-01-14 09:23:15,216 Epoch 275/500
2025-01-14 09:25:33,931 Current Learning Rate: 0.0004217828
2025-01-14 09:25:34,003 Train Loss: 0.0003812, Val Loss: 0.0005712
2025-01-14 09:25:34,003 Epoch 276/500
2025-01-14 09:27:52,833 Current Learning Rate: 0.0004186814
2025-01-14 09:27:52,834 Train Loss: 0.0003794, Val Loss: 0.0005742
2025-01-14 09:27:52,834 Epoch 277/500
2025-01-14 09:30:11,743 Current Learning Rate: 0.0004155833
2025-01-14 09:30:11,744 Train Loss: 0.0003787, Val Loss: 0.0005744
2025-01-14 09:30:11,744 Epoch 278/500
2025-01-14 09:32:30,289 Current Learning Rate: 0.0004124885
2025-01-14 09:32:30,289 Train Loss: 0.0003775, Val Loss: 0.0005717
2025-01-14 09:32:30,290 Epoch 279/500
2025-01-14 09:34:48,597 Current Learning Rate: 0.0004093971
2025-01-14 09:34:48,597 Train Loss: 0.0003771, Val Loss: 0.0005731
2025-01-14 09:34:48,597 Epoch 280/500
2025-01-14 09:37:06,490 Current Learning Rate: 0.0004063093
2025-01-14 09:37:06,491 Train Loss: 0.0003780, Val Loss: 0.0005760
2025-01-14 09:37:06,491 Epoch 281/500
2025-01-14 09:39:24,714 Current Learning Rate: 0.0004032253
2025-01-14 09:39:24,714 Train Loss: 0.0003768, Val Loss: 0.0005767
2025-01-14 09:39:24,714 Epoch 282/500
2025-01-14 09:41:43,108 Current Learning Rate: 0.0004001450
2025-01-14 09:41:43,108 Train Loss: 0.0003779, Val Loss: 0.0005757
2025-01-14 09:41:43,108 Epoch 283/500
2025-01-14 09:44:01,380 Current Learning Rate: 0.0003970687
2025-01-14 09:44:01,380 Train Loss: 0.0003750, Val Loss: 0.0005742
2025-01-14 09:44:01,381 Epoch 284/500
2025-01-14 09:46:19,967 Current Learning Rate: 0.0003939964
2025-01-14 09:46:19,967 Train Loss: 0.0003731, Val Loss: 0.0005752
2025-01-14 09:46:19,967 Epoch 285/500
2025-01-14 09:48:38,308 Current Learning Rate: 0.0003909284
2025-01-14 09:48:38,309 Train Loss: 0.0003762, Val Loss: 0.0005732
2025-01-14 09:48:38,309 Epoch 286/500
2025-01-14 09:50:57,104 Current Learning Rate: 0.0003878646
2025-01-14 09:50:57,105 Train Loss: 0.0003743, Val Loss: 0.0005719
2025-01-14 09:50:57,105 Epoch 287/500
2025-01-14 09:53:15,568 Current Learning Rate: 0.0003848053
2025-01-14 09:53:15,568 Train Loss: 0.0003737, Val Loss: 0.0005739
2025-01-14 09:53:15,568 Epoch 288/500
2025-01-14 09:55:33,967 Current Learning Rate: 0.0003817505
2025-01-14 09:55:33,968 Train Loss: 0.0003731, Val Loss: 0.0005787
2025-01-14 09:55:33,968 Epoch 289/500
2025-01-14 09:57:52,322 Current Learning Rate: 0.0003787004
2025-01-14 09:57:52,323 Train Loss: 0.0003729, Val Loss: 0.0005715
2025-01-14 09:57:52,323 Epoch 290/500
2025-01-14 10:00:10,871 Current Learning Rate: 0.0003756551
2025-01-14 10:00:10,872 Train Loss: 0.0003737, Val Loss: 0.0005732
2025-01-14 10:00:10,872 Epoch 291/500
2025-01-14 10:02:29,594 Current Learning Rate: 0.0003726146
2025-01-14 10:02:29,667 Train Loss: 0.0003687, Val Loss: 0.0005707
2025-01-14 10:02:29,668 Epoch 292/500
2025-01-14 10:04:48,063 Current Learning Rate: 0.0003695792
2025-01-14 10:04:48,139 Train Loss: 0.0003737, Val Loss: 0.0005690
2025-01-14 10:04:48,139 Epoch 293/500
2025-01-14 10:07:06,319 Current Learning Rate: 0.0003665490
2025-01-14 10:07:06,320 Train Loss: 0.0003699, Val Loss: 0.0005698
2025-01-14 10:07:06,320 Epoch 294/500
2025-01-14 10:09:24,396 Current Learning Rate: 0.0003635240
2025-01-14 10:09:24,396 Train Loss: 0.0003711, Val Loss: 0.0005718
2025-01-14 10:09:24,397 Epoch 295/500
2025-01-14 10:11:42,618 Current Learning Rate: 0.0003605044
2025-01-14 10:11:42,619 Train Loss: 0.0003685, Val Loss: 0.0005703
2025-01-14 10:11:42,619 Epoch 296/500
2025-01-14 10:14:00,944 Current Learning Rate: 0.0003574904
2025-01-14 10:14:00,945 Train Loss: 0.0003689, Val Loss: 0.0005695
2025-01-14 10:14:00,945 Epoch 297/500
2025-01-14 10:16:19,232 Current Learning Rate: 0.0003544819
2025-01-14 10:16:19,232 Train Loss: 0.0003683, Val Loss: 0.0005714
2025-01-14 10:16:19,232 Epoch 298/500
2025-01-14 10:18:37,401 Current Learning Rate: 0.0003514792
2025-01-14 10:18:37,401 Train Loss: 0.0003684, Val Loss: 0.0005712
2025-01-14 10:18:37,402 Epoch 299/500
2025-01-14 10:20:55,826 Current Learning Rate: 0.0003484824
2025-01-14 10:20:55,826 Train Loss: 0.0003671, Val Loss: 0.0005705
2025-01-14 10:20:55,826 Epoch 300/500
2025-01-14 10:23:14,069 Current Learning Rate: 0.0003454915
2025-01-14 10:23:14,135 Train Loss: 0.0003697, Val Loss: 0.0005672
2025-01-14 10:23:14,135 Epoch 301/500
2025-01-14 10:25:32,479 Current Learning Rate: 0.0003425067
2025-01-14 10:25:32,479 Train Loss: 0.0003642, Val Loss: 0.0005719
2025-01-14 10:25:32,479 Epoch 302/500
2025-01-14 10:27:50,628 Current Learning Rate: 0.0003395282
2025-01-14 10:27:50,628 Train Loss: 0.0003676, Val Loss: 0.0005682
2025-01-14 10:27:50,629 Epoch 303/500
2025-01-14 10:30:08,822 Current Learning Rate: 0.0003365560
2025-01-14 10:30:08,823 Train Loss: 0.0003655, Val Loss: 0.0005717
2025-01-14 10:30:08,823 Epoch 304/500
2025-01-14 10:32:27,052 Current Learning Rate: 0.0003335902
2025-01-14 10:32:27,114 Train Loss: 0.0003659, Val Loss: 0.0005663
2025-01-14 10:32:27,115 Epoch 305/500
2025-01-14 10:34:45,264 Current Learning Rate: 0.0003306310
2025-01-14 10:34:45,265 Train Loss: 0.0003647, Val Loss: 0.0005688
2025-01-14 10:34:45,267 Epoch 306/500
2025-01-14 10:37:03,700 Current Learning Rate: 0.0003276785
2025-01-14 10:37:03,770 Train Loss: 0.0003632, Val Loss: 0.0005653
2025-01-14 10:37:03,771 Epoch 307/500
2025-01-14 10:39:22,006 Current Learning Rate: 0.0003247328
2025-01-14 10:39:22,006 Train Loss: 0.0003634, Val Loss: 0.0005663
2025-01-14 10:39:22,007 Epoch 308/500
2025-01-14 10:41:40,034 Current Learning Rate: 0.0003217941
2025-01-14 10:41:40,101 Train Loss: 0.0003651, Val Loss: 0.0005652
2025-01-14 10:41:40,101 Epoch 309/500
2025-01-14 10:43:58,395 Current Learning Rate: 0.0003188623
2025-01-14 10:43:58,459 Train Loss: 0.0003624, Val Loss: 0.0005646
2025-01-14 10:43:58,459 Epoch 310/500
2025-01-14 10:46:16,755 Current Learning Rate: 0.0003159377
2025-01-14 10:46:16,755 Train Loss: 0.0003619, Val Loss: 0.0005657
2025-01-14 10:46:16,755 Epoch 311/500
2025-01-14 10:48:34,972 Current Learning Rate: 0.0003130204
2025-01-14 10:48:35,033 Train Loss: 0.0003637, Val Loss: 0.0005637
2025-01-14 10:48:35,033 Epoch 312/500
2025-01-14 10:50:53,349 Current Learning Rate: 0.0003101105
2025-01-14 10:50:53,350 Train Loss: 0.0003603, Val Loss: 0.0005649
2025-01-14 10:50:53,350 Epoch 313/500
2025-01-14 10:53:11,639 Current Learning Rate: 0.0003072080
2025-01-14 10:53:11,639 Train Loss: 0.0003592, Val Loss: 0.0005688
2025-01-14 10:53:11,640 Epoch 314/500
2025-01-14 10:55:30,486 Current Learning Rate: 0.0003043132
2025-01-14 10:55:30,486 Train Loss: 0.0003598, Val Loss: 0.0005708
2025-01-14 10:55:30,487 Epoch 315/500
2025-01-14 10:57:49,134 Current Learning Rate: 0.0003014261
2025-01-14 10:57:49,135 Train Loss: 0.0003600, Val Loss: 0.0005641
2025-01-14 10:57:49,135 Epoch 316/500
2025-01-14 11:00:07,564 Current Learning Rate: 0.0002985468
2025-01-14 11:00:07,565 Train Loss: 0.0003586, Val Loss: 0.0005656
2025-01-14 11:00:07,566 Epoch 317/500
2025-01-14 11:02:26,046 Current Learning Rate: 0.0002956755
2025-01-14 11:02:26,047 Train Loss: 0.0003609, Val Loss: 0.0005658
2025-01-14 11:02:26,047 Epoch 318/500
2025-01-14 11:04:44,553 Current Learning Rate: 0.0002928122
2025-01-14 11:04:44,554 Train Loss: 0.0003588, Val Loss: 0.0005691
2025-01-14 11:04:44,554 Epoch 319/500
2025-01-14 11:07:02,977 Current Learning Rate: 0.0002899571
2025-01-14 11:07:02,978 Train Loss: 0.0003586, Val Loss: 0.0005674
2025-01-14 11:07:02,978 Epoch 320/500
2025-01-14 11:09:21,163 Current Learning Rate: 0.0002871104
2025-01-14 11:09:21,163 Train Loss: 0.0003578, Val Loss: 0.0005656
2025-01-14 11:09:21,164 Epoch 321/500
2025-01-14 11:11:39,397 Current Learning Rate: 0.0002842720
2025-01-14 11:11:39,486 Train Loss: 0.0003611, Val Loss: 0.0005635
2025-01-14 11:11:39,486 Epoch 322/500
2025-01-14 11:13:57,628 Current Learning Rate: 0.0002814421
2025-01-14 11:13:57,629 Train Loss: 0.0003579, Val Loss: 0.0005638
2025-01-14 11:13:57,629 Epoch 323/500
2025-01-14 11:16:15,628 Current Learning Rate: 0.0002786209
2025-01-14 11:16:15,628 Train Loss: 0.0003550, Val Loss: 0.0005644
2025-01-14 11:16:15,628 Epoch 324/500
2025-01-14 11:18:33,606 Current Learning Rate: 0.0002758084
2025-01-14 11:18:33,606 Train Loss: 0.0003559, Val Loss: 0.0005647
2025-01-14 11:18:33,606 Epoch 325/500
2025-01-14 11:20:51,653 Current Learning Rate: 0.0002730048
2025-01-14 11:20:51,653 Train Loss: 0.0003556, Val Loss: 0.0005636
2025-01-14 11:20:51,654 Epoch 326/500
2025-01-14 11:23:09,748 Current Learning Rate: 0.0002702101
2025-01-14 11:23:09,749 Train Loss: 0.0003565, Val Loss: 0.0005645
2025-01-14 11:23:09,749 Epoch 327/500
2025-01-14 11:25:27,908 Current Learning Rate: 0.0002674245
2025-01-14 11:25:27,909 Train Loss: 0.0003529, Val Loss: 0.0005638
2025-01-14 11:25:27,909 Epoch 328/500
2025-01-14 11:27:45,863 Current Learning Rate: 0.0002646480
2025-01-14 11:27:45,864 Train Loss: 0.0003564, Val Loss: 0.0005648
2025-01-14 11:27:45,864 Epoch 329/500
2025-01-14 11:30:04,108 Current Learning Rate: 0.0002618809
2025-01-14 11:30:04,109 Train Loss: 0.0003549, Val Loss: 0.0005638
2025-01-14 11:30:04,109 Epoch 330/500
2025-01-14 11:32:22,281 Current Learning Rate: 0.0002591232
2025-01-14 11:32:22,282 Train Loss: 0.0003534, Val Loss: 0.0005644
2025-01-14 11:32:22,282 Epoch 331/500
2025-01-14 11:34:40,443 Current Learning Rate: 0.0002563749
2025-01-14 11:34:40,632 Train Loss: 0.0003527, Val Loss: 0.0005632
2025-01-14 11:34:40,632 Epoch 332/500
2025-01-14 11:36:58,839 Current Learning Rate: 0.0002536363
2025-01-14 11:36:58,904 Train Loss: 0.0003546, Val Loss: 0.0005625
2025-01-14 11:36:58,905 Epoch 333/500
2025-01-14 11:39:17,102 Current Learning Rate: 0.0002509074
2025-01-14 11:39:17,103 Train Loss: 0.0003523, Val Loss: 0.0005630
2025-01-14 11:39:17,103 Epoch 334/500
2025-01-14 11:41:35,335 Current Learning Rate: 0.0002481884
2025-01-14 11:41:35,335 Train Loss: 0.0003518, Val Loss: 0.0005638
2025-01-14 11:41:35,336 Epoch 335/500
2025-01-14 11:43:53,432 Current Learning Rate: 0.0002454793
2025-01-14 11:43:53,433 Train Loss: 0.0003540, Val Loss: 0.0005644
2025-01-14 11:43:53,433 Epoch 336/500
2025-01-14 11:46:11,273 Current Learning Rate: 0.0002427802
2025-01-14 11:46:11,273 Train Loss: 0.0003502, Val Loss: 0.0005642
2025-01-14 11:46:11,273 Epoch 337/500
2025-01-14 11:48:29,299 Current Learning Rate: 0.0002400913
2025-01-14 11:48:29,299 Train Loss: 0.0003521, Val Loss: 0.0005636
2025-01-14 11:48:29,299 Epoch 338/500
2025-01-14 11:50:47,586 Current Learning Rate: 0.0002374127
2025-01-14 11:50:47,587 Train Loss: 0.0003501, Val Loss: 0.0005633
2025-01-14 11:50:47,587 Epoch 339/500
2025-01-14 11:53:06,028 Current Learning Rate: 0.0002347444
2025-01-14 11:53:06,105 Train Loss: 0.0003511, Val Loss: 0.0005624
2025-01-14 11:53:06,106 Epoch 340/500
2025-01-14 11:55:24,863 Current Learning Rate: 0.0002320866
2025-01-14 11:55:24,864 Train Loss: 0.0003478, Val Loss: 0.0005632
2025-01-14 11:55:24,864 Epoch 341/500
2025-01-14 11:57:44,206 Current Learning Rate: 0.0002294394
2025-01-14 11:57:44,207 Train Loss: 0.0003495, Val Loss: 0.0005655
2025-01-14 11:57:44,207 Epoch 342/500
2025-01-14 12:00:03,274 Current Learning Rate: 0.0002268028
2025-01-14 12:00:03,274 Train Loss: 0.0003509, Val Loss: 0.0005642
2025-01-14 12:00:03,275 Epoch 343/500
2025-01-14 12:02:22,340 Current Learning Rate: 0.0002241771
2025-01-14 12:02:22,408 Train Loss: 0.0003487, Val Loss: 0.0005605
2025-01-14 12:02:22,408 Epoch 344/500
2025-01-14 12:04:41,444 Current Learning Rate: 0.0002215622
2025-01-14 12:04:41,445 Train Loss: 0.0003489, Val Loss: 0.0005614
2025-01-14 12:04:41,445 Epoch 345/500
2025-01-14 12:06:59,795 Current Learning Rate: 0.0002189583
2025-01-14 12:06:59,795 Train Loss: 0.0003483, Val Loss: 0.0005623
2025-01-14 12:06:59,796 Epoch 346/500
2025-01-14 12:09:18,272 Current Learning Rate: 0.0002163655
2025-01-14 12:09:18,273 Train Loss: 0.0003490, Val Loss: 0.0005614
2025-01-14 12:09:18,273 Epoch 347/500
2025-01-14 12:11:37,031 Current Learning Rate: 0.0002137839
2025-01-14 12:11:37,135 Train Loss: 0.0003472, Val Loss: 0.0005590
2025-01-14 12:11:37,136 Epoch 348/500
2025-01-14 12:13:56,038 Current Learning Rate: 0.0002112136
2025-01-14 12:13:56,105 Train Loss: 0.0003483, Val Loss: 0.0005588
2025-01-14 12:13:56,106 Epoch 349/500
2025-01-14 12:16:14,939 Current Learning Rate: 0.0002086548
2025-01-14 12:16:14,940 Train Loss: 0.0003478, Val Loss: 0.0005604
2025-01-14 12:16:14,941 Epoch 350/500
2025-01-14 12:18:33,791 Current Learning Rate: 0.0002061074
2025-01-14 12:18:33,791 Train Loss: 0.0003456, Val Loss: 0.0005609
2025-01-14 12:18:33,792 Epoch 351/500
2025-01-14 12:20:52,054 Current Learning Rate: 0.0002035716
2025-01-14 12:20:52,054 Train Loss: 0.0003473, Val Loss: 0.0005601
2025-01-14 12:20:52,055 Epoch 352/500
2025-01-14 12:23:10,252 Current Learning Rate: 0.0002010475
2025-01-14 12:23:10,252 Train Loss: 0.0003483, Val Loss: 0.0005597
2025-01-14 12:23:10,253 Epoch 353/500
2025-01-14 12:25:29,031 Current Learning Rate: 0.0001985352
2025-01-14 12:25:29,032 Train Loss: 0.0003433, Val Loss: 0.0005606
2025-01-14 12:25:29,032 Epoch 354/500
2025-01-14 12:27:47,145 Current Learning Rate: 0.0001960349
2025-01-14 12:27:47,145 Train Loss: 0.0003454, Val Loss: 0.0005621
2025-01-14 12:27:47,146 Epoch 355/500
2025-01-14 12:30:05,267 Current Learning Rate: 0.0001935465
2025-01-14 12:30:05,268 Train Loss: 0.0003447, Val Loss: 0.0005599
2025-01-14 12:30:05,268 Epoch 356/500
2025-01-14 12:32:23,443 Current Learning Rate: 0.0001910702
2025-01-14 12:32:23,443 Train Loss: 0.0003451, Val Loss: 0.0005624
2025-01-14 12:32:23,443 Epoch 357/500
2025-01-14 12:34:41,699 Current Learning Rate: 0.0001886061
2025-01-14 12:34:41,699 Train Loss: 0.0003447, Val Loss: 0.0005600
2025-01-14 12:34:41,699 Epoch 358/500
2025-01-14 12:36:59,939 Current Learning Rate: 0.0001861543
2025-01-14 12:36:59,940 Train Loss: 0.0003440, Val Loss: 0.0005600
2025-01-14 12:36:59,940 Epoch 359/500
2025-01-14 12:39:18,074 Current Learning Rate: 0.0001837149
2025-01-14 12:39:18,143 Train Loss: 0.0003434, Val Loss: 0.0005586
2025-01-14 12:39:18,143 Epoch 360/500
2025-01-14 12:41:36,160 Current Learning Rate: 0.0001812880
2025-01-14 12:41:36,160 Train Loss: 0.0003424, Val Loss: 0.0005600
2025-01-14 12:41:36,160 Epoch 361/500
2025-01-14 12:43:54,327 Current Learning Rate: 0.0001788737
2025-01-14 12:43:54,391 Train Loss: 0.0003435, Val Loss: 0.0005582
2025-01-14 12:43:54,391 Epoch 362/500
2025-01-14 12:46:12,658 Current Learning Rate: 0.0001764720
2025-01-14 12:46:12,658 Train Loss: 0.0003435, Val Loss: 0.0005603
2025-01-14 12:46:12,659 Epoch 363/500
2025-01-14 12:48:30,896 Current Learning Rate: 0.0001740831
2025-01-14 12:48:30,897 Train Loss: 0.0003434, Val Loss: 0.0005605
2025-01-14 12:48:30,897 Epoch 364/500
2025-01-14 12:50:49,118 Current Learning Rate: 0.0001717071
2025-01-14 12:50:49,119 Train Loss: 0.0003416, Val Loss: 0.0005615
2025-01-14 12:50:49,119 Epoch 365/500
2025-01-14 12:53:07,337 Current Learning Rate: 0.0001693441
2025-01-14 12:53:07,338 Train Loss: 0.0003430, Val Loss: 0.0005594
2025-01-14 12:53:07,338 Epoch 366/500
2025-01-14 12:55:25,833 Current Learning Rate: 0.0001669941
2025-01-14 12:55:25,834 Train Loss: 0.0003437, Val Loss: 0.0005594
2025-01-14 12:55:25,836 Epoch 367/500
2025-01-14 12:57:44,221 Current Learning Rate: 0.0001646572
2025-01-14 12:57:44,288 Train Loss: 0.0003436, Val Loss: 0.0005576
2025-01-14 12:57:44,288 Epoch 368/500
2025-01-14 13:00:02,548 Current Learning Rate: 0.0001623336
2025-01-14 13:00:02,549 Train Loss: 0.0003431, Val Loss: 0.0005592
2025-01-14 13:00:02,549 Epoch 369/500
2025-01-14 13:02:21,249 Current Learning Rate: 0.0001600233
2025-01-14 13:02:21,249 Train Loss: 0.0003427, Val Loss: 0.0005609
2025-01-14 13:02:21,249 Epoch 370/500
2025-01-14 13:04:39,962 Current Learning Rate: 0.0001577264
2025-01-14 13:04:40,026 Train Loss: 0.0003412, Val Loss: 0.0005574
2025-01-14 13:04:40,026 Epoch 371/500
2025-01-14 13:06:58,584 Current Learning Rate: 0.0001554431
2025-01-14 13:06:58,585 Train Loss: 0.0003404, Val Loss: 0.0005592
2025-01-14 13:06:58,585 Epoch 372/500
2025-01-14 13:09:16,959 Current Learning Rate: 0.0001531733
2025-01-14 13:09:17,031 Train Loss: 0.0003393, Val Loss: 0.0005562
2025-01-14 13:09:17,031 Epoch 373/500
2025-01-14 13:11:35,282 Current Learning Rate: 0.0001509173
2025-01-14 13:11:35,283 Train Loss: 0.0003398, Val Loss: 0.0005588
2025-01-14 13:11:35,283 Epoch 374/500
2025-01-14 13:13:53,459 Current Learning Rate: 0.0001486750
2025-01-14 13:13:53,459 Train Loss: 0.0003401, Val Loss: 0.0005575
2025-01-14 13:13:53,460 Epoch 375/500
2025-01-14 13:16:11,826 Current Learning Rate: 0.0001464466
2025-01-14 13:16:11,826 Train Loss: 0.0003388, Val Loss: 0.0005575
2025-01-14 13:16:11,826 Epoch 376/500
2025-01-14 13:18:30,229 Current Learning Rate: 0.0001442322
2025-01-14 13:18:30,229 Train Loss: 0.0003395, Val Loss: 0.0005584
2025-01-14 13:18:30,230 Epoch 377/500
2025-01-14 13:20:48,787 Current Learning Rate: 0.0001420318
2025-01-14 13:20:48,788 Train Loss: 0.0003365, Val Loss: 0.0005584
2025-01-14 13:20:48,788 Epoch 378/500
2025-01-14 13:23:06,956 Current Learning Rate: 0.0001398455
2025-01-14 13:23:06,957 Train Loss: 0.0003395, Val Loss: 0.0005597
2025-01-14 13:23:06,957 Epoch 379/500
2025-01-14 13:25:24,986 Current Learning Rate: 0.0001376734
2025-01-14 13:25:24,986 Train Loss: 0.0003376, Val Loss: 0.0005591
2025-01-14 13:25:24,986 Epoch 380/500
2025-01-14 13:27:43,004 Current Learning Rate: 0.0001355157
2025-01-14 13:27:43,004 Train Loss: 0.0003381, Val Loss: 0.0005588
2025-01-14 13:27:43,005 Epoch 381/500
2025-01-14 13:30:01,041 Current Learning Rate: 0.0001333723
2025-01-14 13:30:01,105 Train Loss: 0.0003380, Val Loss: 0.0005561
2025-01-14 13:30:01,105 Epoch 382/500
2025-01-14 13:32:19,213 Current Learning Rate: 0.0001312434
2025-01-14 13:32:19,214 Train Loss: 0.0003373, Val Loss: 0.0005576
2025-01-14 13:32:19,214 Epoch 383/500
2025-01-14 13:34:37,301 Current Learning Rate: 0.0001291291
2025-01-14 13:34:37,301 Train Loss: 0.0003380, Val Loss: 0.0005585
2025-01-14 13:34:37,301 Epoch 384/500
2025-01-14 13:36:55,394 Current Learning Rate: 0.0001270294
2025-01-14 13:36:55,394 Train Loss: 0.0003361, Val Loss: 0.0005574
2025-01-14 13:36:55,394 Epoch 385/500
2025-01-14 13:39:13,551 Current Learning Rate: 0.0001249445
2025-01-14 13:39:13,552 Train Loss: 0.0003376, Val Loss: 0.0005575
2025-01-14 13:39:13,552 Epoch 386/500
2025-01-14 13:41:31,702 Current Learning Rate: 0.0001228743
2025-01-14 13:41:31,702 Train Loss: 0.0003382, Val Loss: 0.0005586
2025-01-14 13:41:31,702 Epoch 387/500
2025-01-14 13:43:49,843 Current Learning Rate: 0.0001208190
2025-01-14 13:43:49,844 Train Loss: 0.0003375, Val Loss: 0.0005580
2025-01-14 13:43:49,844 Epoch 388/500
2025-01-14 13:46:07,986 Current Learning Rate: 0.0001187787
2025-01-14 13:46:07,986 Train Loss: 0.0003360, Val Loss: 0.0005569
2025-01-14 13:46:07,986 Epoch 389/500
2025-01-14 13:48:26,259 Current Learning Rate: 0.0001167535
2025-01-14 13:48:26,260 Train Loss: 0.0003372, Val Loss: 0.0005569
2025-01-14 13:48:26,260 Epoch 390/500
2025-01-14 13:50:44,497 Current Learning Rate: 0.0001147434
2025-01-14 13:50:44,498 Train Loss: 0.0003357, Val Loss: 0.0005574
2025-01-14 13:50:44,498 Epoch 391/500
2025-01-14 13:53:02,659 Current Learning Rate: 0.0001127485
2025-01-14 13:53:02,734 Train Loss: 0.0003348, Val Loss: 0.0005556
2025-01-14 13:53:02,735 Epoch 392/500
2025-01-14 13:55:20,944 Current Learning Rate: 0.0001107688
2025-01-14 13:55:20,944 Train Loss: 0.0003336, Val Loss: 0.0005571
2025-01-14 13:55:20,945 Epoch 393/500
2025-01-14 13:57:39,206 Current Learning Rate: 0.0001088046
2025-01-14 13:57:39,274 Train Loss: 0.0003348, Val Loss: 0.0005555
2025-01-14 13:57:39,274 Epoch 394/500
2025-01-14 13:59:57,455 Current Learning Rate: 0.0001068558
2025-01-14 13:59:57,456 Train Loss: 0.0003347, Val Loss: 0.0005563
2025-01-14 13:59:57,456 Epoch 395/500
2025-01-14 14:02:15,682 Current Learning Rate: 0.0001049225
2025-01-14 14:02:15,683 Train Loss: 0.0003344, Val Loss: 0.0005561
2025-01-14 14:02:15,683 Epoch 396/500
2025-01-14 14:04:33,793 Current Learning Rate: 0.0001030048
2025-01-14 14:04:33,857 Train Loss: 0.0003350, Val Loss: 0.0005551
2025-01-14 14:04:33,857 Epoch 397/500
2025-01-14 14:06:51,996 Current Learning Rate: 0.0001011028
2025-01-14 14:06:51,997 Train Loss: 0.0003362, Val Loss: 0.0005553
2025-01-14 14:06:51,997 Epoch 398/500
2025-01-14 14:09:10,124 Current Learning Rate: 0.0000992165
2025-01-14 14:09:10,124 Train Loss: 0.0003331, Val Loss: 0.0005571
2025-01-14 14:09:10,124 Epoch 399/500
2025-01-14 14:11:28,210 Current Learning Rate: 0.0000973461
2025-01-14 14:11:28,210 Train Loss: 0.0003344, Val Loss: 0.0005577
2025-01-14 14:11:28,210 Epoch 400/500
2025-01-14 14:13:46,338 Current Learning Rate: 0.0000954915
2025-01-14 14:13:46,402 Train Loss: 0.0003344, Val Loss: 0.0005547
2025-01-14 14:13:46,402 Epoch 401/500
2025-01-14 14:16:04,543 Current Learning Rate: 0.0000936529
2025-01-14 14:16:04,543 Train Loss: 0.0003334, Val Loss: 0.0005559
2025-01-14 14:16:04,543 Epoch 402/500
2025-01-14 14:18:22,703 Current Learning Rate: 0.0000918304
2025-01-14 14:18:22,703 Train Loss: 0.0003319, Val Loss: 0.0005564
2025-01-14 14:18:22,704 Epoch 403/500
2025-01-14 14:20:40,748 Current Learning Rate: 0.0000900239
2025-01-14 14:20:40,749 Train Loss: 0.0003326, Val Loss: 0.0005568
2025-01-14 14:20:40,749 Epoch 404/500
2025-01-14 14:22:58,833 Current Learning Rate: 0.0000882337
2025-01-14 14:22:58,834 Train Loss: 0.0003326, Val Loss: 0.0005550
2025-01-14 14:22:58,834 Epoch 405/500
2025-01-14 14:25:16,944 Current Learning Rate: 0.0000864597
2025-01-14 14:25:16,945 Train Loss: 0.0003310, Val Loss: 0.0005575
2025-01-14 14:25:16,945 Epoch 406/500
2025-01-14 14:27:35,084 Current Learning Rate: 0.0000847021
2025-01-14 14:27:35,085 Train Loss: 0.0003332, Val Loss: 0.0005558
2025-01-14 14:27:35,085 Epoch 407/500
2025-01-14 14:29:53,365 Current Learning Rate: 0.0000829608
2025-01-14 14:29:53,365 Train Loss: 0.0003334, Val Loss: 0.0005563
2025-01-14 14:29:53,366 Epoch 408/500
2025-01-14 14:32:11,474 Current Learning Rate: 0.0000812360
2025-01-14 14:32:11,474 Train Loss: 0.0003310, Val Loss: 0.0005547
2025-01-14 14:32:11,474 Epoch 409/500
2025-01-14 14:34:29,423 Current Learning Rate: 0.0000795277
2025-01-14 14:34:29,487 Train Loss: 0.0003304, Val Loss: 0.0005546
2025-01-14 14:34:29,487 Epoch 410/500
2025-01-14 14:36:47,551 Current Learning Rate: 0.0000778360
2025-01-14 14:36:47,686 Train Loss: 0.0003320, Val Loss: 0.0005535
2025-01-14 14:36:47,686 Epoch 411/500
2025-01-14 14:39:05,761 Current Learning Rate: 0.0000761610
2025-01-14 14:39:05,762 Train Loss: 0.0003322, Val Loss: 0.0005554
2025-01-14 14:39:05,762 Epoch 412/500
2025-01-14 14:41:23,872 Current Learning Rate: 0.0000745028
2025-01-14 14:41:23,873 Train Loss: 0.0003319, Val Loss: 0.0005562
2025-01-14 14:41:23,873 Epoch 413/500
2025-01-14 14:43:42,100 Current Learning Rate: 0.0000728613
2025-01-14 14:43:42,101 Train Loss: 0.0003310, Val Loss: 0.0005547
2025-01-14 14:43:42,101 Epoch 414/500
2025-01-14 14:46:00,541 Current Learning Rate: 0.0000712367
2025-01-14 14:46:00,541 Train Loss: 0.0003300, Val Loss: 0.0005541
2025-01-14 14:46:00,541 Epoch 415/500
2025-01-14 14:48:18,666 Current Learning Rate: 0.0000696290
2025-01-14 14:48:18,667 Train Loss: 0.0003294, Val Loss: 0.0005542
2025-01-14 14:48:18,667 Epoch 416/500
2025-01-14 14:50:37,153 Current Learning Rate: 0.0000680383
2025-01-14 14:50:37,154 Train Loss: 0.0003305, Val Loss: 0.0005559
2025-01-14 14:50:37,154 Epoch 417/500
2025-01-14 14:52:55,642 Current Learning Rate: 0.0000664646
2025-01-14 14:52:55,643 Train Loss: 0.0003311, Val Loss: 0.0005562
2025-01-14 14:52:55,643 Epoch 418/500
2025-01-14 14:55:14,104 Current Learning Rate: 0.0000649081
2025-01-14 14:55:14,105 Train Loss: 0.0003303, Val Loss: 0.0005552
2025-01-14 14:55:14,105 Epoch 419/500
2025-01-14 14:57:32,683 Current Learning Rate: 0.0000633688
2025-01-14 14:57:32,683 Train Loss: 0.0003309, Val Loss: 0.0005550
2025-01-14 14:57:32,683 Epoch 420/500
2025-01-14 14:59:50,642 Current Learning Rate: 0.0000618467
2025-01-14 14:59:50,642 Train Loss: 0.0003312, Val Loss: 0.0005551
2025-01-14 14:59:50,643 Epoch 421/500
2025-01-14 15:02:08,712 Current Learning Rate: 0.0000603418
2025-01-14 15:02:08,712 Train Loss: 0.0003297, Val Loss: 0.0005551
2025-01-14 15:02:08,712 Epoch 422/500
2025-01-14 15:04:26,793 Current Learning Rate: 0.0000588544
2025-01-14 15:04:26,794 Train Loss: 0.0003294, Val Loss: 0.0005548
2025-01-14 15:04:26,794 Epoch 423/500
2025-01-14 15:06:44,725 Current Learning Rate: 0.0000573843
2025-01-14 15:06:44,726 Train Loss: 0.0003287, Val Loss: 0.0005543
2025-01-14 15:06:44,726 Epoch 424/500
2025-01-14 15:09:02,572 Current Learning Rate: 0.0000559318
2025-01-14 15:09:02,572 Train Loss: 0.0003296, Val Loss: 0.0005538
2025-01-14 15:09:02,572 Epoch 425/500
2025-01-14 15:11:20,376 Current Learning Rate: 0.0000544967
2025-01-14 15:11:20,377 Train Loss: 0.0003301, Val Loss: 0.0005545
2025-01-14 15:11:20,377 Epoch 426/500
2025-01-14 15:13:38,221 Current Learning Rate: 0.0000530793
2025-01-14 15:13:38,222 Train Loss: 0.0003298, Val Loss: 0.0005551
2025-01-14 15:13:38,222 Epoch 427/500
2025-01-14 15:15:56,163 Current Learning Rate: 0.0000516795
2025-01-14 15:15:56,163 Train Loss: 0.0003281, Val Loss: 0.0005556
2025-01-14 15:15:56,163 Epoch 428/500
2025-01-14 15:18:14,160 Current Learning Rate: 0.0000502974
2025-01-14 15:18:14,160 Train Loss: 0.0003270, Val Loss: 0.0005553
2025-01-14 15:18:14,161 Epoch 429/500
2025-01-14 15:20:32,069 Current Learning Rate: 0.0000489330
2025-01-14 15:20:32,132 Train Loss: 0.0003281, Val Loss: 0.0005533
2025-01-14 15:20:32,133 Epoch 430/500
2025-01-14 15:22:50,007 Current Learning Rate: 0.0000475865
2025-01-14 15:22:50,007 Train Loss: 0.0003290, Val Loss: 0.0005537
2025-01-14 15:22:50,008 Epoch 431/500
2025-01-14 15:25:07,932 Current Learning Rate: 0.0000462578
2025-01-14 15:25:07,932 Train Loss: 0.0003275, Val Loss: 0.0005548
2025-01-14 15:25:07,933 Epoch 432/500
2025-01-14 15:27:25,859 Current Learning Rate: 0.0000449470
2025-01-14 15:27:25,859 Train Loss: 0.0003281, Val Loss: 0.0005537
2025-01-14 15:27:25,859 Epoch 433/500
2025-01-14 15:29:43,800 Current Learning Rate: 0.0000436542
2025-01-14 15:29:43,800 Train Loss: 0.0003271, Val Loss: 0.0005533
2025-01-14 15:29:43,800 Epoch 434/500
2025-01-14 15:32:01,832 Current Learning Rate: 0.0000423794
2025-01-14 15:32:01,832 Train Loss: 0.0003275, Val Loss: 0.0005539
2025-01-14 15:32:01,833 Epoch 435/500
2025-01-14 15:34:19,701 Current Learning Rate: 0.0000411227
2025-01-14 15:34:19,702 Train Loss: 0.0003265, Val Loss: 0.0005555
2025-01-14 15:34:19,702 Epoch 436/500
2025-01-14 15:36:37,685 Current Learning Rate: 0.0000398841
2025-01-14 15:36:37,686 Train Loss: 0.0003270, Val Loss: 0.0005541
2025-01-14 15:36:37,686 Epoch 437/500
2025-01-14 15:38:55,717 Current Learning Rate: 0.0000386636
2025-01-14 15:38:55,718 Train Loss: 0.0003262, Val Loss: 0.0005544
2025-01-14 15:38:55,718 Epoch 438/500
2025-01-14 15:41:13,687 Current Learning Rate: 0.0000374614
2025-01-14 15:41:13,688 Train Loss: 0.0003264, Val Loss: 0.0005548
2025-01-14 15:41:13,688 Epoch 439/500
2025-01-14 15:43:31,509 Current Learning Rate: 0.0000362774
2025-01-14 15:43:31,510 Train Loss: 0.0003258, Val Loss: 0.0005541
2025-01-14 15:43:31,510 Epoch 440/500
2025-01-14 15:45:49,372 Current Learning Rate: 0.0000351118
2025-01-14 15:45:49,373 Train Loss: 0.0003256, Val Loss: 0.0005540
2025-01-14 15:45:49,373 Epoch 441/500
2025-01-14 15:48:07,157 Current Learning Rate: 0.0000339644
2025-01-14 15:48:07,157 Train Loss: 0.0003248, Val Loss: 0.0005533
2025-01-14 15:48:07,157 Epoch 442/500
2025-01-14 15:50:24,928 Current Learning Rate: 0.0000328355
2025-01-14 15:50:24,928 Train Loss: 0.0003259, Val Loss: 0.0005545
2025-01-14 15:50:24,929 Epoch 443/500
2025-01-14 15:52:42,905 Current Learning Rate: 0.0000317251
2025-01-14 15:52:42,906 Train Loss: 0.0003287, Val Loss: 0.0005541
2025-01-14 15:52:42,906 Epoch 444/500
2025-01-14 15:55:01,106 Current Learning Rate: 0.0000306331
2025-01-14 15:55:01,106 Train Loss: 0.0003245, Val Loss: 0.0005536
2025-01-14 15:55:01,106 Epoch 445/500
2025-01-14 15:57:19,290 Current Learning Rate: 0.0000295596
2025-01-14 15:57:19,291 Train Loss: 0.0003267, Val Loss: 0.0005536
2025-01-14 15:57:19,291 Epoch 446/500
2025-01-14 15:59:37,311 Current Learning Rate: 0.0000285047
2025-01-14 15:59:37,312 Train Loss: 0.0003260, Val Loss: 0.0005534
2025-01-14 15:59:37,312 Epoch 447/500
2025-01-14 16:01:55,177 Current Learning Rate: 0.0000274685
2025-01-14 16:01:55,178 Train Loss: 0.0003243, Val Loss: 0.0005542
2025-01-14 16:01:55,178 Epoch 448/500
2025-01-14 16:04:13,220 Current Learning Rate: 0.0000264508
2025-01-14 16:04:13,285 Train Loss: 0.0003257, Val Loss: 0.0005532
2025-01-14 16:04:13,285 Epoch 449/500
2025-01-14 16:06:31,211 Current Learning Rate: 0.0000254519
2025-01-14 16:06:31,211 Train Loss: 0.0003266, Val Loss: 0.0005542
2025-01-14 16:06:31,211 Epoch 450/500
2025-01-14 16:08:49,106 Current Learning Rate: 0.0000244717
2025-01-14 16:08:49,107 Train Loss: 0.0003246, Val Loss: 0.0005538
2025-01-14 16:08:49,107 Epoch 451/500
2025-01-14 16:11:07,002 Current Learning Rate: 0.0000235103
2025-01-14 16:11:07,003 Train Loss: 0.0003252, Val Loss: 0.0005547
2025-01-14 16:11:07,003 Epoch 452/500
2025-01-14 16:13:25,067 Current Learning Rate: 0.0000225677
2025-01-14 16:13:25,068 Train Loss: 0.0003273, Val Loss: 0.0005540
2025-01-14 16:13:25,068 Epoch 453/500
2025-01-14 16:15:42,986 Current Learning Rate: 0.0000216440
2025-01-14 16:15:42,986 Train Loss: 0.0003268, Val Loss: 0.0005537
2025-01-14 16:15:42,986 Epoch 454/500
2025-01-14 16:18:00,980 Current Learning Rate: 0.0000207391
2025-01-14 16:18:00,980 Train Loss: 0.0003266, Val Loss: 0.0005543
2025-01-14 16:18:00,981 Epoch 455/500
2025-01-14 16:20:19,247 Current Learning Rate: 0.0000198532
2025-01-14 16:20:19,308 Train Loss: 0.0003240, Val Loss: 0.0005532
2025-01-14 16:20:19,309 Epoch 456/500
2025-01-14 16:22:37,179 Current Learning Rate: 0.0000189862
2025-01-14 16:22:37,180 Train Loss: 0.0003244, Val Loss: 0.0005535
2025-01-14 16:22:37,180 Epoch 457/500
2025-01-14 16:24:55,553 Current Learning Rate: 0.0000181382
2025-01-14 16:24:55,554 Train Loss: 0.0003249, Val Loss: 0.0005537
2025-01-14 16:24:55,554 Epoch 458/500
2025-01-14 16:27:14,187 Current Learning Rate: 0.0000173092
2025-01-14 16:27:14,188 Train Loss: 0.0003267, Val Loss: 0.0005537
2025-01-14 16:27:14,188 Epoch 459/500
2025-01-14 16:29:32,470 Current Learning Rate: 0.0000164993
2025-01-14 16:29:32,471 Train Loss: 0.0003248, Val Loss: 0.0005533
2025-01-14 16:29:32,471 Epoch 460/500
2025-01-14 16:31:50,852 Current Learning Rate: 0.0000157084
2025-01-14 16:31:50,852 Train Loss: 0.0003251, Val Loss: 0.0005535
2025-01-14 16:31:50,852 Epoch 461/500
2025-01-14 16:34:09,100 Current Learning Rate: 0.0000149367
2025-01-14 16:34:09,167 Train Loss: 0.0003257, Val Loss: 0.0005531
2025-01-14 16:34:09,168 Epoch 462/500
2025-01-14 16:36:27,636 Current Learning Rate: 0.0000141841
2025-01-14 16:36:27,636 Train Loss: 0.0003243, Val Loss: 0.0005539
2025-01-14 16:36:27,637 Epoch 463/500
2025-01-14 16:38:46,317 Current Learning Rate: 0.0000134507
2025-01-14 16:38:46,318 Train Loss: 0.0003260, Val Loss: 0.0005535
2025-01-14 16:38:46,318 Epoch 464/500
2025-01-14 16:41:05,373 Current Learning Rate: 0.0000127366
2025-01-14 16:41:05,374 Train Loss: 0.0003244, Val Loss: 0.0005537
2025-01-14 16:41:05,374 Epoch 465/500
2025-01-14 16:43:23,600 Current Learning Rate: 0.0000120416
2025-01-14 16:43:23,600 Train Loss: 0.0003245, Val Loss: 0.0005533
2025-01-14 16:43:23,600 Epoch 466/500
2025-01-14 16:45:41,901 Current Learning Rate: 0.0000113659
2025-01-14 16:45:41,979 Train Loss: 0.0003258, Val Loss: 0.0005530
2025-01-14 16:45:41,980 Epoch 467/500
2025-01-14 16:48:00,553 Current Learning Rate: 0.0000107095
2025-01-14 16:48:00,554 Train Loss: 0.0003246, Val Loss: 0.0005537
2025-01-14 16:48:00,554 Epoch 468/500
2025-01-14 16:50:19,382 Current Learning Rate: 0.0000100725
2025-01-14 16:50:19,383 Train Loss: 0.0003256, Val Loss: 0.0005531
2025-01-14 16:50:19,383 Epoch 469/500
2025-01-14 16:52:38,224 Current Learning Rate: 0.0000094547
2025-01-14 16:52:38,296 Train Loss: 0.0003255, Val Loss: 0.0005529
2025-01-14 16:52:38,296 Epoch 470/500
2025-01-14 16:54:56,939 Current Learning Rate: 0.0000088564
2025-01-14 16:54:56,939 Train Loss: 0.0003247, Val Loss: 0.0005535
2025-01-14 16:54:56,939 Epoch 471/500
2025-01-14 16:57:15,047 Current Learning Rate: 0.0000082774
2025-01-14 16:57:15,114 Train Loss: 0.0003254, Val Loss: 0.0005529
2025-01-14 16:57:15,114 Epoch 472/500
2025-01-14 16:59:33,201 Current Learning Rate: 0.0000077178
2025-01-14 16:59:33,201 Train Loss: 0.0003241, Val Loss: 0.0005535
2025-01-14 16:59:33,202 Epoch 473/500
2025-01-14 17:01:51,663 Current Learning Rate: 0.0000071777
2025-01-14 17:01:51,664 Train Loss: 0.0003238, Val Loss: 0.0005532
2025-01-14 17:01:51,664 Epoch 474/500
2025-01-14 17:04:10,375 Current Learning Rate: 0.0000066570
2025-01-14 17:04:10,376 Train Loss: 0.0003239, Val Loss: 0.0005531
2025-01-14 17:04:10,376 Epoch 475/500
2025-01-14 17:06:29,274 Current Learning Rate: 0.0000061558
2025-01-14 17:06:29,275 Train Loss: 0.0003252, Val Loss: 0.0005535
2025-01-14 17:06:29,275 Epoch 476/500
2025-01-14 17:08:48,329 Current Learning Rate: 0.0000056741
2025-01-14 17:08:48,330 Train Loss: 0.0003247, Val Loss: 0.0005536
2025-01-14 17:08:48,330 Epoch 477/500
2025-01-14 17:11:07,223 Current Learning Rate: 0.0000052119
2025-01-14 17:11:07,223 Train Loss: 0.0003243, Val Loss: 0.0005531
2025-01-14 17:11:07,224 Epoch 478/500
2025-01-14 17:13:25,731 Current Learning Rate: 0.0000047693
2025-01-14 17:13:25,731 Train Loss: 0.0003253, Val Loss: 0.0005531
2025-01-14 17:13:25,732 Epoch 479/500
2025-01-14 17:15:44,171 Current Learning Rate: 0.0000043462
2025-01-14 17:15:44,171 Train Loss: 0.0003238, Val Loss: 0.0005532
2025-01-14 17:15:44,172 Epoch 480/500
2025-01-14 17:18:02,859 Current Learning Rate: 0.0000039426
2025-01-14 17:18:02,860 Train Loss: 0.0003236, Val Loss: 0.0005530
2025-01-14 17:18:02,860 Epoch 481/500
2025-01-14 17:20:21,727 Current Learning Rate: 0.0000035587
2025-01-14 17:20:21,727 Train Loss: 0.0003249, Val Loss: 0.0005529
2025-01-14 17:20:21,728 Epoch 482/500
2025-01-14 17:22:40,289 Current Learning Rate: 0.0000031943
2025-01-14 17:22:40,290 Train Loss: 0.0003240, Val Loss: 0.0005533
2025-01-14 17:22:40,290 Epoch 483/500
2025-01-14 17:24:59,368 Current Learning Rate: 0.0000028496
2025-01-14 17:24:59,369 Train Loss: 0.0003250, Val Loss: 0.0005533
2025-01-14 17:24:59,369 Epoch 484/500
2025-01-14 17:27:18,024 Current Learning Rate: 0.0000025245
2025-01-14 17:27:18,025 Train Loss: 0.0003246, Val Loss: 0.0005535
2025-01-14 17:27:18,025 Epoch 485/500
2025-01-14 17:29:36,777 Current Learning Rate: 0.0000022190
2025-01-14 17:29:36,777 Train Loss: 0.0003247, Val Loss: 0.0005531
2025-01-14 17:29:36,778 Epoch 486/500
2025-01-14 17:31:55,099 Current Learning Rate: 0.0000019332
2025-01-14 17:31:55,099 Train Loss: 0.0003245, Val Loss: 0.0005529
2025-01-14 17:31:55,100 Epoch 487/500
2025-01-14 17:34:13,480 Current Learning Rate: 0.0000016670
2025-01-14 17:34:13,481 Train Loss: 0.0003250, Val Loss: 0.0005532
2025-01-14 17:34:13,481 Epoch 488/500
2025-01-14 17:36:32,011 Current Learning Rate: 0.0000014205
2025-01-14 17:36:32,012 Train Loss: 0.0003237, Val Loss: 0.0005533
2025-01-14 17:36:32,012 Epoch 489/500
2025-01-14 17:38:50,562 Current Learning Rate: 0.0000011937
2025-01-14 17:38:50,562 Train Loss: 0.0003227, Val Loss: 0.0005533
2025-01-14 17:38:50,563 Epoch 490/500
2025-01-14 17:41:08,746 Current Learning Rate: 0.0000009866
2025-01-14 17:41:08,747 Train Loss: 0.0003239, Val Loss: 0.0005530
2025-01-14 17:41:08,747 Epoch 491/500
2025-01-14 17:43:27,139 Current Learning Rate: 0.0000007992
2025-01-14 17:43:27,140 Train Loss: 0.0003262, Val Loss: 0.0005531
2025-01-14 17:43:27,140 Epoch 492/500
2025-01-14 17:45:45,481 Current Learning Rate: 0.0000006315
2025-01-14 17:45:45,481 Train Loss: 0.0003236, Val Loss: 0.0005530
2025-01-14 17:45:45,482 Epoch 493/500
2025-01-14 17:48:03,795 Current Learning Rate: 0.0000004835
2025-01-14 17:48:03,796 Train Loss: 0.0003243, Val Loss: 0.0005530
2025-01-14 17:48:03,796 Epoch 494/500
2025-01-14 17:50:21,938 Current Learning Rate: 0.0000003553
2025-01-14 17:50:21,939 Train Loss: 0.0003239, Val Loss: 0.0005532
2025-01-14 17:50:21,939 Epoch 495/500
2025-01-14 17:52:40,432 Current Learning Rate: 0.0000002467
2025-01-14 17:52:40,433 Train Loss: 0.0003234, Val Loss: 0.0005531
2025-01-14 17:52:40,433 Epoch 496/500
2025-01-14 17:54:58,598 Current Learning Rate: 0.0000001579
2025-01-14 17:54:58,599 Train Loss: 0.0003232, Val Loss: 0.0005531
2025-01-14 17:54:58,599 Epoch 497/500
2025-01-14 17:57:16,976 Current Learning Rate: 0.0000000888
2025-01-14 17:57:16,977 Train Loss: 0.0003242, Val Loss: 0.0005532
2025-01-14 17:57:16,977 Epoch 498/500
2025-01-14 17:59:35,497 Current Learning Rate: 0.0000000395
2025-01-14 17:59:35,497 Train Loss: 0.0003217, Val Loss: 0.0005531
2025-01-14 17:59:35,497 Epoch 499/500
2025-01-14 18:01:54,104 Current Learning Rate: 0.0000000099
2025-01-14 18:01:54,104 Train Loss: 0.0003258, Val Loss: 0.0005531
2025-01-14 18:01:54,105 Epoch 500/500
2025-01-14 18:04:12,833 Current Learning Rate: 0.0000000000
2025-01-14 18:04:12,833 Train Loss: 0.0003251, Val Loss: 0.0005531
