2025-01-14 00:13:17,815 Added key: store_based_barrier_key:1 to store for rank: 2
2025-01-14 00:13:17,823 Added key: store_based_barrier_key:1 to store for rank: 1
2025-01-14 00:13:17,829 Added key: store_based_barrier_key:1 to store for rank: 3
2025-01-14 00:13:17,834 Added key: store_based_barrier_key:1 to store for rank: 4
2025-01-14 00:13:17,836 Added key: store_based_barrier_key:1 to store for rank: 5
2025-01-14 00:13:17,844 Added key: store_based_barrier_key:1 to store for rank: 0
2025-01-14 00:13:36,253 Added key: store_based_barrier_key:1 to store for rank: 3
2025-01-14 00:13:36,269 Added key: store_based_barrier_key:1 to store for rank: 5
2025-01-14 00:13:36,293 Added key: store_based_barrier_key:1 to store for rank: 4
2025-01-14 00:13:36,321 Added key: store_based_barrier_key:1 to store for rank: 2
2025-01-14 00:13:36,325 Added key: store_based_barrier_key:1 to store for rank: 1
2025-01-14 00:13:36,327 Added key: store_based_barrier_key:1 to store for rank: 0
2025-01-14 00:15:04,844 Epoch 1/500
2025-01-14 00:15:30,691 Current Learning Rate: 0.0009999901
2025-01-14 00:15:30,877 Train Loss: 0.0056004, Val Loss: 0.0034929
2025-01-14 00:15:30,877 Epoch 2/500
2025-01-14 00:15:55,357 Current Learning Rate: 0.0009999605
2025-01-14 00:15:55,558 Train Loss: 0.0030534, Val Loss: 0.0025675
2025-01-14 00:15:55,560 Epoch 3/500
2025-01-14 00:16:19,441 Current Learning Rate: 0.0009999112
2025-01-14 00:16:19,637 Train Loss: 0.0024969, Val Loss: 0.0022524
2025-01-14 00:16:19,638 Epoch 4/500
2025-01-14 00:16:43,118 Current Learning Rate: 0.0009998421
2025-01-14 00:16:43,290 Train Loss: 0.0022129, Val Loss: 0.0020733
2025-01-14 00:16:43,291 Epoch 5/500
2025-01-14 00:17:06,435 Current Learning Rate: 0.0009997533
2025-01-14 00:17:06,604 Train Loss: 0.0020387, Val Loss: 0.0019400
2025-01-14 00:17:06,604 Epoch 6/500
2025-01-14 00:17:30,388 Current Learning Rate: 0.0009996447
2025-01-14 00:17:30,558 Train Loss: 0.0019066, Val Loss: 0.0018407
2025-01-14 00:17:30,558 Epoch 7/500
2025-01-14 00:17:54,857 Current Learning Rate: 0.0009995165
2025-01-14 00:17:55,037 Train Loss: 0.0018194, Val Loss: 0.0017013
2025-01-14 00:17:55,039 Epoch 8/500
2025-01-14 00:18:19,419 Current Learning Rate: 0.0009993685
2025-01-14 00:18:19,613 Train Loss: 0.0017387, Val Loss: 0.0016925
2025-01-14 00:18:19,614 Epoch 9/500
2025-01-14 00:18:43,415 Current Learning Rate: 0.0009992008
2025-01-14 00:18:43,415 Train Loss: 0.0016740, Val Loss: 0.0017120
2025-01-14 00:18:43,416 Epoch 10/500
2025-01-14 00:19:07,229 Current Learning Rate: 0.0009990134
2025-01-14 00:19:07,407 Train Loss: 0.0016215, Val Loss: 0.0015905
2025-01-14 00:19:07,407 Epoch 11/500
2025-01-14 00:19:31,238 Current Learning Rate: 0.0009988063
2025-01-14 00:19:31,424 Train Loss: 0.0015774, Val Loss: 0.0015502
2025-01-14 00:19:31,426 Epoch 12/500
2025-01-14 00:19:54,783 Current Learning Rate: 0.0009985795
2025-01-14 00:19:54,961 Train Loss: 0.0015350, Val Loss: 0.0015327
2025-01-14 00:19:54,961 Epoch 13/500
2025-01-14 00:20:18,995 Current Learning Rate: 0.0009983330
2025-01-14 00:20:19,179 Train Loss: 0.0015006, Val Loss: 0.0015025
2025-01-14 00:20:19,179 Epoch 14/500
2025-01-14 00:20:42,860 Current Learning Rate: 0.0009980668
2025-01-14 00:20:43,042 Train Loss: 0.0014610, Val Loss: 0.0014623
2025-01-14 00:20:43,043 Epoch 15/500
2025-01-14 00:21:06,492 Current Learning Rate: 0.0009977810
2025-01-14 00:21:06,688 Train Loss: 0.0014303, Val Loss: 0.0014293
2025-01-14 00:21:06,688 Epoch 16/500
2025-01-14 00:21:29,933 Current Learning Rate: 0.0009974755
2025-01-14 00:21:30,114 Train Loss: 0.0014054, Val Loss: 0.0014045
2025-01-14 00:21:30,114 Epoch 17/500
2025-01-14 00:21:53,486 Current Learning Rate: 0.0009971504
2025-01-14 00:21:53,666 Train Loss: 0.0013815, Val Loss: 0.0013969
2025-01-14 00:21:53,667 Epoch 18/500
2025-01-14 00:22:16,895 Current Learning Rate: 0.0009968057
2025-01-14 00:22:16,896 Train Loss: 0.0013554, Val Loss: 0.0014077
2025-01-14 00:22:16,896 Epoch 19/500
2025-01-14 00:22:40,622 Current Learning Rate: 0.0009964413
2025-01-14 00:22:40,798 Train Loss: 0.0013331, Val Loss: 0.0013374
2025-01-14 00:22:40,798 Epoch 20/500
2025-01-14 00:23:04,334 Current Learning Rate: 0.0009960574
2025-01-14 00:23:04,335 Train Loss: 0.0013152, Val Loss: 0.0013501
2025-01-14 00:23:04,335 Epoch 21/500
2025-01-14 00:23:27,624 Current Learning Rate: 0.0009956538
2025-01-14 00:23:27,796 Train Loss: 0.0012945, Val Loss: 0.0013329
2025-01-14 00:23:27,796 Epoch 22/500
2025-01-14 00:23:51,069 Current Learning Rate: 0.0009952307
2025-01-14 00:23:51,244 Train Loss: 0.0012811, Val Loss: 0.0013262
2025-01-14 00:23:51,244 Epoch 23/500
2025-01-14 00:24:14,560 Current Learning Rate: 0.0009947881
2025-01-14 00:24:14,736 Train Loss: 0.0012615, Val Loss: 0.0013157
2025-01-14 00:24:14,737 Epoch 24/500
2025-01-14 00:24:38,083 Current Learning Rate: 0.0009943259
2025-01-14 00:24:38,283 Train Loss: 0.0012465, Val Loss: 0.0013104
2025-01-14 00:24:38,283 Epoch 25/500
2025-01-14 00:25:02,242 Current Learning Rate: 0.0009938442
2025-01-14 00:25:03,216 Train Loss: 0.0012335, Val Loss: 0.0012910
2025-01-14 00:25:03,216 Epoch 26/500
2025-01-14 00:25:27,174 Current Learning Rate: 0.0009933430
2025-01-14 00:25:27,359 Train Loss: 0.0012215, Val Loss: 0.0012804
2025-01-14 00:25:27,360 Epoch 27/500
2025-01-14 00:25:51,386 Current Learning Rate: 0.0009928223
2025-01-14 00:25:51,387 Train Loss: 0.0012079, Val Loss: 0.0012970
2025-01-14 00:25:51,390 Epoch 28/500
2025-01-14 00:26:15,274 Current Learning Rate: 0.0009922822
2025-01-14 00:26:15,471 Train Loss: 0.0011988, Val Loss: 0.0012622
2025-01-14 00:26:15,471 Epoch 29/500
2025-01-14 00:26:39,173 Current Learning Rate: 0.0009917226
2025-01-14 00:26:39,174 Train Loss: 0.0011843, Val Loss: 0.0012895
2025-01-14 00:26:39,174 Epoch 30/500
2025-01-14 00:27:02,875 Current Learning Rate: 0.0009911436
2025-01-14 00:27:03,071 Train Loss: 0.0011786, Val Loss: 0.0012578
2025-01-14 00:27:03,071 Epoch 31/500
2025-01-14 00:27:27,489 Current Learning Rate: 0.0009905453
2025-01-14 00:27:27,676 Train Loss: 0.0011648, Val Loss: 0.0012517
2025-01-14 00:27:27,676 Epoch 32/500
2025-01-14 00:27:51,780 Current Learning Rate: 0.0009899275
2025-01-14 00:27:51,954 Train Loss: 0.0011547, Val Loss: 0.0012406
2025-01-14 00:27:51,954 Epoch 33/500
2025-01-14 00:28:15,872 Current Learning Rate: 0.0009892905
2025-01-14 00:28:16,043 Train Loss: 0.0011460, Val Loss: 0.0012383
2025-01-14 00:28:16,043 Epoch 34/500
2025-01-14 00:28:39,580 Current Learning Rate: 0.0009886341
2025-01-14 00:28:39,580 Train Loss: 0.0011360, Val Loss: 0.0012574
2025-01-14 00:28:39,581 Epoch 35/500
2025-01-14 00:29:03,281 Current Learning Rate: 0.0009879584
2025-01-14 00:29:03,656 Train Loss: 0.0011298, Val Loss: 0.0012102
2025-01-14 00:29:03,656 Epoch 36/500
2025-01-14 00:29:27,100 Current Learning Rate: 0.0009872634
2025-01-14 00:29:27,100 Train Loss: 0.0011226, Val Loss: 0.0012363
2025-01-14 00:29:27,100 Epoch 37/500
2025-01-14 00:29:50,520 Current Learning Rate: 0.0009865493
2025-01-14 00:29:50,520 Train Loss: 0.0011156, Val Loss: 0.0012307
2025-01-14 00:29:50,521 Epoch 38/500
2025-01-14 00:30:13,994 Current Learning Rate: 0.0009858159
2025-01-14 00:30:14,169 Train Loss: 0.0011089, Val Loss: 0.0011967
2025-01-14 00:30:14,170 Epoch 39/500
2025-01-14 00:30:38,185 Current Learning Rate: 0.0009850633
2025-01-14 00:30:38,185 Train Loss: 0.0011014, Val Loss: 0.0012582
2025-01-14 00:30:38,185 Epoch 40/500
2025-01-14 00:31:02,504 Current Learning Rate: 0.0009842916
2025-01-14 00:31:02,504 Train Loss: 0.0010956, Val Loss: 0.0012106
2025-01-14 00:31:02,504 Epoch 41/500
2025-01-14 00:31:26,836 Current Learning Rate: 0.0009835007
2025-01-14 00:31:26,998 Train Loss: 0.0010902, Val Loss: 0.0011939
2025-01-14 00:31:26,998 Epoch 42/500
2025-01-14 00:31:51,105 Current Learning Rate: 0.0009826908
2025-01-14 00:31:51,106 Train Loss: 0.0010805, Val Loss: 0.0011999
2025-01-14 00:31:51,106 Epoch 43/500
2025-01-14 00:32:14,996 Current Learning Rate: 0.0009818618
2025-01-14 00:32:14,996 Train Loss: 0.0010755, Val Loss: 0.0011950
2025-01-14 00:32:14,996 Epoch 44/500
2025-01-14 00:32:38,830 Current Learning Rate: 0.0009810138
2025-01-14 00:32:38,995 Train Loss: 0.0010720, Val Loss: 0.0011872
2025-01-14 00:32:38,995 Epoch 45/500
2025-01-14 00:33:02,892 Current Learning Rate: 0.0009801468
2025-01-14 00:33:02,892 Train Loss: 0.0010679, Val Loss: 0.0011912
2025-01-14 00:33:02,893 Epoch 46/500
2025-01-14 00:33:27,125 Current Learning Rate: 0.0009792609
2025-01-14 00:33:27,126 Train Loss: 0.0010601, Val Loss: 0.0011909
2025-01-14 00:33:27,126 Epoch 47/500
2025-01-14 00:33:51,618 Current Learning Rate: 0.0009783560
2025-01-14 00:33:51,793 Train Loss: 0.0010544, Val Loss: 0.0011772
2025-01-14 00:33:51,793 Epoch 48/500
2025-01-14 00:34:16,350 Current Learning Rate: 0.0009774323
2025-01-14 00:34:16,351 Train Loss: 0.0010500, Val Loss: 0.0011821
2025-01-14 00:34:16,351 Epoch 49/500
2025-01-14 00:34:41,424 Current Learning Rate: 0.0009764897
2025-01-14 00:34:41,618 Train Loss: 0.0010455, Val Loss: 0.0011732
2025-01-14 00:34:41,619 Epoch 50/500
2025-01-14 00:35:05,526 Current Learning Rate: 0.0009755283
2025-01-14 00:35:05,714 Train Loss: 0.0010406, Val Loss: 0.0011689
2025-01-14 00:35:05,714 Epoch 51/500
2025-01-14 00:35:29,899 Current Learning Rate: 0.0009745481
2025-01-14 00:35:30,107 Train Loss: 0.0010366, Val Loss: 0.0011680
2025-01-14 00:35:30,107 Epoch 52/500
2025-01-14 00:35:54,038 Current Learning Rate: 0.0009735492
2025-01-14 00:35:54,038 Train Loss: 0.0010319, Val Loss: 0.0011766
2025-01-14 00:35:54,038 Epoch 53/500
2025-01-14 00:36:17,490 Current Learning Rate: 0.0009725315
2025-01-14 00:36:17,490 Train Loss: 0.0010279, Val Loss: 0.0011819
2025-01-14 00:36:17,490 Epoch 54/500
2025-01-14 00:36:41,226 Current Learning Rate: 0.0009714953
2025-01-14 00:36:41,408 Train Loss: 0.0010234, Val Loss: 0.0011623
2025-01-14 00:36:41,408 Epoch 55/500
2025-01-14 00:37:05,007 Current Learning Rate: 0.0009704404
2025-01-14 00:37:05,007 Train Loss: 0.0010203, Val Loss: 0.0011954
2025-01-14 00:37:05,007 Epoch 56/500
2025-01-14 00:37:28,915 Current Learning Rate: 0.0009693669
2025-01-14 00:37:29,093 Train Loss: 0.0010152, Val Loss: 0.0011617
2025-01-14 00:37:29,093 Epoch 57/500
2025-01-14 00:37:52,659 Current Learning Rate: 0.0009682749
2025-01-14 00:37:52,890 Train Loss: 0.0010116, Val Loss: 0.0011468
2025-01-14 00:37:52,890 Epoch 58/500
2025-01-14 00:38:16,412 Current Learning Rate: 0.0009671645
2025-01-14 00:38:16,412 Train Loss: 0.0010100, Val Loss: 0.0011601
2025-01-14 00:38:16,412 Epoch 59/500
2025-01-14 00:38:40,262 Current Learning Rate: 0.0009660356
2025-01-14 00:38:40,262 Train Loss: 0.0010067, Val Loss: 0.0011836
2025-01-14 00:38:40,262 Epoch 60/500
2025-01-14 00:39:04,323 Current Learning Rate: 0.0009648882
2025-01-14 00:39:04,324 Train Loss: 0.0009993, Val Loss: 0.0011474
2025-01-14 00:39:04,324 Epoch 61/500
2025-01-14 00:39:28,449 Current Learning Rate: 0.0009637226
2025-01-14 00:39:28,450 Train Loss: 0.0009986, Val Loss: 0.0011592
2025-01-14 00:39:28,450 Epoch 62/500
2025-01-14 00:39:52,889 Current Learning Rate: 0.0009625386
2025-01-14 00:39:53,064 Train Loss: 0.0009943, Val Loss: 0.0011392
2025-01-14 00:39:53,064 Epoch 63/500
2025-01-14 00:40:17,641 Current Learning Rate: 0.0009613364
2025-01-14 00:40:17,833 Train Loss: 0.0009926, Val Loss: 0.0011389
2025-01-14 00:40:17,833 Epoch 64/500
2025-01-14 00:40:42,081 Current Learning Rate: 0.0009601159
2025-01-14 00:40:42,082 Train Loss: 0.0009867, Val Loss: 0.0011505
2025-01-14 00:40:42,082 Epoch 65/500
2025-01-14 00:41:06,730 Current Learning Rate: 0.0009588773
2025-01-14 00:41:06,730 Train Loss: 0.0009851, Val Loss: 0.0011502
2025-01-14 00:41:06,730 Epoch 66/500
2025-01-14 00:41:30,349 Current Learning Rate: 0.0009576206
2025-01-14 00:41:30,350 Train Loss: 0.0009840, Val Loss: 0.0011643
2025-01-14 00:41:30,350 Epoch 67/500
2025-01-14 00:41:54,092 Current Learning Rate: 0.0009563458
2025-01-14 00:41:54,280 Train Loss: 0.0009789, Val Loss: 0.0011374
2025-01-14 00:41:54,280 Epoch 68/500
2025-01-14 00:42:18,591 Current Learning Rate: 0.0009550530
2025-01-14 00:42:18,591 Train Loss: 0.0009754, Val Loss: 0.0011537
2025-01-14 00:42:18,591 Epoch 69/500
2025-01-14 00:42:42,701 Current Learning Rate: 0.0009537422
2025-01-14 00:42:42,701 Train Loss: 0.0009757, Val Loss: 0.0011516
2025-01-14 00:42:42,701 Epoch 70/500
2025-01-14 00:43:06,345 Current Learning Rate: 0.0009524135
2025-01-14 00:43:06,347 Train Loss: 0.0009696, Val Loss: 0.0011716
2025-01-14 00:43:06,349 Epoch 71/500
2025-01-14 00:43:29,958 Current Learning Rate: 0.0009510670
2025-01-14 00:43:29,958 Train Loss: 0.0009708, Val Loss: 0.0011389
2025-01-14 00:43:29,958 Epoch 72/500
2025-01-14 00:43:54,250 Current Learning Rate: 0.0009497026
2025-01-14 00:43:54,250 Train Loss: 0.0009657, Val Loss: 0.0011439
2025-01-14 00:43:54,250 Epoch 73/500
2025-01-14 00:44:18,121 Current Learning Rate: 0.0009483205
2025-01-14 00:44:18,121 Train Loss: 0.0009605, Val Loss: 0.0011376
2025-01-14 00:44:18,122 Epoch 74/500
2025-01-14 00:44:41,838 Current Learning Rate: 0.0009469207
2025-01-14 00:44:42,036 Train Loss: 0.0009608, Val Loss: 0.0011315
2025-01-14 00:44:42,037 Epoch 75/500
2025-01-14 00:45:06,079 Current Learning Rate: 0.0009455033
2025-01-14 00:45:06,261 Train Loss: 0.0009579, Val Loss: 0.0011298
2025-01-14 00:45:06,261 Epoch 76/500
2025-01-14 00:45:29,844 Current Learning Rate: 0.0009440682
2025-01-14 00:45:29,844 Train Loss: 0.0009559, Val Loss: 0.0011347
2025-01-14 00:45:29,844 Epoch 77/500
2025-01-14 00:45:53,422 Current Learning Rate: 0.0009426157
2025-01-14 00:45:53,602 Train Loss: 0.0009527, Val Loss: 0.0011212
2025-01-14 00:45:53,603 Epoch 78/500
2025-01-14 00:46:16,981 Current Learning Rate: 0.0009411456
2025-01-14 00:46:17,152 Train Loss: 0.0009499, Val Loss: 0.0011131
2025-01-14 00:46:17,153 Epoch 79/500
2025-01-14 00:46:40,507 Current Learning Rate: 0.0009396582
2025-01-14 00:46:40,507 Train Loss: 0.0009474, Val Loss: 0.0011272
2025-01-14 00:46:40,508 Epoch 80/500
2025-01-14 00:47:03,716 Current Learning Rate: 0.0009381533
2025-01-14 00:47:03,716 Train Loss: 0.0009463, Val Loss: 0.0011361
2025-01-14 00:47:03,717 Epoch 81/500
2025-01-14 00:47:26,894 Current Learning Rate: 0.0009366312
2025-01-14 00:47:26,895 Train Loss: 0.0009433, Val Loss: 0.0011218
2025-01-14 00:47:26,895 Epoch 82/500
2025-01-14 00:47:50,032 Current Learning Rate: 0.0009350919
2025-01-14 00:47:50,032 Train Loss: 0.0009414, Val Loss: 0.0011202
2025-01-14 00:47:50,032 Epoch 83/500
2025-01-14 00:48:13,421 Current Learning Rate: 0.0009335354
2025-01-14 00:48:13,421 Train Loss: 0.0009409, Val Loss: 0.0011254
2025-01-14 00:48:13,421 Epoch 84/500
2025-01-14 00:48:36,553 Current Learning Rate: 0.0009319617
2025-01-14 00:48:36,554 Train Loss: 0.0009379, Val Loss: 0.0011243
2025-01-14 00:48:36,554 Epoch 85/500
2025-01-14 00:48:59,675 Current Learning Rate: 0.0009303710
2025-01-14 00:48:59,675 Train Loss: 0.0009346, Val Loss: 0.0011371
2025-01-14 00:48:59,675 Epoch 86/500
2025-01-14 00:49:23,119 Current Learning Rate: 0.0009287633
2025-01-14 00:49:23,119 Train Loss: 0.0009344, Val Loss: 0.0011403
2025-01-14 00:49:23,119 Epoch 87/500
2025-01-14 00:49:46,330 Current Learning Rate: 0.0009271387
2025-01-14 00:49:46,330 Train Loss: 0.0009293, Val Loss: 0.0011195
2025-01-14 00:49:46,330 Epoch 88/500
2025-01-14 00:50:09,807 Current Learning Rate: 0.0009254972
2025-01-14 00:50:09,807 Train Loss: 0.0009287, Val Loss: 0.0011311
2025-01-14 00:50:09,807 Epoch 89/500
2025-01-14 00:50:33,129 Current Learning Rate: 0.0009238390
2025-01-14 00:50:33,130 Train Loss: 0.0009265, Val Loss: 0.0011343
2025-01-14 00:50:33,131 Epoch 90/500
2025-01-14 00:50:56,505 Current Learning Rate: 0.0009221640
2025-01-14 00:50:56,506 Train Loss: 0.0009265, Val Loss: 0.0011341
2025-01-14 00:50:56,506 Epoch 91/500
2025-01-14 00:51:19,974 Current Learning Rate: 0.0009204723
2025-01-14 00:51:19,974 Train Loss: 0.0009247, Val Loss: 0.0011237
2025-01-14 00:51:19,974 Epoch 92/500
2025-01-14 00:51:43,301 Current Learning Rate: 0.0009187640
2025-01-14 00:51:43,301 Train Loss: 0.0009218, Val Loss: 0.0011263
2025-01-14 00:51:43,302 Epoch 93/500
2025-01-14 00:52:06,642 Current Learning Rate: 0.0009170392
2025-01-14 00:52:06,832 Train Loss: 0.0009195, Val Loss: 0.0011109
2025-01-14 00:52:06,832 Epoch 94/500
2025-01-14 00:52:30,847 Current Learning Rate: 0.0009152979
2025-01-14 00:52:30,847 Train Loss: 0.0009167, Val Loss: 0.0011244
2025-01-14 00:52:30,847 Epoch 95/500
2025-01-14 00:52:54,272 Current Learning Rate: 0.0009135403
2025-01-14 00:52:54,273 Train Loss: 0.0009162, Val Loss: 0.0011134
2025-01-14 00:52:54,273 Epoch 96/500
2025-01-14 00:53:17,950 Current Learning Rate: 0.0009117663
2025-01-14 00:53:18,113 Train Loss: 0.0009156, Val Loss: 0.0011106
2025-01-14 00:53:18,113 Epoch 97/500
2025-01-14 00:53:41,491 Current Learning Rate: 0.0009099761
2025-01-14 00:53:41,491 Train Loss: 0.0009130, Val Loss: 0.0011178
2025-01-14 00:53:41,492 Epoch 98/500
2025-01-14 00:54:05,039 Current Learning Rate: 0.0009081696
2025-01-14 00:54:05,205 Train Loss: 0.0009101, Val Loss: 0.0011097
2025-01-14 00:54:05,205 Epoch 99/500
2025-01-14 00:54:28,721 Current Learning Rate: 0.0009063471
2025-01-14 00:54:28,721 Train Loss: 0.0009103, Val Loss: 0.0011174
2025-01-14 00:54:28,721 Epoch 100/500
2025-01-14 00:54:53,098 Current Learning Rate: 0.0009045085
2025-01-14 00:54:53,099 Train Loss: 0.0009084, Val Loss: 0.0011098
2025-01-14 00:54:53,099 Epoch 101/500
2025-01-14 00:55:17,978 Current Learning Rate: 0.0009026539
2025-01-14 00:55:17,979 Train Loss: 0.0009085, Val Loss: 0.0011198
2025-01-14 00:55:17,979 Epoch 102/500
2025-01-14 00:55:41,697 Current Learning Rate: 0.0009007835
2025-01-14 00:55:41,897 Train Loss: 0.0009042, Val Loss: 0.0011080
2025-01-14 00:55:41,897 Epoch 103/500
2025-01-14 00:56:05,442 Current Learning Rate: 0.0008988972
2025-01-14 00:56:05,624 Train Loss: 0.0009028, Val Loss: 0.0011041
2025-01-14 00:56:05,624 Epoch 104/500
2025-01-14 00:56:29,402 Current Learning Rate: 0.0008969952
2025-01-14 00:56:29,403 Train Loss: 0.0009009, Val Loss: 0.0011130
2025-01-14 00:56:29,403 Epoch 105/500
2025-01-14 00:56:54,020 Current Learning Rate: 0.0008950775
2025-01-14 00:56:54,021 Train Loss: 0.0009009, Val Loss: 0.0011124
2025-01-14 00:56:54,021 Epoch 106/500
2025-01-14 00:57:17,425 Current Learning Rate: 0.0008931442
2025-01-14 00:57:17,607 Train Loss: 0.0008995, Val Loss: 0.0011019
2025-01-14 00:57:17,607 Epoch 107/500
2025-01-14 00:57:40,926 Current Learning Rate: 0.0008911954
2025-01-14 00:57:40,927 Train Loss: 0.0008973, Val Loss: 0.0011124
2025-01-14 00:57:40,927 Epoch 108/500
2025-01-14 00:58:04,295 Current Learning Rate: 0.0008892312
2025-01-14 00:58:04,296 Train Loss: 0.0008964, Val Loss: 0.0011374
2025-01-14 00:58:04,296 Epoch 109/500
2025-01-14 00:58:27,609 Current Learning Rate: 0.0008872515
2025-01-14 00:58:27,610 Train Loss: 0.0008946, Val Loss: 0.0011103
2025-01-14 00:58:27,610 Epoch 110/500
2025-01-14 00:58:51,393 Current Learning Rate: 0.0008852566
2025-01-14 00:58:51,393 Train Loss: 0.0008934, Val Loss: 0.0011026
2025-01-14 00:58:51,394 Epoch 111/500
2025-01-14 00:59:14,860 Current Learning Rate: 0.0008832465
2025-01-14 00:59:14,861 Train Loss: 0.0008920, Val Loss: 0.0011068
2025-01-14 00:59:14,861 Epoch 112/500
2025-01-14 00:59:38,316 Current Learning Rate: 0.0008812213
2025-01-14 00:59:38,316 Train Loss: 0.0008893, Val Loss: 0.0011043
2025-01-14 00:59:38,317 Epoch 113/500
2025-01-14 01:00:01,771 Current Learning Rate: 0.0008791810
2025-01-14 01:00:01,772 Train Loss: 0.0008890, Val Loss: 0.0011058
2025-01-14 01:00:01,772 Epoch 114/500
2025-01-14 01:00:25,190 Current Learning Rate: 0.0008771257
2025-01-14 01:00:25,366 Train Loss: 0.0008874, Val Loss: 0.0010907
2025-01-14 01:00:25,366 Epoch 115/500
2025-01-14 01:00:48,734 Current Learning Rate: 0.0008750555
2025-01-14 01:00:48,734 Train Loss: 0.0008857, Val Loss: 0.0011006
2025-01-14 01:00:48,734 Epoch 116/500
2025-01-14 01:01:12,258 Current Learning Rate: 0.0008729706
2025-01-14 01:01:12,259 Train Loss: 0.0008842, Val Loss: 0.0011134
2025-01-14 01:01:12,259 Epoch 117/500
2025-01-14 01:01:35,635 Current Learning Rate: 0.0008708709
2025-01-14 01:01:35,636 Train Loss: 0.0008856, Val Loss: 0.0011008
2025-01-14 01:01:35,636 Epoch 118/500
2025-01-14 01:01:59,017 Current Learning Rate: 0.0008687566
2025-01-14 01:01:59,017 Train Loss: 0.0008818, Val Loss: 0.0011092
2025-01-14 01:01:59,017 Epoch 119/500
2025-01-14 01:02:22,420 Current Learning Rate: 0.0008666277
2025-01-14 01:02:22,421 Train Loss: 0.0008804, Val Loss: 0.0011014
2025-01-14 01:02:22,421 Epoch 120/500
2025-01-14 01:02:45,771 Current Learning Rate: 0.0008644843
2025-01-14 01:02:45,771 Train Loss: 0.0008803, Val Loss: 0.0010996
2025-01-14 01:02:45,771 Epoch 121/500
2025-01-14 01:03:09,167 Current Learning Rate: 0.0008623266
2025-01-14 01:03:09,167 Train Loss: 0.0008777, Val Loss: 0.0011050
2025-01-14 01:03:09,167 Epoch 122/500
2025-01-14 01:03:32,518 Current Learning Rate: 0.0008601545
2025-01-14 01:03:32,519 Train Loss: 0.0008772, Val Loss: 0.0011000
2025-01-14 01:03:32,519 Epoch 123/500
2025-01-14 01:03:55,835 Current Learning Rate: 0.0008579682
2025-01-14 01:03:55,835 Train Loss: 0.0008765, Val Loss: 0.0010959
2025-01-14 01:03:55,835 Epoch 124/500
2025-01-14 01:04:19,176 Current Learning Rate: 0.0008557678
2025-01-14 01:04:19,176 Train Loss: 0.0008762, Val Loss: 0.0011025
2025-01-14 01:04:19,177 Epoch 125/500
2025-01-14 01:04:42,473 Current Learning Rate: 0.0008535534
2025-01-14 01:04:42,473 Train Loss: 0.0008747, Val Loss: 0.0011036
2025-01-14 01:04:42,473 Epoch 126/500
2025-01-14 01:05:06,188 Current Learning Rate: 0.0008513250
2025-01-14 01:05:06,188 Train Loss: 0.0008714, Val Loss: 0.0010916
2025-01-14 01:05:06,188 Epoch 127/500
2025-01-14 01:05:29,557 Current Learning Rate: 0.0008490827
2025-01-14 01:05:29,558 Train Loss: 0.0008712, Val Loss: 0.0010971
2025-01-14 01:05:29,558 Epoch 128/500
2025-01-14 01:05:53,036 Current Learning Rate: 0.0008468267
2025-01-14 01:05:53,036 Train Loss: 0.0008700, Val Loss: 0.0011190
2025-01-14 01:05:53,037 Epoch 129/500
2025-01-14 01:06:16,560 Current Learning Rate: 0.0008445569
2025-01-14 01:06:16,561 Train Loss: 0.0008692, Val Loss: 0.0011006
2025-01-14 01:06:16,561 Epoch 130/500
2025-01-14 01:06:40,585 Current Learning Rate: 0.0008422736
2025-01-14 01:06:40,586 Train Loss: 0.0008671, Val Loss: 0.0011013
2025-01-14 01:06:40,586 Epoch 131/500
2025-01-14 01:07:04,208 Current Learning Rate: 0.0008399767
2025-01-14 01:07:04,208 Train Loss: 0.0008672, Val Loss: 0.0011116
2025-01-14 01:07:04,208 Epoch 132/500
2025-01-14 01:07:27,667 Current Learning Rate: 0.0008376664
2025-01-14 01:07:27,668 Train Loss: 0.0008659, Val Loss: 0.0010983
2025-01-14 01:07:27,668 Epoch 133/500
2025-01-14 01:07:51,140 Current Learning Rate: 0.0008353428
2025-01-14 01:07:51,141 Train Loss: 0.0008649, Val Loss: 0.0011110
2025-01-14 01:07:51,141 Epoch 134/500
2025-01-14 01:08:15,575 Current Learning Rate: 0.0008330059
2025-01-14 01:08:15,576 Train Loss: 0.0008634, Val Loss: 0.0011054
2025-01-14 01:08:15,576 Epoch 135/500
2025-01-14 01:08:39,921 Current Learning Rate: 0.0008306559
2025-01-14 01:08:39,921 Train Loss: 0.0008630, Val Loss: 0.0010969
2025-01-14 01:08:39,921 Epoch 136/500
2025-01-14 01:09:03,777 Current Learning Rate: 0.0008282929
2025-01-14 01:09:03,777 Train Loss: 0.0008626, Val Loss: 0.0011014
2025-01-14 01:09:03,777 Epoch 137/500
2025-01-14 01:09:28,307 Current Learning Rate: 0.0008259169
2025-01-14 01:09:28,307 Train Loss: 0.0008601, Val Loss: 0.0010968
2025-01-14 01:09:28,308 Epoch 138/500
2025-01-14 01:09:52,255 Current Learning Rate: 0.0008235280
2025-01-14 01:09:52,255 Train Loss: 0.0008595, Val Loss: 0.0011021
2025-01-14 01:09:52,256 Epoch 139/500
2025-01-14 01:10:16,092 Current Learning Rate: 0.0008211263
2025-01-14 01:10:16,093 Train Loss: 0.0008591, Val Loss: 0.0011019
2025-01-14 01:10:16,093 Epoch 140/500
2025-01-14 01:10:39,524 Current Learning Rate: 0.0008187120
2025-01-14 01:10:39,524 Train Loss: 0.0008570, Val Loss: 0.0010990
2025-01-14 01:10:39,525 Epoch 141/500
2025-01-14 01:11:03,251 Current Learning Rate: 0.0008162851
2025-01-14 01:11:03,252 Train Loss: 0.0008570, Val Loss: 0.0011053
2025-01-14 01:11:03,252 Epoch 142/500
2025-01-14 01:11:27,403 Current Learning Rate: 0.0008138457
2025-01-14 01:11:27,403 Train Loss: 0.0008558, Val Loss: 0.0011046
2025-01-14 01:11:27,403 Epoch 143/500
2025-01-14 01:11:50,818 Current Learning Rate: 0.0008113939
2025-01-14 01:11:51,025 Train Loss: 0.0008544, Val Loss: 0.0010890
2025-01-14 01:11:51,026 Epoch 144/500
2025-01-14 01:12:14,834 Current Learning Rate: 0.0008089298
2025-01-14 01:12:14,834 Train Loss: 0.0008535, Val Loss: 0.0010909
2025-01-14 01:12:14,835 Epoch 145/500
2025-01-14 01:12:38,673 Current Learning Rate: 0.0008064535
2025-01-14 01:12:38,673 Train Loss: 0.0008525, Val Loss: 0.0011005
2025-01-14 01:12:38,673 Epoch 146/500
2025-01-14 01:13:02,521 Current Learning Rate: 0.0008039651
2025-01-14 01:13:02,522 Train Loss: 0.0008530, Val Loss: 0.0010927
2025-01-14 01:13:02,522 Epoch 147/500
2025-01-14 01:13:26,002 Current Learning Rate: 0.0008014648
2025-01-14 01:13:26,193 Train Loss: 0.0008496, Val Loss: 0.0010857
2025-01-14 01:13:26,193 Epoch 148/500
2025-01-14 01:13:50,872 Current Learning Rate: 0.0007989525
2025-01-14 01:13:50,872 Train Loss: 0.0008507, Val Loss: 0.0011007
2025-01-14 01:13:50,872 Epoch 149/500
2025-01-14 01:14:14,735 Current Learning Rate: 0.0007964284
2025-01-14 01:14:14,735 Train Loss: 0.0008491, Val Loss: 0.0010909
2025-01-14 01:14:14,736 Epoch 150/500
2025-01-14 01:14:38,386 Current Learning Rate: 0.0007938926
2025-01-14 01:14:38,387 Train Loss: 0.0008473, Val Loss: 0.0010902
2025-01-14 01:14:38,387 Epoch 151/500
2025-01-14 01:15:01,952 Current Learning Rate: 0.0007913452
2025-01-14 01:15:01,952 Train Loss: 0.0008473, Val Loss: 0.0010871
2025-01-14 01:15:01,953 Epoch 152/500
2025-01-14 01:15:25,893 Current Learning Rate: 0.0007887864
2025-01-14 01:15:25,894 Train Loss: 0.0008463, Val Loss: 0.0010923
2025-01-14 01:15:25,894 Epoch 153/500
2025-01-14 01:15:49,376 Current Learning Rate: 0.0007862161
2025-01-14 01:15:49,376 Train Loss: 0.0008446, Val Loss: 0.0010858
2025-01-14 01:15:49,376 Epoch 154/500
2025-01-14 01:16:12,787 Current Learning Rate: 0.0007836345
2025-01-14 01:16:12,787 Train Loss: 0.0008443, Val Loss: 0.0011180
2025-01-14 01:16:12,787 Epoch 155/500
2025-01-14 01:16:36,058 Current Learning Rate: 0.0007810417
2025-01-14 01:16:36,238 Train Loss: 0.0008446, Val Loss: 0.0010835
2025-01-14 01:16:36,238 Epoch 156/500
2025-01-14 01:16:59,590 Current Learning Rate: 0.0007784378
2025-01-14 01:16:59,590 Train Loss: 0.0008420, Val Loss: 0.0010903
2025-01-14 01:16:59,590 Epoch 157/500
2025-01-14 01:17:22,985 Current Learning Rate: 0.0007758229
2025-01-14 01:17:22,985 Train Loss: 0.0008408, Val Loss: 0.0010947
2025-01-14 01:17:22,985 Epoch 158/500
2025-01-14 01:17:46,437 Current Learning Rate: 0.0007731972
2025-01-14 01:17:46,439 Train Loss: 0.0008419, Val Loss: 0.0011096
2025-01-14 01:17:46,439 Epoch 159/500
2025-01-14 01:18:09,890 Current Learning Rate: 0.0007705606
2025-01-14 01:18:09,890 Train Loss: 0.0008407, Val Loss: 0.0010925
2025-01-14 01:18:09,890 Epoch 160/500
2025-01-14 01:18:33,369 Current Learning Rate: 0.0007679134
2025-01-14 01:18:33,369 Train Loss: 0.0008400, Val Loss: 0.0010884
2025-01-14 01:18:33,369 Epoch 161/500
2025-01-14 01:18:56,917 Current Learning Rate: 0.0007652556
2025-01-14 01:18:56,918 Train Loss: 0.0008382, Val Loss: 0.0010844
2025-01-14 01:18:56,918 Epoch 162/500
2025-01-14 01:19:20,650 Current Learning Rate: 0.0007625873
2025-01-14 01:19:20,827 Train Loss: 0.0008381, Val Loss: 0.0010809
2025-01-14 01:19:20,828 Epoch 163/500
2025-01-14 01:19:44,584 Current Learning Rate: 0.0007599087
2025-01-14 01:19:44,585 Train Loss: 0.0008373, Val Loss: 0.0010967
2025-01-14 01:19:44,585 Epoch 164/500
2025-01-14 01:20:09,096 Current Learning Rate: 0.0007572198
2025-01-14 01:20:09,096 Train Loss: 0.0008354, Val Loss: 0.0010914
2025-01-14 01:20:09,096 Epoch 165/500
2025-01-14 01:20:33,533 Current Learning Rate: 0.0007545207
2025-01-14 01:20:33,533 Train Loss: 0.0008352, Val Loss: 0.0010834
2025-01-14 01:20:33,533 Epoch 166/500
2025-01-14 01:20:57,663 Current Learning Rate: 0.0007518116
2025-01-14 01:20:57,664 Train Loss: 0.0008346, Val Loss: 0.0010983
2025-01-14 01:20:57,664 Epoch 167/500
2025-01-14 01:21:21,373 Current Learning Rate: 0.0007490926
2025-01-14 01:21:21,560 Train Loss: 0.0008334, Val Loss: 0.0010786
2025-01-14 01:21:21,560 Epoch 168/500
2025-01-14 01:21:46,263 Current Learning Rate: 0.0007463637
2025-01-14 01:21:46,263 Train Loss: 0.0008325, Val Loss: 0.0010860
2025-01-14 01:21:46,263 Epoch 169/500
2025-01-14 01:22:09,665 Current Learning Rate: 0.0007436251
2025-01-14 01:22:09,665 Train Loss: 0.0008327, Val Loss: 0.0010804
2025-01-14 01:22:09,665 Epoch 170/500
2025-01-14 01:22:33,507 Current Learning Rate: 0.0007408768
2025-01-14 01:22:33,507 Train Loss: 0.0008307, Val Loss: 0.0010861
2025-01-14 01:22:33,507 Epoch 171/500
2025-01-14 01:22:56,895 Current Learning Rate: 0.0007381191
2025-01-14 01:22:56,896 Train Loss: 0.0008306, Val Loss: 0.0010817
2025-01-14 01:22:56,896 Epoch 172/500
2025-01-14 01:23:20,255 Current Learning Rate: 0.0007353520
2025-01-14 01:23:20,255 Train Loss: 0.0008301, Val Loss: 0.0010839
2025-01-14 01:23:20,255 Epoch 173/500
2025-01-14 01:23:43,843 Current Learning Rate: 0.0007325755
2025-01-14 01:23:43,844 Train Loss: 0.0008296, Val Loss: 0.0010838
2025-01-14 01:23:43,844 Epoch 174/500
2025-01-14 01:24:07,752 Current Learning Rate: 0.0007297899
2025-01-14 01:24:07,965 Train Loss: 0.0008277, Val Loss: 0.0010784
2025-01-14 01:24:07,965 Epoch 175/500
2025-01-14 01:24:31,260 Current Learning Rate: 0.0007269952
2025-01-14 01:24:31,261 Train Loss: 0.0008266, Val Loss: 0.0011009
2025-01-14 01:24:31,261 Epoch 176/500
2025-01-14 01:24:54,387 Current Learning Rate: 0.0007241916
2025-01-14 01:24:54,581 Train Loss: 0.0008272, Val Loss: 0.0010780
2025-01-14 01:24:54,581 Epoch 177/500
2025-01-14 01:25:17,817 Current Learning Rate: 0.0007213791
2025-01-14 01:25:17,818 Train Loss: 0.0008265, Val Loss: 0.0010827
2025-01-14 01:25:17,818 Epoch 178/500
2025-01-14 01:25:41,023 Current Learning Rate: 0.0007185579
2025-01-14 01:25:41,024 Train Loss: 0.0008247, Val Loss: 0.0010801
2025-01-14 01:25:41,024 Epoch 179/500
2025-01-14 01:26:04,570 Current Learning Rate: 0.0007157280
2025-01-14 01:26:04,778 Train Loss: 0.0008231, Val Loss: 0.0010765
2025-01-14 01:26:04,778 Epoch 180/500
2025-01-14 01:26:28,548 Current Learning Rate: 0.0007128896
2025-01-14 01:26:28,745 Train Loss: 0.0008234, Val Loss: 0.0010763
2025-01-14 01:26:28,745 Epoch 181/500
2025-01-14 01:26:52,793 Current Learning Rate: 0.0007100429
2025-01-14 01:26:52,793 Train Loss: 0.0008232, Val Loss: 0.0010909
2025-01-14 01:26:52,794 Epoch 182/500
2025-01-14 01:27:16,599 Current Learning Rate: 0.0007071878
2025-01-14 01:27:16,600 Train Loss: 0.0008217, Val Loss: 0.0010852
2025-01-14 01:27:16,600 Epoch 183/500
2025-01-14 01:27:40,524 Current Learning Rate: 0.0007043245
2025-01-14 01:27:40,525 Train Loss: 0.0008212, Val Loss: 0.0010803
2025-01-14 01:27:40,525 Epoch 184/500
2025-01-14 01:28:03,880 Current Learning Rate: 0.0007014532
2025-01-14 01:28:04,083 Train Loss: 0.0008204, Val Loss: 0.0010755
2025-01-14 01:28:04,083 Epoch 185/500
2025-01-14 01:28:27,232 Current Learning Rate: 0.0006985739
2025-01-14 01:28:27,232 Train Loss: 0.0008197, Val Loss: 0.0010850
2025-01-14 01:28:27,233 Epoch 186/500
2025-01-14 01:28:50,431 Current Learning Rate: 0.0006956868
2025-01-14 01:28:50,432 Train Loss: 0.0008190, Val Loss: 0.0011069
2025-01-14 01:28:50,432 Epoch 187/500
2025-01-14 01:29:13,616 Current Learning Rate: 0.0006927920
2025-01-14 01:29:13,616 Train Loss: 0.0008190, Val Loss: 0.0010875
2025-01-14 01:29:13,617 Epoch 188/500
2025-01-14 01:29:36,798 Current Learning Rate: 0.0006898895
2025-01-14 01:29:36,799 Train Loss: 0.0008178, Val Loss: 0.0010913
2025-01-14 01:29:36,799 Epoch 189/500
2025-01-14 01:30:00,521 Current Learning Rate: 0.0006869796
2025-01-14 01:30:00,522 Train Loss: 0.0008170, Val Loss: 0.0010756
2025-01-14 01:30:00,522 Epoch 190/500
2025-01-14 01:30:24,306 Current Learning Rate: 0.0006840623
2025-01-14 01:30:24,306 Train Loss: 0.0008168, Val Loss: 0.0010773
2025-01-14 01:30:24,307 Epoch 191/500
2025-01-14 01:30:48,285 Current Learning Rate: 0.0006811377
2025-01-14 01:30:48,286 Train Loss: 0.0008158, Val Loss: 0.0010813
2025-01-14 01:30:48,286 Epoch 192/500
2025-01-14 01:31:11,915 Current Learning Rate: 0.0006782059
2025-01-14 01:31:11,915 Train Loss: 0.0008161, Val Loss: 0.0010775
2025-01-14 01:31:11,915 Epoch 193/500
2025-01-14 01:31:35,777 Current Learning Rate: 0.0006752672
2025-01-14 01:31:35,976 Train Loss: 0.0008149, Val Loss: 0.0010745
2025-01-14 01:31:35,977 Epoch 194/500
2025-01-14 01:32:00,001 Current Learning Rate: 0.0006723215
2025-01-14 01:32:00,002 Train Loss: 0.0008134, Val Loss: 0.0010842
2025-01-14 01:32:00,002 Epoch 195/500
2025-01-14 01:32:23,722 Current Learning Rate: 0.0006693690
2025-01-14 01:32:23,722 Train Loss: 0.0008130, Val Loss: 0.0010778
2025-01-14 01:32:23,723 Epoch 196/500
2025-01-14 01:32:47,023 Current Learning Rate: 0.0006664098
2025-01-14 01:32:47,023 Train Loss: 0.0008124, Val Loss: 0.0010816
2025-01-14 01:32:47,024 Epoch 197/500
2025-01-14 01:33:10,755 Current Learning Rate: 0.0006634440
2025-01-14 01:33:10,756 Train Loss: 0.0008109, Val Loss: 0.0010813
2025-01-14 01:33:10,756 Epoch 198/500
2025-01-14 01:33:34,458 Current Learning Rate: 0.0006604718
2025-01-14 01:33:34,459 Train Loss: 0.0008117, Val Loss: 0.0010775
2025-01-14 01:33:34,459 Epoch 199/500
2025-01-14 01:33:58,334 Current Learning Rate: 0.0006574933
2025-01-14 01:33:58,335 Train Loss: 0.0008110, Val Loss: 0.0010774
2025-01-14 01:33:58,335 Epoch 200/500
2025-01-14 01:34:21,874 Current Learning Rate: 0.0006545085
2025-01-14 01:34:21,874 Train Loss: 0.0008098, Val Loss: 0.0010749
2025-01-14 01:34:21,874 Epoch 201/500
2025-01-14 01:34:45,357 Current Learning Rate: 0.0006515176
2025-01-14 01:34:45,358 Train Loss: 0.0008099, Val Loss: 0.0010820
2025-01-14 01:34:45,358 Epoch 202/500
2025-01-14 01:35:09,297 Current Learning Rate: 0.0006485208
2025-01-14 01:35:09,509 Train Loss: 0.0008087, Val Loss: 0.0010711
2025-01-14 01:35:09,509 Epoch 203/500
2025-01-14 01:35:33,017 Current Learning Rate: 0.0006455181
2025-01-14 01:35:33,018 Train Loss: 0.0008077, Val Loss: 0.0010848
2025-01-14 01:35:33,018 Epoch 204/500
2025-01-14 01:35:56,307 Current Learning Rate: 0.0006425096
2025-01-14 01:35:56,308 Train Loss: 0.0008080, Val Loss: 0.0010886
2025-01-14 01:35:56,308 Epoch 205/500
2025-01-14 01:36:20,212 Current Learning Rate: 0.0006394956
2025-01-14 01:36:20,213 Train Loss: 0.0008074, Val Loss: 0.0010723
2025-01-14 01:36:20,213 Epoch 206/500
2025-01-14 01:36:44,218 Current Learning Rate: 0.0006364760
2025-01-14 01:36:44,218 Train Loss: 0.0008065, Val Loss: 0.0010773
2025-01-14 01:36:44,218 Epoch 207/500
2025-01-14 01:37:07,773 Current Learning Rate: 0.0006334510
2025-01-14 01:37:07,975 Train Loss: 0.0008052, Val Loss: 0.0010703
2025-01-14 01:37:07,975 Epoch 208/500
2025-01-14 01:37:31,561 Current Learning Rate: 0.0006304208
2025-01-14 01:37:31,562 Train Loss: 0.0008058, Val Loss: 0.0010733
2025-01-14 01:37:31,562 Epoch 209/500
2025-01-14 01:37:54,923 Current Learning Rate: 0.0006273854
2025-01-14 01:37:54,923 Train Loss: 0.0008045, Val Loss: 0.0010811
2025-01-14 01:37:54,924 Epoch 210/500
2025-01-14 01:38:18,093 Current Learning Rate: 0.0006243449
2025-01-14 01:38:18,093 Train Loss: 0.0008045, Val Loss: 0.0010807
2025-01-14 01:38:18,094 Epoch 211/500
2025-01-14 01:38:41,488 Current Learning Rate: 0.0006212996
2025-01-14 01:38:41,489 Train Loss: 0.0008035, Val Loss: 0.0010845
2025-01-14 01:38:41,489 Epoch 212/500
2025-01-14 01:39:04,750 Current Learning Rate: 0.0006182495
2025-01-14 01:39:04,751 Train Loss: 0.0008037, Val Loss: 0.0010812
2025-01-14 01:39:04,751 Epoch 213/500
2025-01-14 01:39:28,105 Current Learning Rate: 0.0006151947
2025-01-14 01:39:28,106 Train Loss: 0.0008021, Val Loss: 0.0010708
2025-01-14 01:39:28,106 Epoch 214/500
2025-01-14 01:39:51,392 Current Learning Rate: 0.0006121354
2025-01-14 01:39:51,392 Train Loss: 0.0008013, Val Loss: 0.0010880
2025-01-14 01:39:51,393 Epoch 215/500
2025-01-14 01:40:14,708 Current Learning Rate: 0.0006090716
2025-01-14 01:40:14,709 Train Loss: 0.0008006, Val Loss: 0.0010763
2025-01-14 01:40:14,709 Epoch 216/500
2025-01-14 01:40:38,124 Current Learning Rate: 0.0006060036
2025-01-14 01:40:38,125 Train Loss: 0.0008011, Val Loss: 0.0010779
2025-01-14 01:40:38,125 Epoch 217/500
2025-01-14 01:41:01,668 Current Learning Rate: 0.0006029313
2025-01-14 01:41:01,869 Train Loss: 0.0007994, Val Loss: 0.0010696
2025-01-14 01:41:01,869 Epoch 218/500
2025-01-14 01:41:25,287 Current Learning Rate: 0.0005998550
2025-01-14 01:41:25,288 Train Loss: 0.0007987, Val Loss: 0.0010804
2025-01-14 01:41:25,288 Epoch 219/500
2025-01-14 01:41:48,640 Current Learning Rate: 0.0005967747
2025-01-14 01:41:48,641 Train Loss: 0.0007983, Val Loss: 0.0010836
2025-01-14 01:41:48,641 Epoch 220/500
2025-01-14 01:42:12,004 Current Learning Rate: 0.0005936907
2025-01-14 01:42:12,005 Train Loss: 0.0007987, Val Loss: 0.0010994
2025-01-14 01:42:12,005 Epoch 221/500
2025-01-14 01:42:35,975 Current Learning Rate: 0.0005906029
2025-01-14 01:42:35,975 Train Loss: 0.0007985, Val Loss: 0.0010788
2025-01-14 01:42:35,976 Epoch 222/500
2025-01-14 01:43:00,147 Current Learning Rate: 0.0005875115
2025-01-14 01:43:00,148 Train Loss: 0.0007974, Val Loss: 0.0010775
2025-01-14 01:43:00,148 Epoch 223/500
2025-01-14 01:43:24,223 Current Learning Rate: 0.0005844167
2025-01-14 01:43:24,224 Train Loss: 0.0007967, Val Loss: 0.0010837
2025-01-14 01:43:24,224 Epoch 224/500
2025-01-14 01:43:47,973 Current Learning Rate: 0.0005813186
2025-01-14 01:43:47,974 Train Loss: 0.0007954, Val Loss: 0.0010766
2025-01-14 01:43:47,974 Epoch 225/500
2025-01-14 01:44:11,659 Current Learning Rate: 0.0005782172
2025-01-14 01:44:11,660 Train Loss: 0.0007952, Val Loss: 0.0010820
2025-01-14 01:44:11,660 Epoch 226/500
2025-01-14 01:44:35,357 Current Learning Rate: 0.0005751128
2025-01-14 01:44:35,358 Train Loss: 0.0007950, Val Loss: 0.0010830
2025-01-14 01:44:35,358 Epoch 227/500
2025-01-14 01:44:59,059 Current Learning Rate: 0.0005720054
2025-01-14 01:44:59,598 Train Loss: 0.0007950, Val Loss: 0.0010675
2025-01-14 01:44:59,599 Epoch 228/500
2025-01-14 01:45:23,570 Current Learning Rate: 0.0005688951
2025-01-14 01:45:23,571 Train Loss: 0.0007938, Val Loss: 0.0010736
2025-01-14 01:45:23,571 Epoch 229/500
2025-01-14 01:45:47,654 Current Learning Rate: 0.0005657822
2025-01-14 01:45:47,655 Train Loss: 0.0007936, Val Loss: 0.0010787
2025-01-14 01:45:47,655 Epoch 230/500
2025-01-14 01:46:11,622 Current Learning Rate: 0.0005626666
2025-01-14 01:46:11,622 Train Loss: 0.0007926, Val Loss: 0.0010799
2025-01-14 01:46:11,623 Epoch 231/500
2025-01-14 01:46:35,690 Current Learning Rate: 0.0005595486
2025-01-14 01:46:35,690 Train Loss: 0.0007929, Val Loss: 0.0010810
2025-01-14 01:46:35,690 Epoch 232/500
2025-01-14 01:46:59,671 Current Learning Rate: 0.0005564282
2025-01-14 01:46:59,672 Train Loss: 0.0007921, Val Loss: 0.0010776
2025-01-14 01:46:59,672 Epoch 233/500
2025-01-14 01:47:23,501 Current Learning Rate: 0.0005533056
2025-01-14 01:47:23,501 Train Loss: 0.0007910, Val Loss: 0.0010800
2025-01-14 01:47:23,501 Epoch 234/500
2025-01-14 01:47:47,374 Current Learning Rate: 0.0005501809
2025-01-14 01:47:47,375 Train Loss: 0.0007905, Val Loss: 0.0010680
2025-01-14 01:47:47,375 Epoch 235/500
2025-01-14 01:48:12,161 Current Learning Rate: 0.0005470542
2025-01-14 01:48:12,162 Train Loss: 0.0007897, Val Loss: 0.0010770
2025-01-14 01:48:12,162 Epoch 236/500
2025-01-14 01:48:35,738 Current Learning Rate: 0.0005439256
2025-01-14 01:48:35,739 Train Loss: 0.0007888, Val Loss: 0.0010830
2025-01-14 01:48:35,739 Epoch 237/500
2025-01-14 01:48:59,403 Current Learning Rate: 0.0005407953
2025-01-14 01:48:59,404 Train Loss: 0.0007899, Val Loss: 0.0010728
2025-01-14 01:48:59,404 Epoch 238/500
2025-01-14 01:49:23,082 Current Learning Rate: 0.0005376634
2025-01-14 01:49:23,083 Train Loss: 0.0007890, Val Loss: 0.0010709
2025-01-14 01:49:23,083 Epoch 239/500
2025-01-14 01:49:46,720 Current Learning Rate: 0.0005345300
2025-01-14 01:49:46,720 Train Loss: 0.0007881, Val Loss: 0.0010755
2025-01-14 01:49:46,721 Epoch 240/500
2025-01-14 01:50:10,395 Current Learning Rate: 0.0005313953
2025-01-14 01:50:10,396 Train Loss: 0.0007875, Val Loss: 0.0010745
2025-01-14 01:50:10,396 Epoch 241/500
2025-01-14 01:50:34,272 Current Learning Rate: 0.0005282593
2025-01-14 01:50:34,272 Train Loss: 0.0007867, Val Loss: 0.0010704
2025-01-14 01:50:34,273 Epoch 242/500
2025-01-14 01:50:58,520 Current Learning Rate: 0.0005251222
2025-01-14 01:50:58,520 Train Loss: 0.0007860, Val Loss: 0.0010730
2025-01-14 01:50:58,521 Epoch 243/500
2025-01-14 01:51:22,465 Current Learning Rate: 0.0005219841
2025-01-14 01:51:22,466 Train Loss: 0.0007855, Val Loss: 0.0010732
2025-01-14 01:51:22,466 Epoch 244/500
2025-01-14 01:51:46,318 Current Learning Rate: 0.0005188451
2025-01-14 01:51:46,318 Train Loss: 0.0007853, Val Loss: 0.0010793
2025-01-14 01:51:46,318 Epoch 245/500
2025-01-14 01:52:10,339 Current Learning Rate: 0.0005157054
2025-01-14 01:52:10,339 Train Loss: 0.0007859, Val Loss: 0.0010725
2025-01-14 01:52:10,339 Epoch 246/500
2025-01-14 01:52:34,342 Current Learning Rate: 0.0005125650
2025-01-14 01:52:34,342 Train Loss: 0.0007846, Val Loss: 0.0010727
2025-01-14 01:52:34,342 Epoch 247/500
2025-01-14 01:52:58,308 Current Learning Rate: 0.0005094242
2025-01-14 01:52:58,308 Train Loss: 0.0007839, Val Loss: 0.0010768
2025-01-14 01:52:58,308 Epoch 248/500
2025-01-14 01:53:22,037 Current Learning Rate: 0.0005062830
2025-01-14 01:53:22,038 Train Loss: 0.0007832, Val Loss: 0.0010751
2025-01-14 01:53:22,038 Epoch 249/500
2025-01-14 01:53:45,571 Current Learning Rate: 0.0005031416
2025-01-14 01:53:45,768 Train Loss: 0.0007828, Val Loss: 0.0010659
2025-01-14 01:53:45,769 Epoch 250/500
2025-01-14 01:54:10,163 Current Learning Rate: 0.0005000000
2025-01-14 01:54:10,353 Train Loss: 0.0007832, Val Loss: 0.0010654
2025-01-14 01:54:10,354 Epoch 251/500
2025-01-14 01:54:34,233 Current Learning Rate: 0.0004968584
2025-01-14 01:54:34,437 Train Loss: 0.0007821, Val Loss: 0.0010642
2025-01-14 01:54:34,437 Epoch 252/500
2025-01-14 01:54:58,344 Current Learning Rate: 0.0004937170
2025-01-14 01:54:58,344 Train Loss: 0.0007816, Val Loss: 0.0010683
2025-01-14 01:54:58,344 Epoch 253/500
2025-01-14 01:55:22,623 Current Learning Rate: 0.0004905758
2025-01-14 01:55:22,623 Train Loss: 0.0007813, Val Loss: 0.0010724
2025-01-14 01:55:22,623 Epoch 254/500
2025-01-14 01:55:46,564 Current Learning Rate: 0.0004874350
2025-01-14 01:55:46,565 Train Loss: 0.0007814, Val Loss: 0.0010702
2025-01-14 01:55:46,565 Epoch 255/500
2025-01-14 01:56:10,220 Current Learning Rate: 0.0004842946
2025-01-14 01:56:10,221 Train Loss: 0.0007799, Val Loss: 0.0010695
2025-01-14 01:56:10,221 Epoch 256/500
2025-01-14 01:56:34,126 Current Learning Rate: 0.0004811549
2025-01-14 01:56:34,127 Train Loss: 0.0007796, Val Loss: 0.0010666
2025-01-14 01:56:34,127 Epoch 257/500
2025-01-14 01:56:58,554 Current Learning Rate: 0.0004780159
2025-01-14 01:56:58,554 Train Loss: 0.0007796, Val Loss: 0.0010747
2025-01-14 01:56:58,554 Epoch 258/500
2025-01-14 01:57:22,391 Current Learning Rate: 0.0004748778
2025-01-14 01:57:22,391 Train Loss: 0.0007789, Val Loss: 0.0010719
2025-01-14 01:57:22,391 Epoch 259/500
2025-01-14 01:57:45,986 Current Learning Rate: 0.0004717407
2025-01-14 01:57:45,987 Train Loss: 0.0007786, Val Loss: 0.0010722
2025-01-14 01:57:45,987 Epoch 260/500
2025-01-14 01:58:09,606 Current Learning Rate: 0.0004686047
2025-01-14 01:58:09,606 Train Loss: 0.0007782, Val Loss: 0.0010751
2025-01-14 01:58:09,606 Epoch 261/500
2025-01-14 01:58:33,264 Current Learning Rate: 0.0004654700
2025-01-14 01:58:33,265 Train Loss: 0.0007767, Val Loss: 0.0010672
2025-01-14 01:58:33,265 Epoch 262/500
2025-01-14 01:58:57,239 Current Learning Rate: 0.0004623366
2025-01-14 01:58:57,239 Train Loss: 0.0007769, Val Loss: 0.0010712
2025-01-14 01:58:57,239 Epoch 263/500
2025-01-14 01:59:20,975 Current Learning Rate: 0.0004592047
2025-01-14 01:59:21,186 Train Loss: 0.0007768, Val Loss: 0.0010609
2025-01-14 01:59:21,187 Epoch 264/500
2025-01-14 01:59:44,706 Current Learning Rate: 0.0004560744
2025-01-14 01:59:44,706 Train Loss: 0.0007756, Val Loss: 0.0010751
2025-01-14 01:59:44,707 Epoch 265/500
2025-01-14 02:00:08,387 Current Learning Rate: 0.0004529458
2025-01-14 02:00:08,387 Train Loss: 0.0007759, Val Loss: 0.0010695
2025-01-14 02:00:08,388 Epoch 266/500
2025-01-14 02:00:32,657 Current Learning Rate: 0.0004498191
2025-01-14 02:00:32,658 Train Loss: 0.0007756, Val Loss: 0.0010686
2025-01-14 02:00:32,658 Epoch 267/500
2025-01-14 02:00:56,970 Current Learning Rate: 0.0004466944
2025-01-14 02:00:56,971 Train Loss: 0.0007746, Val Loss: 0.0010728
2025-01-14 02:00:56,971 Epoch 268/500
2025-01-14 02:01:21,323 Current Learning Rate: 0.0004435718
2025-01-14 02:01:21,324 Train Loss: 0.0007750, Val Loss: 0.0010690
2025-01-14 02:01:21,324 Epoch 269/500
2025-01-14 02:01:45,815 Current Learning Rate: 0.0004404514
2025-01-14 02:01:45,815 Train Loss: 0.0007741, Val Loss: 0.0010647
2025-01-14 02:01:45,815 Epoch 270/500
2025-01-14 02:02:09,682 Current Learning Rate: 0.0004373334
2025-01-14 02:02:09,683 Train Loss: 0.0007732, Val Loss: 0.0010700
2025-01-14 02:02:09,683 Epoch 271/500
2025-01-14 02:02:33,811 Current Learning Rate: 0.0004342178
2025-01-14 02:02:33,811 Train Loss: 0.0007730, Val Loss: 0.0010698
2025-01-14 02:02:33,812 Epoch 272/500
2025-01-14 02:02:57,753 Current Learning Rate: 0.0004311049
2025-01-14 02:02:57,753 Train Loss: 0.0007726, Val Loss: 0.0010778
2025-01-14 02:02:57,754 Epoch 273/500
2025-01-14 02:03:21,860 Current Learning Rate: 0.0004279946
2025-01-14 02:03:21,860 Train Loss: 0.0007724, Val Loss: 0.0010623
2025-01-14 02:03:21,860 Epoch 274/500
2025-01-14 02:03:45,945 Current Learning Rate: 0.0004248872
2025-01-14 02:03:45,945 Train Loss: 0.0007714, Val Loss: 0.0010704
2025-01-14 02:03:45,946 Epoch 275/500
2025-01-14 02:04:09,669 Current Learning Rate: 0.0004217828
2025-01-14 02:04:09,670 Train Loss: 0.0007711, Val Loss: 0.0010640
2025-01-14 02:04:09,670 Epoch 276/500
2025-01-14 02:04:33,055 Current Learning Rate: 0.0004186814
2025-01-14 02:04:33,056 Train Loss: 0.0007710, Val Loss: 0.0010646
2025-01-14 02:04:33,056 Epoch 277/500
2025-01-14 02:04:56,406 Current Learning Rate: 0.0004155833
2025-01-14 02:04:56,407 Train Loss: 0.0007700, Val Loss: 0.0010632
2025-01-14 02:04:56,407 Epoch 278/500
2025-01-14 02:05:19,968 Current Learning Rate: 0.0004124885
2025-01-14 02:05:20,157 Train Loss: 0.0007701, Val Loss: 0.0010604
2025-01-14 02:05:20,158 Epoch 279/500
2025-01-14 02:05:43,664 Current Learning Rate: 0.0004093971
2025-01-14 02:05:43,664 Train Loss: 0.0007700, Val Loss: 0.0010660
2025-01-14 02:05:43,665 Epoch 280/500
2025-01-14 02:06:07,410 Current Learning Rate: 0.0004063093
2025-01-14 02:06:07,411 Train Loss: 0.0007697, Val Loss: 0.0010668
2025-01-14 02:06:07,411 Epoch 281/500
2025-01-14 02:06:31,177 Current Learning Rate: 0.0004032253
2025-01-14 02:06:31,177 Train Loss: 0.0007686, Val Loss: 0.0010635
2025-01-14 02:06:31,178 Epoch 282/500
2025-01-14 02:06:54,857 Current Learning Rate: 0.0004001450
2025-01-14 02:06:54,858 Train Loss: 0.0007680, Val Loss: 0.0010629
2025-01-14 02:06:54,858 Epoch 283/500
2025-01-14 02:07:18,546 Current Learning Rate: 0.0003970687
2025-01-14 02:07:18,546 Train Loss: 0.0007681, Val Loss: 0.0010673
2025-01-14 02:07:18,546 Epoch 284/500
2025-01-14 02:07:42,770 Current Learning Rate: 0.0003939964
2025-01-14 02:07:42,770 Train Loss: 0.0007677, Val Loss: 0.0010723
2025-01-14 02:07:42,771 Epoch 285/500
2025-01-14 02:08:06,512 Current Learning Rate: 0.0003909284
2025-01-14 02:08:06,512 Train Loss: 0.0007672, Val Loss: 0.0010614
2025-01-14 02:08:06,513 Epoch 286/500
2025-01-14 02:08:30,731 Current Learning Rate: 0.0003878646
2025-01-14 02:08:30,732 Train Loss: 0.0007668, Val Loss: 0.0010648
2025-01-14 02:08:30,732 Epoch 287/500
2025-01-14 02:08:54,636 Current Learning Rate: 0.0003848053
2025-01-14 02:08:54,636 Train Loss: 0.0007669, Val Loss: 0.0010738
2025-01-14 02:08:54,636 Epoch 288/500
2025-01-14 02:09:18,757 Current Learning Rate: 0.0003817505
2025-01-14 02:09:18,939 Train Loss: 0.0007661, Val Loss: 0.0010592
2025-01-14 02:09:18,940 Epoch 289/500
2025-01-14 02:09:42,757 Current Learning Rate: 0.0003787004
2025-01-14 02:09:42,757 Train Loss: 0.0007658, Val Loss: 0.0010682
2025-01-14 02:09:42,757 Epoch 290/500
2025-01-14 02:10:06,975 Current Learning Rate: 0.0003756551
2025-01-14 02:10:06,975 Train Loss: 0.0007651, Val Loss: 0.0010652
2025-01-14 02:10:06,976 Epoch 291/500
2025-01-14 02:10:30,887 Current Learning Rate: 0.0003726146
2025-01-14 02:10:30,887 Train Loss: 0.0007644, Val Loss: 0.0010638
2025-01-14 02:10:30,887 Epoch 292/500
2025-01-14 02:10:54,771 Current Learning Rate: 0.0003695792
2025-01-14 02:10:54,771 Train Loss: 0.0007644, Val Loss: 0.0010621
2025-01-14 02:10:54,771 Epoch 293/500
2025-01-14 02:11:18,633 Current Learning Rate: 0.0003665490
2025-01-14 02:11:18,633 Train Loss: 0.0007642, Val Loss: 0.0010617
2025-01-14 02:11:18,634 Epoch 294/500
2025-01-14 02:11:42,500 Current Learning Rate: 0.0003635240
2025-01-14 02:11:42,500 Train Loss: 0.0007635, Val Loss: 0.0010601
2025-01-14 02:11:42,501 Epoch 295/500
2025-01-14 02:12:06,896 Current Learning Rate: 0.0003605044
2025-01-14 02:12:06,897 Train Loss: 0.0007629, Val Loss: 0.0010715
2025-01-14 02:12:06,897 Epoch 296/500
2025-01-14 02:12:31,359 Current Learning Rate: 0.0003574904
2025-01-14 02:12:31,359 Train Loss: 0.0007628, Val Loss: 0.0010634
2025-01-14 02:12:31,359 Epoch 297/500
2025-01-14 02:12:55,979 Current Learning Rate: 0.0003544819
2025-01-14 02:12:56,175 Train Loss: 0.0007625, Val Loss: 0.0010584
2025-01-14 02:12:56,175 Epoch 298/500
2025-01-14 02:13:20,665 Current Learning Rate: 0.0003514792
2025-01-14 02:13:20,665 Train Loss: 0.0007624, Val Loss: 0.0010677
2025-01-14 02:13:20,666 Epoch 299/500
2025-01-14 02:13:44,871 Current Learning Rate: 0.0003484824
2025-01-14 02:13:44,872 Train Loss: 0.0007621, Val Loss: 0.0010702
2025-01-14 02:13:44,872 Epoch 300/500
2025-01-14 02:14:09,614 Current Learning Rate: 0.0003454915
2025-01-14 02:14:09,814 Train Loss: 0.0007614, Val Loss: 0.0010580
2025-01-14 02:14:09,815 Epoch 301/500
2025-01-14 02:14:33,737 Current Learning Rate: 0.0003425067
2025-01-14 02:14:33,737 Train Loss: 0.0007610, Val Loss: 0.0010712
2025-01-14 02:14:33,737 Epoch 302/500
2025-01-14 02:14:57,700 Current Learning Rate: 0.0003395282
2025-01-14 02:14:57,700 Train Loss: 0.0007603, Val Loss: 0.0010625
2025-01-14 02:14:57,700 Epoch 303/500
2025-01-14 02:15:21,988 Current Learning Rate: 0.0003365560
2025-01-14 02:15:22,177 Train Loss: 0.0007605, Val Loss: 0.0010564
2025-01-14 02:15:22,177 Epoch 304/500
2025-01-14 02:15:45,874 Current Learning Rate: 0.0003335902
2025-01-14 02:15:45,875 Train Loss: 0.0007599, Val Loss: 0.0010659
2025-01-14 02:15:45,875 Epoch 305/500
2025-01-14 02:16:09,642 Current Learning Rate: 0.0003306310
2025-01-14 02:16:09,642 Train Loss: 0.0007600, Val Loss: 0.0010613
2025-01-14 02:16:09,642 Epoch 306/500
2025-01-14 02:16:33,309 Current Learning Rate: 0.0003276785
2025-01-14 02:16:33,310 Train Loss: 0.0007596, Val Loss: 0.0010624
2025-01-14 02:16:33,310 Epoch 307/500
2025-01-14 02:16:56,919 Current Learning Rate: 0.0003247328
2025-01-14 02:16:56,920 Train Loss: 0.0007584, Val Loss: 0.0010674
2025-01-14 02:16:56,920 Epoch 308/500
2025-01-14 02:17:20,309 Current Learning Rate: 0.0003217941
2025-01-14 02:17:20,310 Train Loss: 0.0007585, Val Loss: 0.0010602
2025-01-14 02:17:20,310 Epoch 309/500
2025-01-14 02:17:43,706 Current Learning Rate: 0.0003188623
2025-01-14 02:17:43,706 Train Loss: 0.0007583, Val Loss: 0.0010627
2025-01-14 02:17:43,707 Epoch 310/500
2025-01-14 02:18:07,003 Current Learning Rate: 0.0003159377
2025-01-14 02:18:07,003 Train Loss: 0.0007579, Val Loss: 0.0010677
2025-01-14 02:18:07,003 Epoch 311/500
2025-01-14 02:18:30,372 Current Learning Rate: 0.0003130204
2025-01-14 02:18:30,373 Train Loss: 0.0007576, Val Loss: 0.0010657
2025-01-14 02:18:30,373 Epoch 312/500
2025-01-14 02:18:53,696 Current Learning Rate: 0.0003101105
2025-01-14 02:18:53,696 Train Loss: 0.0007573, Val Loss: 0.0010575
2025-01-14 02:18:53,696 Epoch 313/500
2025-01-14 02:19:17,155 Current Learning Rate: 0.0003072080
2025-01-14 02:19:17,155 Train Loss: 0.0007570, Val Loss: 0.0010564
2025-01-14 02:19:17,155 Epoch 314/500
2025-01-14 02:19:40,759 Current Learning Rate: 0.0003043132
2025-01-14 02:19:40,759 Train Loss: 0.0007561, Val Loss: 0.0010634
2025-01-14 02:19:40,759 Epoch 315/500
2025-01-14 02:20:04,291 Current Learning Rate: 0.0003014261
2025-01-14 02:20:04,292 Train Loss: 0.0007561, Val Loss: 0.0010575
2025-01-14 02:20:04,292 Epoch 316/500
2025-01-14 02:20:28,214 Current Learning Rate: 0.0002985468
2025-01-14 02:20:28,215 Train Loss: 0.0007559, Val Loss: 0.0010608
2025-01-14 02:20:28,215 Epoch 317/500
2025-01-14 02:20:52,324 Current Learning Rate: 0.0002956755
2025-01-14 02:20:52,325 Train Loss: 0.0007557, Val Loss: 0.0010599
2025-01-14 02:20:52,325 Epoch 318/500
2025-01-14 02:21:16,053 Current Learning Rate: 0.0002928122
2025-01-14 02:21:16,054 Train Loss: 0.0007556, Val Loss: 0.0010677
2025-01-14 02:21:16,054 Epoch 319/500
2025-01-14 02:21:39,694 Current Learning Rate: 0.0002899571
2025-01-14 02:21:39,695 Train Loss: 0.0007548, Val Loss: 0.0010656
2025-01-14 02:21:39,695 Epoch 320/500
2025-01-14 02:22:03,162 Current Learning Rate: 0.0002871104
2025-01-14 02:22:03,162 Train Loss: 0.0007547, Val Loss: 0.0010575
2025-01-14 02:22:03,163 Epoch 321/500
2025-01-14 02:22:26,841 Current Learning Rate: 0.0002842720
2025-01-14 02:22:26,842 Train Loss: 0.0007541, Val Loss: 0.0010616
2025-01-14 02:22:26,842 Epoch 322/500
2025-01-14 02:22:50,377 Current Learning Rate: 0.0002814421
2025-01-14 02:22:50,377 Train Loss: 0.0007537, Val Loss: 0.0010614
2025-01-14 02:22:50,378 Epoch 323/500
2025-01-14 02:23:13,985 Current Learning Rate: 0.0002786209
2025-01-14 02:23:13,985 Train Loss: 0.0007535, Val Loss: 0.0010609
2025-01-14 02:23:13,985 Epoch 324/500
2025-01-14 02:23:37,941 Current Learning Rate: 0.0002758084
2025-01-14 02:23:38,127 Train Loss: 0.0007526, Val Loss: 0.0010559
2025-01-14 02:23:38,127 Epoch 325/500
2025-01-14 02:24:01,794 Current Learning Rate: 0.0002730048
2025-01-14 02:24:01,795 Train Loss: 0.0007529, Val Loss: 0.0010594
2025-01-14 02:24:01,795 Epoch 326/500
2025-01-14 02:24:25,422 Current Learning Rate: 0.0002702101
2025-01-14 02:24:25,423 Train Loss: 0.0007531, Val Loss: 0.0010573
2025-01-14 02:24:25,423 Epoch 327/500
2025-01-14 02:24:49,200 Current Learning Rate: 0.0002674245
2025-01-14 02:24:49,200 Train Loss: 0.0007521, Val Loss: 0.0010585
2025-01-14 02:24:49,201 Epoch 328/500
2025-01-14 02:25:12,844 Current Learning Rate: 0.0002646480
2025-01-14 02:25:12,845 Train Loss: 0.0007518, Val Loss: 0.0010595
2025-01-14 02:25:12,845 Epoch 329/500
2025-01-14 02:25:36,562 Current Learning Rate: 0.0002618809
2025-01-14 02:25:36,562 Train Loss: 0.0007519, Val Loss: 0.0010587
2025-01-14 02:25:36,563 Epoch 330/500
2025-01-14 02:26:00,339 Current Learning Rate: 0.0002591232
2025-01-14 02:26:00,339 Train Loss: 0.0007514, Val Loss: 0.0010594
2025-01-14 02:26:00,340 Epoch 331/500
2025-01-14 02:26:24,034 Current Learning Rate: 0.0002563749
2025-01-14 02:26:24,035 Train Loss: 0.0007506, Val Loss: 0.0010644
2025-01-14 02:26:24,035 Epoch 332/500
2025-01-14 02:26:47,956 Current Learning Rate: 0.0002536363
2025-01-14 02:26:47,956 Train Loss: 0.0007506, Val Loss: 0.0010561
2025-01-14 02:26:47,956 Epoch 333/500
2025-01-14 02:27:11,790 Current Learning Rate: 0.0002509074
2025-01-14 02:27:11,791 Train Loss: 0.0007506, Val Loss: 0.0010618
2025-01-14 02:27:11,791 Epoch 334/500
2025-01-14 02:27:35,082 Current Learning Rate: 0.0002481884
2025-01-14 02:27:35,083 Train Loss: 0.0007501, Val Loss: 0.0010577
2025-01-14 02:27:35,083 Epoch 335/500
2025-01-14 02:27:58,437 Current Learning Rate: 0.0002454793
2025-01-14 02:27:58,437 Train Loss: 0.0007499, Val Loss: 0.0010565
2025-01-14 02:27:58,437 Epoch 336/500
2025-01-14 02:28:21,827 Current Learning Rate: 0.0002427802
2025-01-14 02:28:21,828 Train Loss: 0.0007496, Val Loss: 0.0010562
2025-01-14 02:28:21,828 Epoch 337/500
2025-01-14 02:28:45,125 Current Learning Rate: 0.0002400913
2025-01-14 02:28:45,125 Train Loss: 0.0007493, Val Loss: 0.0010573
2025-01-14 02:28:45,125 Epoch 338/500
2025-01-14 02:29:08,659 Current Learning Rate: 0.0002374127
2025-01-14 02:29:08,660 Train Loss: 0.0007486, Val Loss: 0.0010615
2025-01-14 02:29:08,660 Epoch 339/500
2025-01-14 02:29:32,430 Current Learning Rate: 0.0002347444
2025-01-14 02:29:32,430 Train Loss: 0.0007487, Val Loss: 0.0010608
2025-01-14 02:29:32,430 Epoch 340/500
2025-01-14 02:29:56,150 Current Learning Rate: 0.0002320866
2025-01-14 02:29:56,150 Train Loss: 0.0007484, Val Loss: 0.0010569
2025-01-14 02:29:56,150 Epoch 341/500
2025-01-14 02:30:19,992 Current Learning Rate: 0.0002294394
2025-01-14 02:30:19,993 Train Loss: 0.0007484, Val Loss: 0.0010610
2025-01-14 02:30:19,993 Epoch 342/500
2025-01-14 02:30:43,701 Current Learning Rate: 0.0002268028
2025-01-14 02:30:43,910 Train Loss: 0.0007478, Val Loss: 0.0010527
2025-01-14 02:30:43,910 Epoch 343/500
2025-01-14 02:31:07,916 Current Learning Rate: 0.0002241771
2025-01-14 02:31:07,916 Train Loss: 0.0007473, Val Loss: 0.0010619
2025-01-14 02:31:07,917 Epoch 344/500
2025-01-14 02:31:32,065 Current Learning Rate: 0.0002215622
2025-01-14 02:31:32,066 Train Loss: 0.0007470, Val Loss: 0.0010541
2025-01-14 02:31:32,066 Epoch 345/500
2025-01-14 02:31:55,960 Current Learning Rate: 0.0002189583
2025-01-14 02:31:55,961 Train Loss: 0.0007471, Val Loss: 0.0010541
2025-01-14 02:31:55,961 Epoch 346/500
2025-01-14 02:32:19,901 Current Learning Rate: 0.0002163655
2025-01-14 02:32:19,901 Train Loss: 0.0007462, Val Loss: 0.0010560
2025-01-14 02:32:19,901 Epoch 347/500
2025-01-14 02:32:43,682 Current Learning Rate: 0.0002137839
2025-01-14 02:32:43,682 Train Loss: 0.0007465, Val Loss: 0.0010576
2025-01-14 02:32:43,682 Epoch 348/500
2025-01-14 02:33:07,579 Current Learning Rate: 0.0002112136
2025-01-14 02:33:07,579 Train Loss: 0.0007464, Val Loss: 0.0010544
2025-01-14 02:33:07,579 Epoch 349/500
2025-01-14 02:33:31,234 Current Learning Rate: 0.0002086548
2025-01-14 02:33:31,234 Train Loss: 0.0007460, Val Loss: 0.0010579
2025-01-14 02:33:31,234 Epoch 350/500
2025-01-14 02:33:54,998 Current Learning Rate: 0.0002061074
2025-01-14 02:33:54,999 Train Loss: 0.0007455, Val Loss: 0.0010559
2025-01-14 02:33:55,003 Epoch 351/500
2025-01-14 02:34:18,537 Current Learning Rate: 0.0002035716
2025-01-14 02:34:18,538 Train Loss: 0.0007451, Val Loss: 0.0010560
2025-01-14 02:34:18,538 Epoch 352/500
2025-01-14 02:34:42,072 Current Learning Rate: 0.0002010475
2025-01-14 02:34:42,072 Train Loss: 0.0007446, Val Loss: 0.0010581
2025-01-14 02:34:42,072 Epoch 353/500
2025-01-14 02:35:05,616 Current Learning Rate: 0.0001985352
2025-01-14 02:35:05,616 Train Loss: 0.0007447, Val Loss: 0.0010566
2025-01-14 02:35:05,616 Epoch 354/500
2025-01-14 02:35:29,118 Current Learning Rate: 0.0001960349
2025-01-14 02:35:29,119 Train Loss: 0.0007444, Val Loss: 0.0010583
2025-01-14 02:35:29,119 Epoch 355/500
2025-01-14 02:35:52,656 Current Learning Rate: 0.0001935465
2025-01-14 02:35:52,657 Train Loss: 0.0007440, Val Loss: 0.0010528
2025-01-14 02:35:52,657 Epoch 356/500
2025-01-14 02:36:16,800 Current Learning Rate: 0.0001910702
2025-01-14 02:36:16,801 Train Loss: 0.0007438, Val Loss: 0.0010636
2025-01-14 02:36:16,801 Epoch 357/500
2025-01-14 02:36:41,404 Current Learning Rate: 0.0001886061
2025-01-14 02:36:41,405 Train Loss: 0.0007436, Val Loss: 0.0010566
2025-01-14 02:36:41,405 Epoch 358/500
2025-01-14 02:37:06,033 Current Learning Rate: 0.0001861543
2025-01-14 02:37:06,033 Train Loss: 0.0007436, Val Loss: 0.0010588
2025-01-14 02:37:06,033 Epoch 359/500
2025-01-14 02:37:30,204 Current Learning Rate: 0.0001837149
2025-01-14 02:37:30,204 Train Loss: 0.0007434, Val Loss: 0.0010575
2025-01-14 02:37:30,204 Epoch 360/500
2025-01-14 02:37:54,205 Current Learning Rate: 0.0001812880
2025-01-14 02:37:54,206 Train Loss: 0.0007424, Val Loss: 0.0010535
2025-01-14 02:37:54,206 Epoch 361/500
2025-01-14 02:38:17,953 Current Learning Rate: 0.0001788737
2025-01-14 02:38:17,953 Train Loss: 0.0007428, Val Loss: 0.0010561
2025-01-14 02:38:17,954 Epoch 362/500
2025-01-14 02:38:41,389 Current Learning Rate: 0.0001764720
2025-01-14 02:38:41,577 Train Loss: 0.0007423, Val Loss: 0.0010505
2025-01-14 02:38:41,577 Epoch 363/500
2025-01-14 02:39:05,812 Current Learning Rate: 0.0001740831
2025-01-14 02:39:05,813 Train Loss: 0.0007422, Val Loss: 0.0010546
2025-01-14 02:39:05,813 Epoch 364/500
2025-01-14 02:39:29,858 Current Learning Rate: 0.0001717071
2025-01-14 02:39:29,858 Train Loss: 0.0007417, Val Loss: 0.0010554
2025-01-14 02:39:29,859 Epoch 365/500
2025-01-14 02:39:53,331 Current Learning Rate: 0.0001693441
2025-01-14 02:39:53,332 Train Loss: 0.0007415, Val Loss: 0.0010537
2025-01-14 02:39:53,332 Epoch 366/500
2025-01-14 02:40:17,081 Current Learning Rate: 0.0001669941
2025-01-14 02:40:17,081 Train Loss: 0.0007413, Val Loss: 0.0010571
2025-01-14 02:40:17,081 Epoch 367/500
2025-01-14 02:40:41,209 Current Learning Rate: 0.0001646572
2025-01-14 02:40:41,209 Train Loss: 0.0007408, Val Loss: 0.0010562
2025-01-14 02:40:41,209 Epoch 368/500
2025-01-14 02:41:05,104 Current Learning Rate: 0.0001623336
2025-01-14 02:41:05,104 Train Loss: 0.0007409, Val Loss: 0.0010548
2025-01-14 02:41:05,104 Epoch 369/500
2025-01-14 02:41:29,263 Current Learning Rate: 0.0001600233
2025-01-14 02:41:29,448 Train Loss: 0.0007406, Val Loss: 0.0010505
2025-01-14 02:41:29,448 Epoch 370/500
2025-01-14 02:41:53,453 Current Learning Rate: 0.0001577264
2025-01-14 02:41:53,453 Train Loss: 0.0007405, Val Loss: 0.0010533
2025-01-14 02:41:53,453 Epoch 371/500
2025-01-14 02:42:17,405 Current Learning Rate: 0.0001554431
2025-01-14 02:42:17,405 Train Loss: 0.0007402, Val Loss: 0.0010544
2025-01-14 02:42:17,405 Epoch 372/500
2025-01-14 02:42:41,694 Current Learning Rate: 0.0001531733
2025-01-14 02:42:41,695 Train Loss: 0.0007400, Val Loss: 0.0010548
2025-01-14 02:42:41,695 Epoch 373/500
2025-01-14 02:43:06,468 Current Learning Rate: 0.0001509173
2025-01-14 02:43:06,468 Train Loss: 0.0007398, Val Loss: 0.0010515
2025-01-14 02:43:06,469 Epoch 374/500
2025-01-14 02:43:31,278 Current Learning Rate: 0.0001486750
2025-01-14 02:43:31,278 Train Loss: 0.0007400, Val Loss: 0.0010540
2025-01-14 02:43:31,279 Epoch 375/500
2025-01-14 02:43:55,365 Current Learning Rate: 0.0001464466
2025-01-14 02:43:55,365 Train Loss: 0.0007394, Val Loss: 0.0010549
2025-01-14 02:43:55,365 Epoch 376/500
2025-01-14 02:44:19,468 Current Learning Rate: 0.0001442322
2025-01-14 02:44:19,468 Train Loss: 0.0007389, Val Loss: 0.0010531
2025-01-14 02:44:19,468 Epoch 377/500
2025-01-14 02:44:43,283 Current Learning Rate: 0.0001420318
2025-01-14 02:44:43,283 Train Loss: 0.0007391, Val Loss: 0.0010555
2025-01-14 02:44:43,283 Epoch 378/500
2025-01-14 02:45:07,780 Current Learning Rate: 0.0001398455
2025-01-14 02:45:07,780 Train Loss: 0.0007385, Val Loss: 0.0010531
2025-01-14 02:45:07,780 Epoch 379/500
2025-01-14 02:45:32,250 Current Learning Rate: 0.0001376734
2025-01-14 02:45:32,250 Train Loss: 0.0007381, Val Loss: 0.0010545
2025-01-14 02:45:32,251 Epoch 380/500
2025-01-14 02:45:56,327 Current Learning Rate: 0.0001355157
2025-01-14 02:45:56,328 Train Loss: 0.0007381, Val Loss: 0.0010516
2025-01-14 02:45:56,328 Epoch 381/500
2025-01-14 02:46:20,638 Current Learning Rate: 0.0001333723
2025-01-14 02:46:20,639 Train Loss: 0.0007375, Val Loss: 0.0010540
2025-01-14 02:46:20,639 Epoch 382/500
2025-01-14 02:46:44,557 Current Learning Rate: 0.0001312434
2025-01-14 02:46:44,557 Train Loss: 0.0007381, Val Loss: 0.0010515
2025-01-14 02:46:44,558 Epoch 383/500
2025-01-14 02:47:08,594 Current Learning Rate: 0.0001291291
2025-01-14 02:47:08,594 Train Loss: 0.0007374, Val Loss: 0.0010544
2025-01-14 02:47:08,594 Epoch 384/500
2025-01-14 02:47:32,681 Current Learning Rate: 0.0001270294
2025-01-14 02:47:32,682 Train Loss: 0.0007374, Val Loss: 0.0010536
2025-01-14 02:47:32,682 Epoch 385/500
2025-01-14 02:47:56,545 Current Learning Rate: 0.0001249445
2025-01-14 02:47:56,545 Train Loss: 0.0007375, Val Loss: 0.0010516
2025-01-14 02:47:56,546 Epoch 386/500
2025-01-14 02:48:20,702 Current Learning Rate: 0.0001228743
2025-01-14 02:48:20,702 Train Loss: 0.0007367, Val Loss: 0.0010536
2025-01-14 02:48:20,702 Epoch 387/500
2025-01-14 02:48:44,580 Current Learning Rate: 0.0001208190
2025-01-14 02:48:44,580 Train Loss: 0.0007365, Val Loss: 0.0010556
2025-01-14 02:48:44,581 Epoch 388/500
2025-01-14 02:49:09,272 Current Learning Rate: 0.0001187787
2025-01-14 02:49:09,272 Train Loss: 0.0007366, Val Loss: 0.0010536
2025-01-14 02:49:09,272 Epoch 389/500
2025-01-14 02:49:33,769 Current Learning Rate: 0.0001167535
2025-01-14 02:49:33,769 Train Loss: 0.0007364, Val Loss: 0.0010558
2025-01-14 02:49:33,769 Epoch 390/500
2025-01-14 02:49:57,611 Current Learning Rate: 0.0001147434
2025-01-14 02:49:57,793 Train Loss: 0.0007361, Val Loss: 0.0010493
2025-01-14 02:49:57,793 Epoch 391/500
2025-01-14 02:50:21,368 Current Learning Rate: 0.0001127485
2025-01-14 02:50:21,369 Train Loss: 0.0007359, Val Loss: 0.0010536
2025-01-14 02:50:21,369 Epoch 392/500
2025-01-14 02:50:44,737 Current Learning Rate: 0.0001107688
2025-01-14 02:50:44,738 Train Loss: 0.0007358, Val Loss: 0.0010511
2025-01-14 02:50:44,738 Epoch 393/500
2025-01-14 02:51:08,138 Current Learning Rate: 0.0001088046
2025-01-14 02:51:08,138 Train Loss: 0.0007354, Val Loss: 0.0010564
2025-01-14 02:51:08,138 Epoch 394/500
2025-01-14 02:51:31,985 Current Learning Rate: 0.0001068558
2025-01-14 02:51:32,167 Train Loss: 0.0007350, Val Loss: 0.0010489
2025-01-14 02:51:32,168 Epoch 395/500
2025-01-14 02:51:56,199 Current Learning Rate: 0.0001049225
2025-01-14 02:51:56,199 Train Loss: 0.0007352, Val Loss: 0.0010518
2025-01-14 02:51:56,199 Epoch 396/500
2025-01-14 02:52:20,979 Current Learning Rate: 0.0001030048
2025-01-14 02:52:20,980 Train Loss: 0.0007354, Val Loss: 0.0010552
2025-01-14 02:52:20,980 Epoch 397/500
2025-01-14 02:52:46,009 Current Learning Rate: 0.0001011028
2025-01-14 02:52:46,009 Train Loss: 0.0007348, Val Loss: 0.0010495
2025-01-14 02:52:46,009 Epoch 398/500
2025-01-14 02:53:10,168 Current Learning Rate: 0.0000992165
2025-01-14 02:53:10,168 Train Loss: 0.0007348, Val Loss: 0.0010501
2025-01-14 02:53:10,168 Epoch 399/500
2025-01-14 02:53:34,375 Current Learning Rate: 0.0000973461
2025-01-14 02:53:34,376 Train Loss: 0.0007346, Val Loss: 0.0010528
2025-01-14 02:53:34,376 Epoch 400/500
2025-01-14 02:53:58,310 Current Learning Rate: 0.0000954915
2025-01-14 02:53:58,310 Train Loss: 0.0007344, Val Loss: 0.0010526
2025-01-14 02:53:58,311 Epoch 401/500
2025-01-14 02:54:22,439 Current Learning Rate: 0.0000936529
2025-01-14 02:54:22,439 Train Loss: 0.0007344, Val Loss: 0.0010524
2025-01-14 02:54:22,439 Epoch 402/500
2025-01-14 02:54:45,840 Current Learning Rate: 0.0000918304
2025-01-14 02:54:45,841 Train Loss: 0.0007341, Val Loss: 0.0010501
2025-01-14 02:54:45,841 Epoch 403/500
2025-01-14 02:55:09,304 Current Learning Rate: 0.0000900239
2025-01-14 02:55:09,304 Train Loss: 0.0007339, Val Loss: 0.0010530
2025-01-14 02:55:09,305 Epoch 404/500
2025-01-14 02:55:33,949 Current Learning Rate: 0.0000882337
2025-01-14 02:55:33,950 Train Loss: 0.0007336, Val Loss: 0.0010530
2025-01-14 02:55:33,950 Epoch 405/500
2025-01-14 02:55:58,397 Current Learning Rate: 0.0000864597
2025-01-14 02:55:58,398 Train Loss: 0.0007335, Val Loss: 0.0010525
2025-01-14 02:55:58,398 Epoch 406/500
2025-01-14 02:56:23,045 Current Learning Rate: 0.0000847021
2025-01-14 02:56:23,232 Train Loss: 0.0007330, Val Loss: 0.0010484
2025-01-14 02:56:23,233 Epoch 407/500
2025-01-14 02:56:48,124 Current Learning Rate: 0.0000829608
2025-01-14 02:56:48,124 Train Loss: 0.0007328, Val Loss: 0.0010524
2025-01-14 02:56:48,125 Epoch 408/500
2025-01-14 02:57:13,026 Current Learning Rate: 0.0000812360
2025-01-14 02:57:13,026 Train Loss: 0.0007327, Val Loss: 0.0010496
2025-01-14 02:57:13,026 Epoch 409/500
2025-01-14 02:57:37,004 Current Learning Rate: 0.0000795277
2025-01-14 02:57:37,004 Train Loss: 0.0007329, Val Loss: 0.0010531
2025-01-14 02:57:37,005 Epoch 410/500
2025-01-14 02:58:00,953 Current Learning Rate: 0.0000778360
2025-01-14 02:58:00,953 Train Loss: 0.0007325, Val Loss: 0.0010505
2025-01-14 02:58:00,953 Epoch 411/500
2025-01-14 02:58:24,710 Current Learning Rate: 0.0000761610
2025-01-14 02:58:24,710 Train Loss: 0.0007323, Val Loss: 0.0010500
2025-01-14 02:58:24,711 Epoch 412/500
2025-01-14 02:58:48,985 Current Learning Rate: 0.0000745028
2025-01-14 02:58:48,985 Train Loss: 0.0007325, Val Loss: 0.0010513
2025-01-14 02:58:48,985 Epoch 413/500
2025-01-14 02:59:13,019 Current Learning Rate: 0.0000728613
2025-01-14 02:59:13,020 Train Loss: 0.0007325, Val Loss: 0.0010509
2025-01-14 02:59:13,020 Epoch 414/500
2025-01-14 02:59:36,831 Current Learning Rate: 0.0000712367
2025-01-14 02:59:36,832 Train Loss: 0.0007319, Val Loss: 0.0010499
2025-01-14 02:59:36,832 Epoch 415/500
2025-01-14 03:00:00,659 Current Learning Rate: 0.0000696290
2025-01-14 03:00:00,659 Train Loss: 0.0007320, Val Loss: 0.0010507
2025-01-14 03:00:00,659 Epoch 416/500
2025-01-14 03:00:24,982 Current Learning Rate: 0.0000680383
2025-01-14 03:00:24,983 Train Loss: 0.0007316, Val Loss: 0.0010495
2025-01-14 03:00:24,983 Epoch 417/500
2025-01-14 03:00:48,461 Current Learning Rate: 0.0000664646
2025-01-14 03:00:48,461 Train Loss: 0.0007318, Val Loss: 0.0010520
2025-01-14 03:00:48,461 Epoch 418/500
2025-01-14 03:01:12,558 Current Learning Rate: 0.0000649081
2025-01-14 03:01:12,559 Train Loss: 0.0007314, Val Loss: 0.0010520
2025-01-14 03:01:12,559 Epoch 419/500
2025-01-14 03:01:36,208 Current Learning Rate: 0.0000633688
2025-01-14 03:01:36,391 Train Loss: 0.0007312, Val Loss: 0.0010464
2025-01-14 03:01:36,391 Epoch 420/500
2025-01-14 03:01:59,872 Current Learning Rate: 0.0000618467
2025-01-14 03:01:59,872 Train Loss: 0.0007311, Val Loss: 0.0010495
2025-01-14 03:01:59,872 Epoch 421/500
2025-01-14 03:02:23,488 Current Learning Rate: 0.0000603418
2025-01-14 03:02:23,488 Train Loss: 0.0007308, Val Loss: 0.0010507
2025-01-14 03:02:23,488 Epoch 422/500
2025-01-14 03:02:47,025 Current Learning Rate: 0.0000588544
2025-01-14 03:02:47,025 Train Loss: 0.0007308, Val Loss: 0.0010489
2025-01-14 03:02:47,026 Epoch 423/500
2025-01-14 03:03:10,929 Current Learning Rate: 0.0000573843
2025-01-14 03:03:10,929 Train Loss: 0.0007307, Val Loss: 0.0010531
2025-01-14 03:03:10,929 Epoch 424/500
2025-01-14 03:03:35,239 Current Learning Rate: 0.0000559318
2025-01-14 03:03:35,239 Train Loss: 0.0007307, Val Loss: 0.0010500
2025-01-14 03:03:35,239 Epoch 425/500
2025-01-14 03:03:59,606 Current Learning Rate: 0.0000544967
2025-01-14 03:03:59,607 Train Loss: 0.0007303, Val Loss: 0.0010513
2025-01-14 03:03:59,607 Epoch 426/500
2025-01-14 03:04:23,359 Current Learning Rate: 0.0000530793
2025-01-14 03:04:23,360 Train Loss: 0.0007303, Val Loss: 0.0010519
2025-01-14 03:04:23,360 Epoch 427/500
2025-01-14 03:04:47,000 Current Learning Rate: 0.0000516795
2025-01-14 03:04:47,001 Train Loss: 0.0007304, Val Loss: 0.0010495
2025-01-14 03:04:47,001 Epoch 428/500
2025-01-14 03:05:10,760 Current Learning Rate: 0.0000502974
2025-01-14 03:05:10,761 Train Loss: 0.0007302, Val Loss: 0.0010516
2025-01-14 03:05:10,761 Epoch 429/500
2025-01-14 03:05:34,821 Current Learning Rate: 0.0000489330
2025-01-14 03:05:34,821 Train Loss: 0.0007298, Val Loss: 0.0010475
2025-01-14 03:05:34,821 Epoch 430/500
2025-01-14 03:05:58,417 Current Learning Rate: 0.0000475865
2025-01-14 03:05:58,418 Train Loss: 0.0007298, Val Loss: 0.0010496
2025-01-14 03:05:58,418 Epoch 431/500
2025-01-14 03:06:22,166 Current Learning Rate: 0.0000462578
2025-01-14 03:06:22,167 Train Loss: 0.0007296, Val Loss: 0.0010492
2025-01-14 03:06:22,167 Epoch 432/500
2025-01-14 03:06:45,955 Current Learning Rate: 0.0000449470
2025-01-14 03:06:45,955 Train Loss: 0.0007295, Val Loss: 0.0010511
2025-01-14 03:06:45,955 Epoch 433/500
2025-01-14 03:07:09,575 Current Learning Rate: 0.0000436542
2025-01-14 03:07:09,575 Train Loss: 0.0007297, Val Loss: 0.0010532
2025-01-14 03:07:09,576 Epoch 434/500
2025-01-14 03:07:33,269 Current Learning Rate: 0.0000423794
2025-01-14 03:07:33,269 Train Loss: 0.0007294, Val Loss: 0.0010521
2025-01-14 03:07:33,269 Epoch 435/500
2025-01-14 03:07:57,365 Current Learning Rate: 0.0000411227
2025-01-14 03:07:57,365 Train Loss: 0.0007291, Val Loss: 0.0010509
2025-01-14 03:07:57,366 Epoch 436/500
2025-01-14 03:08:21,507 Current Learning Rate: 0.0000398841
2025-01-14 03:08:21,507 Train Loss: 0.0007292, Val Loss: 0.0010492
2025-01-14 03:08:21,507 Epoch 437/500
2025-01-14 03:08:45,761 Current Learning Rate: 0.0000386636
2025-01-14 03:08:45,761 Train Loss: 0.0007290, Val Loss: 0.0010484
2025-01-14 03:08:45,762 Epoch 438/500
2025-01-14 03:09:10,060 Current Learning Rate: 0.0000374614
2025-01-14 03:09:10,061 Train Loss: 0.0007289, Val Loss: 0.0010494
2025-01-14 03:09:10,061 Epoch 439/500
2025-01-14 03:09:34,379 Current Learning Rate: 0.0000362774
2025-01-14 03:09:34,380 Train Loss: 0.0007286, Val Loss: 0.0010509
2025-01-14 03:09:34,380 Epoch 440/500
2025-01-14 03:09:58,472 Current Learning Rate: 0.0000351118
2025-01-14 03:09:58,473 Train Loss: 0.0007287, Val Loss: 0.0010479
2025-01-14 03:09:58,473 Epoch 441/500
2025-01-14 03:10:22,512 Current Learning Rate: 0.0000339644
2025-01-14 03:10:22,513 Train Loss: 0.0007286, Val Loss: 0.0010492
2025-01-14 03:10:22,513 Epoch 442/500
2025-01-14 03:10:46,690 Current Learning Rate: 0.0000328355
2025-01-14 03:10:46,691 Train Loss: 0.0007284, Val Loss: 0.0010519
2025-01-14 03:10:46,691 Epoch 443/500
2025-01-14 03:11:10,682 Current Learning Rate: 0.0000317251
2025-01-14 03:11:10,682 Train Loss: 0.0007285, Val Loss: 0.0010488
2025-01-14 03:11:10,682 Epoch 444/500
2025-01-14 03:11:35,303 Current Learning Rate: 0.0000306331
2025-01-14 03:11:35,303 Train Loss: 0.0007281, Val Loss: 0.0010480
2025-01-14 03:11:35,304 Epoch 445/500
2025-01-14 03:11:59,911 Current Learning Rate: 0.0000295596
2025-01-14 03:11:59,911 Train Loss: 0.0007284, Val Loss: 0.0010515
2025-01-14 03:11:59,912 Epoch 446/500
2025-01-14 03:12:24,259 Current Learning Rate: 0.0000285047
2025-01-14 03:12:24,259 Train Loss: 0.0007282, Val Loss: 0.0010496
2025-01-14 03:12:24,259 Epoch 447/500
2025-01-14 03:12:49,052 Current Learning Rate: 0.0000274685
2025-01-14 03:12:49,053 Train Loss: 0.0007282, Val Loss: 0.0010485
2025-01-14 03:12:49,053 Epoch 448/500
2025-01-14 03:13:13,939 Current Learning Rate: 0.0000264508
2025-01-14 03:13:13,940 Train Loss: 0.0007282, Val Loss: 0.0010513
2025-01-14 03:13:13,940 Epoch 449/500
2025-01-14 03:13:38,805 Current Learning Rate: 0.0000254519
2025-01-14 03:13:38,806 Train Loss: 0.0007280, Val Loss: 0.0010490
2025-01-14 03:13:38,806 Epoch 450/500
2025-01-14 03:14:02,964 Current Learning Rate: 0.0000244717
2025-01-14 03:14:02,964 Train Loss: 0.0007277, Val Loss: 0.0010501
2025-01-14 03:14:02,965 Epoch 451/500
2025-01-14 03:14:27,043 Current Learning Rate: 0.0000235103
2025-01-14 03:14:27,234 Train Loss: 0.0007281, Val Loss: 0.0010457
2025-01-14 03:14:27,234 Epoch 452/500
2025-01-14 03:14:52,115 Current Learning Rate: 0.0000225677
2025-01-14 03:14:52,115 Train Loss: 0.0007279, Val Loss: 0.0010468
2025-01-14 03:14:52,116 Epoch 453/500
2025-01-14 03:15:16,649 Current Learning Rate: 0.0000216440
2025-01-14 03:15:16,650 Train Loss: 0.0007274, Val Loss: 0.0010487
2025-01-14 03:15:16,650 Epoch 454/500
2025-01-14 03:15:41,170 Current Learning Rate: 0.0000207391
2025-01-14 03:15:41,171 Train Loss: 0.0007273, Val Loss: 0.0010487
2025-01-14 03:15:41,171 Epoch 455/500
2025-01-14 03:16:05,445 Current Learning Rate: 0.0000198532
2025-01-14 03:16:05,446 Train Loss: 0.0007275, Val Loss: 0.0010507
2025-01-14 03:16:05,450 Epoch 456/500
2025-01-14 03:16:29,501 Current Learning Rate: 0.0000189862
2025-01-14 03:16:29,502 Train Loss: 0.0007270, Val Loss: 0.0010494
2025-01-14 03:16:29,502 Epoch 457/500
2025-01-14 03:16:53,511 Current Learning Rate: 0.0000181382
2025-01-14 03:16:53,511 Train Loss: 0.0007274, Val Loss: 0.0010504
2025-01-14 03:16:53,511 Epoch 458/500
2025-01-14 03:17:17,819 Current Learning Rate: 0.0000173092
2025-01-14 03:17:17,820 Train Loss: 0.0007273, Val Loss: 0.0010495
2025-01-14 03:17:17,820 Epoch 459/500
2025-01-14 03:17:42,594 Current Learning Rate: 0.0000164993
2025-01-14 03:17:42,595 Train Loss: 0.0007278, Val Loss: 0.0010499
2025-01-14 03:17:42,595 Epoch 460/500
2025-01-14 03:18:07,981 Current Learning Rate: 0.0000157084
2025-01-14 03:18:07,981 Train Loss: 0.0007271, Val Loss: 0.0010490
2025-01-14 03:18:07,981 Epoch 461/500
2025-01-14 03:18:32,413 Current Learning Rate: 0.0000149367
2025-01-14 03:18:32,414 Train Loss: 0.0007270, Val Loss: 0.0010497
2025-01-14 03:18:32,414 Epoch 462/500
2025-01-14 03:18:57,074 Current Learning Rate: 0.0000141841
2025-01-14 03:18:57,074 Train Loss: 0.0007270, Val Loss: 0.0010487
2025-01-14 03:18:57,074 Epoch 463/500
2025-01-14 03:19:21,493 Current Learning Rate: 0.0000134507
2025-01-14 03:19:21,494 Train Loss: 0.0007267, Val Loss: 0.0010486
2025-01-14 03:19:21,494 Epoch 464/500
2025-01-14 03:19:45,813 Current Learning Rate: 0.0000127366
2025-01-14 03:19:45,814 Train Loss: 0.0007271, Val Loss: 0.0010485
2025-01-14 03:19:45,814 Epoch 465/500
2025-01-14 03:20:09,929 Current Learning Rate: 0.0000120416
2025-01-14 03:20:09,929 Train Loss: 0.0007268, Val Loss: 0.0010477
2025-01-14 03:20:09,929 Epoch 466/500
2025-01-14 03:20:33,985 Current Learning Rate: 0.0000113659
2025-01-14 03:20:33,985 Train Loss: 0.0007270, Val Loss: 0.0010494
2025-01-14 03:20:33,986 Epoch 467/500
2025-01-14 03:20:58,155 Current Learning Rate: 0.0000107095
2025-01-14 03:20:58,155 Train Loss: 0.0007267, Val Loss: 0.0010499
2025-01-14 03:20:58,156 Epoch 468/500
2025-01-14 03:21:22,097 Current Learning Rate: 0.0000100725
2025-01-14 03:21:22,097 Train Loss: 0.0007266, Val Loss: 0.0010485
2025-01-14 03:21:22,097 Epoch 469/500
2025-01-14 03:21:46,255 Current Learning Rate: 0.0000094547
2025-01-14 03:21:46,255 Train Loss: 0.0007266, Val Loss: 0.0010508
2025-01-14 03:21:46,255 Epoch 470/500
2025-01-14 03:22:10,656 Current Learning Rate: 0.0000088564
2025-01-14 03:22:10,657 Train Loss: 0.0007264, Val Loss: 0.0010476
2025-01-14 03:22:10,657 Epoch 471/500
2025-01-14 03:22:35,105 Current Learning Rate: 0.0000082774
2025-01-14 03:22:35,105 Train Loss: 0.0007265, Val Loss: 0.0010496
2025-01-14 03:22:35,105 Epoch 472/500
2025-01-14 03:22:59,502 Current Learning Rate: 0.0000077178
2025-01-14 03:22:59,502 Train Loss: 0.0007269, Val Loss: 0.0010490
2025-01-14 03:22:59,503 Epoch 473/500
2025-01-14 03:23:23,646 Current Learning Rate: 0.0000071777
2025-01-14 03:23:23,646 Train Loss: 0.0007268, Val Loss: 0.0010488
2025-01-14 03:23:23,646 Epoch 474/500
2025-01-14 03:23:47,218 Current Learning Rate: 0.0000066570
2025-01-14 03:23:47,218 Train Loss: 0.0007268, Val Loss: 0.0010493
2025-01-14 03:23:47,218 Epoch 475/500
2025-01-14 03:24:10,775 Current Learning Rate: 0.0000061558
2025-01-14 03:24:10,775 Train Loss: 0.0007265, Val Loss: 0.0010487
2025-01-14 03:24:10,776 Epoch 476/500
2025-01-14 03:24:34,892 Current Learning Rate: 0.0000056741
2025-01-14 03:24:34,892 Train Loss: 0.0007265, Val Loss: 0.0010485
2025-01-14 03:24:34,893 Epoch 477/500
2025-01-14 03:24:59,328 Current Learning Rate: 0.0000052119
2025-01-14 03:24:59,328 Train Loss: 0.0007261, Val Loss: 0.0010473
2025-01-14 03:24:59,328 Epoch 478/500
2025-01-14 03:25:23,689 Current Learning Rate: 0.0000047693
2025-01-14 03:25:23,689 Train Loss: 0.0007265, Val Loss: 0.0010486
2025-01-14 03:25:23,689 Epoch 479/500
2025-01-14 03:25:47,769 Current Learning Rate: 0.0000043462
2025-01-14 03:25:47,770 Train Loss: 0.0007261, Val Loss: 0.0010485
2025-01-14 03:25:47,770 Epoch 480/500
2025-01-14 03:26:11,356 Current Learning Rate: 0.0000039426
2025-01-14 03:26:11,356 Train Loss: 0.0007261, Val Loss: 0.0010488
2025-01-14 03:26:11,356 Epoch 481/500
2025-01-14 03:26:34,989 Current Learning Rate: 0.0000035587
2025-01-14 03:26:34,989 Train Loss: 0.0007266, Val Loss: 0.0010494
2025-01-14 03:26:34,989 Epoch 482/500
2025-01-14 03:26:58,857 Current Learning Rate: 0.0000031943
2025-01-14 03:26:58,858 Train Loss: 0.0007261, Val Loss: 0.0010493
2025-01-14 03:26:58,858 Epoch 483/500
2025-01-14 03:27:22,857 Current Learning Rate: 0.0000028496
2025-01-14 03:27:22,857 Train Loss: 0.0007260, Val Loss: 0.0010497
2025-01-14 03:27:22,857 Epoch 484/500
2025-01-14 03:27:46,833 Current Learning Rate: 0.0000025245
2025-01-14 03:27:46,833 Train Loss: 0.0007262, Val Loss: 0.0010481
2025-01-14 03:27:46,834 Epoch 485/500
2025-01-14 03:28:10,673 Current Learning Rate: 0.0000022190
2025-01-14 03:28:10,673 Train Loss: 0.0007260, Val Loss: 0.0010471
2025-01-14 03:28:10,673 Epoch 486/500
2025-01-14 03:28:34,379 Current Learning Rate: 0.0000019332
2025-01-14 03:28:34,381 Train Loss: 0.0007261, Val Loss: 0.0010486
2025-01-14 03:28:34,381 Epoch 487/500
2025-01-14 03:28:58,603 Current Learning Rate: 0.0000016670
2025-01-14 03:28:58,603 Train Loss: 0.0007260, Val Loss: 0.0010491
2025-01-14 03:28:58,603 Epoch 488/500
2025-01-14 03:29:22,678 Current Learning Rate: 0.0000014205
2025-01-14 03:29:22,679 Train Loss: 0.0007261, Val Loss: 0.0010481
2025-01-14 03:29:22,679 Epoch 489/500
2025-01-14 03:29:46,590 Current Learning Rate: 0.0000011937
2025-01-14 03:29:46,590 Train Loss: 0.0007262, Val Loss: 0.0010478
2025-01-14 03:29:46,591 Epoch 490/500
2025-01-14 03:30:11,179 Current Learning Rate: 0.0000009866
2025-01-14 03:30:11,179 Train Loss: 0.0007261, Val Loss: 0.0010488
2025-01-14 03:30:11,179 Epoch 491/500
2025-01-14 03:30:35,304 Current Learning Rate: 0.0000007992
2025-01-14 03:30:35,304 Train Loss: 0.0007262, Val Loss: 0.0010483
2025-01-14 03:30:35,304 Epoch 492/500
2025-01-14 03:30:59,301 Current Learning Rate: 0.0000006315
2025-01-14 03:30:59,301 Train Loss: 0.0007259, Val Loss: 0.0010480
2025-01-14 03:30:59,302 Epoch 493/500
2025-01-14 03:31:24,187 Current Learning Rate: 0.0000004835
2025-01-14 03:31:24,188 Train Loss: 0.0007257, Val Loss: 0.0010498
2025-01-14 03:31:24,188 Epoch 494/500
2025-01-14 03:31:48,651 Current Learning Rate: 0.0000003553
2025-01-14 03:31:48,652 Train Loss: 0.0007261, Val Loss: 0.0010481
2025-01-14 03:31:48,652 Epoch 495/500
2025-01-14 03:32:12,643 Current Learning Rate: 0.0000002467
2025-01-14 03:32:12,644 Train Loss: 0.0007263, Val Loss: 0.0010473
2025-01-14 03:32:12,644 Epoch 496/500
2025-01-14 03:32:36,732 Current Learning Rate: 0.0000001579
2025-01-14 03:32:36,733 Train Loss: 0.0007261, Val Loss: 0.0010479
2025-01-14 03:32:36,733 Epoch 497/500
2025-01-14 03:33:01,196 Current Learning Rate: 0.0000000888
2025-01-14 03:33:01,197 Train Loss: 0.0007260, Val Loss: 0.0010480
2025-01-14 03:33:01,197 Epoch 498/500
2025-01-14 03:33:25,560 Current Learning Rate: 0.0000000395
2025-01-14 03:33:25,561 Train Loss: 0.0007260, Val Loss: 0.0010483
2025-01-14 03:33:25,561 Epoch 499/500
2025-01-14 03:33:49,697 Current Learning Rate: 0.0000000099
2025-01-14 03:33:49,698 Train Loss: 0.0007258, Val Loss: 0.0010468
2025-01-14 03:33:49,698 Epoch 500/500
2025-01-14 03:34:14,248 Current Learning Rate: 0.0000000000
2025-01-14 03:34:14,249 Train Loss: 0.0007263, Val Loss: 0.0010478
