2025-02-18 11:42:14,518 Added key: store_based_barrier_key:1 to store for rank: 7
2025-02-18 11:42:14,526 Added key: store_based_barrier_key:1 to store for rank: 3
2025-02-18 11:42:14,568 Added key: store_based_barrier_key:1 to store for rank: 0
2025-02-18 11:42:14,637 Added key: store_based_barrier_key:1 to store for rank: 5
2025-02-18 11:42:14,686 Added key: store_based_barrier_key:1 to store for rank: 4
2025-02-18 11:42:14,702 Added key: store_based_barrier_key:1 to store for rank: 6
2025-02-18 11:42:14,714 Added key: store_based_barrier_key:1 to store for rank: 2
2025-02-18 11:42:14,718 Added key: store_based_barrier_key:1 to store for rank: 1
2025-02-18 11:42:52,388 Added key: store_based_barrier_key:1 to store for rank: 6
2025-02-18 11:42:52,451 Added key: store_based_barrier_key:1 to store for rank: 4
2025-02-18 11:42:52,545 Added key: store_based_barrier_key:1 to store for rank: 5
2025-02-18 11:42:52,578 Added key: store_based_barrier_key:1 to store for rank: 3
2025-02-18 11:42:52,589 Added key: store_based_barrier_key:1 to store for rank: 2
2025-02-18 11:42:52,607 Added key: store_based_barrier_key:1 to store for rank: 7
2025-02-18 11:42:52,621 Added key: store_based_barrier_key:1 to store for rank: 1
2025-02-18 11:42:52,629 Added key: store_based_barrier_key:1 to store for rank: 0
2025-02-18 11:43:15,702 Epoch 1/2000
2025-02-18 11:43:20,492 Reducer buckets have been rebuilt in this iteration.
2025-02-18 11:43:20,492 Reducer buckets have been rebuilt in this iteration.
2025-02-18 11:43:20,493 Reducer buckets have been rebuilt in this iteration.
2025-02-18 11:43:20,493 Reducer buckets have been rebuilt in this iteration.
2025-02-18 11:43:20,493 Reducer buckets have been rebuilt in this iteration.
2025-02-18 11:43:20,493 Reducer buckets have been rebuilt in this iteration.
2025-02-18 11:43:20,493 Reducer buckets have been rebuilt in this iteration.
2025-02-18 11:43:20,493 Reducer buckets have been rebuilt in this iteration.
2025-02-18 11:43:59,250 Current Learning Rate: 0.0099993832
2025-02-18 11:44:00,759 Train Loss: 1.3628420, Val Loss: 0.1698331
2025-02-18 11:44:00,762 Epoch 2/2000
2025-02-18 11:44:42,481 Current Learning Rate: 0.0099975328
2025-02-18 11:44:43,991 Train Loss: 0.0687663, Val Loss: 0.0357662
2025-02-18 11:44:43,991 Epoch 3/2000
2025-02-18 11:45:26,064 Current Learning Rate: 0.0099944494
2025-02-18 11:45:27,993 Train Loss: 0.0274687, Val Loss: 0.0195614
2025-02-18 11:45:27,994 Epoch 4/2000
2025-02-18 11:46:09,808 Current Learning Rate: 0.0099901336
2025-02-18 11:46:11,881 Train Loss: 0.0202074, Val Loss: 0.0180349
2025-02-18 11:46:11,881 Epoch 5/2000
2025-02-18 11:46:53,799 Current Learning Rate: 0.0099845867
2025-02-18 11:46:55,553 Train Loss: 0.0193941, Val Loss: 0.0177117
2025-02-18 11:46:55,557 Epoch 6/2000
2025-02-18 11:47:37,638 Current Learning Rate: 0.0099778098
2025-02-18 11:47:39,763 Train Loss: 0.0191047, Val Loss: 0.0175423
2025-02-18 11:47:39,763 Epoch 7/2000
2025-02-18 11:48:21,731 Current Learning Rate: 0.0099698048
2025-02-18 11:48:23,718 Train Loss: 0.0189317, Val Loss: 0.0174137
2025-02-18 11:48:23,719 Epoch 8/2000
2025-02-18 11:49:05,878 Current Learning Rate: 0.0099605735
2025-02-18 11:49:07,409 Train Loss: 0.0187991, Val Loss: 0.0173049
2025-02-18 11:49:07,410 Epoch 9/2000
2025-02-18 11:49:49,527 Current Learning Rate: 0.0099501183
2025-02-18 11:49:51,296 Train Loss: 0.0186761, Val Loss: 0.0172068
2025-02-18 11:49:51,297 Epoch 10/2000
2025-02-18 11:50:33,097 Current Learning Rate: 0.0099384417
2025-02-18 11:50:34,968 Train Loss: 0.0185759, Val Loss: 0.0171160
2025-02-18 11:50:34,968 Epoch 11/2000
2025-02-18 11:51:16,768 Current Learning Rate: 0.0099255466
2025-02-18 11:51:18,470 Train Loss: 0.0184690, Val Loss: 0.0170284
2025-02-18 11:51:18,471 Epoch 12/2000
2025-02-18 11:52:00,007 Current Learning Rate: 0.0099114363
2025-02-18 11:52:01,345 Train Loss: 0.0183741, Val Loss: 0.0169453
2025-02-18 11:52:01,346 Epoch 13/2000
2025-02-18 11:52:43,115 Current Learning Rate: 0.0098961141
2025-02-18 11:52:44,937 Train Loss: 0.0182787, Val Loss: 0.0168658
2025-02-18 11:52:44,937 Epoch 14/2000
2025-02-18 11:53:26,758 Current Learning Rate: 0.0098795838
2025-02-18 11:53:28,848 Train Loss: 0.0181902, Val Loss: 0.0167882
2025-02-18 11:53:28,849 Epoch 15/2000
2025-02-18 11:54:09,794 Current Learning Rate: 0.0098618496
2025-02-18 11:54:11,095 Train Loss: 0.0181102, Val Loss: 0.0167148
2025-02-18 11:54:11,096 Epoch 16/2000
2025-02-18 11:54:52,819 Current Learning Rate: 0.0098429158
2025-02-18 11:54:54,236 Train Loss: 0.0180223, Val Loss: 0.0166435
2025-02-18 11:54:54,237 Epoch 17/2000
2025-02-18 11:55:36,300 Current Learning Rate: 0.0098227871
2025-02-18 11:55:38,214 Train Loss: 0.0179441, Val Loss: 0.0165739
2025-02-18 11:55:38,214 Epoch 18/2000
2025-02-18 11:56:20,053 Current Learning Rate: 0.0098014684
2025-02-18 11:56:22,204 Train Loss: 0.0178550, Val Loss: 0.0164465
2025-02-18 11:56:22,204 Epoch 19/2000
2025-02-18 11:57:03,548 Current Learning Rate: 0.0097789651
2025-02-18 11:57:05,324 Train Loss: 0.0176387, Val Loss: 0.0162635
2025-02-18 11:57:05,324 Epoch 20/2000
2025-02-18 11:57:46,483 Current Learning Rate: 0.0097552826
2025-02-18 11:57:48,315 Train Loss: 0.0174251, Val Loss: 0.0161026
2025-02-18 11:57:48,316 Epoch 21/2000
2025-02-18 11:58:29,538 Current Learning Rate: 0.0097304268
2025-02-18 11:58:31,217 Train Loss: 0.0172205, Val Loss: 0.0159079
2025-02-18 11:58:31,218 Epoch 22/2000
2025-02-18 11:59:12,500 Current Learning Rate: 0.0097044038
2025-02-18 11:59:13,681 Train Loss: 0.0169694, Val Loss: 0.0156002
2025-02-18 11:59:13,683 Epoch 23/2000
2025-02-18 11:59:55,418 Current Learning Rate: 0.0096772202
2025-02-18 11:59:56,993 Train Loss: 0.0165015, Val Loss: 0.0151188
2025-02-18 11:59:56,993 Epoch 24/2000
2025-02-18 12:00:38,790 Current Learning Rate: 0.0096488824
2025-02-18 12:00:39,918 Train Loss: 0.0158210, Val Loss: 0.0143949
2025-02-18 12:00:39,919 Epoch 25/2000
2025-02-18 12:01:22,034 Current Learning Rate: 0.0096193977
2025-02-18 12:01:23,482 Train Loss: 0.0150978, Val Loss: 0.0137453
2025-02-18 12:01:23,484 Epoch 26/2000
2025-02-18 12:02:05,491 Current Learning Rate: 0.0095887731
2025-02-18 12:02:07,069 Train Loss: 0.0146063, Val Loss: 0.0133372
2025-02-18 12:02:07,069 Epoch 27/2000
2025-02-18 12:02:48,291 Current Learning Rate: 0.0095570164
2025-02-18 12:02:49,392 Train Loss: 0.0141579, Val Loss: 0.0129903
2025-02-18 12:02:49,392 Epoch 28/2000
2025-02-18 12:03:31,428 Current Learning Rate: 0.0095241353
2025-02-18 12:03:33,011 Train Loss: 0.0138481, Val Loss: 0.0127644
2025-02-18 12:03:33,016 Epoch 29/2000
2025-02-18 12:04:15,259 Current Learning Rate: 0.0094901379
2025-02-18 12:04:17,239 Train Loss: 0.0135901, Val Loss: 0.0124894
2025-02-18 12:04:17,239 Epoch 30/2000
2025-02-18 12:04:59,403 Current Learning Rate: 0.0094550326
2025-02-18 12:05:01,238 Train Loss: 0.0133189, Val Loss: 0.0121462
2025-02-18 12:05:01,239 Epoch 31/2000
2025-02-18 12:05:43,059 Current Learning Rate: 0.0094188282
2025-02-18 12:05:44,431 Train Loss: 0.0128272, Val Loss: 0.0116701
2025-02-18 12:05:44,431 Epoch 32/2000
2025-02-18 12:06:25,938 Current Learning Rate: 0.0093815334
2025-02-18 12:06:27,933 Train Loss: 0.0122802, Val Loss: 0.0112547
2025-02-18 12:06:27,934 Epoch 33/2000
2025-02-18 12:07:10,039 Current Learning Rate: 0.0093431576
2025-02-18 12:07:11,798 Train Loss: 0.0117762, Val Loss: 0.0106204
2025-02-18 12:07:11,799 Epoch 34/2000
2025-02-18 12:07:53,462 Current Learning Rate: 0.0093037101
2025-02-18 12:07:55,177 Train Loss: 0.0112313, Val Loss: 0.0101279
2025-02-18 12:07:55,178 Epoch 35/2000
2025-02-18 12:08:37,066 Current Learning Rate: 0.0092632008
2025-02-18 12:08:39,137 Train Loss: 0.0108187, Val Loss: 0.0096379
2025-02-18 12:08:39,138 Epoch 36/2000
2025-02-18 12:09:21,129 Current Learning Rate: 0.0092216396
2025-02-18 12:09:23,012 Train Loss: 0.0102309, Val Loss: 0.0092521
2025-02-18 12:09:23,012 Epoch 37/2000
2025-02-18 12:10:04,966 Current Learning Rate: 0.0091790368
2025-02-18 12:10:06,776 Train Loss: 0.0098315, Val Loss: 0.0088337
2025-02-18 12:10:06,776 Epoch 38/2000
2025-02-18 12:10:48,909 Current Learning Rate: 0.0091354029
2025-02-18 12:10:50,456 Train Loss: 0.0093248, Val Loss: 0.0083890
2025-02-18 12:10:50,458 Epoch 39/2000
2025-02-18 12:11:32,518 Current Learning Rate: 0.0090907486
2025-02-18 12:11:34,189 Train Loss: 0.0087695, Val Loss: 0.0080588
2025-02-18 12:11:34,189 Epoch 40/2000
2025-02-18 12:12:16,194 Current Learning Rate: 0.0090450850
2025-02-18 12:12:17,986 Train Loss: 0.0081769, Val Loss: 0.0073063
2025-02-18 12:12:17,987 Epoch 41/2000
2025-02-18 12:12:59,838 Current Learning Rate: 0.0089984233
2025-02-18 12:13:01,261 Train Loss: 0.0076267, Val Loss: 0.0069956
2025-02-18 12:13:01,261 Epoch 42/2000
2025-02-18 12:13:42,414 Current Learning Rate: 0.0089507751
2025-02-18 12:13:42,415 Train Loss: 0.0076356, Val Loss: 0.0090246
2025-02-18 12:13:42,415 Epoch 43/2000
2025-02-18 12:14:25,024 Current Learning Rate: 0.0089021520
2025-02-18 12:14:27,186 Train Loss: 0.0074178, Val Loss: 0.0064407
2025-02-18 12:14:27,186 Epoch 44/2000
2025-02-18 12:15:08,764 Current Learning Rate: 0.0088525662
2025-02-18 12:15:09,977 Train Loss: 0.0068171, Val Loss: 0.0060696
2025-02-18 12:15:09,977 Epoch 45/2000
2025-02-18 12:15:52,174 Current Learning Rate: 0.0088020298
2025-02-18 12:15:53,426 Train Loss: 0.0066029, Val Loss: 0.0059524
2025-02-18 12:15:53,426 Epoch 46/2000
2025-02-18 12:16:35,338 Current Learning Rate: 0.0087505553
2025-02-18 12:16:37,448 Train Loss: 0.0065815, Val Loss: 0.0057815
2025-02-18 12:16:37,449 Epoch 47/2000
2025-02-18 12:17:18,719 Current Learning Rate: 0.0086981555
2025-02-18 12:17:18,720 Train Loss: 0.0065231, Val Loss: 0.0061614
2025-02-18 12:17:18,720 Epoch 48/2000
2025-02-18 12:18:01,487 Current Learning Rate: 0.0086448431
2025-02-18 12:18:03,649 Train Loss: 0.0062545, Val Loss: 0.0056254
2025-02-18 12:18:03,650 Epoch 49/2000
2025-02-18 12:18:45,446 Current Learning Rate: 0.0085906315
2025-02-18 12:18:47,196 Train Loss: 0.0062356, Val Loss: 0.0054859
2025-02-18 12:18:47,196 Epoch 50/2000
2025-02-18 12:19:28,575 Current Learning Rate: 0.0085355339
2025-02-18 12:19:30,542 Train Loss: 0.0059626, Val Loss: 0.0053286
2025-02-18 12:19:30,542 Epoch 51/2000
2025-02-18 12:20:12,724 Current Learning Rate: 0.0084795640
2025-02-18 12:20:14,653 Train Loss: 0.0060748, Val Loss: 0.0053129
2025-02-18 12:20:14,653 Epoch 52/2000
2025-02-18 12:20:56,323 Current Learning Rate: 0.0084227355
2025-02-18 12:20:58,470 Train Loss: 0.0054856, Val Loss: 0.0050178
2025-02-18 12:20:58,471 Epoch 53/2000
2025-02-18 12:21:39,824 Current Learning Rate: 0.0083650626
2025-02-18 12:21:41,319 Train Loss: 0.0056379, Val Loss: 0.0049119
2025-02-18 12:21:41,319 Epoch 54/2000
2025-02-18 12:22:23,175 Current Learning Rate: 0.0083065593
2025-02-18 12:22:23,176 Train Loss: 0.0057683, Val Loss: 0.0053156
2025-02-18 12:22:23,176 Epoch 55/2000
2025-02-18 12:23:05,869 Current Learning Rate: 0.0082472402
2025-02-18 12:23:07,795 Train Loss: 0.0053413, Val Loss: 0.0048144
2025-02-18 12:23:07,795 Epoch 56/2000
2025-02-18 12:23:49,611 Current Learning Rate: 0.0081871199
2025-02-18 12:23:51,366 Train Loss: 0.0051032, Val Loss: 0.0047444
2025-02-18 12:23:51,367 Epoch 57/2000
2025-02-18 12:24:32,519 Current Learning Rate: 0.0081262133
2025-02-18 12:24:34,487 Train Loss: 0.0049701, Val Loss: 0.0045479
2025-02-18 12:24:34,488 Epoch 58/2000
2025-02-18 12:25:16,503 Current Learning Rate: 0.0080645353
2025-02-18 12:25:16,504 Train Loss: 0.0047992, Val Loss: 0.0050299
2025-02-18 12:25:16,504 Epoch 59/2000
2025-02-18 12:25:58,811 Current Learning Rate: 0.0080021011
2025-02-18 12:26:00,720 Train Loss: 0.0049871, Val Loss: 0.0042919
2025-02-18 12:26:00,720 Epoch 60/2000
2025-02-18 12:26:42,328 Current Learning Rate: 0.0079389263
2025-02-18 12:26:42,329 Train Loss: 0.0046179, Val Loss: 0.0044405
2025-02-18 12:26:42,329 Epoch 61/2000
2025-02-18 12:27:25,127 Current Learning Rate: 0.0078750263
2025-02-18 12:27:25,128 Train Loss: 0.0049569, Val Loss: 0.0044025
2025-02-18 12:27:25,128 Epoch 62/2000
2025-02-18 12:28:07,952 Current Learning Rate: 0.0078104169
2025-02-18 12:28:07,952 Train Loss: 0.0047013, Val Loss: 0.0046409
2025-02-18 12:28:07,953 Epoch 63/2000
2025-02-18 12:28:50,796 Current Learning Rate: 0.0077451141
2025-02-18 12:28:52,687 Train Loss: 0.0044193, Val Loss: 0.0039515
2025-02-18 12:28:52,687 Epoch 64/2000
2025-02-18 12:29:33,860 Current Learning Rate: 0.0076791340
2025-02-18 12:29:33,861 Train Loss: 0.0046267, Val Loss: 0.0039819
2025-02-18 12:29:33,861 Epoch 65/2000
2025-02-18 12:30:16,348 Current Learning Rate: 0.0076124928
2025-02-18 12:30:17,908 Train Loss: 0.0042735, Val Loss: 0.0039007
2025-02-18 12:30:17,909 Epoch 66/2000
2025-02-18 12:30:59,781 Current Learning Rate: 0.0075452071
2025-02-18 12:31:01,427 Train Loss: 0.0040702, Val Loss: 0.0036998
2025-02-18 12:31:01,428 Epoch 67/2000
2025-02-18 12:31:42,939 Current Learning Rate: 0.0074772933
2025-02-18 12:31:42,940 Train Loss: 0.0041402, Val Loss: 0.0043896
2025-02-18 12:31:42,940 Epoch 68/2000
2025-02-18 12:32:25,289 Current Learning Rate: 0.0074087684
2025-02-18 12:32:25,289 Train Loss: 0.0040681, Val Loss: 0.0037126
2025-02-18 12:32:25,290 Epoch 69/2000
2025-02-18 12:33:07,948 Current Learning Rate: 0.0073396491
2025-02-18 12:33:09,164 Train Loss: 0.0041826, Val Loss: 0.0035981
2025-02-18 12:33:09,165 Epoch 70/2000
2025-02-18 12:33:51,447 Current Learning Rate: 0.0072699525
2025-02-18 12:33:53,320 Train Loss: 0.0039610, Val Loss: 0.0035859
2025-02-18 12:33:53,321 Epoch 71/2000
2025-02-18 12:34:34,910 Current Learning Rate: 0.0071996958
2025-02-18 12:34:34,911 Train Loss: 0.0040461, Val Loss: 0.0038279
2025-02-18 12:34:34,911 Epoch 72/2000
2025-02-18 12:35:17,593 Current Learning Rate: 0.0071288965
2025-02-18 12:35:18,958 Train Loss: 0.0038196, Val Loss: 0.0034883
2025-02-18 12:35:18,958 Epoch 73/2000
2025-02-18 12:36:00,463 Current Learning Rate: 0.0070575718
2025-02-18 12:36:00,464 Train Loss: 0.0037394, Val Loss: 0.0035490
2025-02-18 12:36:00,465 Epoch 74/2000
2025-02-18 12:36:43,416 Current Learning Rate: 0.0069857395
2025-02-18 12:36:43,416 Train Loss: 0.0039330, Val Loss: 0.0036724
2025-02-18 12:36:43,417 Epoch 75/2000
2025-02-18 12:37:25,961 Current Learning Rate: 0.0069134172
2025-02-18 12:37:25,962 Train Loss: 0.0036523, Val Loss: 0.0037484
2025-02-18 12:37:25,962 Epoch 76/2000
2025-02-18 12:38:08,559 Current Learning Rate: 0.0068406228
2025-02-18 12:38:10,194 Train Loss: 0.0038443, Val Loss: 0.0034668
2025-02-18 12:38:10,195 Epoch 77/2000
2025-02-18 12:38:52,348 Current Learning Rate: 0.0067673742
2025-02-18 12:38:54,215 Train Loss: 0.0038872, Val Loss: 0.0033315
2025-02-18 12:38:54,215 Epoch 78/2000
2025-02-18 12:39:36,357 Current Learning Rate: 0.0066936896
2025-02-18 12:39:38,490 Train Loss: 0.0038132, Val Loss: 0.0032982
2025-02-18 12:39:38,490 Epoch 79/2000
2025-02-18 12:40:20,492 Current Learning Rate: 0.0066195871
2025-02-18 12:40:22,024 Train Loss: 0.0035646, Val Loss: 0.0031638
2025-02-18 12:40:22,025 Epoch 80/2000
2025-02-18 12:41:04,384 Current Learning Rate: 0.0065450850
2025-02-18 12:41:04,384 Train Loss: 0.0034006, Val Loss: 0.0031946
2025-02-18 12:41:04,384 Epoch 81/2000
2025-02-18 12:41:46,486 Current Learning Rate: 0.0064702016
2025-02-18 12:41:48,643 Train Loss: 0.0033588, Val Loss: 0.0030893
2025-02-18 12:41:48,644 Epoch 82/2000
2025-02-18 12:42:29,850 Current Learning Rate: 0.0063949555
2025-02-18 12:42:30,923 Train Loss: 0.0033879, Val Loss: 0.0030405
2025-02-18 12:42:30,923 Epoch 83/2000
2025-02-18 12:43:13,233 Current Learning Rate: 0.0063193652
2025-02-18 12:43:14,913 Train Loss: 0.0031879, Val Loss: 0.0029718
2025-02-18 12:43:14,928 Epoch 84/2000
2025-02-18 12:43:57,251 Current Learning Rate: 0.0062434494
2025-02-18 12:43:57,252 Train Loss: 0.0032266, Val Loss: 0.0031460
2025-02-18 12:43:57,252 Epoch 85/2000
2025-02-18 12:44:39,349 Current Learning Rate: 0.0061672268
2025-02-18 12:44:41,258 Train Loss: 0.0034299, Val Loss: 0.0029372
2025-02-18 12:44:41,259 Epoch 86/2000
2025-02-18 12:45:22,666 Current Learning Rate: 0.0060907162
2025-02-18 12:45:22,668 Train Loss: 0.0031645, Val Loss: 0.0029600
2025-02-18 12:45:22,668 Epoch 87/2000
2025-02-18 12:46:05,573 Current Learning Rate: 0.0060139365
2025-02-18 12:46:05,574 Train Loss: 0.0034704, Val Loss: 0.0032086
2025-02-18 12:46:05,574 Epoch 88/2000
2025-02-18 12:46:48,414 Current Learning Rate: 0.0059369066
2025-02-18 12:46:49,978 Train Loss: 0.0032061, Val Loss: 0.0029067
2025-02-18 12:46:49,978 Epoch 89/2000
2025-02-18 12:47:31,437 Current Learning Rate: 0.0058596455
2025-02-18 12:47:32,844 Train Loss: 0.0030000, Val Loss: 0.0028417
2025-02-18 12:47:32,857 Epoch 90/2000
2025-02-18 12:48:15,087 Current Learning Rate: 0.0057821723
2025-02-18 12:48:16,952 Train Loss: 0.0029832, Val Loss: 0.0028316
2025-02-18 12:48:16,953 Epoch 91/2000
2025-02-18 12:48:59,088 Current Learning Rate: 0.0057045062
2025-02-18 12:48:59,090 Train Loss: 0.0031305, Val Loss: 0.0028579
2025-02-18 12:48:59,090 Epoch 92/2000
2025-02-18 12:49:41,859 Current Learning Rate: 0.0056266662
2025-02-18 12:49:41,860 Train Loss: 0.0030638, Val Loss: 0.0029005
2025-02-18 12:49:41,860 Epoch 93/2000
2025-02-18 12:50:24,399 Current Learning Rate: 0.0055486716
2025-02-18 12:50:26,199 Train Loss: 0.0031297, Val Loss: 0.0028207
2025-02-18 12:50:26,200 Epoch 94/2000
2025-02-18 12:51:08,305 Current Learning Rate: 0.0054705416
2025-02-18 12:51:08,306 Train Loss: 0.0031764, Val Loss: 0.0029541
2025-02-18 12:51:08,306 Epoch 95/2000
2025-02-18 12:51:50,998 Current Learning Rate: 0.0053922955
2025-02-18 12:51:50,999 Train Loss: 0.0028410, Val Loss: 0.0028266
2025-02-18 12:51:50,999 Epoch 96/2000
2025-02-18 12:52:33,609 Current Learning Rate: 0.0053139526
2025-02-18 12:52:33,610 Train Loss: 0.0031975, Val Loss: 0.0028658
2025-02-18 12:52:33,610 Epoch 97/2000
2025-02-18 12:53:16,181 Current Learning Rate: 0.0052355323
2025-02-18 12:53:18,204 Train Loss: 0.0029171, Val Loss: 0.0027451
2025-02-18 12:53:18,205 Epoch 98/2000
2025-02-18 12:54:00,168 Current Learning Rate: 0.0051570538
2025-02-18 12:54:02,214 Train Loss: 0.0030150, Val Loss: 0.0027333
2025-02-18 12:54:02,214 Epoch 99/2000
2025-02-18 12:54:44,237 Current Learning Rate: 0.0050785366
2025-02-18 12:54:45,999 Train Loss: 0.0029330, Val Loss: 0.0027265
2025-02-18 12:54:45,999 Epoch 100/2000
2025-02-18 12:55:27,425 Current Learning Rate: 0.0050000000
2025-02-18 12:55:28,907 Train Loss: 0.0028290, Val Loss: 0.0026971
2025-02-18 12:55:28,907 Epoch 101/2000
2025-02-18 12:56:10,907 Current Learning Rate: 0.0049214634
2025-02-18 12:56:12,102 Train Loss: 0.0028858, Val Loss: 0.0026960
2025-02-18 12:56:12,103 Epoch 102/2000
2025-02-18 12:56:53,651 Current Learning Rate: 0.0048429462
2025-02-18 12:56:54,713 Train Loss: 0.0029532, Val Loss: 0.0026186
2025-02-18 12:56:54,713 Epoch 103/2000
2025-02-18 12:57:36,563 Current Learning Rate: 0.0047644677
2025-02-18 12:57:36,564 Train Loss: 0.0027671, Val Loss: 0.0026594
2025-02-18 12:57:36,564 Epoch 104/2000
2025-02-18 12:58:19,587 Current Learning Rate: 0.0046860474
2025-02-18 12:58:19,587 Train Loss: 0.0029455, Val Loss: 0.0027470
2025-02-18 12:58:19,587 Epoch 105/2000
2025-02-18 12:59:01,917 Current Learning Rate: 0.0046077045
2025-02-18 12:59:01,918 Train Loss: 0.0029949, Val Loss: 0.0027208
2025-02-18 12:59:01,918 Epoch 106/2000
2025-02-18 12:59:44,410 Current Learning Rate: 0.0045294584
2025-02-18 12:59:44,410 Train Loss: 0.0031252, Val Loss: 0.0027911
2025-02-18 12:59:44,411 Epoch 107/2000
2025-02-18 13:00:26,626 Current Learning Rate: 0.0044513284
2025-02-18 13:00:28,412 Train Loss: 0.0027322, Val Loss: 0.0025305
2025-02-18 13:00:28,412 Epoch 108/2000
2025-02-18 13:01:10,166 Current Learning Rate: 0.0043733338
2025-02-18 13:01:10,167 Train Loss: 0.0027422, Val Loss: 0.0025760
2025-02-18 13:01:10,167 Epoch 109/2000
2025-02-18 13:01:51,747 Current Learning Rate: 0.0042954938
2025-02-18 13:01:51,747 Train Loss: 0.0030014, Val Loss: 0.0025514
2025-02-18 13:01:51,748 Epoch 110/2000
2025-02-18 13:02:34,351 Current Learning Rate: 0.0042178277
2025-02-18 13:02:34,351 Train Loss: 0.0030148, Val Loss: 0.0026140
2025-02-18 13:02:34,352 Epoch 111/2000
2025-02-18 13:03:16,218 Current Learning Rate: 0.0041403545
2025-02-18 13:03:18,552 Train Loss: 0.0026457, Val Loss: 0.0025104
2025-02-18 13:03:18,553 Epoch 112/2000
2025-02-18 13:04:00,673 Current Learning Rate: 0.0040630934
2025-02-18 13:04:02,737 Train Loss: 0.0026000, Val Loss: 0.0024824
2025-02-18 13:04:02,738 Epoch 113/2000
2025-02-18 13:04:44,450 Current Learning Rate: 0.0039860635
2025-02-18 13:04:46,560 Train Loss: 0.0027027, Val Loss: 0.0024382
2025-02-18 13:04:46,560 Epoch 114/2000
2025-02-18 13:05:27,799 Current Learning Rate: 0.0039092838
2025-02-18 13:05:27,800 Train Loss: 0.0026419, Val Loss: 0.0024624
2025-02-18 13:05:27,800 Epoch 115/2000
2025-02-18 13:06:10,862 Current Learning Rate: 0.0038327732
2025-02-18 13:06:10,863 Train Loss: 0.0031512, Val Loss: 0.0024630
2025-02-18 13:06:10,863 Epoch 116/2000
2025-02-18 13:06:53,102 Current Learning Rate: 0.0037565506
2025-02-18 13:06:53,103 Train Loss: 0.0027621, Val Loss: 0.0024817
2025-02-18 13:06:53,104 Epoch 117/2000
2025-02-18 13:07:35,289 Current Learning Rate: 0.0036806348
2025-02-18 13:07:35,289 Train Loss: 0.0027294, Val Loss: 0.0025535
2025-02-18 13:07:35,289 Epoch 118/2000
2025-02-18 13:08:17,845 Current Learning Rate: 0.0036050445
2025-02-18 13:08:17,845 Train Loss: 0.0025651, Val Loss: 0.0025561
2025-02-18 13:08:17,846 Epoch 119/2000
2025-02-18 13:09:00,242 Current Learning Rate: 0.0035297984
2025-02-18 13:09:00,242 Train Loss: 0.0031162, Val Loss: 0.0025939
2025-02-18 13:09:00,243 Epoch 120/2000
2025-02-18 13:09:42,791 Current Learning Rate: 0.0034549150
2025-02-18 13:09:42,791 Train Loss: 0.0027383, Val Loss: 0.0025477
2025-02-18 13:09:42,792 Epoch 121/2000
2025-02-18 13:10:25,578 Current Learning Rate: 0.0033804129
2025-02-18 13:10:27,319 Train Loss: 0.0027425, Val Loss: 0.0023956
2025-02-18 13:10:27,320 Epoch 122/2000
2025-02-18 13:11:08,656 Current Learning Rate: 0.0033063104
2025-02-18 13:11:08,656 Train Loss: 0.0026657, Val Loss: 0.0024754
2025-02-18 13:11:08,656 Epoch 123/2000
2025-02-18 13:11:51,834 Current Learning Rate: 0.0032326258
2025-02-18 13:11:53,759 Train Loss: 0.0024242, Val Loss: 0.0023507
2025-02-18 13:11:53,760 Epoch 124/2000
2025-02-18 13:12:35,916 Current Learning Rate: 0.0031593772
2025-02-18 13:12:35,917 Train Loss: 0.0025713, Val Loss: 0.0023812
2025-02-18 13:12:35,917 Epoch 125/2000
2025-02-18 13:13:18,844 Current Learning Rate: 0.0030865828
2025-02-18 13:13:21,089 Train Loss: 0.0025928, Val Loss: 0.0023480
2025-02-18 13:13:21,089 Epoch 126/2000
2025-02-18 13:14:02,360 Current Learning Rate: 0.0030142605
2025-02-18 13:14:04,286 Train Loss: 0.0024050, Val Loss: 0.0023392
2025-02-18 13:14:04,286 Epoch 127/2000
2025-02-18 13:14:46,606 Current Learning Rate: 0.0029424282
2025-02-18 13:14:48,684 Train Loss: 0.0025779, Val Loss: 0.0023248
2025-02-18 13:14:48,685 Epoch 128/2000
2025-02-18 13:15:30,433 Current Learning Rate: 0.0028711035
2025-02-18 13:15:30,434 Train Loss: 0.0025542, Val Loss: 0.0024302
2025-02-18 13:15:30,435 Epoch 129/2000
2025-02-18 13:16:13,088 Current Learning Rate: 0.0028003042
2025-02-18 13:16:13,089 Train Loss: 0.0027851, Val Loss: 0.0023806
2025-02-18 13:16:13,089 Epoch 130/2000
2025-02-18 13:16:55,222 Current Learning Rate: 0.0027300475
2025-02-18 13:16:55,223 Train Loss: 0.0024214, Val Loss: 0.0023312
2025-02-18 13:16:55,224 Epoch 131/2000
2025-02-18 13:17:38,039 Current Learning Rate: 0.0026603509
2025-02-18 13:17:39,458 Train Loss: 0.0025682, Val Loss: 0.0022957
2025-02-18 13:17:39,459 Epoch 132/2000
2025-02-18 13:18:20,980 Current Learning Rate: 0.0025912316
2025-02-18 13:18:22,217 Train Loss: 0.0023948, Val Loss: 0.0022712
2025-02-18 13:18:22,217 Epoch 133/2000
2025-02-18 13:19:03,940 Current Learning Rate: 0.0025227067
2025-02-18 13:19:03,941 Train Loss: 0.0026540, Val Loss: 0.0023643
2025-02-18 13:19:03,941 Epoch 134/2000
2025-02-18 13:19:47,228 Current Learning Rate: 0.0024547929
2025-02-18 13:19:47,228 Train Loss: 0.0026912, Val Loss: 0.0022917
2025-02-18 13:19:47,229 Epoch 135/2000
2025-02-18 13:20:30,279 Current Learning Rate: 0.0023875072
2025-02-18 13:20:32,202 Train Loss: 0.0023403, Val Loss: 0.0022606
2025-02-18 13:20:32,202 Epoch 136/2000
2025-02-18 13:21:13,548 Current Learning Rate: 0.0023208660
2025-02-18 13:21:13,549 Train Loss: 0.0025837, Val Loss: 0.0022768
2025-02-18 13:21:13,549 Epoch 137/2000
2025-02-18 13:21:56,736 Current Learning Rate: 0.0022548859
2025-02-18 13:21:58,097 Train Loss: 0.0022579, Val Loss: 0.0022366
2025-02-18 13:21:58,097 Epoch 138/2000
2025-02-18 13:22:40,345 Current Learning Rate: 0.0021895831
2025-02-18 13:22:41,717 Train Loss: 0.0023904, Val Loss: 0.0022284
2025-02-18 13:22:41,717 Epoch 139/2000
2025-02-18 13:23:23,732 Current Learning Rate: 0.0021249737
2025-02-18 13:23:23,733 Train Loss: 0.0024008, Val Loss: 0.0022358
2025-02-18 13:23:23,733 Epoch 140/2000
2025-02-18 13:24:07,254 Current Learning Rate: 0.0020610737
2025-02-18 13:24:09,092 Train Loss: 0.0022246, Val Loss: 0.0022110
2025-02-18 13:24:09,092 Epoch 141/2000
2025-02-18 13:24:51,508 Current Learning Rate: 0.0019978989
2025-02-18 13:24:51,509 Train Loss: 0.0023086, Val Loss: 0.0022171
2025-02-18 13:24:51,509 Epoch 142/2000
2025-02-18 13:25:34,071 Current Learning Rate: 0.0019354647
2025-02-18 13:25:35,999 Train Loss: 0.0022637, Val Loss: 0.0021975
2025-02-18 13:25:35,999 Epoch 143/2000
2025-02-18 13:26:17,828 Current Learning Rate: 0.0018737867
2025-02-18 13:26:17,829 Train Loss: 0.0024424, Val Loss: 0.0022221
2025-02-18 13:26:17,829 Epoch 144/2000
2025-02-18 13:27:00,090 Current Learning Rate: 0.0018128801
2025-02-18 13:27:00,090 Train Loss: 0.0022830, Val Loss: 0.0022219
2025-02-18 13:27:00,091 Epoch 145/2000
2025-02-18 13:27:43,268 Current Learning Rate: 0.0017527598
2025-02-18 13:27:43,268 Train Loss: 0.0025422, Val Loss: 0.0022204
2025-02-18 13:27:43,268 Epoch 146/2000
2025-02-18 13:28:25,985 Current Learning Rate: 0.0016934407
2025-02-18 13:28:27,579 Train Loss: 0.0022766, Val Loss: 0.0021824
2025-02-18 13:28:27,580 Epoch 147/2000
2025-02-18 13:29:09,208 Current Learning Rate: 0.0016349374
2025-02-18 13:29:09,209 Train Loss: 0.0023299, Val Loss: 0.0022020
2025-02-18 13:29:09,210 Epoch 148/2000
2025-02-18 13:29:51,369 Current Learning Rate: 0.0015772645
2025-02-18 13:29:51,369 Train Loss: 0.0023008, Val Loss: 0.0022081
2025-02-18 13:29:51,370 Epoch 149/2000
2025-02-18 13:30:34,048 Current Learning Rate: 0.0015204360
2025-02-18 13:30:35,580 Train Loss: 0.0022495, Val Loss: 0.0021472
2025-02-18 13:30:35,580 Epoch 150/2000
2025-02-18 13:31:17,736 Current Learning Rate: 0.0014644661
2025-02-18 13:31:19,639 Train Loss: 0.0022816, Val Loss: 0.0021302
2025-02-18 13:31:19,639 Epoch 151/2000
2025-02-18 13:32:01,716 Current Learning Rate: 0.0014093685
2025-02-18 13:32:01,721 Train Loss: 0.0025645, Val Loss: 0.0021428
2025-02-18 13:32:01,722 Epoch 152/2000
2025-02-18 13:32:44,805 Current Learning Rate: 0.0013551569
2025-02-18 13:32:44,805 Train Loss: 0.0024435, Val Loss: 0.0021654
2025-02-18 13:32:44,806 Epoch 153/2000
2025-02-18 13:33:27,199 Current Learning Rate: 0.0013018445
2025-02-18 13:33:29,106 Train Loss: 0.0025198, Val Loss: 0.0021174
2025-02-18 13:33:29,108 Epoch 154/2000
2025-02-18 13:34:11,534 Current Learning Rate: 0.0012494447
2025-02-18 13:34:13,156 Train Loss: 0.0021932, Val Loss: 0.0020996
2025-02-18 13:34:13,156 Epoch 155/2000
2025-02-18 13:34:54,403 Current Learning Rate: 0.0011979702
2025-02-18 13:34:54,404 Train Loss: 0.0021102, Val Loss: 0.0021050
2025-02-18 13:34:54,404 Epoch 156/2000
2025-02-18 13:35:36,836 Current Learning Rate: 0.0011474338
2025-02-18 13:35:38,400 Train Loss: 0.0021750, Val Loss: 0.0020915
2025-02-18 13:35:38,400 Epoch 157/2000
2025-02-18 13:36:19,949 Current Learning Rate: 0.0010978480
2025-02-18 13:36:19,950 Train Loss: 0.0021748, Val Loss: 0.0021046
2025-02-18 13:36:19,950 Epoch 158/2000
2025-02-18 13:37:01,890 Current Learning Rate: 0.0010492249
2025-02-18 13:37:01,891 Train Loss: 0.0022929, Val Loss: 0.0020975
2025-02-18 13:37:01,891 Epoch 159/2000
2025-02-18 13:37:44,328 Current Learning Rate: 0.0010015767
2025-02-18 13:37:44,329 Train Loss: 0.0022445, Val Loss: 0.0020939
2025-02-18 13:37:44,330 Epoch 160/2000
2025-02-18 13:38:26,477 Current Learning Rate: 0.0009549150
2025-02-18 13:38:27,756 Train Loss: 0.0023150, Val Loss: 0.0020744
2025-02-18 13:38:27,757 Epoch 161/2000
2025-02-18 13:39:09,579 Current Learning Rate: 0.0009092514
2025-02-18 13:39:11,054 Train Loss: 0.0023384, Val Loss: 0.0020734
2025-02-18 13:39:11,054 Epoch 162/2000
2025-02-18 13:39:53,041 Current Learning Rate: 0.0008645971
2025-02-18 13:39:53,042 Train Loss: 0.0024140, Val Loss: 0.0020823
2025-02-18 13:39:53,042 Epoch 163/2000
2025-02-18 13:40:35,431 Current Learning Rate: 0.0008209632
2025-02-18 13:40:35,432 Train Loss: 0.0024373, Val Loss: 0.0020741
2025-02-18 13:40:35,432 Epoch 164/2000
2025-02-18 13:41:18,399 Current Learning Rate: 0.0007783604
2025-02-18 13:41:19,717 Train Loss: 0.0022746, Val Loss: 0.0020577
2025-02-18 13:41:19,717 Epoch 165/2000
2025-02-18 13:42:01,952 Current Learning Rate: 0.0007367992
2025-02-18 13:42:01,953 Train Loss: 0.0022988, Val Loss: 0.0020613
2025-02-18 13:42:01,953 Epoch 166/2000
2025-02-18 13:42:44,119 Current Learning Rate: 0.0006962899
2025-02-18 13:42:45,422 Train Loss: 0.0023153, Val Loss: 0.0020529
2025-02-18 13:42:45,423 Epoch 167/2000
2025-02-18 13:43:27,273 Current Learning Rate: 0.0006568424
2025-02-18 13:43:28,747 Train Loss: 0.0021537, Val Loss: 0.0020437
2025-02-18 13:43:28,748 Epoch 168/2000
2025-02-18 13:44:10,016 Current Learning Rate: 0.0006184666
2025-02-18 13:44:11,047 Train Loss: 0.0020853, Val Loss: 0.0020344
2025-02-18 13:44:11,048 Epoch 169/2000
2025-02-18 13:44:53,571 Current Learning Rate: 0.0005811718
2025-02-18 13:44:55,499 Train Loss: 0.0022062, Val Loss: 0.0020296
2025-02-18 13:44:55,499 Epoch 170/2000
2025-02-18 13:45:37,794 Current Learning Rate: 0.0005449674
2025-02-18 13:45:40,026 Train Loss: 0.0020276, Val Loss: 0.0020274
2025-02-18 13:45:40,026 Epoch 171/2000
2025-02-18 13:46:21,995 Current Learning Rate: 0.0005098621
2025-02-18 13:46:24,016 Train Loss: 0.0022592, Val Loss: 0.0020274
2025-02-18 13:46:24,016 Epoch 172/2000
2025-02-18 13:47:05,363 Current Learning Rate: 0.0004758647
2025-02-18 13:47:05,364 Train Loss: 0.0022123, Val Loss: 0.0020308
2025-02-18 13:47:05,364 Epoch 173/2000
2025-02-18 13:47:48,734 Current Learning Rate: 0.0004429836
2025-02-18 13:47:50,812 Train Loss: 0.0021227, Val Loss: 0.0020174
2025-02-18 13:47:50,812 Epoch 174/2000
2025-02-18 13:48:32,077 Current Learning Rate: 0.0004112269
2025-02-18 13:48:33,831 Train Loss: 0.0021057, Val Loss: 0.0020160
2025-02-18 13:48:33,832 Epoch 175/2000
2025-02-18 13:49:15,057 Current Learning Rate: 0.0003806023
2025-02-18 13:49:15,058 Train Loss: 0.0022247, Val Loss: 0.0020161
2025-02-18 13:49:15,058 Epoch 176/2000
2025-02-18 13:49:57,453 Current Learning Rate: 0.0003511176
2025-02-18 13:49:59,525 Train Loss: 0.0020290, Val Loss: 0.0020113
2025-02-18 13:49:59,525 Epoch 177/2000
2025-02-18 13:50:40,854 Current Learning Rate: 0.0003227798
2025-02-18 13:50:43,034 Train Loss: 0.0020590, Val Loss: 0.0020087
2025-02-18 13:50:43,034 Epoch 178/2000
2025-02-18 13:51:24,539 Current Learning Rate: 0.0002955962
2025-02-18 13:51:24,540 Train Loss: 0.0021380, Val Loss: 0.0020131
2025-02-18 13:51:24,540 Epoch 179/2000
2025-02-18 13:52:07,550 Current Learning Rate: 0.0002695732
2025-02-18 13:52:09,062 Train Loss: 0.0021452, Val Loss: 0.0020065
2025-02-18 13:52:09,062 Epoch 180/2000
2025-02-18 13:52:51,219 Current Learning Rate: 0.0002447174
2025-02-18 13:52:51,220 Train Loss: 0.0022274, Val Loss: 0.0020067
2025-02-18 13:52:51,221 Epoch 181/2000
2025-02-18 13:53:33,391 Current Learning Rate: 0.0002210349
2025-02-18 13:53:34,471 Train Loss: 0.0021063, Val Loss: 0.0020031
2025-02-18 13:53:34,472 Epoch 182/2000
2025-02-18 13:54:16,342 Current Learning Rate: 0.0001985316
2025-02-18 13:54:16,343 Train Loss: 0.0021554, Val Loss: 0.0020034
2025-02-18 13:54:16,343 Epoch 183/2000
2025-02-18 13:54:58,990 Current Learning Rate: 0.0001772129
2025-02-18 13:55:00,726 Train Loss: 0.0024092, Val Loss: 0.0020027
2025-02-18 13:55:00,726 Epoch 184/2000
2025-02-18 13:55:43,043 Current Learning Rate: 0.0001570842
2025-02-18 13:55:45,124 Train Loss: 0.0020361, Val Loss: 0.0019969
2025-02-18 13:55:45,125 Epoch 185/2000
2025-02-18 13:56:26,341 Current Learning Rate: 0.0001381504
2025-02-18 13:56:27,682 Train Loss: 0.0021787, Val Loss: 0.0019946
2025-02-18 13:56:27,682 Epoch 186/2000
2025-02-18 13:57:09,808 Current Learning Rate: 0.0001204162
2025-02-18 13:57:11,437 Train Loss: 0.0019766, Val Loss: 0.0019902
2025-02-18 13:57:11,438 Epoch 187/2000
2025-02-18 13:57:53,413 Current Learning Rate: 0.0001038859
2025-02-18 13:57:55,321 Train Loss: 0.0022846, Val Loss: 0.0019884
2025-02-18 13:57:55,329 Epoch 188/2000
2025-02-18 13:58:36,557 Current Learning Rate: 0.0000885637
2025-02-18 13:58:38,631 Train Loss: 0.0020690, Val Loss: 0.0019866
2025-02-18 13:58:38,632 Epoch 189/2000
2025-02-18 13:59:19,993 Current Learning Rate: 0.0000744534
2025-02-18 13:59:21,660 Train Loss: 0.0021456, Val Loss: 0.0019859
2025-02-18 13:59:21,681 Epoch 190/2000
2025-02-18 14:00:03,799 Current Learning Rate: 0.0000615583
2025-02-18 14:00:03,800 Train Loss: 0.0020096, Val Loss: 0.0019868
2025-02-18 14:00:03,800 Epoch 191/2000
2025-02-18 14:00:46,181 Current Learning Rate: 0.0000498817
2025-02-18 14:00:46,182 Train Loss: 0.0021014, Val Loss: 0.0019870
2025-02-18 14:00:46,182 Epoch 192/2000
2025-02-18 14:01:28,810 Current Learning Rate: 0.0000394265
2025-02-18 14:01:30,201 Train Loss: 0.0021133, Val Loss: 0.0019855
2025-02-18 14:01:30,202 Epoch 193/2000
2025-02-18 14:02:12,523 Current Learning Rate: 0.0000301952
2025-02-18 14:02:12,524 Train Loss: 0.0020557, Val Loss: 0.0019860
2025-02-18 14:02:12,524 Epoch 194/2000
2025-02-18 14:02:55,286 Current Learning Rate: 0.0000221902
2025-02-18 14:02:57,126 Train Loss: 0.0020902, Val Loss: 0.0019851
2025-02-18 14:02:57,134 Epoch 195/2000
2025-02-18 14:03:38,649 Current Learning Rate: 0.0000154133
2025-02-18 14:03:40,356 Train Loss: 0.0020577, Val Loss: 0.0019844
2025-02-18 14:03:40,356 Epoch 196/2000
2025-02-18 14:04:22,463 Current Learning Rate: 0.0000098664
2025-02-18 14:04:24,579 Train Loss: 0.0021702, Val Loss: 0.0019841
2025-02-18 14:04:24,579 Epoch 197/2000
2025-02-18 14:05:06,792 Current Learning Rate: 0.0000055506
2025-02-18 14:05:08,844 Train Loss: 0.0021440, Val Loss: 0.0019836
2025-02-18 14:05:08,845 Epoch 198/2000
2025-02-18 14:05:50,477 Current Learning Rate: 0.0000024672
2025-02-18 14:05:52,297 Train Loss: 0.0022741, Val Loss: 0.0019835
2025-02-18 14:05:52,297 Epoch 199/2000
2025-02-18 14:06:33,747 Current Learning Rate: 0.0000006168
2025-02-18 14:06:34,853 Train Loss: 0.0020641, Val Loss: 0.0019835
2025-02-18 14:06:34,861 Epoch 200/2000
2025-02-18 14:07:16,856 Current Learning Rate: 0.0000000000
2025-02-18 14:07:18,951 Train Loss: 0.0020595, Val Loss: 0.0019833
2025-02-18 14:07:18,952 Epoch 201/2000
2025-02-18 14:08:00,517 Current Learning Rate: 0.0000006168
2025-02-18 14:08:00,518 Train Loss: 0.0020695, Val Loss: 0.0019834
2025-02-18 14:08:00,518 Epoch 202/2000
2025-02-18 14:08:42,480 Current Learning Rate: 0.0000024672
2025-02-18 14:08:42,481 Train Loss: 0.0020921, Val Loss: 0.0019834
2025-02-18 14:08:42,481 Epoch 203/2000
2025-02-18 14:09:24,745 Current Learning Rate: 0.0000055506
2025-02-18 14:09:24,745 Train Loss: 0.0021943, Val Loss: 0.0019834
2025-02-18 14:09:24,746 Epoch 204/2000
2025-02-18 14:10:06,317 Current Learning Rate: 0.0000098664
2025-02-18 14:10:06,318 Train Loss: 0.0020710, Val Loss: 0.0019834
2025-02-18 14:10:06,318 Epoch 205/2000
2025-02-18 14:10:48,856 Current Learning Rate: 0.0000154133
2025-02-18 14:10:48,856 Train Loss: 0.0020787, Val Loss: 0.0019834
2025-02-18 14:10:48,857 Epoch 206/2000
2025-02-18 14:11:31,517 Current Learning Rate: 0.0000221902
2025-02-18 14:11:31,517 Train Loss: 0.0021324, Val Loss: 0.0019837
2025-02-18 14:11:31,518 Epoch 207/2000
2025-02-18 14:12:13,640 Current Learning Rate: 0.0000301952
2025-02-18 14:12:13,641 Train Loss: 0.0020701, Val Loss: 0.0019840
2025-02-18 14:12:13,641 Epoch 208/2000
2025-02-18 14:12:55,941 Current Learning Rate: 0.0000394265
2025-02-18 14:12:55,942 Train Loss: 0.0023016, Val Loss: 0.0019862
2025-02-18 14:12:55,942 Epoch 209/2000
