2025-02-24 16:11:07,025 Added key: store_based_barrier_key:1 to store for rank: 2
2025-02-24 16:11:07,038 Added key: store_based_barrier_key:1 to store for rank: 4
2025-02-24 16:11:07,080 Added key: store_based_barrier_key:1 to store for rank: 1
2025-02-24 16:11:07,121 Added key: store_based_barrier_key:1 to store for rank: 0
2025-02-24 16:11:07,158 Added key: store_based_barrier_key:1 to store for rank: 3
2025-02-24 16:11:07,177 Added key: store_based_barrier_key:1 to store for rank: 5
2025-02-24 16:11:07,185 Added key: store_based_barrier_key:1 to store for rank: 6
2025-02-24 16:11:07,191 Added key: store_based_barrier_key:1 to store for rank: 7
2025-02-24 16:12:13,158 Epoch 1/2000
2025-02-24 16:12:16,907 Reducer buckets have been rebuilt in this iteration.
2025-02-24 16:12:16,907 Reducer buckets have been rebuilt in this iteration.
2025-02-24 16:12:16,907 Reducer buckets have been rebuilt in this iteration.
2025-02-24 16:12:16,907 Reducer buckets have been rebuilt in this iteration.
2025-02-24 16:12:16,907 Reducer buckets have been rebuilt in this iteration.
2025-02-24 16:12:16,907 Reducer buckets have been rebuilt in this iteration.
2025-02-24 16:12:16,907 Reducer buckets have been rebuilt in this iteration.
2025-02-24 16:12:16,907 Reducer buckets have been rebuilt in this iteration.
2025-02-24 16:27:16,028 Current Learning Rate: 0.0009999383
2025-02-24 16:27:16,817 Train Loss: 0.0406381, Val Loss: 0.0053257
2025-02-24 16:27:16,818 Epoch 2/2000
2025-02-24 16:42:18,281 Current Learning Rate: 0.0009997533
2025-02-24 16:42:19,303 Train Loss: 0.0047488, Val Loss: 0.0037061
2025-02-24 16:42:19,304 Epoch 3/2000
2025-02-24 16:57:22,683 Current Learning Rate: 0.0009994449
2025-02-24 16:57:23,533 Train Loss: 0.0036298, Val Loss: 0.0033693
2025-02-24 16:57:23,533 Epoch 4/2000
2025-02-24 17:12:25,186 Current Learning Rate: 0.0009990134
2025-02-24 17:12:26,059 Train Loss: 0.0032028, Val Loss: 0.0030099
2025-02-24 17:12:26,059 Epoch 5/2000
2025-02-24 17:27:27,267 Current Learning Rate: 0.0009984587
2025-02-24 17:27:28,176 Train Loss: 0.0029359, Val Loss: 0.0027050
2025-02-24 17:27:28,177 Epoch 6/2000
2025-02-24 17:42:29,880 Current Learning Rate: 0.0009977810
2025-02-24 17:42:30,846 Train Loss: 0.0027535, Val Loss: 0.0025139
2025-02-24 17:42:30,846 Epoch 7/2000
2025-02-24 17:57:33,515 Current Learning Rate: 0.0009969805
2025-02-24 17:57:34,512 Train Loss: 0.0026977, Val Loss: 0.0023625
2025-02-24 17:57:34,513 Epoch 8/2000
2025-02-24 18:12:37,864 Current Learning Rate: 0.0009960574
2025-02-24 18:12:37,865 Train Loss: 0.0025400, Val Loss: 0.0024198
2025-02-24 18:12:37,865 Epoch 9/2000
2025-02-24 18:27:40,015 Current Learning Rate: 0.0009950118
2025-02-24 18:27:40,015 Train Loss: 0.0024398, Val Loss: 0.0027710
2025-02-24 18:27:40,015 Epoch 10/2000
2025-02-24 18:42:43,127 Current Learning Rate: 0.0009938442
2025-02-24 18:42:44,154 Train Loss: 0.0023841, Val Loss: 0.0021985
2025-02-24 18:42:44,154 Epoch 11/2000
2025-02-24 18:57:46,279 Current Learning Rate: 0.0009925547
2025-02-24 18:57:46,280 Train Loss: 0.0022101, Val Loss: 0.0022231
2025-02-24 18:57:46,280 Epoch 12/2000
2025-02-24 19:12:48,317 Current Learning Rate: 0.0009911436
2025-02-24 19:12:49,429 Train Loss: 0.0021464, Val Loss: 0.0019511
2025-02-24 19:12:49,430 Epoch 13/2000
2025-02-24 19:27:52,189 Current Learning Rate: 0.0009896114
2025-02-24 19:27:53,126 Train Loss: 0.0019859, Val Loss: 0.0018656
2025-02-24 19:27:53,127 Epoch 14/2000
2025-02-24 19:42:56,220 Current Learning Rate: 0.0009879584
2025-02-24 19:42:57,122 Train Loss: 0.0018646, Val Loss: 0.0017206
2025-02-24 19:42:57,123 Epoch 15/2000
2025-02-24 19:57:59,289 Current Learning Rate: 0.0009861850
2025-02-24 19:58:00,235 Train Loss: 0.0017463, Val Loss: 0.0016954
2025-02-24 19:58:00,235 Epoch 16/2000
2025-02-24 20:13:02,848 Current Learning Rate: 0.0009842916
2025-02-24 20:13:02,848 Train Loss: 0.0016704, Val Loss: 0.0018268
2025-02-24 20:13:02,849 Epoch 17/2000
2025-02-24 20:28:06,151 Current Learning Rate: 0.0009822787
2025-02-24 20:28:07,067 Train Loss: 0.0015416, Val Loss: 0.0014259
2025-02-24 20:28:07,067 Epoch 18/2000
2025-02-24 20:43:10,826 Current Learning Rate: 0.0009801468
2025-02-24 20:43:11,797 Train Loss: 0.0014084, Val Loss: 0.0013179
2025-02-24 20:43:11,797 Epoch 19/2000
2025-02-24 20:58:13,971 Current Learning Rate: 0.0009778965
2025-02-24 20:58:15,020 Train Loss: 0.0013198, Val Loss: 0.0013071
2025-02-24 20:58:15,020 Epoch 20/2000
2025-02-24 21:13:17,915 Current Learning Rate: 0.0009755283
2025-02-24 21:13:18,833 Train Loss: 0.0012210, Val Loss: 0.0011555
2025-02-24 21:13:18,834 Epoch 21/2000
2025-02-24 21:28:21,985 Current Learning Rate: 0.0009730427
2025-02-24 21:28:22,937 Train Loss: 0.0011413, Val Loss: 0.0011252
2025-02-24 21:28:22,937 Epoch 22/2000
2025-02-24 21:43:26,165 Current Learning Rate: 0.0009704404
2025-02-24 21:43:26,166 Train Loss: 0.0011451, Val Loss: 0.0011662
2025-02-24 21:43:26,166 Epoch 23/2000
2025-02-24 21:58:30,148 Current Learning Rate: 0.0009677220
2025-02-24 21:58:31,140 Train Loss: 0.0010685, Val Loss: 0.0010649
2025-02-24 21:58:31,141 Epoch 24/2000
2025-02-24 22:13:34,687 Current Learning Rate: 0.0009648882
2025-02-24 22:13:35,624 Train Loss: 0.0009016, Val Loss: 0.0009312
2025-02-24 22:13:35,624 Epoch 25/2000
2025-02-24 22:28:38,293 Current Learning Rate: 0.0009619398
2025-02-24 22:28:39,202 Train Loss: 0.0009121, Val Loss: 0.0008724
2025-02-24 22:28:39,202 Epoch 26/2000
2025-02-24 22:43:42,880 Current Learning Rate: 0.0009588773
2025-02-24 22:43:42,881 Train Loss: 0.0008411, Val Loss: 0.0008799
2025-02-24 22:43:42,881 Epoch 27/2000
2025-02-24 22:58:46,431 Current Learning Rate: 0.0009557016
2025-02-24 22:58:47,413 Train Loss: 0.0008557, Val Loss: 0.0008101
2025-02-24 22:58:47,414 Epoch 28/2000
2025-02-24 23:13:49,935 Current Learning Rate: 0.0009524135
2025-02-24 23:13:50,803 Train Loss: 0.0008248, Val Loss: 0.0008042
2025-02-24 23:13:50,803 Epoch 29/2000
2025-02-24 23:28:53,290 Current Learning Rate: 0.0009490138
2025-02-24 23:28:54,256 Train Loss: 0.0006904, Val Loss: 0.0007522
2025-02-24 23:28:54,256 Epoch 30/2000
2025-02-24 23:43:56,574 Current Learning Rate: 0.0009455033
2025-02-24 23:43:56,575 Train Loss: 0.0007436, Val Loss: 0.0011877
2025-02-24 23:43:56,575 Epoch 31/2000
2025-02-24 23:59:00,575 Current Learning Rate: 0.0009418828
2025-02-24 23:59:01,486 Train Loss: 0.0007554, Val Loss: 0.0006824
2025-02-24 23:59:01,486 Epoch 32/2000
2025-02-25 00:14:04,480 Current Learning Rate: 0.0009381533
2025-02-25 00:14:06,360 Train Loss: 0.0006869, Val Loss: 0.0006696
2025-02-25 00:14:06,361 Epoch 33/2000
2025-02-25 00:29:09,347 Current Learning Rate: 0.0009343158
2025-02-25 00:29:10,169 Train Loss: 0.0006142, Val Loss: 0.0006497
2025-02-25 00:29:10,169 Epoch 34/2000
2025-02-25 00:44:13,071 Current Learning Rate: 0.0009303710
2025-02-25 00:44:14,012 Train Loss: 0.0005384, Val Loss: 0.0006241
2025-02-25 00:44:14,012 Epoch 35/2000
2025-02-25 00:59:16,622 Current Learning Rate: 0.0009263201
2025-02-25 00:59:16,623 Train Loss: 0.0005865, Val Loss: 0.0006459
2025-02-25 00:59:16,623 Epoch 36/2000
2025-02-25 01:14:19,789 Current Learning Rate: 0.0009221640
2025-02-25 01:14:20,884 Train Loss: 0.0006411, Val Loss: 0.0006062
2025-02-25 01:14:20,884 Epoch 37/2000
2025-02-25 01:29:24,210 Current Learning Rate: 0.0009179037
2025-02-25 01:29:24,211 Train Loss: 0.0005853, Val Loss: 0.0006425
2025-02-25 01:29:24,211 Epoch 38/2000
2025-02-25 01:44:27,395 Current Learning Rate: 0.0009135403
2025-02-25 01:44:28,509 Train Loss: 0.0005547, Val Loss: 0.0005610
2025-02-25 01:44:28,510 Epoch 39/2000
2025-02-25 01:59:31,667 Current Learning Rate: 0.0009090749
2025-02-25 01:59:32,575 Train Loss: 0.0004919, Val Loss: 0.0005452
2025-02-25 01:59:32,576 Epoch 40/2000
2025-02-25 02:14:36,419 Current Learning Rate: 0.0009045085
2025-02-25 02:14:36,420 Train Loss: 0.0004709, Val Loss: 0.0006160
2025-02-25 02:14:36,420 Epoch 41/2000
2025-02-25 02:29:39,939 Current Learning Rate: 0.0008998423
2025-02-25 02:29:40,881 Train Loss: 0.0005403, Val Loss: 0.0005210
2025-02-25 02:29:40,882 Epoch 42/2000
2025-02-25 02:44:43,949 Current Learning Rate: 0.0008950775
2025-02-25 02:44:43,950 Train Loss: 0.0004746, Val Loss: 0.0005861
2025-02-25 02:44:43,950 Epoch 43/2000
2025-02-25 02:59:47,680 Current Learning Rate: 0.0008902152
2025-02-25 02:59:47,680 Train Loss: 0.0005121, Val Loss: 0.0005827
2025-02-25 02:59:47,680 Epoch 44/2000
2025-02-25 03:14:51,351 Current Learning Rate: 0.0008852566
2025-02-25 03:14:51,351 Train Loss: 0.0004441, Val Loss: 0.0005960
2025-02-25 03:14:51,351 Epoch 45/2000
2025-02-25 03:29:55,318 Current Learning Rate: 0.0008802030
2025-02-25 03:29:56,290 Train Loss: 0.0004549, Val Loss: 0.0004676
2025-02-25 03:29:56,291 Epoch 46/2000
2025-02-25 03:44:58,575 Current Learning Rate: 0.0008750555
2025-02-25 03:44:58,576 Train Loss: 0.0004177, Val Loss: 0.0004849
2025-02-25 03:44:58,576 Epoch 47/2000
2025-02-25 04:00:01,937 Current Learning Rate: 0.0008698155
2025-02-25 04:00:04,796 Train Loss: 0.0004078, Val Loss: 0.0004234
2025-02-25 04:00:04,796 Epoch 48/2000
2025-02-25 04:15:07,817 Current Learning Rate: 0.0008644843
2025-02-25 04:15:07,818 Train Loss: 0.0003959, Val Loss: 0.0004665
2025-02-25 04:15:07,819 Epoch 49/2000
2025-02-25 04:30:11,693 Current Learning Rate: 0.0008590631
2025-02-25 04:30:12,713 Train Loss: 0.0004122, Val Loss: 0.0004154
2025-02-25 04:30:12,713 Epoch 50/2000
2025-02-25 04:45:15,538 Current Learning Rate: 0.0008535534
2025-02-25 04:45:16,632 Train Loss: 0.0004019, Val Loss: 0.0004076
2025-02-25 04:45:16,632 Epoch 51/2000
2025-02-25 05:00:20,380 Current Learning Rate: 0.0008479564
2025-02-25 05:00:21,280 Train Loss: 0.0003756, Val Loss: 0.0003701
2025-02-25 05:00:21,281 Epoch 52/2000
2025-02-25 05:15:23,837 Current Learning Rate: 0.0008422736
2025-02-25 05:15:23,841 Train Loss: 0.0003748, Val Loss: 0.0004063
2025-02-25 05:15:23,841 Epoch 53/2000
2025-02-25 05:30:27,716 Current Learning Rate: 0.0008365063
2025-02-25 05:30:27,716 Train Loss: 0.0005704, Val Loss: 0.0004781
2025-02-25 05:30:27,717 Epoch 54/2000
2025-02-25 05:45:31,146 Current Learning Rate: 0.0008306559
2025-02-25 05:45:31,146 Train Loss: 0.0003712, Val Loss: 0.0003772
2025-02-25 05:45:31,146 Epoch 55/2000
2025-02-25 06:00:34,966 Current Learning Rate: 0.0008247240
2025-02-25 06:00:34,967 Train Loss: 0.0004134, Val Loss: 0.0004025
2025-02-25 06:00:34,967 Epoch 56/2000
2025-02-25 06:15:39,445 Current Learning Rate: 0.0008187120
2025-02-25 06:15:40,545 Train Loss: 0.0003266, Val Loss: 0.0003262
2025-02-25 06:15:40,545 Epoch 57/2000
2025-02-25 06:30:44,292 Current Learning Rate: 0.0008126213
2025-02-25 06:30:45,302 Train Loss: 0.0003011, Val Loss: 0.0003144
2025-02-25 06:30:45,302 Epoch 58/2000
2025-02-25 06:45:48,633 Current Learning Rate: 0.0008064535
2025-02-25 06:45:48,634 Train Loss: 0.0003419, Val Loss: 0.0003240
2025-02-25 06:45:48,635 Epoch 59/2000
2025-02-25 07:00:52,035 Current Learning Rate: 0.0008002101
2025-02-25 07:00:52,036 Train Loss: 0.0003142, Val Loss: 0.0003275
2025-02-25 07:00:52,036 Epoch 60/2000
2025-02-25 07:15:54,621 Current Learning Rate: 0.0007938926
2025-02-25 07:15:54,621 Train Loss: 0.0003328, Val Loss: 0.0003441
2025-02-25 07:15:54,621 Epoch 61/2000
2025-02-25 07:30:57,200 Current Learning Rate: 0.0007875026
2025-02-25 07:30:57,200 Train Loss: 0.0003144, Val Loss: 0.0003336
2025-02-25 07:30:57,200 Epoch 62/2000
2025-02-25 07:46:00,913 Current Learning Rate: 0.0007810417
2025-02-25 07:46:00,913 Train Loss: 0.0002909, Val Loss: 0.0003155
2025-02-25 07:46:00,914 Epoch 63/2000
2025-02-25 08:01:04,932 Current Learning Rate: 0.0007745114
2025-02-25 08:01:06,008 Train Loss: 0.0003106, Val Loss: 0.0003073
2025-02-25 08:01:06,008 Epoch 64/2000
2025-02-25 08:16:09,420 Current Learning Rate: 0.0007679134
2025-02-25 08:16:09,421 Train Loss: 0.0003480, Val Loss: 0.0003098
2025-02-25 08:16:09,421 Epoch 65/2000
2025-02-25 08:31:13,486 Current Learning Rate: 0.0007612493
2025-02-25 08:31:14,500 Train Loss: 0.0003508, Val Loss: 0.0002983
2025-02-25 08:31:14,500 Epoch 66/2000
2025-02-25 08:46:17,285 Current Learning Rate: 0.0007545207
2025-02-25 08:46:18,296 Train Loss: 0.0002690, Val Loss: 0.0002935
2025-02-25 08:46:18,297 Epoch 67/2000
2025-02-25 09:01:21,350 Current Learning Rate: 0.0007477293
2025-02-25 09:01:21,352 Train Loss: 0.0003194, Val Loss: 0.0003067
2025-02-25 09:01:21,352 Epoch 68/2000
2025-02-25 09:16:24,402 Current Learning Rate: 0.0007408768
2025-02-25 09:16:25,564 Train Loss: 0.0002590, Val Loss: 0.0002914
2025-02-25 09:16:25,564 Epoch 69/2000
2025-02-25 09:31:28,130 Current Learning Rate: 0.0007339649
2025-02-25 09:31:28,131 Train Loss: 0.0002838, Val Loss: 0.0003011
2025-02-25 09:31:28,132 Epoch 70/2000
2025-02-25 09:46:31,264 Current Learning Rate: 0.0007269952
2025-02-25 09:46:31,265 Train Loss: 0.0002724, Val Loss: 0.0003282
2025-02-25 09:46:31,265 Epoch 71/2000
2025-02-25 10:01:35,150 Current Learning Rate: 0.0007199696
2025-02-25 10:01:35,151 Train Loss: 0.0002907, Val Loss: 0.0002919
2025-02-25 10:01:35,151 Epoch 72/2000
2025-02-25 10:16:38,037 Current Learning Rate: 0.0007128896
2025-02-25 10:16:38,037 Train Loss: 0.0002937, Val Loss: 0.0003012
2025-02-25 10:16:38,037 Epoch 73/2000
2025-02-25 10:31:41,420 Current Learning Rate: 0.0007057572
2025-02-25 10:31:42,335 Train Loss: 0.0002739, Val Loss: 0.0002700
2025-02-25 10:31:42,336 Epoch 74/2000
2025-02-25 10:46:44,862 Current Learning Rate: 0.0006985739
2025-02-25 10:46:45,831 Train Loss: 0.0002685, Val Loss: 0.0002608
2025-02-25 10:46:45,831 Epoch 75/2000
2025-02-25 11:01:48,402 Current Learning Rate: 0.0006913417
2025-02-25 11:01:48,402 Train Loss: 0.0002618, Val Loss: 0.0002696
2025-02-25 11:01:48,402 Epoch 76/2000
2025-02-25 11:16:51,147 Current Learning Rate: 0.0006840623
2025-02-25 11:16:52,042 Train Loss: 0.0002518, Val Loss: 0.0002458
2025-02-25 11:16:52,042 Epoch 77/2000
2025-02-25 11:31:54,389 Current Learning Rate: 0.0006767374
2025-02-25 11:31:54,389 Train Loss: 0.0002349, Val Loss: 0.0002580
2025-02-25 11:31:54,390 Epoch 78/2000
2025-02-25 11:46:57,106 Current Learning Rate: 0.0006693690
2025-02-25 11:46:57,107 Train Loss: 0.0002533, Val Loss: 0.0002504
2025-02-25 11:46:57,107 Epoch 79/2000
2025-02-25 12:01:59,996 Current Learning Rate: 0.0006619587
2025-02-25 12:01:59,997 Train Loss: 0.0002345, Val Loss: 0.0002552
2025-02-25 12:01:59,997 Epoch 80/2000
2025-02-25 12:17:03,130 Current Learning Rate: 0.0006545085
2025-02-25 12:17:03,131 Train Loss: 0.0002340, Val Loss: 0.0002564
2025-02-25 12:17:03,131 Epoch 81/2000
2025-02-25 12:32:05,871 Current Learning Rate: 0.0006470202
2025-02-25 12:32:05,872 Train Loss: 0.0002187, Val Loss: 0.0002478
2025-02-25 12:32:05,872 Epoch 82/2000
2025-02-25 12:47:09,285 Current Learning Rate: 0.0006394956
2025-02-25 12:47:09,285 Train Loss: 0.0002616, Val Loss: 0.0002532
2025-02-25 12:47:09,286 Epoch 83/2000
2025-02-25 13:02:12,213 Current Learning Rate: 0.0006319365
2025-02-25 13:02:13,017 Train Loss: 0.0002400, Val Loss: 0.0002432
2025-02-25 13:02:13,018 Epoch 84/2000
2025-02-25 13:17:15,104 Current Learning Rate: 0.0006243449
2025-02-25 13:17:15,989 Train Loss: 0.0002385, Val Loss: 0.0002424
2025-02-25 13:17:15,989 Epoch 85/2000
2025-02-25 13:32:18,146 Current Learning Rate: 0.0006167227
2025-02-25 13:32:19,058 Train Loss: 0.0002356, Val Loss: 0.0002413
2025-02-25 13:32:19,059 Epoch 86/2000
2025-02-25 13:47:21,459 Current Learning Rate: 0.0006090716
2025-02-25 13:47:21,460 Train Loss: 0.0002399, Val Loss: 0.0002569
2025-02-25 13:47:21,460 Epoch 87/2000
2025-02-25 14:02:25,066 Current Learning Rate: 0.0006013936
2025-02-25 14:02:25,067 Train Loss: 0.0002128, Val Loss: 0.0002451
2025-02-25 14:02:25,067 Epoch 88/2000
2025-02-25 14:17:27,765 Current Learning Rate: 0.0005936907
2025-02-25 14:17:28,687 Train Loss: 0.0002162, Val Loss: 0.0002375
2025-02-25 14:17:28,688 Epoch 89/2000
2025-02-25 14:32:31,720 Current Learning Rate: 0.0005859646
2025-02-25 14:32:32,732 Train Loss: 0.0002342, Val Loss: 0.0002355
2025-02-25 14:32:32,732 Epoch 90/2000
2025-02-25 14:47:35,041 Current Learning Rate: 0.0005782172
2025-02-25 14:47:35,953 Train Loss: 0.0002678, Val Loss: 0.0002264
2025-02-25 14:47:35,954 Epoch 91/2000
2025-02-25 15:02:38,966 Current Learning Rate: 0.0005704506
2025-02-25 15:02:39,919 Train Loss: 0.0002453, Val Loss: 0.0002140
2025-02-25 15:02:39,920 Epoch 92/2000
2025-02-25 15:17:43,009 Current Learning Rate: 0.0005626666
2025-02-25 15:17:44,040 Train Loss: 0.0001895, Val Loss: 0.0002100
2025-02-25 15:17:44,040 Epoch 93/2000
2025-02-25 15:32:46,791 Current Learning Rate: 0.0005548672
2025-02-25 15:32:47,661 Train Loss: 0.0001881, Val Loss: 0.0002013
2025-02-25 15:32:47,661 Epoch 94/2000
2025-02-25 15:47:50,748 Current Learning Rate: 0.0005470542
2025-02-25 15:47:50,749 Train Loss: 0.0002285, Val Loss: 0.0002250
2025-02-25 15:47:50,749 Epoch 95/2000
2025-02-25 16:02:54,055 Current Learning Rate: 0.0005392295
2025-02-25 16:02:54,055 Train Loss: 0.0002251, Val Loss: 0.0002040
2025-02-25 16:02:54,055 Epoch 96/2000
2025-02-25 16:17:59,050 Current Learning Rate: 0.0005313953
2025-02-25 16:17:59,052 Train Loss: 0.0001951, Val Loss: 0.0002039
2025-02-25 16:17:59,053 Epoch 97/2000
2025-02-25 16:33:02,606 Current Learning Rate: 0.0005235532
2025-02-25 16:33:02,606 Train Loss: 0.0002096, Val Loss: 0.0002188
2025-02-25 16:33:02,607 Epoch 98/2000
2025-02-25 16:48:06,201 Current Learning Rate: 0.0005157054
2025-02-25 16:48:07,131 Train Loss: 0.0002015, Val Loss: 0.0001987
2025-02-25 16:48:07,131 Epoch 99/2000
2025-02-25 17:03:10,862 Current Learning Rate: 0.0005078537
2025-02-25 17:03:10,863 Train Loss: 0.0001924, Val Loss: 0.0002114
2025-02-25 17:03:10,863 Epoch 100/2000
2025-02-25 17:18:13,997 Current Learning Rate: 0.0005000000
2025-02-25 17:18:13,997 Train Loss: 0.0001947, Val Loss: 0.0001999
2025-02-25 17:18:13,998 Epoch 101/2000
2025-02-25 17:33:16,414 Current Learning Rate: 0.0004921463
2025-02-25 17:33:16,414 Train Loss: 0.0002028, Val Loss: 0.0002025
2025-02-25 17:33:16,414 Epoch 102/2000
2025-02-25 17:48:20,832 Current Learning Rate: 0.0004842946
2025-02-25 17:48:20,833 Train Loss: 0.0002183, Val Loss: 0.0002091
2025-02-25 17:48:20,833 Epoch 103/2000
2025-02-25 18:03:24,432 Current Learning Rate: 0.0004764468
2025-02-25 18:03:24,433 Train Loss: 0.0001786, Val Loss: 0.0002148
2025-02-25 18:03:24,433 Epoch 104/2000
2025-02-25 18:18:27,755 Current Learning Rate: 0.0004686047
2025-02-25 18:18:27,756 Train Loss: 0.0001798, Val Loss: 0.0002055
2025-02-25 18:18:27,756 Epoch 105/2000
2025-02-25 18:33:31,423 Current Learning Rate: 0.0004607705
2025-02-25 18:33:32,394 Train Loss: 0.0001941, Val Loss: 0.0001975
2025-02-25 18:33:32,394 Epoch 106/2000
2025-02-25 18:48:35,960 Current Learning Rate: 0.0004529458
2025-02-25 18:48:35,961 Train Loss: 0.0002056, Val Loss: 0.0002399
2025-02-25 18:48:35,962 Epoch 107/2000
2025-02-25 19:03:38,991 Current Learning Rate: 0.0004451328
2025-02-25 19:03:38,992 Train Loss: 0.0001906, Val Loss: 0.0002040
2025-02-25 19:03:38,992 Epoch 108/2000
2025-02-25 19:18:41,657 Current Learning Rate: 0.0004373334
2025-02-25 19:18:42,527 Train Loss: 0.0001806, Val Loss: 0.0001967
2025-02-25 19:18:42,528 Epoch 109/2000
2025-02-25 19:33:45,767 Current Learning Rate: 0.0004295494
2025-02-25 19:33:45,767 Train Loss: 0.0001806, Val Loss: 0.0001990
2025-02-25 19:33:45,767 Epoch 110/2000
2025-02-25 19:48:50,020 Current Learning Rate: 0.0004217828
2025-02-25 19:48:50,021 Train Loss: 0.0001675, Val Loss: 0.0001971
2025-02-25 19:48:50,021 Epoch 111/2000
2025-02-25 20:03:52,846 Current Learning Rate: 0.0004140354
2025-02-25 20:03:53,767 Train Loss: 0.0001470, Val Loss: 0.0001785
2025-02-25 20:03:53,767 Epoch 112/2000
2025-02-25 20:18:56,116 Current Learning Rate: 0.0004063093
2025-02-25 20:18:56,117 Train Loss: 0.0001739, Val Loss: 0.0001800
2025-02-25 20:18:56,117 Epoch 113/2000
2025-02-25 20:33:58,736 Current Learning Rate: 0.0003986064
2025-02-25 20:33:58,736 Train Loss: 0.0002093, Val Loss: 0.0001841
2025-02-25 20:33:58,736 Epoch 114/2000
2025-02-25 20:49:01,269 Current Learning Rate: 0.0003909284
2025-02-25 20:49:03,853 Train Loss: 0.0001446, Val Loss: 0.0001755
2025-02-25 20:49:03,854 Epoch 115/2000
2025-02-25 21:04:06,164 Current Learning Rate: 0.0003832773
2025-02-25 21:04:06,165 Train Loss: 0.0002054, Val Loss: 0.0001839
2025-02-25 21:04:06,165 Epoch 116/2000
2025-02-25 21:19:09,503 Current Learning Rate: 0.0003756551
2025-02-25 21:19:09,503 Train Loss: 0.0002168, Val Loss: 0.0002063
2025-02-25 21:19:09,503 Epoch 117/2000
2025-02-25 21:34:12,561 Current Learning Rate: 0.0003680635
2025-02-25 21:34:13,329 Train Loss: 0.0001846, Val Loss: 0.0001725
2025-02-25 21:34:13,329 Epoch 118/2000
2025-02-25 21:49:15,429 Current Learning Rate: 0.0003605044
2025-02-25 21:49:16,177 Train Loss: 0.0001766, Val Loss: 0.0001693
2025-02-25 21:49:16,177 Epoch 119/2000
2025-02-25 22:04:18,936 Current Learning Rate: 0.0003529798
2025-02-25 22:04:18,936 Train Loss: 0.0001543, Val Loss: 0.0001781
2025-02-25 22:04:18,937 Epoch 120/2000
2025-02-25 22:19:22,010 Current Learning Rate: 0.0003454915
2025-02-25 22:19:22,770 Train Loss: 0.0001525, Val Loss: 0.0001688
2025-02-25 22:19:22,771 Epoch 121/2000
2025-02-25 22:34:25,377 Current Learning Rate: 0.0003380413
2025-02-25 22:34:26,126 Train Loss: 0.0001948, Val Loss: 0.0001664
2025-02-25 22:34:26,127 Epoch 122/2000
2025-02-25 22:49:28,199 Current Learning Rate: 0.0003306310
2025-02-25 22:49:28,200 Train Loss: 0.0001663, Val Loss: 0.0001676
2025-02-25 22:49:28,200 Epoch 123/2000
2025-02-25 23:04:31,654 Current Learning Rate: 0.0003232626
2025-02-25 23:04:32,432 Train Loss: 0.0001568, Val Loss: 0.0001639
2025-02-25 23:04:32,432 Epoch 124/2000
2025-02-25 23:19:34,796 Current Learning Rate: 0.0003159377
2025-02-25 23:19:34,797 Train Loss: 0.0001820, Val Loss: 0.0001678
2025-02-25 23:19:34,797 Epoch 125/2000
2025-02-25 23:34:37,793 Current Learning Rate: 0.0003086583
2025-02-25 23:34:38,657 Train Loss: 0.0001385, Val Loss: 0.0001612
2025-02-25 23:34:38,657 Epoch 126/2000
2025-02-25 23:49:41,020 Current Learning Rate: 0.0003014261
2025-02-25 23:49:41,021 Train Loss: 0.0001461, Val Loss: 0.0001638
2025-02-25 23:49:41,021 Epoch 127/2000
2025-02-26 00:04:44,363 Current Learning Rate: 0.0002942428
2025-02-26 00:04:44,363 Train Loss: 0.0001603, Val Loss: 0.0001642
2025-02-26 00:04:44,363 Epoch 128/2000
2025-02-26 00:19:47,628 Current Learning Rate: 0.0002871104
2025-02-26 00:19:47,628 Train Loss: 0.0001603, Val Loss: 0.0001628
2025-02-26 00:19:47,628 Epoch 129/2000
2025-02-26 00:34:50,322 Current Learning Rate: 0.0002800304
2025-02-26 00:34:50,323 Train Loss: 0.0001403, Val Loss: 0.0001614
2025-02-26 00:34:50,323 Epoch 130/2000
2025-02-26 00:49:53,781 Current Learning Rate: 0.0002730048
2025-02-26 00:49:53,782 Train Loss: 0.0001583, Val Loss: 0.0001651
2025-02-26 00:49:53,782 Epoch 131/2000
2025-02-26 01:04:56,705 Current Learning Rate: 0.0002660351
2025-02-26 01:04:57,442 Train Loss: 0.0001401, Val Loss: 0.0001569
2025-02-26 01:04:57,442 Epoch 132/2000
2025-02-26 01:20:00,262 Current Learning Rate: 0.0002591232
2025-02-26 01:20:00,262 Train Loss: 0.0001626, Val Loss: 0.0001687
2025-02-26 01:20:00,263 Epoch 133/2000
2025-02-26 01:35:03,206 Current Learning Rate: 0.0002522707
2025-02-26 01:35:03,206 Train Loss: 0.0001407, Val Loss: 0.0001578
2025-02-26 01:35:03,206 Epoch 134/2000
2025-02-26 01:50:06,740 Current Learning Rate: 0.0002454793
2025-02-26 01:50:06,741 Train Loss: 0.0001549, Val Loss: 0.0001586
2025-02-26 01:50:06,741 Epoch 135/2000
2025-02-26 02:05:09,590 Current Learning Rate: 0.0002387507
2025-02-26 02:05:09,590 Train Loss: 0.0001322, Val Loss: 0.0001576
2025-02-26 02:05:09,591 Epoch 136/2000
2025-02-26 02:20:12,392 Current Learning Rate: 0.0002320866
2025-02-26 02:20:13,203 Train Loss: 0.0001440, Val Loss: 0.0001562
2025-02-26 02:20:13,203 Epoch 137/2000
2025-02-26 02:35:15,294 Current Learning Rate: 0.0002254886
2025-02-26 02:35:15,295 Train Loss: 0.0001528, Val Loss: 0.0001667
2025-02-26 02:35:15,295 Epoch 138/2000
2025-02-26 02:50:18,038 Current Learning Rate: 0.0002189583
2025-02-26 02:50:18,891 Train Loss: 0.0001358, Val Loss: 0.0001525
2025-02-26 02:50:18,891 Epoch 139/2000
2025-02-26 03:05:22,429 Current Learning Rate: 0.0002124974
2025-02-26 03:05:22,430 Train Loss: 0.0001528, Val Loss: 0.0001608
2025-02-26 03:05:22,430 Epoch 140/2000
2025-02-26 03:20:25,745 Current Learning Rate: 0.0002061074
2025-02-26 03:20:25,746 Train Loss: 0.0001313, Val Loss: 0.0001563
2025-02-26 03:20:25,746 Epoch 141/2000
2025-02-26 03:35:29,194 Current Learning Rate: 0.0001997899
2025-02-26 03:35:30,049 Train Loss: 0.0001324, Val Loss: 0.0001501
2025-02-26 03:35:30,049 Epoch 142/2000
2025-02-26 03:50:32,947 Current Learning Rate: 0.0001935465
2025-02-26 03:50:32,948 Train Loss: 0.0001395, Val Loss: 0.0001551
2025-02-26 03:50:32,948 Epoch 143/2000
2025-02-26 04:05:35,584 Current Learning Rate: 0.0001873787
2025-02-26 04:05:36,442 Train Loss: 0.0001363, Val Loss: 0.0001461
2025-02-26 04:05:36,442 Epoch 144/2000
2025-02-26 04:20:39,099 Current Learning Rate: 0.0001812880
2025-02-26 04:20:39,100 Train Loss: 0.0001362, Val Loss: 0.0001465
2025-02-26 04:20:39,100 Epoch 145/2000
2025-02-26 04:35:41,757 Current Learning Rate: 0.0001752760
2025-02-26 04:35:41,757 Train Loss: 0.0001643, Val Loss: 0.0001544
2025-02-26 04:35:41,757 Epoch 146/2000
2025-02-26 04:50:44,724 Current Learning Rate: 0.0001693441
2025-02-26 04:50:44,724 Train Loss: 0.0001328, Val Loss: 0.0001556
2025-02-26 04:50:44,725 Epoch 147/2000
2025-02-26 05:05:47,749 Current Learning Rate: 0.0001634937
2025-02-26 05:05:47,750 Train Loss: 0.0001218, Val Loss: 0.0001580
2025-02-26 05:05:47,750 Epoch 148/2000
2025-02-26 05:20:50,392 Current Learning Rate: 0.0001577264
2025-02-26 05:20:51,242 Train Loss: 0.0001057, Val Loss: 0.0001442
2025-02-26 05:20:51,242 Epoch 149/2000
2025-02-26 05:35:54,519 Current Learning Rate: 0.0001520436
2025-02-26 05:35:54,520 Train Loss: 0.0001296, Val Loss: 0.0001466
2025-02-26 05:35:54,520 Epoch 150/2000
2025-02-26 05:50:57,400 Current Learning Rate: 0.0001464466
2025-02-26 05:50:57,400 Train Loss: 0.0001403, Val Loss: 0.0001475
2025-02-26 05:50:57,400 Epoch 151/2000
2025-02-26 06:06:00,950 Current Learning Rate: 0.0001409369
2025-02-26 06:06:01,794 Train Loss: 0.0001305, Val Loss: 0.0001440
2025-02-26 06:06:01,795 Epoch 152/2000
2025-02-26 06:21:03,812 Current Learning Rate: 0.0001355157
2025-02-26 06:21:04,758 Train Loss: 0.0001285, Val Loss: 0.0001414
2025-02-26 06:21:04,758 Epoch 153/2000
2025-02-26 06:36:06,875 Current Learning Rate: 0.0001301845
2025-02-26 06:36:06,876 Train Loss: 0.0001381, Val Loss: 0.0001449
2025-02-26 06:36:06,876 Epoch 154/2000
2025-02-26 06:51:09,343 Current Learning Rate: 0.0001249445
2025-02-26 06:51:09,343 Train Loss: 0.0001238, Val Loss: 0.0001418
2025-02-26 06:51:09,344 Epoch 155/2000
2025-02-26 07:06:12,322 Current Learning Rate: 0.0001197970
2025-02-26 07:06:13,245 Train Loss: 0.0001294, Val Loss: 0.0001414
2025-02-26 07:06:13,245 Epoch 156/2000
2025-02-26 07:21:16,214 Current Learning Rate: 0.0001147434
2025-02-26 07:21:17,145 Train Loss: 0.0001394, Val Loss: 0.0001393
2025-02-26 07:21:17,146 Epoch 157/2000
2025-02-26 07:36:20,501 Current Learning Rate: 0.0001097848
2025-02-26 07:36:20,502 Train Loss: 0.0001324, Val Loss: 0.0001396
2025-02-26 07:36:20,502 Epoch 158/2000
2025-02-26 07:51:23,004 Current Learning Rate: 0.0001049225
2025-02-26 07:51:23,004 Train Loss: 0.0001241, Val Loss: 0.0001410
2025-02-26 07:51:23,004 Epoch 159/2000
2025-02-26 08:06:25,464 Current Learning Rate: 0.0001001577
2025-02-26 08:06:25,465 Train Loss: 0.0001252, Val Loss: 0.0001400
2025-02-26 08:06:25,465 Epoch 160/2000
2025-02-26 08:21:29,079 Current Learning Rate: 0.0000954915
2025-02-26 08:21:29,936 Train Loss: 0.0001419, Val Loss: 0.0001385
2025-02-26 08:21:29,936 Epoch 161/2000
2025-02-26 08:36:32,243 Current Learning Rate: 0.0000909251
2025-02-26 08:36:33,158 Train Loss: 0.0001335, Val Loss: 0.0001376
2025-02-26 08:36:33,158 Epoch 162/2000
2025-02-26 08:51:35,787 Current Learning Rate: 0.0000864597
2025-02-26 08:51:36,655 Train Loss: 0.0001353, Val Loss: 0.0001374
2025-02-26 08:51:36,655 Epoch 163/2000
2025-02-26 09:06:39,090 Current Learning Rate: 0.0000820963
2025-02-26 09:06:39,948 Train Loss: 0.0001217, Val Loss: 0.0001374
2025-02-26 09:06:39,948 Epoch 164/2000
2025-02-26 09:21:43,008 Current Learning Rate: 0.0000778360
2025-02-26 09:21:43,009 Train Loss: 0.0001269, Val Loss: 0.0001380
2025-02-26 09:21:43,010 Epoch 165/2000
2025-02-26 09:36:45,997 Current Learning Rate: 0.0000736799
2025-02-26 09:36:45,997 Train Loss: 0.0001192, Val Loss: 0.0001391
2025-02-26 09:36:45,997 Epoch 166/2000
2025-02-26 09:51:48,465 Current Learning Rate: 0.0000696290
2025-02-26 09:51:49,269 Train Loss: 0.0001330, Val Loss: 0.0001354
2025-02-26 09:51:49,269 Epoch 167/2000
2025-02-26 10:06:52,869 Current Learning Rate: 0.0000656842
2025-02-26 10:06:53,769 Train Loss: 0.0001153, Val Loss: 0.0001352
2025-02-26 10:06:53,769 Epoch 168/2000
2025-02-26 10:21:56,208 Current Learning Rate: 0.0000618467
2025-02-26 10:21:56,208 Train Loss: 0.0001294, Val Loss: 0.0001372
2025-02-26 10:21:56,209 Epoch 169/2000
2025-02-26 10:36:58,943 Current Learning Rate: 0.0000581172
2025-02-26 10:36:59,781 Train Loss: 0.0001191, Val Loss: 0.0001345
2025-02-26 10:36:59,781 Epoch 170/2000
2025-02-26 10:52:02,082 Current Learning Rate: 0.0000544967
2025-02-26 10:52:03,528 Train Loss: 0.0001146, Val Loss: 0.0001343
2025-02-26 10:52:03,529 Epoch 171/2000
2025-02-26 11:07:06,166 Current Learning Rate: 0.0000509862
2025-02-26 11:07:06,167 Train Loss: 0.0001237, Val Loss: 0.0001343
2025-02-26 11:07:06,167 Epoch 172/2000
2025-02-26 11:22:09,864 Current Learning Rate: 0.0000475865
2025-02-26 11:22:09,864 Train Loss: 0.0001171, Val Loss: 0.0001349
2025-02-26 11:22:09,865 Epoch 173/2000
2025-02-26 11:37:12,952 Current Learning Rate: 0.0000442984
2025-02-26 11:37:12,952 Train Loss: 0.0001234, Val Loss: 0.0001352
2025-02-26 11:37:12,953 Epoch 174/2000
2025-02-26 11:52:16,865 Current Learning Rate: 0.0000411227
2025-02-26 11:52:17,795 Train Loss: 0.0001172, Val Loss: 0.0001338
2025-02-26 11:52:17,795 Epoch 175/2000
2025-02-26 12:07:21,226 Current Learning Rate: 0.0000380602
2025-02-26 12:07:22,060 Train Loss: 0.0001205, Val Loss: 0.0001335
2025-02-26 12:07:22,060 Epoch 176/2000
2025-02-26 12:22:24,897 Current Learning Rate: 0.0000351118
2025-02-26 12:22:24,899 Train Loss: 0.0001470, Val Loss: 0.0001340
2025-02-26 12:22:24,899 Epoch 177/2000
2025-02-26 12:37:27,732 Current Learning Rate: 0.0000322780
2025-02-26 12:37:28,564 Train Loss: 0.0001123, Val Loss: 0.0001330
2025-02-26 12:37:28,565 Epoch 178/2000
2025-02-26 12:52:31,567 Current Learning Rate: 0.0000295596
2025-02-26 12:52:31,568 Train Loss: 0.0001130, Val Loss: 0.0001330
2025-02-26 12:52:31,568 Epoch 179/2000
2025-02-26 13:07:35,722 Current Learning Rate: 0.0000269573
2025-02-26 13:07:35,723 Train Loss: 0.0001342, Val Loss: 0.0001334
2025-02-26 13:07:35,723 Epoch 180/2000
2025-02-26 13:22:38,587 Current Learning Rate: 0.0000244717
2025-02-26 13:22:39,540 Train Loss: 0.0001320, Val Loss: 0.0001326
2025-02-26 13:22:39,545 Epoch 181/2000
2025-02-26 13:37:42,509 Current Learning Rate: 0.0000221035
2025-02-26 13:37:43,447 Train Loss: 0.0001246, Val Loss: 0.0001326
2025-02-26 13:37:43,447 Epoch 182/2000
2025-02-26 13:52:46,364 Current Learning Rate: 0.0000198532
2025-02-26 13:52:46,366 Train Loss: 0.0001256, Val Loss: 0.0001330
2025-02-26 13:52:46,366 Epoch 183/2000
2025-02-26 14:07:49,211 Current Learning Rate: 0.0000177213
2025-02-26 14:07:50,119 Train Loss: 0.0001099, Val Loss: 0.0001324
2025-02-26 14:07:50,119 Epoch 184/2000
2025-02-26 14:22:53,008 Current Learning Rate: 0.0000157084
2025-02-26 14:22:53,009 Train Loss: 0.0001182, Val Loss: 0.0001325
2025-02-26 14:22:53,010 Epoch 185/2000
2025-02-26 14:37:56,894 Current Learning Rate: 0.0000138150
2025-02-26 14:37:57,763 Train Loss: 0.0001106, Val Loss: 0.0001319
2025-02-26 14:37:57,764 Epoch 186/2000
2025-02-26 14:53:00,217 Current Learning Rate: 0.0000120416
2025-02-26 14:53:00,218 Train Loss: 0.0001201, Val Loss: 0.0001323
2025-02-26 14:53:00,219 Epoch 187/2000
2025-02-26 15:08:03,536 Current Learning Rate: 0.0000103886
2025-02-26 15:08:04,417 Train Loss: 0.0001238, Val Loss: 0.0001318
2025-02-26 15:08:04,418 Epoch 188/2000
2025-02-26 15:23:07,546 Current Learning Rate: 0.0000088564
2025-02-26 15:23:08,505 Train Loss: 0.0001243, Val Loss: 0.0001317
2025-02-26 15:23:08,505 Epoch 189/2000
2025-02-26 15:38:11,730 Current Learning Rate: 0.0000074453
2025-02-26 15:38:11,731 Train Loss: 0.0001103, Val Loss: 0.0001318
2025-02-26 15:38:11,732 Epoch 190/2000
2025-02-26 15:53:14,555 Current Learning Rate: 0.0000061558
2025-02-26 15:53:14,555 Train Loss: 0.0001181, Val Loss: 0.0001319
2025-02-26 15:53:14,556 Epoch 191/2000
2025-02-26 16:08:17,803 Current Learning Rate: 0.0000049882
2025-02-26 16:08:18,688 Train Loss: 0.0000986, Val Loss: 0.0001317
2025-02-26 16:08:18,689 Epoch 192/2000
2025-02-26 16:23:21,826 Current Learning Rate: 0.0000039426
2025-02-26 16:23:22,695 Train Loss: 0.0001135, Val Loss: 0.0001315
2025-02-26 16:23:22,695 Epoch 193/2000
2025-02-26 16:38:25,031 Current Learning Rate: 0.0000030195
2025-02-26 16:38:25,903 Train Loss: 0.0001078, Val Loss: 0.0001315
2025-02-26 16:38:25,904 Epoch 194/2000
2025-02-26 16:53:28,657 Current Learning Rate: 0.0000022190
2025-02-26 16:53:28,658 Train Loss: 0.0001342, Val Loss: 0.0001315
2025-02-26 16:53:28,658 Epoch 195/2000
2025-02-26 17:08:32,752 Current Learning Rate: 0.0000015413
2025-02-26 17:08:33,688 Train Loss: 0.0001054, Val Loss: 0.0001314
2025-02-26 17:08:33,689 Epoch 196/2000
2025-02-26 17:23:36,888 Current Learning Rate: 0.0000009866
2025-02-26 17:23:37,744 Train Loss: 0.0001050, Val Loss: 0.0001314
2025-02-26 17:23:37,744 Epoch 197/2000
2025-02-26 17:38:40,602 Current Learning Rate: 0.0000005551
2025-02-26 17:38:40,602 Train Loss: 0.0001236, Val Loss: 0.0001314
2025-02-26 17:38:40,602 Epoch 198/2000
2025-02-26 17:53:43,745 Current Learning Rate: 0.0000002467
2025-02-26 17:53:43,748 Train Loss: 0.0001136, Val Loss: 0.0001315
2025-02-26 17:53:43,748 Epoch 199/2000
2025-02-26 18:08:47,237 Current Learning Rate: 0.0000000617
2025-02-26 18:08:47,238 Train Loss: 0.0001300, Val Loss: 0.0001314
2025-02-26 18:08:47,238 Epoch 200/2000
2025-02-26 18:23:50,389 Current Learning Rate: 0.0000000000
2025-02-26 18:23:50,389 Train Loss: 0.0001223, Val Loss: 0.0001314
2025-02-26 18:23:50,389 Epoch 201/2000
2025-02-26 18:38:53,661 Current Learning Rate: 0.0000000617
2025-02-26 18:38:54,584 Train Loss: 0.0001189, Val Loss: 0.0001313
2025-02-26 18:38:54,585 Epoch 202/2000
2025-02-26 18:53:58,223 Current Learning Rate: 0.0000002467
2025-02-26 18:53:59,159 Train Loss: 0.0001218, Val Loss: 0.0001313
2025-02-26 18:53:59,159 Epoch 203/2000
2025-02-26 19:09:03,810 Current Learning Rate: 0.0000005551
2025-02-26 19:09:04,753 Train Loss: 0.0001125, Val Loss: 0.0001313
2025-02-26 19:09:04,753 Epoch 204/2000
2025-02-26 19:24:07,519 Current Learning Rate: 0.0000009866
2025-02-26 19:24:07,520 Train Loss: 0.0001168, Val Loss: 0.0001314
2025-02-26 19:24:07,520 Epoch 205/2000
2025-02-26 19:39:10,339 Current Learning Rate: 0.0000015413
2025-02-26 19:39:10,339 Train Loss: 0.0001267, Val Loss: 0.0001314
2025-02-26 19:39:10,339 Epoch 206/2000
2025-02-26 19:54:13,213 Current Learning Rate: 0.0000022190
2025-02-26 19:54:13,214 Train Loss: 0.0001077, Val Loss: 0.0001314
2025-02-26 19:54:13,214 Epoch 207/2000
2025-02-26 20:09:17,196 Current Learning Rate: 0.0000030195
2025-02-26 20:09:17,197 Train Loss: 0.0001119, Val Loss: 0.0001313
2025-02-26 20:09:17,197 Epoch 208/2000
2025-02-26 20:24:20,157 Current Learning Rate: 0.0000039426
2025-02-26 20:24:20,158 Train Loss: 0.0001094, Val Loss: 0.0001314
2025-02-26 20:24:20,158 Epoch 209/2000
2025-02-26 20:39:23,276 Current Learning Rate: 0.0000049882
2025-02-26 20:39:23,277 Train Loss: 0.0001084, Val Loss: 0.0001315
2025-02-26 20:39:23,277 Epoch 210/2000
2025-02-26 20:54:26,514 Current Learning Rate: 0.0000061558
2025-02-26 20:54:26,515 Train Loss: 0.0001076, Val Loss: 0.0001315
2025-02-26 20:54:26,515 Epoch 211/2000
2025-02-26 21:09:29,910 Current Learning Rate: 0.0000074453
2025-02-26 21:09:29,911 Train Loss: 0.0001316, Val Loss: 0.0001318
2025-02-26 21:09:29,911 Epoch 212/2000
2025-02-26 21:24:32,745 Current Learning Rate: 0.0000088564
2025-02-26 21:24:32,745 Train Loss: 0.0001302, Val Loss: 0.0001317
2025-02-26 21:24:32,746 Epoch 213/2000
2025-02-26 21:39:39,211 Current Learning Rate: 0.0000103886
2025-02-26 21:39:39,211 Train Loss: 0.0001150, Val Loss: 0.0001316
2025-02-26 21:39:39,212 Epoch 214/2000
2025-02-26 21:54:43,274 Current Learning Rate: 0.0000120416
2025-02-26 21:54:43,274 Train Loss: 0.0001056, Val Loss: 0.0001314
2025-02-26 21:54:43,275 Epoch 215/2000
2025-02-26 22:09:46,383 Current Learning Rate: 0.0000138150
2025-02-26 22:09:46,383 Train Loss: 0.0001266, Val Loss: 0.0001315
2025-02-26 22:09:46,383 Epoch 216/2000
2025-02-26 22:24:50,671 Current Learning Rate: 0.0000157084
2025-02-26 22:24:50,672 Train Loss: 0.0001133, Val Loss: 0.0001316
2025-02-26 22:24:50,672 Epoch 217/2000
2025-02-26 22:39:54,065 Current Learning Rate: 0.0000177213
2025-02-26 22:39:54,065 Train Loss: 0.0001164, Val Loss: 0.0001315
2025-02-26 22:39:54,065 Epoch 218/2000
2025-02-26 22:54:57,914 Current Learning Rate: 0.0000198532
2025-02-26 22:54:57,915 Train Loss: 0.0001242, Val Loss: 0.0001315
2025-02-26 22:54:57,916 Epoch 219/2000
2025-02-26 23:10:02,613 Current Learning Rate: 0.0000221035
2025-02-26 23:10:02,613 Train Loss: 0.0001131, Val Loss: 0.0001315
2025-02-26 23:10:02,613 Epoch 220/2000
2025-02-26 23:25:05,545 Current Learning Rate: 0.0000244717
2025-02-26 23:25:05,546 Train Loss: 0.0001155, Val Loss: 0.0001316
2025-02-26 23:25:05,546 Epoch 221/2000
2025-02-26 23:40:08,698 Current Learning Rate: 0.0000269573
2025-02-26 23:40:08,699 Train Loss: 0.0001290, Val Loss: 0.0001316
2025-02-26 23:40:08,699 Epoch 222/2000
2025-02-26 23:55:11,517 Current Learning Rate: 0.0000295596
2025-02-26 23:55:11,517 Train Loss: 0.0000971, Val Loss: 0.0001316
2025-02-26 23:55:11,518 Epoch 223/2000
2025-02-27 00:10:16,125 Current Learning Rate: 0.0000322780
2025-02-27 00:10:16,125 Train Loss: 0.0001354, Val Loss: 0.0001318
2025-02-27 00:10:16,126 Epoch 224/2000
2025-02-27 00:25:20,094 Current Learning Rate: 0.0000351118
2025-02-27 00:25:20,094 Train Loss: 0.0001217, Val Loss: 0.0001315
2025-02-27 00:25:20,094 Epoch 225/2000
2025-02-27 00:40:22,239 Current Learning Rate: 0.0000380602
2025-02-27 00:40:22,239 Train Loss: 0.0001183, Val Loss: 0.0001320
2025-02-27 00:40:22,240 Epoch 226/2000
2025-02-27 00:55:25,038 Current Learning Rate: 0.0000411227
2025-02-27 00:55:25,038 Train Loss: 0.0001081, Val Loss: 0.0001317
2025-02-27 00:55:25,039 Epoch 227/2000
2025-02-27 01:10:27,836 Current Learning Rate: 0.0000442984
2025-02-27 01:10:27,837 Train Loss: 0.0001040, Val Loss: 0.0001317
2025-02-27 01:10:27,837 Epoch 228/2000
2025-02-27 01:25:30,659 Current Learning Rate: 0.0000475865
2025-02-27 01:25:30,660 Train Loss: 0.0001060, Val Loss: 0.0001314
2025-02-27 01:25:30,660 Epoch 229/2000
2025-02-27 01:40:32,607 Current Learning Rate: 0.0000509862
2025-02-27 01:40:32,607 Train Loss: 0.0001090, Val Loss: 0.0001316
2025-02-27 01:40:32,607 Epoch 230/2000
2025-02-27 01:55:35,686 Current Learning Rate: 0.0000544967
2025-02-27 01:55:35,686 Train Loss: 0.0001090, Val Loss: 0.0001315
2025-02-27 01:55:35,686 Epoch 231/2000
2025-02-27 02:10:39,291 Current Learning Rate: 0.0000581172
2025-02-27 02:10:39,293 Train Loss: 0.0001057, Val Loss: 0.0001320
2025-02-27 02:10:39,293 Epoch 232/2000
2025-02-27 02:25:41,795 Current Learning Rate: 0.0000618467
2025-02-27 02:25:41,795 Train Loss: 0.0001204, Val Loss: 0.0001317
2025-02-27 02:25:41,796 Epoch 233/2000
2025-02-27 02:40:44,566 Current Learning Rate: 0.0000656842
2025-02-27 02:40:44,567 Train Loss: 0.0001237, Val Loss: 0.0001340
2025-02-27 02:40:44,567 Epoch 234/2000
2025-02-27 02:55:47,331 Current Learning Rate: 0.0000696290
2025-02-27 02:55:47,332 Train Loss: 0.0001249, Val Loss: 0.0001319
2025-02-27 02:55:47,332 Epoch 235/2000
2025-02-27 03:10:49,837 Current Learning Rate: 0.0000736799
2025-02-27 03:10:49,837 Train Loss: 0.0001076, Val Loss: 0.0001318
2025-02-27 03:10:49,837 Epoch 236/2000
2025-02-27 03:25:53,111 Current Learning Rate: 0.0000778360
2025-02-27 03:25:53,111 Train Loss: 0.0001014, Val Loss: 0.0001318
2025-02-27 03:25:53,112 Epoch 237/2000
2025-02-27 03:40:54,991 Current Learning Rate: 0.0000820963
2025-02-27 03:40:54,992 Train Loss: 0.0001204, Val Loss: 0.0001326
2025-02-27 03:40:54,992 Epoch 238/2000
2025-02-27 03:55:57,428 Current Learning Rate: 0.0000864597
2025-02-27 03:55:57,428 Train Loss: 0.0001292, Val Loss: 0.0001323
2025-02-27 03:55:57,428 Epoch 239/2000
2025-02-27 04:11:01,401 Current Learning Rate: 0.0000909251
2025-02-27 04:11:01,401 Train Loss: 0.0001331, Val Loss: 0.0001328
2025-02-27 04:11:01,402 Epoch 240/2000
2025-02-27 04:26:03,985 Current Learning Rate: 0.0000954915
2025-02-27 04:26:03,986 Train Loss: 0.0001264, Val Loss: 0.0001329
2025-02-27 04:26:03,986 Epoch 241/2000
2025-02-27 04:41:06,543 Current Learning Rate: 0.0001001577
2025-02-27 04:41:06,544 Train Loss: 0.0001080, Val Loss: 0.0001335
2025-02-27 04:41:06,544 Epoch 242/2000
2025-02-27 04:56:09,604 Current Learning Rate: 0.0001049225
2025-02-27 04:56:09,604 Train Loss: 0.0001296, Val Loss: 0.0001346
2025-02-27 04:56:09,605 Epoch 243/2000
2025-02-27 05:11:13,177 Current Learning Rate: 0.0001097848
2025-02-27 05:11:13,177 Train Loss: 0.0001171, Val Loss: 0.0001318
2025-02-27 05:11:13,178 Epoch 244/2000
2025-02-27 05:26:15,938 Current Learning Rate: 0.0001147434
2025-02-27 05:26:15,938 Train Loss: 0.0001198, Val Loss: 0.0001332
2025-02-27 05:26:15,938 Epoch 245/2000
2025-02-27 05:41:18,762 Current Learning Rate: 0.0001197970
2025-02-27 05:41:18,762 Train Loss: 0.0001143, Val Loss: 0.0001324
2025-02-27 05:41:18,762 Epoch 246/2000
2025-02-27 05:56:22,400 Current Learning Rate: 0.0001249445
2025-02-27 05:56:22,401 Train Loss: 0.0001046, Val Loss: 0.0001320
2025-02-27 05:56:22,401 Epoch 247/2000
2025-02-27 06:11:24,997 Current Learning Rate: 0.0001301845
2025-02-27 06:11:24,997 Train Loss: 0.0001314, Val Loss: 0.0001352
2025-02-27 06:11:24,997 Epoch 248/2000
2025-02-27 06:26:27,669 Current Learning Rate: 0.0001355157
2025-02-27 06:26:27,669 Train Loss: 0.0001103, Val Loss: 0.0001313
2025-02-27 06:26:27,670 Epoch 249/2000
2025-02-27 06:41:30,258 Current Learning Rate: 0.0001409369
2025-02-27 06:41:30,258 Train Loss: 0.0001403, Val Loss: 0.0001331
2025-02-27 06:41:30,258 Epoch 250/2000
2025-02-27 06:56:33,068 Current Learning Rate: 0.0001464466
2025-02-27 06:56:33,068 Train Loss: 0.0001261, Val Loss: 0.0001333
2025-02-27 06:56:33,068 Epoch 251/2000
2025-02-27 07:11:35,732 Current Learning Rate: 0.0001520436
2025-02-27 07:11:36,584 Train Loss: 0.0001162, Val Loss: 0.0001312
2025-02-27 07:11:36,584 Epoch 252/2000
2025-02-27 07:26:39,694 Current Learning Rate: 0.0001577264
2025-02-27 07:26:39,695 Train Loss: 0.0001201, Val Loss: 0.0001348
2025-02-27 07:26:39,695 Epoch 253/2000
2025-02-27 07:41:42,037 Current Learning Rate: 0.0001634937
2025-02-27 07:41:42,038 Train Loss: 0.0001229, Val Loss: 0.0001329
2025-02-27 07:41:42,038 Epoch 254/2000
2025-02-27 07:56:44,790 Current Learning Rate: 0.0001693441
2025-02-27 07:56:44,791 Train Loss: 0.0001422, Val Loss: 0.0001334
2025-02-27 07:56:44,791 Epoch 255/2000
2025-02-27 08:11:47,741 Current Learning Rate: 0.0001752760
2025-02-27 08:11:47,742 Train Loss: 0.0001174, Val Loss: 0.0001365
2025-02-27 08:11:47,742 Epoch 256/2000
2025-02-27 08:26:50,235 Current Learning Rate: 0.0001812880
2025-02-27 08:26:50,235 Train Loss: 0.0001229, Val Loss: 0.0001323
2025-02-27 08:26:50,236 Epoch 257/2000
2025-02-27 08:41:54,224 Current Learning Rate: 0.0001873787
2025-02-27 08:41:54,225 Train Loss: 0.0001053, Val Loss: 0.0001316
2025-02-27 08:41:54,225 Epoch 258/2000
2025-02-27 08:56:57,018 Current Learning Rate: 0.0001935465
2025-02-27 08:56:57,019 Train Loss: 0.0001139, Val Loss: 0.0001333
2025-02-27 08:56:57,019 Epoch 259/2000
2025-02-27 09:12:00,829 Current Learning Rate: 0.0001997899
2025-02-27 09:12:00,829 Train Loss: 0.0001159, Val Loss: 0.0001313
2025-02-27 09:12:00,830 Epoch 260/2000
2025-02-27 09:27:03,550 Current Learning Rate: 0.0002061074
2025-02-27 09:27:03,551 Train Loss: 0.0001287, Val Loss: 0.0001317
2025-02-27 09:27:03,551 Epoch 261/2000
2025-02-27 09:42:06,571 Current Learning Rate: 0.0002124974
2025-02-27 09:42:06,571 Train Loss: 0.0001176, Val Loss: 0.0001314
2025-02-27 09:42:06,571 Epoch 262/2000
2025-02-27 09:57:09,324 Current Learning Rate: 0.0002189583
2025-02-27 09:57:09,324 Train Loss: 0.0001262, Val Loss: 0.0001407
2025-02-27 09:57:09,324 Epoch 263/2000
2025-02-27 10:12:11,736 Current Learning Rate: 0.0002254886
2025-02-27 10:12:11,737 Train Loss: 0.0001265, Val Loss: 0.0001454
2025-02-27 10:12:11,737 Epoch 264/2000
2025-02-27 10:27:15,267 Current Learning Rate: 0.0002320866
2025-02-27 10:27:15,267 Train Loss: 0.0001205, Val Loss: 0.0001345
2025-02-27 10:27:15,267 Epoch 265/2000
2025-02-27 10:42:18,336 Current Learning Rate: 0.0002387507
2025-02-27 10:42:18,337 Train Loss: 0.0001247, Val Loss: 0.0001421
2025-02-27 10:42:18,337 Epoch 266/2000
2025-02-27 10:57:21,156 Current Learning Rate: 0.0002454793
2025-02-27 10:57:21,157 Train Loss: 0.0001377, Val Loss: 0.0001345
2025-02-27 10:57:21,157 Epoch 267/2000
2025-02-27 11:12:24,034 Current Learning Rate: 0.0002522707
2025-02-27 11:12:24,034 Train Loss: 0.0001154, Val Loss: 0.0001381
2025-02-27 11:12:24,034 Epoch 268/2000
2025-02-27 11:27:27,369 Current Learning Rate: 0.0002591232
2025-02-27 11:27:27,369 Train Loss: 0.0001191, Val Loss: 0.0001387
2025-02-27 11:27:27,369 Epoch 269/2000
2025-02-27 11:42:30,882 Current Learning Rate: 0.0002660351
2025-02-27 11:42:30,882 Train Loss: 0.0001209, Val Loss: 0.0001334
2025-02-27 11:42:30,883 Epoch 270/2000
2025-02-27 11:57:34,284 Current Learning Rate: 0.0002730048
2025-02-27 11:57:34,284 Train Loss: 0.0001306, Val Loss: 0.0001322
2025-02-27 11:57:34,284 Epoch 271/2000
2025-02-27 12:12:37,587 Current Learning Rate: 0.0002800304
2025-02-27 12:12:37,588 Train Loss: 0.0001657, Val Loss: 0.0001433
2025-02-27 12:12:37,588 Epoch 272/2000
2025-02-27 12:27:40,782 Current Learning Rate: 0.0002871104
2025-02-27 12:27:40,782 Train Loss: 0.0001331, Val Loss: 0.0001353
2025-02-27 12:27:40,783 Epoch 273/2000
2025-02-27 12:42:44,280 Current Learning Rate: 0.0002942428
2025-02-27 12:42:44,281 Train Loss: 0.0001476, Val Loss: 0.0001604
2025-02-27 12:42:44,281 Epoch 274/2000
2025-02-27 12:57:47,501 Current Learning Rate: 0.0003014261
2025-02-27 12:57:47,502 Train Loss: 0.0001318, Val Loss: 0.0001415
2025-02-27 12:57:47,502 Epoch 275/2000
2025-02-27 13:12:50,147 Current Learning Rate: 0.0003086583
2025-02-27 13:12:50,147 Train Loss: 0.0001140, Val Loss: 0.0001337
2025-02-27 13:12:50,147 Epoch 276/2000
2025-02-27 13:27:52,779 Current Learning Rate: 0.0003159377
2025-02-27 13:27:52,779 Train Loss: 0.0001510, Val Loss: 0.0001521
2025-02-27 13:27:52,779 Epoch 277/2000
2025-02-27 13:42:56,794 Current Learning Rate: 0.0003232626
2025-02-27 13:42:56,795 Train Loss: 0.0001491, Val Loss: 0.0001541
2025-02-27 13:42:56,795 Epoch 278/2000
2025-02-27 13:58:00,228 Current Learning Rate: 0.0003306310
2025-02-27 13:58:00,229 Train Loss: 0.0001157, Val Loss: 0.0001385
2025-02-27 13:58:00,229 Epoch 279/2000
2025-02-27 14:13:03,161 Current Learning Rate: 0.0003380413
2025-02-27 14:13:03,161 Train Loss: 0.0001222, Val Loss: 0.0001423
2025-02-27 14:13:03,161 Epoch 280/2000
2025-02-27 14:28:07,171 Current Learning Rate: 0.0003454915
2025-02-27 14:28:07,171 Train Loss: 0.0001196, Val Loss: 0.0001387
2025-02-27 14:28:07,171 Epoch 281/2000
2025-02-27 14:43:11,403 Current Learning Rate: 0.0003529798
2025-02-27 14:43:11,403 Train Loss: 0.0001595, Val Loss: 0.0001399
2025-02-27 14:43:11,403 Epoch 282/2000
2025-02-27 14:58:14,979 Current Learning Rate: 0.0003605044
2025-02-27 14:58:14,980 Train Loss: 0.0001215, Val Loss: 0.0001348
2025-02-27 14:58:14,980 Epoch 283/2000
2025-02-27 15:13:18,084 Current Learning Rate: 0.0003680635
2025-02-27 15:13:18,085 Train Loss: 0.0001353, Val Loss: 0.0001416
2025-02-27 15:13:18,085 Epoch 284/2000
2025-02-27 15:28:21,999 Current Learning Rate: 0.0003756551
2025-02-27 15:28:21,999 Train Loss: 0.0001235, Val Loss: 0.0001543
2025-02-27 15:28:22,000 Epoch 285/2000
2025-02-27 15:43:25,003 Current Learning Rate: 0.0003832773
2025-02-27 15:43:25,003 Train Loss: 0.0001204, Val Loss: 0.0001522
2025-02-27 15:43:25,003 Epoch 286/2000
2025-02-27 15:58:28,628 Current Learning Rate: 0.0003909284
2025-02-27 15:58:28,629 Train Loss: 0.0001570, Val Loss: 0.0001703
2025-02-27 15:58:28,629 Epoch 287/2000
2025-02-27 16:13:32,044 Current Learning Rate: 0.0003986064
2025-02-27 16:13:32,045 Train Loss: 0.0001267, Val Loss: 0.0001384
2025-02-27 16:13:32,045 Epoch 288/2000
2025-02-27 16:28:35,531 Current Learning Rate: 0.0004063093
2025-02-27 16:28:35,532 Train Loss: 0.0001498, Val Loss: 0.0001506
2025-02-27 16:28:35,532 Epoch 289/2000
2025-02-27 16:43:39,376 Current Learning Rate: 0.0004140354
2025-02-27 16:43:39,376 Train Loss: 0.0001196, Val Loss: 0.0001419
2025-02-27 16:43:39,376 Epoch 290/2000
2025-02-27 16:58:42,664 Current Learning Rate: 0.0004217828
2025-02-27 16:58:42,664 Train Loss: 0.0001333, Val Loss: 0.0001425
2025-02-27 16:58:42,665 Epoch 291/2000
2025-02-27 17:13:47,253 Current Learning Rate: 0.0004295494
2025-02-27 17:13:47,253 Train Loss: 0.0001548, Val Loss: 0.0001493
2025-02-27 17:13:47,254 Epoch 292/2000
2025-02-27 17:28:50,101 Current Learning Rate: 0.0004373334
2025-02-27 17:28:50,102 Train Loss: 0.0001495, Val Loss: 0.0001432
2025-02-27 17:28:50,102 Epoch 293/2000
2025-02-27 17:43:53,258 Current Learning Rate: 0.0004451328
2025-02-27 17:43:53,258 Train Loss: 0.0001432, Val Loss: 0.0001589
2025-02-27 17:43:53,259 Epoch 294/2000
2025-02-27 17:58:56,742 Current Learning Rate: 0.0004529458
2025-02-27 17:58:56,743 Train Loss: 0.0001250, Val Loss: 0.0001421
2025-02-27 17:58:56,743 Epoch 295/2000
2025-02-27 18:14:00,023 Current Learning Rate: 0.0004607705
2025-02-27 18:14:00,023 Train Loss: 0.0001608, Val Loss: 0.0001542
2025-02-27 18:14:00,024 Epoch 296/2000
2025-02-27 18:29:03,394 Current Learning Rate: 0.0004686047
2025-02-27 18:29:03,394 Train Loss: 0.0001463, Val Loss: 0.0001644
2025-02-27 18:29:03,397 Epoch 297/2000
2025-02-27 18:44:06,864 Current Learning Rate: 0.0004764468
2025-02-27 18:44:06,865 Train Loss: 0.0001613, Val Loss: 0.0001482
2025-02-27 18:44:06,865 Epoch 298/2000
2025-02-27 18:59:09,949 Current Learning Rate: 0.0004842946
2025-02-27 18:59:09,950 Train Loss: 0.0001474, Val Loss: 0.0001603
2025-02-27 18:59:09,950 Epoch 299/2000
2025-02-27 19:14:12,955 Current Learning Rate: 0.0004921463
2025-02-27 19:14:12,956 Train Loss: 0.0001619, Val Loss: 0.0001543
2025-02-27 19:14:12,956 Epoch 300/2000
2025-02-27 19:29:15,939 Current Learning Rate: 0.0005000000
2025-02-27 19:29:15,939 Train Loss: 0.0001659, Val Loss: 0.0001737
2025-02-27 19:29:15,940 Epoch 301/2000
2025-02-27 19:44:20,023 Current Learning Rate: 0.0005078537
2025-02-27 19:44:20,023 Train Loss: 0.0001540, Val Loss: 0.0001577
2025-02-27 19:44:20,024 Epoch 302/2000
2025-02-27 19:59:24,439 Current Learning Rate: 0.0005157054
2025-02-27 19:59:24,440 Train Loss: 0.0001767, Val Loss: 0.0001527
2025-02-27 19:59:24,440 Epoch 303/2000
2025-02-27 20:14:27,866 Current Learning Rate: 0.0005235532
2025-02-27 20:14:27,867 Train Loss: 0.0001547, Val Loss: 0.0001607
2025-02-27 20:14:27,867 Epoch 304/2000
2025-02-27 20:29:31,234 Current Learning Rate: 0.0005313953
2025-02-27 20:29:31,234 Train Loss: 0.0001848, Val Loss: 0.0001495
2025-02-27 20:29:31,235 Epoch 305/2000
2025-02-27 20:44:34,292 Current Learning Rate: 0.0005392295
2025-02-27 20:44:34,293 Train Loss: 0.0001771, Val Loss: 0.0001666
2025-02-27 20:44:34,293 Epoch 306/2000
2025-03-01 21:01:11,136 Added key: store_based_barrier_key:1 to store for rank: 0
2025-03-01 21:01:54,517 Loading best model from checkpoint.
2025-03-01 21:01:59,587 Error loading model checkpoint during testing: CUDA out of memory. Tried to allocate 12.50 GiB (GPU 0; 39.59 GiB total capacity; 18.45 GiB already allocated; 1.41 GiB free; 36.28 GiB reserved in total by PyTorch)
2025-03-01 21:02:21,017 Added key: store_based_barrier_key:1 to store for rank: 0
2025-03-01 21:03:04,677 Loading best model from checkpoint.
2025-03-01 21:06:55,192 Testing completed and best model saved.
