2025-02-24 16:22:15,927 Added key: store_based_barrier_key:1 to store for rank: 1
2025-02-24 16:22:15,977 Added key: store_based_barrier_key:1 to store for rank: 0
2025-02-24 16:22:15,995 Added key: store_based_barrier_key:1 to store for rank: 4
2025-02-24 16:22:16,018 Added key: store_based_barrier_key:1 to store for rank: 2
2025-02-24 16:22:16,022 Added key: store_based_barrier_key:1 to store for rank: 3
2025-02-24 16:22:16,024 Added key: store_based_barrier_key:1 to store for rank: 5
2025-02-24 16:23:27,380 Epoch 1/2000
2025-02-24 16:28:31,405 Current Learning Rate: 0.0099993832
2025-02-24 16:28:31,456 Train Loss: 0.0219006, Val Loss: 0.0069225
2025-02-24 16:28:31,456 Epoch 2/2000
2025-02-24 16:33:36,817 Current Learning Rate: 0.0099975328
2025-02-24 16:33:36,881 Train Loss: 0.0042377, Val Loss: 0.0033775
2025-02-24 16:33:36,882 Epoch 3/2000
2025-02-24 16:38:43,548 Current Learning Rate: 0.0099944494
2025-02-24 16:38:43,610 Train Loss: 0.0031064, Val Loss: 0.0031769
2025-02-24 16:38:43,610 Epoch 4/2000
2025-02-24 16:43:49,679 Current Learning Rate: 0.0099901336
2025-02-24 16:43:49,742 Train Loss: 0.0029768, Val Loss: 0.0029244
2025-02-24 16:43:49,742 Epoch 5/2000
2025-02-24 16:48:54,921 Current Learning Rate: 0.0099845867
2025-02-24 16:48:54,987 Train Loss: 0.0025615, Val Loss: 0.0026449
2025-02-24 16:48:54,987 Epoch 6/2000
2025-02-24 16:54:00,340 Current Learning Rate: 0.0099778098
2025-02-24 16:54:00,340 Train Loss: 0.0029487, Val Loss: 0.0028431
2025-02-24 16:54:00,340 Epoch 7/2000
2025-02-24 16:59:06,510 Current Learning Rate: 0.0099698048
2025-02-24 16:59:06,605 Train Loss: 0.0024534, Val Loss: 0.0024732
2025-02-24 16:59:06,605 Epoch 8/2000
2025-02-24 17:04:12,383 Current Learning Rate: 0.0099605735
2025-02-24 17:04:12,452 Train Loss: 0.0022332, Val Loss: 0.0024169
2025-02-24 17:04:12,453 Epoch 9/2000
2025-02-24 17:09:16,682 Current Learning Rate: 0.0099501183
2025-02-24 17:09:16,735 Train Loss: 0.0021389, Val Loss: 0.0022395
2025-02-24 17:09:16,735 Epoch 10/2000
2025-02-24 17:14:22,023 Current Learning Rate: 0.0099384417
2025-02-24 17:14:22,076 Train Loss: 0.0020420, Val Loss: 0.0021020
2025-02-24 17:14:22,077 Epoch 11/2000
2025-02-24 17:19:27,032 Current Learning Rate: 0.0099255466
2025-02-24 17:19:27,097 Train Loss: 0.0019862, Val Loss: 0.0020404
2025-02-24 17:19:27,098 Epoch 12/2000
2025-02-24 17:24:33,108 Current Learning Rate: 0.0099114363
2025-02-24 17:24:33,175 Train Loss: 0.0019081, Val Loss: 0.0019160
2025-02-24 17:24:33,175 Epoch 13/2000
2025-02-24 17:29:37,865 Current Learning Rate: 0.0098961141
2025-02-24 17:29:37,866 Train Loss: 0.0019024, Val Loss: 0.0019181
2025-02-24 17:29:37,866 Epoch 14/2000
2025-02-24 17:35:04,316 Current Learning Rate: 0.0098795838
2025-02-24 17:35:04,380 Train Loss: 0.0017997, Val Loss: 0.0018444
2025-02-24 17:35:04,380 Epoch 15/2000
2025-02-24 17:40:14,138 Current Learning Rate: 0.0098618496
2025-02-24 17:40:14,191 Train Loss: 0.0017440, Val Loss: 0.0017538
2025-02-24 17:40:14,191 Epoch 16/2000
2025-02-24 17:48:38,847 Current Learning Rate: 0.0098429158
2025-02-24 17:48:38,922 Train Loss: 0.0017036, Val Loss: 0.0017417
2025-02-24 17:48:38,922 Epoch 17/2000
2025-02-24 17:54:03,310 Current Learning Rate: 0.0098227871
2025-02-24 17:54:05,065 Train Loss: 0.0016424, Val Loss: 0.0016729
2025-02-24 17:54:05,065 Epoch 18/2000
2025-02-24 18:02:43,758 Current Learning Rate: 0.0098014684
2025-02-24 18:02:43,759 Train Loss: 0.0016250, Val Loss: 0.0016796
2025-02-24 18:02:43,759 Epoch 19/2000
2025-02-24 18:07:47,848 Current Learning Rate: 0.0097789651
2025-02-24 18:07:47,906 Train Loss: 0.0015522, Val Loss: 0.0016468
2025-02-24 18:07:47,907 Epoch 20/2000
2025-02-24 18:16:12,209 Current Learning Rate: 0.0097552826
2025-02-24 18:16:12,279 Train Loss: 0.0015154, Val Loss: 0.0015886
2025-02-24 18:16:12,279 Epoch 21/2000
2025-02-24 18:22:02,868 Current Learning Rate: 0.0097304268
2025-02-24 18:22:04,457 Train Loss: 0.0014773, Val Loss: 0.0015820
2025-02-24 18:22:04,458 Epoch 22/2000
2025-02-24 18:27:08,130 Current Learning Rate: 0.0097044038
2025-02-24 18:27:08,194 Train Loss: 0.0015940, Val Loss: 0.0015402
2025-02-24 18:27:08,195 Epoch 23/2000
2025-02-24 18:32:12,372 Current Learning Rate: 0.0096772202
2025-02-24 18:32:12,429 Train Loss: 0.0014236, Val Loss: 0.0015194
2025-02-24 18:32:12,430 Epoch 24/2000
2025-02-24 18:37:17,027 Current Learning Rate: 0.0096488824
2025-02-24 18:37:17,084 Train Loss: 0.0013903, Val Loss: 0.0014901
2025-02-24 18:37:17,084 Epoch 25/2000
2025-02-24 18:42:22,253 Current Learning Rate: 0.0096193977
2025-02-24 18:42:22,317 Train Loss: 0.0013663, Val Loss: 0.0014732
2025-02-24 18:42:22,317 Epoch 26/2000
2025-02-24 18:47:27,293 Current Learning Rate: 0.0095887731
2025-02-24 18:47:27,350 Train Loss: 0.0013755, Val Loss: 0.0014309
2025-02-24 18:47:27,350 Epoch 27/2000
2025-02-24 18:52:32,339 Current Learning Rate: 0.0095570164
2025-02-24 18:52:32,397 Train Loss: 0.0013176, Val Loss: 0.0014165
2025-02-24 18:52:32,397 Epoch 28/2000
2025-02-24 18:57:37,834 Current Learning Rate: 0.0095241353
2025-02-24 18:57:37,834 Train Loss: 0.0012976, Val Loss: 0.0014497
2025-02-24 18:57:37,834 Epoch 29/2000
2025-02-24 19:02:42,443 Current Learning Rate: 0.0094901379
2025-02-24 19:02:42,526 Train Loss: 0.0012757, Val Loss: 0.0013847
2025-02-24 19:02:42,526 Epoch 30/2000
2025-02-24 19:07:47,968 Current Learning Rate: 0.0094550326
2025-02-24 19:07:48,026 Train Loss: 0.0012505, Val Loss: 0.0013743
2025-02-24 19:07:48,027 Epoch 31/2000
2025-02-24 19:12:54,107 Current Learning Rate: 0.0094188282
2025-02-24 19:12:54,107 Train Loss: 0.0013141, Val Loss: 0.0014200
2025-02-24 19:12:54,107 Epoch 32/2000
2025-02-24 19:17:59,312 Current Learning Rate: 0.0093815334
2025-02-24 19:17:59,367 Train Loss: 0.0012207, Val Loss: 0.0013702
2025-02-24 19:17:59,367 Epoch 33/2000
2025-02-24 19:23:04,648 Current Learning Rate: 0.0093431576
2025-02-24 19:23:04,946 Train Loss: 0.0011929, Val Loss: 0.0013128
2025-02-24 19:23:04,946 Epoch 34/2000
2025-02-24 19:28:10,025 Current Learning Rate: 0.0093037101
2025-02-24 19:28:10,089 Train Loss: 0.0011704, Val Loss: 0.0013056
2025-02-24 19:28:10,089 Epoch 35/2000
2025-02-24 19:33:15,221 Current Learning Rate: 0.0092632008
2025-02-24 19:33:15,281 Train Loss: 0.0011569, Val Loss: 0.0012951
2025-02-24 19:33:15,281 Epoch 36/2000
2025-02-24 19:38:19,566 Current Learning Rate: 0.0092216396
2025-02-24 19:38:19,630 Train Loss: 0.0011477, Val Loss: 0.0012914
2025-02-24 19:38:19,630 Epoch 37/2000
2025-02-24 19:43:24,128 Current Learning Rate: 0.0091790368
2025-02-24 19:43:24,128 Train Loss: 0.0011395, Val Loss: 0.0013517
2025-02-24 19:43:24,128 Epoch 38/2000
2025-02-24 19:48:30,455 Current Learning Rate: 0.0091354029
2025-02-24 19:48:30,515 Train Loss: 0.0012095, Val Loss: 0.0012652
2025-02-24 19:48:30,515 Epoch 39/2000
2025-02-24 19:53:36,857 Current Learning Rate: 0.0090907486
2025-02-24 19:53:36,923 Train Loss: 0.0011026, Val Loss: 0.0012358
2025-02-24 19:53:36,923 Epoch 40/2000
2025-02-24 19:58:42,682 Current Learning Rate: 0.0090450850
2025-02-24 19:58:42,760 Train Loss: 0.0010813, Val Loss: 0.0012147
2025-02-24 19:58:42,760 Epoch 41/2000
2025-02-24 20:03:48,201 Current Learning Rate: 0.0089984233
2025-02-24 20:03:48,261 Train Loss: 0.0010622, Val Loss: 0.0012036
2025-02-24 20:03:48,261 Epoch 42/2000
2025-02-24 20:08:55,087 Current Learning Rate: 0.0089507751
2025-02-24 20:08:55,158 Train Loss: 0.0010497, Val Loss: 0.0011976
2025-02-24 20:08:55,158 Epoch 43/2000
2025-02-24 20:14:00,130 Current Learning Rate: 0.0089021520
2025-02-24 20:14:00,193 Train Loss: 0.0010410, Val Loss: 0.0011912
2025-02-24 20:14:00,194 Epoch 44/2000
2025-02-24 20:19:04,952 Current Learning Rate: 0.0088525662
2025-02-24 20:19:04,953 Train Loss: 0.0010625, Val Loss: 0.0012223
2025-02-24 20:19:04,953 Epoch 45/2000
2025-02-24 20:24:10,736 Current Learning Rate: 0.0088020298
2025-02-24 20:24:10,809 Train Loss: 0.0010263, Val Loss: 0.0011601
2025-02-24 20:24:10,811 Epoch 46/2000
2025-02-24 20:29:16,557 Current Learning Rate: 0.0087505553
2025-02-24 20:29:16,626 Train Loss: 0.0010138, Val Loss: 0.0011454
2025-02-24 20:29:16,627 Epoch 47/2000
2025-02-24 20:34:22,847 Current Learning Rate: 0.0086981555
2025-02-24 20:34:22,847 Train Loss: 0.0010530, Val Loss: 0.0011727
2025-02-24 20:34:22,847 Epoch 48/2000
2025-02-24 20:39:29,260 Current Learning Rate: 0.0086448431
2025-02-24 20:39:29,319 Train Loss: 0.0010026, Val Loss: 0.0011379
2025-02-24 20:39:29,319 Epoch 49/2000
2025-02-24 20:44:35,284 Current Learning Rate: 0.0085906315
2025-02-24 20:44:35,364 Train Loss: 0.0009755, Val Loss: 0.0011105
2025-02-24 20:44:35,364 Epoch 50/2000
2025-02-24 20:49:40,594 Current Learning Rate: 0.0085355339
2025-02-24 20:49:40,654 Train Loss: 0.0009610, Val Loss: 0.0010918
2025-02-24 20:49:40,655 Epoch 51/2000
2025-02-24 20:54:45,550 Current Learning Rate: 0.0084795640
2025-02-24 20:54:45,614 Train Loss: 0.0009483, Val Loss: 0.0010876
2025-02-24 20:54:45,615 Epoch 52/2000
2025-02-24 20:59:50,848 Current Learning Rate: 0.0084227355
2025-02-24 20:59:50,903 Train Loss: 0.0009375, Val Loss: 0.0010803
2025-02-24 20:59:50,903 Epoch 53/2000
2025-02-24 21:04:55,869 Current Learning Rate: 0.0083650626
2025-02-24 21:04:55,943 Train Loss: 0.0009282, Val Loss: 0.0010775
2025-02-24 21:04:55,943 Epoch 54/2000
2025-02-24 21:10:00,999 Current Learning Rate: 0.0083065593
2025-02-24 21:10:01,058 Train Loss: 0.0009249, Val Loss: 0.0010669
2025-02-24 21:10:01,058 Epoch 55/2000
2025-02-24 21:15:06,237 Current Learning Rate: 0.0082472402
2025-02-24 21:15:06,238 Train Loss: 0.0009233, Val Loss: 0.0010795
2025-02-24 21:15:06,238 Epoch 56/2000
2025-02-24 21:20:11,958 Current Learning Rate: 0.0081871199
2025-02-24 21:20:12,021 Train Loss: 0.0009207, Val Loss: 0.0010579
2025-02-24 21:20:12,021 Epoch 57/2000
2025-02-24 21:25:18,260 Current Learning Rate: 0.0081262133
2025-02-24 21:25:18,261 Train Loss: 0.0009505, Val Loss: 0.0010594
2025-02-24 21:25:18,261 Epoch 58/2000
2025-02-24 21:30:23,943 Current Learning Rate: 0.0080645353
2025-02-24 21:30:23,998 Train Loss: 0.0009072, Val Loss: 0.0010465
2025-02-24 21:30:23,998 Epoch 59/2000
2025-02-24 21:35:29,306 Current Learning Rate: 0.0080021011
2025-02-24 21:35:29,363 Train Loss: 0.0008878, Val Loss: 0.0010366
2025-02-24 21:35:29,364 Epoch 60/2000
2025-02-24 21:40:34,606 Current Learning Rate: 0.0079389263
2025-02-24 21:40:34,658 Train Loss: 0.0008695, Val Loss: 0.0010209
2025-02-24 21:40:34,659 Epoch 61/2000
2025-02-24 21:45:39,990 Current Learning Rate: 0.0078750263
2025-02-24 21:45:40,048 Train Loss: 0.0008593, Val Loss: 0.0010130
2025-02-24 21:45:40,048 Epoch 62/2000
2025-02-24 21:50:45,728 Current Learning Rate: 0.0078104169
2025-02-24 21:50:45,811 Train Loss: 0.0008533, Val Loss: 0.0010058
2025-02-24 21:50:45,811 Epoch 63/2000
2025-02-24 21:55:51,182 Current Learning Rate: 0.0077451141
2025-02-24 21:55:51,234 Train Loss: 0.0008512, Val Loss: 0.0010009
2025-02-24 21:55:51,235 Epoch 64/2000
2025-02-24 22:00:57,012 Current Learning Rate: 0.0076791340
2025-02-24 22:00:57,012 Train Loss: 0.0008796, Val Loss: 0.0013906
2025-02-24 22:00:57,013 Epoch 65/2000
2025-02-24 22:06:01,851 Current Learning Rate: 0.0076124928
2025-02-24 22:06:01,852 Train Loss: 0.0008711, Val Loss: 0.0010037
2025-02-24 22:06:01,852 Epoch 66/2000
2025-02-24 22:11:07,167 Current Learning Rate: 0.0075452071
2025-02-24 22:11:07,167 Train Loss: 0.0008401, Val Loss: 0.0010026
2025-02-24 22:11:07,167 Epoch 67/2000
2025-02-24 22:16:11,746 Current Learning Rate: 0.0074772933
2025-02-24 22:16:11,804 Train Loss: 0.0008362, Val Loss: 0.0009964
2025-02-24 22:16:11,805 Epoch 68/2000
2025-02-24 22:21:15,801 Current Learning Rate: 0.0074087684
2025-02-24 22:21:15,866 Train Loss: 0.0008307, Val Loss: 0.0009897
2025-02-24 22:21:15,867 Epoch 69/2000
2025-02-24 22:26:19,957 Current Learning Rate: 0.0073396491
2025-02-24 22:26:20,008 Train Loss: 0.0008219, Val Loss: 0.0009823
2025-02-24 22:26:20,008 Epoch 70/2000
2025-02-24 22:31:24,979 Current Learning Rate: 0.0072699525
2025-02-24 22:31:25,041 Train Loss: 0.0008071, Val Loss: 0.0009654
2025-02-24 22:31:25,042 Epoch 71/2000
2025-02-24 22:36:29,659 Current Learning Rate: 0.0071996958
2025-02-24 22:36:29,715 Train Loss: 0.0007985, Val Loss: 0.0009583
2025-02-24 22:36:29,716 Epoch 72/2000
2025-02-24 22:41:34,923 Current Learning Rate: 0.0071288965
2025-02-24 22:41:34,982 Train Loss: 0.0007928, Val Loss: 0.0009536
2025-02-24 22:41:34,982 Epoch 73/2000
2025-02-24 22:46:39,952 Current Learning Rate: 0.0070575718
2025-02-24 22:46:40,006 Train Loss: 0.0007888, Val Loss: 0.0009536
2025-02-24 22:46:40,007 Epoch 74/2000
2025-02-24 22:51:45,399 Current Learning Rate: 0.0069857395
2025-02-24 22:51:45,399 Train Loss: 0.0007892, Val Loss: 0.0009659
2025-02-24 22:51:45,400 Epoch 75/2000
2025-02-24 22:56:50,287 Current Learning Rate: 0.0069134172
2025-02-24 22:56:50,339 Train Loss: 0.0007879, Val Loss: 0.0009508
2025-02-24 22:56:50,339 Epoch 76/2000
2025-02-24 23:01:55,173 Current Learning Rate: 0.0068406228
2025-02-24 23:01:55,174 Train Loss: 0.0007834, Val Loss: 0.0009604
2025-02-24 23:01:55,174 Epoch 77/2000
2025-02-24 23:06:59,862 Current Learning Rate: 0.0067673742
2025-02-24 23:06:59,862 Train Loss: 0.0008116, Val Loss: 0.0010532
2025-02-24 23:06:59,863 Epoch 78/2000
2025-02-24 23:12:04,739 Current Learning Rate: 0.0066936896
2025-02-24 23:12:04,808 Train Loss: 0.0008011, Val Loss: 0.0009420
2025-02-24 23:12:04,808 Epoch 79/2000
2025-02-24 23:17:10,210 Current Learning Rate: 0.0066195871
2025-02-24 23:17:10,270 Train Loss: 0.0007750, Val Loss: 0.0009363
2025-02-24 23:17:10,270 Epoch 80/2000
2025-02-24 23:22:14,993 Current Learning Rate: 0.0065450850
2025-02-24 23:22:15,052 Train Loss: 0.0007616, Val Loss: 0.0009246
2025-02-24 23:22:15,052 Epoch 81/2000
2025-02-24 23:27:19,983 Current Learning Rate: 0.0064702016
2025-02-24 23:27:20,050 Train Loss: 0.0007488, Val Loss: 0.0009083
2025-02-24 23:27:20,050 Epoch 82/2000
2025-02-24 23:32:25,371 Current Learning Rate: 0.0063949555
2025-02-24 23:32:25,428 Train Loss: 0.0007423, Val Loss: 0.0009001
2025-02-24 23:32:25,428 Epoch 83/2000
2025-02-24 23:37:29,943 Current Learning Rate: 0.0063193652
2025-02-24 23:37:30,092 Train Loss: 0.0007379, Val Loss: 0.0008931
2025-02-24 23:37:30,092 Epoch 84/2000
2025-02-24 23:42:34,864 Current Learning Rate: 0.0062434494
2025-02-24 23:42:34,864 Train Loss: 0.0007346, Val Loss: 0.0008947
2025-02-24 23:42:34,864 Epoch 85/2000
2025-02-24 23:47:39,851 Current Learning Rate: 0.0061672268
2025-02-24 23:47:39,852 Train Loss: 0.0007349, Val Loss: 0.0008986
2025-02-24 23:47:39,852 Epoch 86/2000
2025-02-24 23:52:45,004 Current Learning Rate: 0.0060907162
2025-02-24 23:52:45,005 Train Loss: 0.0007334, Val Loss: 0.0009059
2025-02-24 23:52:45,005 Epoch 87/2000
2025-02-24 23:57:50,461 Current Learning Rate: 0.0060139365
2025-02-24 23:57:50,461 Train Loss: 0.0007310, Val Loss: 0.0009001
2025-02-24 23:57:50,462 Epoch 88/2000
2025-02-25 00:02:55,672 Current Learning Rate: 0.0059369066
2025-02-25 00:02:55,727 Train Loss: 0.0007323, Val Loss: 0.0008906
2025-02-25 00:02:55,728 Epoch 89/2000
2025-02-25 00:08:02,220 Current Learning Rate: 0.0058596455
2025-02-25 00:08:02,221 Train Loss: 0.0007313, Val Loss: 0.0008926
2025-02-25 00:08:02,221 Epoch 90/2000
2025-02-25 00:13:07,458 Current Learning Rate: 0.0057821723
2025-02-25 00:13:07,525 Train Loss: 0.0007255, Val Loss: 0.0008833
2025-02-25 00:13:07,526 Epoch 91/2000
2025-02-25 00:18:12,456 Current Learning Rate: 0.0057045062
2025-02-25 00:18:12,631 Train Loss: 0.0007171, Val Loss: 0.0008724
2025-02-25 00:18:12,631 Epoch 92/2000
2025-02-25 00:23:17,285 Current Learning Rate: 0.0056266662
2025-02-25 00:23:17,285 Train Loss: 0.0007076, Val Loss: 0.0008813
2025-02-25 00:23:17,285 Epoch 93/2000
2025-02-25 00:28:22,060 Current Learning Rate: 0.0055486716
2025-02-25 00:28:22,117 Train Loss: 0.0007008, Val Loss: 0.0008616
2025-02-25 00:28:22,117 Epoch 94/2000
2025-02-25 00:33:28,113 Current Learning Rate: 0.0054705416
2025-02-25 00:33:28,176 Train Loss: 0.0006961, Val Loss: 0.0008613
2025-02-25 00:33:28,176 Epoch 95/2000
2025-02-25 00:38:33,709 Current Learning Rate: 0.0053922955
2025-02-25 00:38:33,709 Train Loss: 0.0006937, Val Loss: 0.0008745
2025-02-25 00:38:33,710 Epoch 96/2000
2025-02-25 00:43:39,902 Current Learning Rate: 0.0053139526
2025-02-25 00:43:39,960 Train Loss: 0.0006931, Val Loss: 0.0008569
2025-02-25 00:43:39,961 Epoch 97/2000
2025-02-25 00:48:46,015 Current Learning Rate: 0.0052355323
2025-02-25 00:48:46,083 Train Loss: 0.0006933, Val Loss: 0.0008546
2025-02-25 00:48:46,083 Epoch 98/2000
2025-02-25 00:53:51,171 Current Learning Rate: 0.0051570538
2025-02-25 00:53:51,228 Train Loss: 0.0006960, Val Loss: 0.0008536
2025-02-25 00:53:51,228 Epoch 99/2000
2025-02-25 00:58:56,321 Current Learning Rate: 0.0050785366
2025-02-25 00:58:56,386 Train Loss: 0.0006997, Val Loss: 0.0008528
2025-02-25 00:58:56,386 Epoch 100/2000
2025-02-25 01:04:02,596 Current Learning Rate: 0.0050000000
2025-02-25 01:04:06,262 Train Loss: 0.0006968, Val Loss: 0.0008492
2025-02-25 01:04:06,263 Epoch 101/2000
2025-02-25 01:09:11,120 Current Learning Rate: 0.0049214634
2025-02-25 01:09:11,184 Train Loss: 0.0006866, Val Loss: 0.0008345
2025-02-25 01:09:11,184 Epoch 102/2000
2025-02-25 01:14:16,655 Current Learning Rate: 0.0048429462
2025-02-25 01:14:16,711 Train Loss: 0.0006751, Val Loss: 0.0008283
2025-02-25 01:14:16,711 Epoch 103/2000
2025-02-25 01:19:21,843 Current Learning Rate: 0.0047644677
2025-02-25 01:19:21,913 Train Loss: 0.0006671, Val Loss: 0.0008256
2025-02-25 01:19:21,913 Epoch 104/2000
2025-02-25 01:24:27,706 Current Learning Rate: 0.0046860474
2025-02-25 01:24:27,706 Train Loss: 0.0006623, Val Loss: 0.0008259
2025-02-25 01:24:27,707 Epoch 105/2000
2025-02-25 01:29:34,154 Current Learning Rate: 0.0046077045
2025-02-25 01:29:34,154 Train Loss: 0.0006592, Val Loss: 0.0008260
2025-02-25 01:29:34,155 Epoch 106/2000
2025-02-25 01:34:40,839 Current Learning Rate: 0.0045294584
2025-02-25 01:34:40,916 Train Loss: 0.0006568, Val Loss: 0.0008223
2025-02-25 01:34:40,916 Epoch 107/2000
2025-02-25 01:39:47,618 Current Learning Rate: 0.0044513284
2025-02-25 01:39:47,619 Train Loss: 0.0006570, Val Loss: 0.0008245
2025-02-25 01:39:47,619 Epoch 108/2000
2025-02-25 01:44:53,702 Current Learning Rate: 0.0043733338
2025-02-25 01:44:53,765 Train Loss: 0.0006581, Val Loss: 0.0008159
2025-02-25 01:44:53,765 Epoch 109/2000
2025-02-25 01:49:59,724 Current Learning Rate: 0.0042954938
2025-02-25 01:49:59,725 Train Loss: 0.0006584, Val Loss: 0.0008177
2025-02-25 01:49:59,725 Epoch 110/2000
2025-02-25 01:55:06,315 Current Learning Rate: 0.0042178277
2025-02-25 01:55:06,372 Train Loss: 0.0006586, Val Loss: 0.0008147
2025-02-25 01:55:06,372 Epoch 111/2000
2025-02-25 02:00:11,633 Current Learning Rate: 0.0041403545
2025-02-25 02:00:11,690 Train Loss: 0.0006572, Val Loss: 0.0008100
2025-02-25 02:00:11,690 Epoch 112/2000
2025-02-25 02:05:17,119 Current Learning Rate: 0.0040630934
2025-02-25 02:05:17,337 Train Loss: 0.0006538, Val Loss: 0.0008048
2025-02-25 02:05:17,338 Epoch 113/2000
2025-02-25 02:10:23,422 Current Learning Rate: 0.0039860635
2025-02-25 02:10:23,494 Train Loss: 0.0006486, Val Loss: 0.0007998
2025-02-25 02:10:23,494 Epoch 114/2000
2025-02-25 02:15:29,413 Current Learning Rate: 0.0039092838
2025-02-25 02:15:29,473 Train Loss: 0.0006426, Val Loss: 0.0007954
2025-02-25 02:15:29,473 Epoch 115/2000
2025-02-25 02:20:35,524 Current Learning Rate: 0.0038327732
2025-02-25 02:20:35,583 Train Loss: 0.0006375, Val Loss: 0.0007939
2025-02-25 02:20:35,584 Epoch 116/2000
2025-02-25 02:25:41,221 Current Learning Rate: 0.0037565506
2025-02-25 02:25:41,287 Train Loss: 0.0006333, Val Loss: 0.0007926
2025-02-25 02:25:41,288 Epoch 117/2000
2025-02-25 02:30:47,220 Current Learning Rate: 0.0036806348
2025-02-25 02:30:47,281 Train Loss: 0.0006304, Val Loss: 0.0007906
2025-02-25 02:30:47,281 Epoch 118/2000
2025-02-25 02:35:52,689 Current Learning Rate: 0.0036050445
2025-02-25 02:35:52,761 Train Loss: 0.0006285, Val Loss: 0.0007860
2025-02-25 02:35:52,761 Epoch 119/2000
2025-02-25 02:40:58,776 Current Learning Rate: 0.0035297984
2025-02-25 02:40:58,907 Train Loss: 0.0006283, Val Loss: 0.0007851
2025-02-25 02:40:58,907 Epoch 120/2000
2025-02-25 02:46:03,769 Current Learning Rate: 0.0034549150
2025-02-25 02:46:04,243 Train Loss: 0.0006296, Val Loss: 0.0007841
2025-02-25 02:46:04,244 Epoch 121/2000
2025-02-25 02:51:09,203 Current Learning Rate: 0.0033804129
2025-02-25 02:51:09,203 Train Loss: 0.0006329, Val Loss: 0.0007877
2025-02-25 02:51:09,203 Epoch 122/2000
2025-02-25 02:56:14,848 Current Learning Rate: 0.0033063104
2025-02-25 02:56:14,916 Train Loss: 0.0006340, Val Loss: 0.0007840
2025-02-25 02:56:14,916 Epoch 123/2000
2025-02-25 03:01:20,488 Current Learning Rate: 0.0032326258
2025-02-25 03:01:20,543 Train Loss: 0.0006272, Val Loss: 0.0007773
2025-02-25 03:01:20,543 Epoch 124/2000
2025-02-25 03:06:24,894 Current Learning Rate: 0.0031593772
2025-02-25 03:06:24,956 Train Loss: 0.0006200, Val Loss: 0.0007725
2025-02-25 03:06:24,956 Epoch 125/2000
2025-02-25 03:11:30,295 Current Learning Rate: 0.0030865828
2025-02-25 03:11:30,355 Train Loss: 0.0006140, Val Loss: 0.0007692
2025-02-25 03:11:30,355 Epoch 126/2000
2025-02-25 03:16:35,863 Current Learning Rate: 0.0030142605
2025-02-25 03:16:35,927 Train Loss: 0.0006099, Val Loss: 0.0007660
2025-02-25 03:16:35,928 Epoch 127/2000
2025-02-25 03:21:41,776 Current Learning Rate: 0.0029424282
2025-02-25 03:21:41,864 Train Loss: 0.0006068, Val Loss: 0.0007634
2025-02-25 03:21:41,864 Epoch 128/2000
2025-02-25 03:26:47,454 Current Learning Rate: 0.0028711035
2025-02-25 03:26:47,511 Train Loss: 0.0006044, Val Loss: 0.0007612
2025-02-25 03:26:47,512 Epoch 129/2000
2025-02-25 03:31:52,479 Current Learning Rate: 0.0028003042
2025-02-25 03:31:52,536 Train Loss: 0.0006026, Val Loss: 0.0007600
2025-02-25 03:31:52,537 Epoch 130/2000
2025-02-25 03:36:57,834 Current Learning Rate: 0.0027300475
2025-02-25 03:36:57,925 Train Loss: 0.0006018, Val Loss: 0.0007597
2025-02-25 03:36:57,925 Epoch 131/2000
2025-02-25 03:42:03,366 Current Learning Rate: 0.0026603509
2025-02-25 03:42:04,128 Train Loss: 0.0006029, Val Loss: 0.0007589
2025-02-25 03:42:04,129 Epoch 132/2000
2025-02-25 03:47:10,508 Current Learning Rate: 0.0025912316
2025-02-25 03:47:10,508 Train Loss: 0.0006039, Val Loss: 0.0007650
2025-02-25 03:47:10,509 Epoch 133/2000
2025-02-25 03:52:16,200 Current Learning Rate: 0.0025227067
2025-02-25 03:52:16,201 Train Loss: 0.0006044, Val Loss: 0.0007670
2025-02-25 03:52:16,201 Epoch 134/2000
2025-02-25 03:57:22,534 Current Learning Rate: 0.0024547929
2025-02-25 03:57:22,535 Train Loss: 0.0006022, Val Loss: 0.0007629
2025-02-25 03:57:22,535 Epoch 135/2000
2025-02-25 04:02:27,775 Current Learning Rate: 0.0023875072
2025-02-25 04:02:27,776 Train Loss: 0.0005988, Val Loss: 0.0007603
2025-02-25 04:02:27,776 Epoch 136/2000
2025-02-25 04:07:32,398 Current Learning Rate: 0.0023208660
2025-02-25 04:07:32,456 Train Loss: 0.0005954, Val Loss: 0.0007573
2025-02-25 04:07:32,456 Epoch 137/2000
2025-02-25 04:12:37,505 Current Learning Rate: 0.0022548859
2025-02-25 04:12:37,569 Train Loss: 0.0005925, Val Loss: 0.0007539
2025-02-25 04:12:37,569 Epoch 138/2000
2025-02-25 04:17:42,476 Current Learning Rate: 0.0021895831
2025-02-25 04:17:42,629 Train Loss: 0.0005900, Val Loss: 0.0007516
2025-02-25 04:17:42,629 Epoch 139/2000
2025-02-25 04:22:47,845 Current Learning Rate: 0.0021249737
2025-02-25 04:22:47,900 Train Loss: 0.0005881, Val Loss: 0.0007513
2025-02-25 04:22:47,900 Epoch 140/2000
2025-02-25 04:27:53,453 Current Learning Rate: 0.0020610737
2025-02-25 04:27:53,454 Train Loss: 0.0005869, Val Loss: 0.0007524
2025-02-25 04:27:53,454 Epoch 141/2000
2025-02-25 04:32:59,701 Current Learning Rate: 0.0019978989
2025-02-25 04:32:59,752 Train Loss: 0.0005865, Val Loss: 0.0007481
2025-02-25 04:32:59,752 Epoch 142/2000
2025-02-25 04:38:05,052 Current Learning Rate: 0.0019354647
2025-02-25 04:38:05,107 Train Loss: 0.0005871, Val Loss: 0.0007451
2025-02-25 04:38:05,108 Epoch 143/2000
2025-02-25 04:43:09,652 Current Learning Rate: 0.0018737867
2025-02-25 04:43:09,723 Train Loss: 0.0005856, Val Loss: 0.0007448
2025-02-25 04:43:09,723 Epoch 144/2000
2025-02-25 04:48:14,548 Current Learning Rate: 0.0018128801
2025-02-25 04:48:14,602 Train Loss: 0.0005828, Val Loss: 0.0007436
2025-02-25 04:48:14,602 Epoch 145/2000
2025-02-25 04:53:19,267 Current Learning Rate: 0.0017527598
2025-02-25 04:53:19,321 Train Loss: 0.0005801, Val Loss: 0.0007411
2025-02-25 04:53:19,322 Epoch 146/2000
2025-02-25 04:58:24,489 Current Learning Rate: 0.0016934407
2025-02-25 04:58:24,545 Train Loss: 0.0005777, Val Loss: 0.0007388
2025-02-25 04:58:24,545 Epoch 147/2000
2025-02-25 05:03:28,439 Current Learning Rate: 0.0016349374
2025-02-25 05:03:28,498 Train Loss: 0.0005756, Val Loss: 0.0007366
2025-02-25 05:03:28,498 Epoch 148/2000
2025-02-25 05:08:33,781 Current Learning Rate: 0.0015772645
2025-02-25 05:08:33,848 Train Loss: 0.0005740, Val Loss: 0.0007345
2025-02-25 05:08:33,848 Epoch 149/2000
2025-02-25 05:13:38,582 Current Learning Rate: 0.0015204360
2025-02-25 05:13:38,638 Train Loss: 0.0005728, Val Loss: 0.0007327
2025-02-25 05:13:38,638 Epoch 150/2000
2025-02-25 05:18:44,455 Current Learning Rate: 0.0014644661
2025-02-25 05:18:44,512 Train Loss: 0.0005720, Val Loss: 0.0007310
2025-02-25 05:18:44,512 Epoch 151/2000
2025-02-25 05:23:50,728 Current Learning Rate: 0.0014093685
2025-02-25 05:23:50,805 Train Loss: 0.0005714, Val Loss: 0.0007283
2025-02-25 05:23:50,806 Epoch 152/2000
2025-02-25 05:28:56,722 Current Learning Rate: 0.0013551569
2025-02-25 05:28:56,787 Train Loss: 0.0005705, Val Loss: 0.0007264
2025-02-25 05:28:56,787 Epoch 153/2000
2025-02-25 05:34:02,031 Current Learning Rate: 0.0013018445
2025-02-25 05:34:02,109 Train Loss: 0.0005689, Val Loss: 0.0007241
2025-02-25 05:34:02,109 Epoch 154/2000
2025-02-25 05:39:07,470 Current Learning Rate: 0.0012494447
2025-02-25 05:39:07,530 Train Loss: 0.0005672, Val Loss: 0.0007218
2025-02-25 05:39:07,531 Epoch 155/2000
2025-02-25 05:44:14,395 Current Learning Rate: 0.0011979702
2025-02-25 05:44:14,460 Train Loss: 0.0005657, Val Loss: 0.0007204
2025-02-25 05:44:14,460 Epoch 156/2000
2025-02-25 05:49:19,666 Current Learning Rate: 0.0011474338
2025-02-25 05:49:19,724 Train Loss: 0.0005643, Val Loss: 0.0007199
2025-02-25 05:49:19,724 Epoch 157/2000
2025-02-25 05:54:25,831 Current Learning Rate: 0.0010978480
2025-02-25 05:54:25,891 Train Loss: 0.0005630, Val Loss: 0.0007197
2025-02-25 05:54:25,891 Epoch 158/2000
2025-02-25 05:59:30,649 Current Learning Rate: 0.0010492249
2025-02-25 05:59:30,706 Train Loss: 0.0005617, Val Loss: 0.0007186
2025-02-25 05:59:30,707 Epoch 159/2000
2025-02-25 06:04:35,043 Current Learning Rate: 0.0010015767
2025-02-25 06:04:35,100 Train Loss: 0.0005604, Val Loss: 0.0007177
2025-02-25 06:04:35,100 Epoch 160/2000
2025-02-25 06:09:39,945 Current Learning Rate: 0.0009549150
2025-02-25 06:09:40,007 Train Loss: 0.0005592, Val Loss: 0.0007171
2025-02-25 06:09:40,007 Epoch 161/2000
2025-02-25 06:14:44,757 Current Learning Rate: 0.0009092514
2025-02-25 06:14:44,812 Train Loss: 0.0005581, Val Loss: 0.0007164
2025-02-25 06:14:44,813 Epoch 162/2000
2025-02-25 06:19:49,165 Current Learning Rate: 0.0008645971
2025-02-25 06:19:49,230 Train Loss: 0.0005570, Val Loss: 0.0007158
2025-02-25 06:19:49,230 Epoch 163/2000
2025-02-25 06:24:54,323 Current Learning Rate: 0.0008209632
2025-02-25 06:24:54,386 Train Loss: 0.0005561, Val Loss: 0.0007147
2025-02-25 06:24:54,387 Epoch 164/2000
2025-02-25 06:30:00,982 Current Learning Rate: 0.0007783604
2025-02-25 06:30:01,039 Train Loss: 0.0005551, Val Loss: 0.0007130
2025-02-25 06:30:01,039 Epoch 165/2000
2025-02-25 06:35:06,679 Current Learning Rate: 0.0007367992
2025-02-25 06:35:06,749 Train Loss: 0.0005540, Val Loss: 0.0007105
2025-02-25 06:35:06,749 Epoch 166/2000
2025-02-25 06:40:12,089 Current Learning Rate: 0.0006962899
2025-02-25 06:40:12,149 Train Loss: 0.0005529, Val Loss: 0.0007085
2025-02-25 06:40:12,150 Epoch 167/2000
2025-02-25 06:45:18,481 Current Learning Rate: 0.0006568424
2025-02-25 06:45:18,552 Train Loss: 0.0005518, Val Loss: 0.0007069
2025-02-25 06:45:18,553 Epoch 168/2000
2025-02-25 06:50:24,337 Current Learning Rate: 0.0006184666
2025-02-25 06:50:24,392 Train Loss: 0.0005508, Val Loss: 0.0007055
2025-02-25 06:50:24,393 Epoch 169/2000
2025-02-25 06:55:29,783 Current Learning Rate: 0.0005811718
2025-02-25 06:55:29,850 Train Loss: 0.0005499, Val Loss: 0.0007043
2025-02-25 06:55:29,850 Epoch 170/2000
2025-02-25 07:00:35,993 Current Learning Rate: 0.0005449674
2025-02-25 07:00:36,050 Train Loss: 0.0005490, Val Loss: 0.0007037
2025-02-25 07:00:36,051 Epoch 171/2000
2025-02-25 07:05:41,739 Current Learning Rate: 0.0005098621
2025-02-25 07:05:41,799 Train Loss: 0.0005482, Val Loss: 0.0007032
2025-02-25 07:05:41,799 Epoch 172/2000
2025-02-25 07:10:47,510 Current Learning Rate: 0.0004758647
2025-02-25 07:10:47,567 Train Loss: 0.0005473, Val Loss: 0.0007025
2025-02-25 07:10:47,567 Epoch 173/2000
2025-02-25 07:15:53,007 Current Learning Rate: 0.0004429836
2025-02-25 07:15:53,081 Train Loss: 0.0005465, Val Loss: 0.0007012
2025-02-25 07:15:53,081 Epoch 174/2000
2025-02-25 07:20:58,411 Current Learning Rate: 0.0004112269
2025-02-25 07:20:58,464 Train Loss: 0.0005457, Val Loss: 0.0006999
2025-02-25 07:20:58,464 Epoch 175/2000
2025-02-25 07:26:03,259 Current Learning Rate: 0.0003806023
2025-02-25 07:26:03,316 Train Loss: 0.0005449, Val Loss: 0.0006990
2025-02-25 07:26:03,317 Epoch 176/2000
2025-02-25 07:31:08,177 Current Learning Rate: 0.0003511176
2025-02-25 07:31:08,231 Train Loss: 0.0005442, Val Loss: 0.0006983
2025-02-25 07:31:08,231 Epoch 177/2000
2025-02-25 07:36:12,810 Current Learning Rate: 0.0003227798
2025-02-25 07:36:12,870 Train Loss: 0.0005435, Val Loss: 0.0006978
2025-02-25 07:36:12,870 Epoch 178/2000
2025-02-25 07:41:17,367 Current Learning Rate: 0.0002955962
2025-02-25 07:41:17,426 Train Loss: 0.0005429, Val Loss: 0.0006973
2025-02-25 07:41:17,427 Epoch 179/2000
2025-02-25 07:46:22,463 Current Learning Rate: 0.0002695732
2025-02-25 07:46:22,523 Train Loss: 0.0005423, Val Loss: 0.0006968
2025-02-25 07:46:22,523 Epoch 180/2000
2025-02-25 07:51:26,827 Current Learning Rate: 0.0002447174
2025-02-25 07:51:26,883 Train Loss: 0.0005417, Val Loss: 0.0006964
2025-02-25 07:51:26,883 Epoch 181/2000
2025-02-25 07:56:31,691 Current Learning Rate: 0.0002210349
2025-02-25 07:56:31,750 Train Loss: 0.0005411, Val Loss: 0.0006960
2025-02-25 07:56:31,750 Epoch 182/2000
2025-02-25 08:01:37,124 Current Learning Rate: 0.0001985316
2025-02-25 08:01:37,182 Train Loss: 0.0005406, Val Loss: 0.0006958
2025-02-25 08:01:37,183 Epoch 183/2000
2025-02-25 08:06:41,537 Current Learning Rate: 0.0001772129
2025-02-25 08:06:41,594 Train Loss: 0.0005401, Val Loss: 0.0006956
2025-02-25 08:06:41,594 Epoch 184/2000
2025-02-25 08:11:46,492 Current Learning Rate: 0.0001570842
2025-02-25 08:11:46,551 Train Loss: 0.0005397, Val Loss: 0.0006952
2025-02-25 08:11:46,551 Epoch 185/2000
2025-02-25 08:16:51,662 Current Learning Rate: 0.0001381504
2025-02-25 08:16:51,722 Train Loss: 0.0005392, Val Loss: 0.0006947
2025-02-25 08:16:51,722 Epoch 186/2000
2025-02-25 08:21:57,333 Current Learning Rate: 0.0001204162
2025-02-25 08:21:57,413 Train Loss: 0.0005388, Val Loss: 0.0006943
2025-02-25 08:21:57,413 Epoch 187/2000
2025-02-25 08:27:02,948 Current Learning Rate: 0.0001038859
2025-02-25 08:27:03,009 Train Loss: 0.0005384, Val Loss: 0.0006942
2025-02-25 08:27:03,009 Epoch 188/2000
2025-02-25 08:32:08,815 Current Learning Rate: 0.0000885637
2025-02-25 08:32:08,815 Train Loss: 0.0005380, Val Loss: 0.0006943
2025-02-25 08:32:08,816 Epoch 189/2000
2025-02-25 08:37:14,825 Current Learning Rate: 0.0000744534
2025-02-25 08:37:14,896 Train Loss: 0.0005377, Val Loss: 0.0006941
2025-02-25 08:37:14,896 Epoch 190/2000
2025-02-25 08:42:20,675 Current Learning Rate: 0.0000615583
2025-02-25 08:42:20,739 Train Loss: 0.0005374, Val Loss: 0.0006937
2025-02-25 08:42:20,739 Epoch 191/2000
2025-02-25 08:47:25,262 Current Learning Rate: 0.0000498817
2025-02-25 08:47:25,324 Train Loss: 0.0005371, Val Loss: 0.0006932
2025-02-25 08:47:25,325 Epoch 192/2000
2025-02-25 08:52:30,429 Current Learning Rate: 0.0000394265
2025-02-25 08:52:30,491 Train Loss: 0.0005369, Val Loss: 0.0006928
2025-02-25 08:52:30,491 Epoch 193/2000
2025-02-25 08:57:35,196 Current Learning Rate: 0.0000301952
2025-02-25 08:57:35,258 Train Loss: 0.0005367, Val Loss: 0.0006925
2025-02-25 08:57:35,258 Epoch 194/2000
2025-02-25 09:02:39,965 Current Learning Rate: 0.0000221902
2025-02-25 09:02:40,021 Train Loss: 0.0005365, Val Loss: 0.0006923
2025-02-25 09:02:40,021 Epoch 195/2000
2025-02-25 09:07:44,508 Current Learning Rate: 0.0000154133
2025-02-25 09:07:44,566 Train Loss: 0.0005363, Val Loss: 0.0006921
2025-02-25 09:07:44,566 Epoch 196/2000
2025-02-25 09:12:49,743 Current Learning Rate: 0.0000098664
2025-02-25 09:12:49,798 Train Loss: 0.0005361, Val Loss: 0.0006920
2025-02-25 09:12:49,798 Epoch 197/2000
2025-02-25 09:17:54,664 Current Learning Rate: 0.0000055506
2025-02-25 09:17:54,725 Train Loss: 0.0005360, Val Loss: 0.0006919
2025-02-25 09:17:54,726 Epoch 198/2000
2025-02-25 09:22:59,659 Current Learning Rate: 0.0000024672
2025-02-25 09:22:59,719 Train Loss: 0.0005359, Val Loss: 0.0006919
2025-02-25 09:22:59,719 Epoch 199/2000
2025-02-25 09:28:04,930 Current Learning Rate: 0.0000006168
2025-02-25 09:28:04,991 Train Loss: 0.0005358, Val Loss: 0.0006918
2025-02-25 09:28:04,991 Epoch 200/2000
2025-02-25 09:33:11,531 Current Learning Rate: 0.0000000000
2025-02-25 09:33:11,594 Train Loss: 0.0005358, Val Loss: 0.0006918
2025-02-25 09:33:11,594 Epoch 201/2000
2025-02-25 09:41:44,975 Current Learning Rate: 0.0000006168
2025-02-25 09:41:44,975 Train Loss: 0.0005357, Val Loss: 0.0006918
2025-02-25 09:41:44,976 Epoch 202/2000
2025-02-25 09:48:01,168 Current Learning Rate: 0.0000024672
2025-02-25 09:48:01,238 Train Loss: 0.0005357, Val Loss: 0.0006917
2025-02-25 09:48:01,238 Epoch 203/2000
2025-02-25 09:53:29,042 Current Learning Rate: 0.0000055506
2025-02-25 09:53:29,043 Train Loss: 0.0005358, Val Loss: 0.0006918
2025-02-25 09:53:29,043 Epoch 204/2000
2025-02-25 10:02:47,841 Current Learning Rate: 0.0000098664
2025-02-25 10:02:47,842 Train Loss: 0.0005359, Val Loss: 0.0006918
2025-02-25 10:02:47,842 Epoch 205/2000
2025-02-25 10:12:02,839 Current Learning Rate: 0.0000154133
2025-02-25 10:12:02,839 Train Loss: 0.0005359, Val Loss: 0.0006919
2025-02-25 10:12:02,840 Epoch 206/2000
2025-02-25 10:22:13,938 Current Learning Rate: 0.0000221902
2025-02-25 10:22:13,939 Train Loss: 0.0005360, Val Loss: 0.0006920
2025-02-25 10:22:13,939 Epoch 207/2000
2025-02-25 10:29:22,721 Current Learning Rate: 0.0000301952
2025-02-25 10:29:22,721 Train Loss: 0.0005361, Val Loss: 0.0006921
2025-02-25 10:29:22,721 Epoch 208/2000
2025-02-25 10:39:26,862 Current Learning Rate: 0.0000394265
2025-02-25 10:39:26,863 Train Loss: 0.0005362, Val Loss: 0.0006922
2025-02-25 10:39:26,863 Epoch 209/2000
2025-02-25 10:49:42,338 Current Learning Rate: 0.0000498817
2025-02-25 10:49:42,338 Train Loss: 0.0005363, Val Loss: 0.0006923
2025-02-25 10:49:42,339 Epoch 210/2000
2025-02-25 11:00:03,401 Current Learning Rate: 0.0000615583
2025-02-25 11:00:03,401 Train Loss: 0.0005365, Val Loss: 0.0006925
2025-02-25 11:00:03,401 Epoch 211/2000
2025-02-25 11:10:19,520 Current Learning Rate: 0.0000744534
2025-02-25 11:10:19,521 Train Loss: 0.0005366, Val Loss: 0.0006929
2025-02-25 11:10:19,521 Epoch 212/2000
2025-02-25 11:20:35,681 Current Learning Rate: 0.0000885637
2025-02-25 11:20:35,681 Train Loss: 0.0005367, Val Loss: 0.0006932
2025-02-25 11:20:35,682 Epoch 213/2000
2025-02-25 11:30:49,725 Current Learning Rate: 0.0001038859
2025-02-25 11:30:49,726 Train Loss: 0.0005368, Val Loss: 0.0006933
2025-02-25 11:30:49,726 Epoch 214/2000
2025-02-25 11:40:55,549 Current Learning Rate: 0.0001204162
2025-02-25 11:40:55,550 Train Loss: 0.0005369, Val Loss: 0.0006932
2025-02-25 11:40:55,550 Epoch 215/2000
2025-02-25 11:50:59,950 Current Learning Rate: 0.0001381504
2025-02-25 11:50:59,951 Train Loss: 0.0005371, Val Loss: 0.0006930
2025-02-25 11:50:59,951 Epoch 216/2000
2025-02-25 12:00:57,045 Current Learning Rate: 0.0001570842
2025-02-25 12:00:57,045 Train Loss: 0.0005372, Val Loss: 0.0006930
2025-02-25 12:00:57,045 Epoch 217/2000
2025-02-25 12:11:00,822 Current Learning Rate: 0.0001772129
2025-02-25 12:11:00,823 Train Loss: 0.0005373, Val Loss: 0.0006932
2025-02-25 12:11:00,823 Epoch 218/2000
2025-02-25 12:21:13,979 Current Learning Rate: 0.0001985316
2025-02-25 12:21:13,979 Train Loss: 0.0005374, Val Loss: 0.0006933
2025-02-25 12:21:13,980 Epoch 219/2000
2025-02-25 12:31:04,962 Current Learning Rate: 0.0002210349
2025-02-25 12:31:04,962 Train Loss: 0.0005375, Val Loss: 0.0006933
2025-02-25 12:31:04,962 Epoch 220/2000
2025-02-25 12:41:04,361 Current Learning Rate: 0.0002447174
2025-02-25 12:41:04,361 Train Loss: 0.0005376, Val Loss: 0.0006932
2025-02-25 12:41:04,362 Epoch 221/2000
2025-02-25 12:51:14,675 Current Learning Rate: 0.0002695732
2025-02-25 12:51:14,675 Train Loss: 0.0005377, Val Loss: 0.0006932
2025-02-25 12:51:14,675 Epoch 222/2000
2025-02-25 13:01:11,064 Current Learning Rate: 0.0002955962
2025-02-25 13:01:11,065 Train Loss: 0.0005378, Val Loss: 0.0006933
2025-02-25 13:01:11,065 Epoch 223/2000
2025-02-25 13:11:02,817 Current Learning Rate: 0.0003227798
2025-02-25 13:11:02,817 Train Loss: 0.0005379, Val Loss: 0.0006934
2025-02-25 13:11:02,818 Epoch 224/2000
2025-02-25 13:21:10,493 Current Learning Rate: 0.0003511176
2025-02-25 13:21:10,493 Train Loss: 0.0005379, Val Loss: 0.0006933
2025-02-25 13:21:10,494 Epoch 225/2000
2025-02-25 13:31:15,852 Current Learning Rate: 0.0003806023
2025-02-25 13:31:15,853 Train Loss: 0.0005380, Val Loss: 0.0006933
2025-02-25 13:31:15,853 Epoch 226/2000
2025-02-25 13:41:24,109 Current Learning Rate: 0.0004112269
2025-02-25 13:41:24,110 Train Loss: 0.0005381, Val Loss: 0.0006933
2025-02-25 13:41:24,110 Epoch 227/2000
2025-02-25 13:51:31,384 Current Learning Rate: 0.0004429836
2025-02-25 13:51:31,384 Train Loss: 0.0005382, Val Loss: 0.0006935
2025-02-25 13:51:31,385 Epoch 228/2000
2025-02-25 14:01:17,015 Current Learning Rate: 0.0004758647
2025-02-25 14:01:17,015 Train Loss: 0.0005382, Val Loss: 0.0006936
2025-02-25 14:01:17,015 Epoch 229/2000
2025-02-25 14:11:18,696 Current Learning Rate: 0.0005098621
2025-02-25 14:11:18,696 Train Loss: 0.0005383, Val Loss: 0.0006938
2025-02-25 14:11:18,696 Epoch 230/2000
2025-02-25 14:21:07,584 Current Learning Rate: 0.0005449674
2025-02-25 14:21:07,584 Train Loss: 0.0005384, Val Loss: 0.0006941
2025-02-25 14:21:07,584 Epoch 231/2000
2025-02-25 14:31:01,121 Current Learning Rate: 0.0005811718
2025-02-25 14:31:01,121 Train Loss: 0.0005384, Val Loss: 0.0006943
2025-02-25 14:31:01,122 Epoch 232/2000
2025-02-25 14:40:57,577 Current Learning Rate: 0.0006184666
2025-02-25 14:40:57,577 Train Loss: 0.0005385, Val Loss: 0.0006945
2025-02-25 14:40:57,578 Epoch 233/2000
2025-02-25 14:50:57,873 Current Learning Rate: 0.0006568424
2025-02-25 14:50:57,874 Train Loss: 0.0005386, Val Loss: 0.0006946
2025-02-25 14:50:57,874 Epoch 234/2000
2025-02-25 15:00:59,902 Current Learning Rate: 0.0006962899
2025-02-25 15:00:59,903 Train Loss: 0.0005386, Val Loss: 0.0006947
2025-02-25 15:00:59,903 Epoch 235/2000
2025-02-25 15:11:01,763 Current Learning Rate: 0.0007367992
2025-02-25 15:11:01,764 Train Loss: 0.0005386, Val Loss: 0.0006946
2025-02-25 15:11:01,764 Epoch 236/2000
2025-02-25 15:21:00,561 Current Learning Rate: 0.0007783604
2025-02-25 15:21:00,562 Train Loss: 0.0005387, Val Loss: 0.0006945
2025-02-25 15:21:00,562 Epoch 237/2000
2025-02-25 15:30:59,138 Current Learning Rate: 0.0008209632
2025-02-25 15:30:59,139 Train Loss: 0.0005387, Val Loss: 0.0006944
2025-02-25 15:30:59,139 Epoch 238/2000
2025-02-25 15:40:36,090 Current Learning Rate: 0.0008645971
2025-02-25 15:40:36,091 Train Loss: 0.0005388, Val Loss: 0.0006944
2025-02-25 15:40:36,091 Epoch 239/2000
2025-02-25 15:50:36,246 Current Learning Rate: 0.0009092514
2025-02-25 15:50:36,246 Train Loss: 0.0005388, Val Loss: 0.0006946
2025-02-25 15:50:36,246 Epoch 240/2000
2025-02-25 16:00:08,769 Current Learning Rate: 0.0009549150
2025-02-25 16:00:08,771 Train Loss: 0.0005388, Val Loss: 0.0006948
2025-02-25 16:00:08,772 Epoch 241/2000
2025-02-25 16:10:16,178 Current Learning Rate: 0.0010015767
2025-02-25 16:10:16,179 Train Loss: 0.0005388, Val Loss: 0.0006949
2025-02-25 16:10:16,179 Epoch 242/2000
2025-02-25 16:20:28,495 Current Learning Rate: 0.0010492249
2025-02-25 16:20:28,495 Train Loss: 0.0005388, Val Loss: 0.0006949
2025-02-25 16:20:28,495 Epoch 243/2000
2025-02-25 16:30:33,644 Current Learning Rate: 0.0010978480
2025-02-25 16:30:33,645 Train Loss: 0.0005389, Val Loss: 0.0006948
2025-02-25 16:30:33,645 Epoch 244/2000
2025-02-25 16:40:29,615 Current Learning Rate: 0.0011474338
2025-02-25 16:40:29,615 Train Loss: 0.0005389, Val Loss: 0.0006950
2025-02-25 16:40:29,616 Epoch 245/2000
2025-02-25 16:50:28,551 Current Learning Rate: 0.0011979702
2025-02-25 16:50:28,552 Train Loss: 0.0005389, Val Loss: 0.0006947
2025-02-25 16:50:28,552 Epoch 246/2000
2025-02-25 17:00:07,080 Current Learning Rate: 0.0012494447
2025-02-25 17:00:07,081 Train Loss: 0.0005389, Val Loss: 0.0006943
2025-02-25 17:00:07,081 Epoch 247/2000
2025-02-25 17:10:17,143 Current Learning Rate: 0.0013018445
2025-02-25 17:10:17,144 Train Loss: 0.0005389, Val Loss: 0.0006939
2025-02-25 17:10:17,144 Epoch 248/2000
2025-02-25 17:20:21,425 Current Learning Rate: 0.0013551569
2025-02-25 17:20:21,426 Train Loss: 0.0005389, Val Loss: 0.0006936
2025-02-25 17:20:21,426 Epoch 249/2000
2025-02-25 17:30:26,224 Current Learning Rate: 0.0014093685
2025-02-25 17:30:26,224 Train Loss: 0.0005389, Val Loss: 0.0006934
2025-02-25 17:30:26,224 Epoch 250/2000
2025-02-25 17:40:17,853 Current Learning Rate: 0.0014644661
2025-02-25 17:40:17,854 Train Loss: 0.0005389, Val Loss: 0.0006933
2025-02-25 17:40:17,854 Epoch 251/2000
2025-02-25 17:50:17,042 Current Learning Rate: 0.0015204360
2025-02-25 17:50:17,043 Train Loss: 0.0005389, Val Loss: 0.0006933
2025-02-25 17:50:17,044 Epoch 252/2000
2025-02-25 18:00:11,649 Current Learning Rate: 0.0015772645
2025-02-25 18:00:11,650 Train Loss: 0.0005389, Val Loss: 0.0006937
2025-02-25 18:00:11,650 Epoch 253/2000
2025-02-25 18:10:11,082 Current Learning Rate: 0.0016349374
2025-02-25 18:10:11,083 Train Loss: 0.0005390, Val Loss: 0.0006940
2025-02-25 18:10:11,083 Epoch 254/2000
2025-02-25 18:19:18,649 Current Learning Rate: 0.0016934407
2025-02-25 18:19:18,650 Train Loss: 0.0005390, Val Loss: 0.0006942
2025-02-25 18:19:18,652 Epoch 255/2000
2025-02-25 18:29:04,936 Current Learning Rate: 0.0017527598
2025-02-25 18:29:04,936 Train Loss: 0.0005391, Val Loss: 0.0006944
2025-02-25 18:29:04,937 Epoch 256/2000
2025-02-25 18:38:21,031 Current Learning Rate: 0.0018128801
2025-02-25 18:38:21,032 Train Loss: 0.0005391, Val Loss: 0.0006941
2025-02-25 18:38:21,032 Epoch 257/2000
2025-02-25 18:47:23,982 Current Learning Rate: 0.0018737867
2025-02-25 18:47:23,982 Train Loss: 0.0005393, Val Loss: 0.0006943
2025-02-25 18:47:23,983 Epoch 258/2000
2025-02-25 18:57:19,923 Current Learning Rate: 0.0019354647
2025-02-25 18:57:19,924 Train Loss: 0.0005395, Val Loss: 0.0006947
2025-02-25 18:57:19,924 Epoch 259/2000
2025-02-25 19:06:40,541 Current Learning Rate: 0.0019978989
2025-02-25 19:06:40,541 Train Loss: 0.0005396, Val Loss: 0.0006942
2025-02-25 19:06:40,542 Epoch 260/2000
2025-02-25 19:15:54,803 Current Learning Rate: 0.0020610737
2025-02-25 19:15:54,804 Train Loss: 0.0005399, Val Loss: 0.0006941
2025-02-25 19:15:54,805 Epoch 261/2000
2025-02-25 19:25:07,058 Current Learning Rate: 0.0021249737
2025-02-25 19:25:07,059 Train Loss: 0.0005401, Val Loss: 0.0006935
2025-02-25 19:25:07,059 Epoch 262/2000
2025-02-25 19:34:06,826 Current Learning Rate: 0.0021895831
2025-02-25 19:34:06,827 Train Loss: 0.0005400, Val Loss: 0.0006935
2025-02-25 19:34:06,827 Epoch 263/2000
2025-02-25 19:43:32,418 Current Learning Rate: 0.0022548859
2025-02-25 19:43:32,418 Train Loss: 0.0005400, Val Loss: 0.0006937
2025-02-25 19:43:32,419 Epoch 264/2000
2025-02-25 19:53:20,024 Current Learning Rate: 0.0023208660
2025-02-25 19:53:20,025 Train Loss: 0.0005399, Val Loss: 0.0006943
2025-02-25 19:53:20,025 Epoch 265/2000
2025-02-25 20:03:04,058 Current Learning Rate: 0.0023875072
2025-02-25 20:03:04,060 Train Loss: 0.0005398, Val Loss: 0.0006949
2025-02-25 20:03:04,060 Epoch 266/2000
2025-02-25 20:13:02,516 Current Learning Rate: 0.0024547929
2025-02-25 20:13:02,517 Train Loss: 0.0005396, Val Loss: 0.0006955
2025-02-25 20:13:02,517 Epoch 267/2000
2025-02-25 20:22:40,988 Current Learning Rate: 0.0025227067
2025-02-25 20:22:40,988 Train Loss: 0.0005396, Val Loss: 0.0006957
2025-02-25 20:22:40,988 Epoch 268/2000
2025-02-25 20:32:36,122 Current Learning Rate: 0.0025912316
2025-02-25 20:32:36,123 Train Loss: 0.0005395, Val Loss: 0.0006966
2025-02-25 20:32:36,123 Epoch 269/2000
2025-02-25 20:41:59,104 Current Learning Rate: 0.0026603509
2025-02-25 20:41:59,104 Train Loss: 0.0005395, Val Loss: 0.0006959
2025-02-25 20:41:59,105 Epoch 270/2000
2025-02-25 20:51:56,159 Current Learning Rate: 0.0027300475
2025-02-25 20:51:56,160 Train Loss: 0.0005396, Val Loss: 0.0006952
2025-02-25 20:51:56,160 Epoch 271/2000
2025-02-25 21:02:05,225 Current Learning Rate: 0.0028003042
2025-02-25 21:02:05,225 Train Loss: 0.0005397, Val Loss: 0.0006948
2025-02-25 21:02:05,225 Epoch 272/2000
2025-02-25 21:12:04,874 Current Learning Rate: 0.0028711035
2025-02-25 21:12:04,874 Train Loss: 0.0005401, Val Loss: 0.0006960
2025-02-25 21:12:04,874 Epoch 273/2000
2025-02-25 21:22:11,870 Current Learning Rate: 0.0029424282
2025-02-25 21:22:11,870 Train Loss: 0.0005425, Val Loss: 0.0006937
2025-02-25 21:22:11,870 Epoch 274/2000
2025-02-25 21:32:22,662 Current Learning Rate: 0.0030142605
2025-02-25 21:32:22,662 Train Loss: 0.0005435, Val Loss: 0.0006939
2025-02-25 21:32:22,662 Epoch 275/2000
2025-02-25 21:42:19,738 Current Learning Rate: 0.0030865828
2025-02-25 21:42:19,739 Train Loss: 0.0005436, Val Loss: 0.0006944
2025-02-25 21:42:19,739 Epoch 276/2000
2025-02-25 21:51:42,565 Current Learning Rate: 0.0031593772
2025-02-25 21:51:42,565 Train Loss: 0.0005430, Val Loss: 0.0006936
2025-02-25 21:51:42,566 Epoch 277/2000
2025-02-25 22:00:58,262 Current Learning Rate: 0.0032326258
2025-02-25 22:00:58,263 Train Loss: 0.0005431, Val Loss: 0.0006950
2025-02-25 22:00:58,263 Epoch 278/2000
2025-02-25 22:10:09,066 Current Learning Rate: 0.0033063104
2025-02-25 22:10:09,066 Train Loss: 0.0005438, Val Loss: 0.0006954
2025-02-25 22:10:09,066 Epoch 279/2000
2025-02-25 22:20:04,938 Current Learning Rate: 0.0033804129
2025-02-25 22:20:04,938 Train Loss: 0.0005427, Val Loss: 0.0006947
2025-02-25 22:20:04,938 Epoch 280/2000
2025-02-25 22:30:00,236 Current Learning Rate: 0.0034549150
2025-02-25 22:30:00,236 Train Loss: 0.0005404, Val Loss: 0.0006932
2025-02-25 22:30:00,237 Epoch 281/2000
2025-02-25 22:39:38,000 Current Learning Rate: 0.0035297984
2025-02-25 22:39:38,000 Train Loss: 0.0005399, Val Loss: 0.0006951
2025-02-25 22:39:38,000 Epoch 282/2000
2025-02-25 22:49:12,064 Current Learning Rate: 0.0036050445
2025-02-25 22:49:12,065 Train Loss: 0.0005402, Val Loss: 0.0007001
2025-02-25 22:49:12,070 Epoch 283/2000
2025-02-25 22:58:27,821 Current Learning Rate: 0.0036806348
2025-02-25 22:58:27,822 Train Loss: 0.0005415, Val Loss: 0.0006988
2025-02-25 22:58:27,822 Epoch 284/2000
2025-02-25 23:07:57,702 Current Learning Rate: 0.0037565506
2025-02-25 23:07:57,702 Train Loss: 0.0005433, Val Loss: 0.0007030
2025-02-25 23:07:57,703 Epoch 285/2000
2025-02-25 23:17:11,400 Current Learning Rate: 0.0038327732
2025-02-25 23:17:11,401 Train Loss: 0.0005445, Val Loss: 0.0007052
2025-02-25 23:17:11,401 Epoch 286/2000
2025-02-25 23:26:25,394 Current Learning Rate: 0.0039092838
2025-02-25 23:26:25,395 Train Loss: 0.0005450, Val Loss: 0.0006999
2025-02-25 23:26:25,395 Epoch 287/2000
2025-02-25 23:35:43,531 Current Learning Rate: 0.0039860635
2025-02-25 23:35:43,532 Train Loss: 0.0005440, Val Loss: 0.0006988
2025-02-25 23:35:43,533 Epoch 288/2000
2025-02-25 23:45:03,682 Current Learning Rate: 0.0040630934
2025-02-25 23:45:03,683 Train Loss: 0.0005431, Val Loss: 0.0006985
2025-02-25 23:45:03,683 Epoch 289/2000
2025-02-25 23:54:26,668 Current Learning Rate: 0.0041403545
2025-02-25 23:54:26,669 Train Loss: 0.0005436, Val Loss: 0.0006997
2025-02-25 23:54:26,669 Epoch 290/2000
2025-02-26 00:03:44,004 Current Learning Rate: 0.0042178277
2025-02-26 00:03:44,004 Train Loss: 0.0005454, Val Loss: 0.0007032
2025-02-26 00:03:44,004 Epoch 291/2000
2025-02-26 00:13:22,444 Current Learning Rate: 0.0042954938
2025-02-26 00:13:22,445 Train Loss: 0.0005477, Val Loss: 0.0007006
2025-02-26 00:13:22,445 Epoch 292/2000
2025-02-26 00:22:56,714 Current Learning Rate: 0.0043733338
2025-02-26 00:22:56,715 Train Loss: 0.0005466, Val Loss: 0.0007033
2025-02-26 00:22:56,715 Epoch 293/2000
2025-02-26 00:32:23,455 Current Learning Rate: 0.0044513284
2025-02-26 00:32:23,456 Train Loss: 0.0005430, Val Loss: 0.0007012
2025-02-26 00:32:23,456 Epoch 294/2000
2025-02-26 00:41:54,969 Current Learning Rate: 0.0045294584
2025-02-26 00:41:54,970 Train Loss: 0.0005414, Val Loss: 0.0007025
2025-02-26 00:41:54,971 Epoch 295/2000
2025-02-26 00:51:24,795 Current Learning Rate: 0.0046077045
2025-02-26 00:51:24,796 Train Loss: 0.0005422, Val Loss: 0.0007055
2025-02-26 00:51:24,796 Epoch 296/2000
2025-02-26 01:00:40,544 Current Learning Rate: 0.0046860474
2025-02-26 01:00:40,544 Train Loss: 0.0005438, Val Loss: 0.0007003
2025-02-26 01:00:40,545 Epoch 297/2000
2025-02-26 01:10:02,252 Current Learning Rate: 0.0047644677
2025-02-26 01:10:02,253 Train Loss: 0.0005464, Val Loss: 0.0007090
2025-02-26 01:10:02,253 Epoch 298/2000
2025-02-26 01:19:32,114 Current Learning Rate: 0.0048429462
2025-02-26 01:19:32,115 Train Loss: 0.0005495, Val Loss: 0.0007086
2025-02-26 01:19:32,115 Epoch 299/2000
2025-02-26 01:29:02,451 Current Learning Rate: 0.0049214634
2025-02-26 01:29:02,452 Train Loss: 0.0005497, Val Loss: 0.0007147
2025-02-26 01:29:02,452 Epoch 300/2000
2025-02-26 01:38:18,512 Current Learning Rate: 0.0050000000
2025-02-26 01:38:18,513 Train Loss: 0.0005449, Val Loss: 0.0007045
2025-02-26 01:38:18,513 Epoch 301/2000
2025-02-26 01:47:43,768 Current Learning Rate: 0.0050785366
2025-02-26 01:47:43,768 Train Loss: 0.0005425, Val Loss: 0.0007122
2025-02-26 01:47:43,769 Epoch 302/2000
2025-02-26 01:57:00,422 Current Learning Rate: 0.0051570538
2025-02-26 01:57:00,422 Train Loss: 0.0005440, Val Loss: 0.0007197
2025-02-26 01:57:00,422 Epoch 303/2000
2025-02-26 02:06:29,002 Current Learning Rate: 0.0052355323
2025-02-26 02:06:29,003 Train Loss: 0.0005465, Val Loss: 0.0007093
2025-02-26 02:06:29,003 Epoch 304/2000
2025-02-26 02:15:47,798 Current Learning Rate: 0.0053139526
2025-02-26 02:15:47,798 Train Loss: 0.0005486, Val Loss: 0.0007087
2025-02-26 02:15:47,799 Epoch 305/2000
2025-02-26 02:24:58,676 Current Learning Rate: 0.0053922955
2025-02-26 02:24:58,676 Train Loss: 0.0005508, Val Loss: 0.0007035
2025-02-26 02:24:58,677 Epoch 306/2000
2025-02-26 02:34:09,916 Current Learning Rate: 0.0054705416
2025-02-26 02:34:09,917 Train Loss: 0.0005553, Val Loss: 0.0007202
2025-02-26 02:34:09,917 Epoch 307/2000
2025-02-26 02:43:25,842 Current Learning Rate: 0.0055486716
2025-02-26 02:43:25,843 Train Loss: 0.0005521, Val Loss: 0.0007076
2025-02-26 02:43:25,843 Epoch 308/2000
2025-02-26 02:48:35,438 Current Learning Rate: 0.0056266662
2025-02-26 02:48:35,438 Train Loss: 0.0005452, Val Loss: 0.0007047
2025-02-26 02:48:35,439 Epoch 309/2000
2025-02-26 02:53:43,305 Current Learning Rate: 0.0057045062
2025-02-26 02:53:43,306 Train Loss: 0.0005436, Val Loss: 0.0007041
2025-02-26 02:53:43,306 Epoch 310/2000
2025-02-26 02:58:52,781 Current Learning Rate: 0.0057821723
2025-02-26 02:58:52,782 Train Loss: 0.0005464, Val Loss: 0.0007041
2025-02-26 02:58:52,782 Epoch 311/2000
2025-02-26 03:04:04,104 Current Learning Rate: 0.0058596455
2025-02-26 03:04:04,105 Train Loss: 0.0005492, Val Loss: 0.0007061
2025-02-26 03:04:04,105 Epoch 312/2000
2025-02-26 03:09:10,523 Current Learning Rate: 0.0059369066
2025-02-26 03:09:10,523 Train Loss: 0.0005508, Val Loss: 0.0007060
2025-02-26 03:09:10,523 Epoch 313/2000
2025-02-26 03:14:18,616 Current Learning Rate: 0.0060139365
2025-02-26 03:14:18,617 Train Loss: 0.0005518, Val Loss: 0.0007084
2025-02-26 03:14:18,617 Epoch 314/2000
2025-02-26 03:19:29,456 Current Learning Rate: 0.0060907162
2025-02-26 03:19:29,456 Train Loss: 0.0005561, Val Loss: 0.0007242
2025-02-26 03:19:29,457 Epoch 315/2000
2025-02-26 03:24:38,545 Current Learning Rate: 0.0061672268
2025-02-26 03:24:38,546 Train Loss: 0.0005587, Val Loss: 0.0007057
2025-02-26 03:24:38,546 Epoch 316/2000
2025-02-26 03:29:47,145 Current Learning Rate: 0.0062434494
2025-02-26 03:29:47,146 Train Loss: 0.0005544, Val Loss: 0.0006981
2025-02-26 03:29:47,146 Epoch 317/2000
2025-02-26 03:34:55,284 Current Learning Rate: 0.0063193652
2025-02-26 03:34:55,285 Train Loss: 0.0005453, Val Loss: 0.0007050
2025-02-26 03:34:55,285 Epoch 318/2000
2025-02-26 03:40:03,622 Current Learning Rate: 0.0063949555
2025-02-26 03:40:03,623 Train Loss: 0.0005432, Val Loss: 0.0007009
2025-02-26 03:40:03,623 Epoch 319/2000
2025-02-26 03:45:11,781 Current Learning Rate: 0.0064702016
2025-02-26 03:45:11,782 Train Loss: 0.0005465, Val Loss: 0.0007066
2025-02-26 03:45:11,782 Epoch 320/2000
2025-02-26 03:50:21,340 Current Learning Rate: 0.0065450850
2025-02-26 03:50:21,340 Train Loss: 0.0005504, Val Loss: 0.0007076
2025-02-26 03:50:21,341 Epoch 321/2000
2025-02-26 03:55:29,260 Current Learning Rate: 0.0066195871
2025-02-26 03:55:29,260 Train Loss: 0.0005530, Val Loss: 0.0007129
2025-02-26 03:55:29,261 Epoch 322/2000
2025-02-26 04:00:37,465 Current Learning Rate: 0.0066936896
2025-02-26 04:00:37,465 Train Loss: 0.0005517, Val Loss: 0.0007049
2025-02-26 04:00:37,465 Epoch 323/2000
2025-02-26 04:05:45,203 Current Learning Rate: 0.0067673742
2025-02-26 04:05:45,205 Train Loss: 0.0005508, Val Loss: 0.0007066
2025-02-26 04:05:45,208 Epoch 324/2000
2025-02-26 04:10:54,287 Current Learning Rate: 0.0068406228
2025-02-26 04:10:54,288 Train Loss: 0.0005498, Val Loss: 0.0007052
2025-02-26 04:10:54,288 Epoch 325/2000
2025-02-26 04:16:01,901 Current Learning Rate: 0.0069134172
2025-02-26 04:16:01,902 Train Loss: 0.0005467, Val Loss: 0.0007089
2025-02-26 04:16:01,902 Epoch 326/2000
2025-02-26 04:21:13,088 Current Learning Rate: 0.0069857395
2025-02-26 04:21:13,089 Train Loss: 0.0005470, Val Loss: 0.0007300
2025-02-26 04:21:13,089 Epoch 327/2000
2025-02-26 04:26:22,263 Current Learning Rate: 0.0070575718
2025-02-26 04:26:22,264 Train Loss: 0.0005533, Val Loss: 0.0007129
2025-02-26 04:26:22,265 Epoch 328/2000
2025-02-26 04:31:30,125 Current Learning Rate: 0.0071288965
2025-02-26 04:31:30,125 Train Loss: 0.0005576, Val Loss: 0.0007110
2025-02-26 04:31:30,126 Epoch 329/2000
2025-02-26 04:36:39,912 Current Learning Rate: 0.0071996958
2025-02-26 04:36:39,913 Train Loss: 0.0005579, Val Loss: 0.0007481
2025-02-26 04:36:39,913 Epoch 330/2000
2025-02-26 04:41:48,270 Current Learning Rate: 0.0072699525
2025-02-26 04:41:48,271 Train Loss: 0.0005511, Val Loss: 0.0007299
2025-02-26 04:41:48,271 Epoch 331/2000
2025-02-26 04:46:58,667 Current Learning Rate: 0.0073396491
2025-02-26 04:46:58,668 Train Loss: 0.0005421, Val Loss: 0.0007091
2025-02-26 04:46:58,668 Epoch 332/2000
2025-02-26 04:52:06,939 Current Learning Rate: 0.0074087684
2025-02-26 04:52:06,940 Train Loss: 0.0005421, Val Loss: 0.0007054
2025-02-26 04:52:06,940 Epoch 333/2000
2025-02-26 04:57:16,120 Current Learning Rate: 0.0074772933
2025-02-26 04:57:16,121 Train Loss: 0.0005480, Val Loss: 0.0006991
2025-02-26 04:57:16,121 Epoch 334/2000
2025-02-26 05:02:25,235 Current Learning Rate: 0.0075452071
2025-02-26 05:02:25,236 Train Loss: 0.0005498, Val Loss: 0.0007087
2025-02-26 05:02:25,236 Epoch 335/2000
2025-02-26 05:07:34,035 Current Learning Rate: 0.0076124928
2025-02-26 05:07:34,035 Train Loss: 0.0005482, Val Loss: 0.0007033
2025-02-26 05:07:34,035 Epoch 336/2000
2025-02-26 05:12:41,177 Current Learning Rate: 0.0076791340
2025-02-26 05:12:41,177 Train Loss: 0.0005510, Val Loss: 0.0007072
2025-02-26 05:12:41,177 Epoch 337/2000
2025-02-26 05:17:50,336 Current Learning Rate: 0.0077451141
2025-02-26 05:17:50,337 Train Loss: 0.0005554, Val Loss: 0.0007172
2025-02-26 05:17:50,337 Epoch 338/2000
2025-02-26 05:22:58,867 Current Learning Rate: 0.0078104169
2025-02-26 05:22:58,867 Train Loss: 0.0005547, Val Loss: 0.0007031
2025-02-26 05:22:58,867 Epoch 339/2000
2025-02-26 05:28:07,803 Current Learning Rate: 0.0078750263
2025-02-26 05:28:07,804 Train Loss: 0.0005554, Val Loss: 0.0006968
2025-02-26 05:28:07,804 Epoch 340/2000
2025-02-26 05:33:17,719 Current Learning Rate: 0.0079389263
2025-02-26 05:33:17,720 Train Loss: 0.0005531, Val Loss: 0.0007022
2025-02-26 05:33:17,720 Epoch 341/2000
2025-02-26 05:38:26,791 Current Learning Rate: 0.0080021011
2025-02-26 05:38:26,791 Train Loss: 0.0005494, Val Loss: 0.0006981
2025-02-26 05:38:26,792 Epoch 342/2000
2025-02-26 05:43:37,414 Current Learning Rate: 0.0080645353
2025-02-26 05:43:37,415 Train Loss: 0.0005458, Val Loss: 0.0006945
2025-02-26 05:43:37,415 Epoch 343/2000
2025-02-26 05:48:44,499 Current Learning Rate: 0.0081262133
2025-02-26 05:48:44,500 Train Loss: 0.0005450, Val Loss: 0.0006969
2025-02-26 05:48:44,500 Epoch 344/2000
2025-02-26 05:53:54,030 Current Learning Rate: 0.0081871199
2025-02-26 05:53:54,030 Train Loss: 0.0005476, Val Loss: 0.0006984
2025-02-26 05:53:54,030 Epoch 345/2000
2025-02-26 05:59:03,086 Current Learning Rate: 0.0082472402
2025-02-26 05:59:03,086 Train Loss: 0.0005505, Val Loss: 0.0006989
2025-02-26 05:59:03,087 Epoch 346/2000
2025-02-26 06:04:12,605 Current Learning Rate: 0.0083065593
2025-02-26 06:04:12,606 Train Loss: 0.0005499, Val Loss: 0.0006956
2025-02-26 06:04:12,606 Epoch 347/2000
2025-02-26 06:09:21,547 Current Learning Rate: 0.0083650626
2025-02-26 06:09:21,547 Train Loss: 0.0005520, Val Loss: 0.0007259
2025-02-26 06:09:21,548 Epoch 348/2000
2025-02-26 06:14:29,183 Current Learning Rate: 0.0084227355
2025-02-26 06:14:29,184 Train Loss: 0.0005537, Val Loss: 0.0007024
2025-02-26 06:14:29,184 Epoch 349/2000
2025-02-26 06:19:36,250 Current Learning Rate: 0.0084795640
2025-02-26 06:19:36,251 Train Loss: 0.0005500, Val Loss: 0.0007016
2025-02-26 06:19:36,252 Epoch 350/2000
2025-02-26 06:24:44,302 Current Learning Rate: 0.0085355339
2025-02-26 06:24:44,369 Train Loss: 0.0005416, Val Loss: 0.0006855
2025-02-26 06:24:44,370 Epoch 351/2000
2025-02-26 06:29:52,756 Current Learning Rate: 0.0085906315
2025-02-26 06:29:52,757 Train Loss: 0.0005357, Val Loss: 0.0007150
2025-02-26 06:29:52,757 Epoch 352/2000
2025-02-26 06:35:01,891 Current Learning Rate: 0.0086448431
2025-02-26 06:35:01,891 Train Loss: 0.0005378, Val Loss: 0.0006922
2025-02-26 06:35:01,891 Epoch 353/2000
2025-02-26 06:40:11,482 Current Learning Rate: 0.0086981555
2025-02-26 06:40:11,483 Train Loss: 0.0005426, Val Loss: 0.0006933
2025-02-26 06:40:11,483 Epoch 354/2000
2025-02-26 06:45:21,755 Current Learning Rate: 0.0087505553
2025-02-26 06:45:21,756 Train Loss: 0.0005408, Val Loss: 0.0006922
2025-02-26 06:45:21,756 Epoch 355/2000
2025-02-26 06:50:31,485 Current Learning Rate: 0.0088020298
2025-02-26 06:50:31,486 Train Loss: 0.0005460, Val Loss: 0.0007217
2025-02-26 06:50:31,486 Epoch 356/2000
2025-02-26 06:55:40,651 Current Learning Rate: 0.0088525662
2025-02-26 06:55:40,652 Train Loss: 0.0005484, Val Loss: 0.0007136
2025-02-26 06:55:40,652 Epoch 357/2000
2025-02-26 07:00:50,738 Current Learning Rate: 0.0089021520
2025-02-26 07:00:50,739 Train Loss: 0.0005501, Val Loss: 0.0006890
2025-02-26 07:00:50,739 Epoch 358/2000
2025-02-26 07:06:01,927 Current Learning Rate: 0.0089507751
2025-02-26 07:06:01,927 Train Loss: 0.0007577, Val Loss: 0.0007122
2025-02-26 07:06:01,927 Epoch 359/2000
2025-02-26 07:11:08,953 Current Learning Rate: 0.0089984233
2025-02-26 07:11:08,953 Train Loss: 0.0005669, Val Loss: 0.0006898
2025-02-26 07:11:08,954 Epoch 360/2000
2025-02-26 07:16:18,473 Current Learning Rate: 0.0090450850
2025-02-26 07:16:18,539 Train Loss: 0.0005387, Val Loss: 0.0006816
2025-02-26 07:16:18,540 Epoch 361/2000
2025-02-26 07:21:28,068 Current Learning Rate: 0.0090907486
2025-02-26 07:21:28,149 Train Loss: 0.0005339, Val Loss: 0.0006780
2025-02-26 07:21:28,150 Epoch 362/2000
2025-02-26 07:26:34,721 Current Learning Rate: 0.0091354029
2025-02-26 07:26:34,721 Train Loss: 0.0005354, Val Loss: 0.0006836
2025-02-26 07:26:34,722 Epoch 363/2000
2025-02-26 07:31:44,809 Current Learning Rate: 0.0091790368
2025-02-26 07:31:44,810 Train Loss: 0.0005404, Val Loss: 0.0006818
2025-02-26 07:31:44,810 Epoch 364/2000
2025-02-26 07:36:54,014 Current Learning Rate: 0.0092216396
2025-02-26 07:36:54,015 Train Loss: 0.0005401, Val Loss: 0.0006884
2025-02-26 07:36:54,015 Epoch 365/2000
2025-02-26 07:42:03,702 Current Learning Rate: 0.0092632008
2025-02-26 07:42:03,702 Train Loss: 0.0005405, Val Loss: 0.0007169
2025-02-26 07:42:03,703 Epoch 366/2000
2025-02-26 07:47:12,022 Current Learning Rate: 0.0093037101
2025-02-26 07:47:12,023 Train Loss: 0.0005425, Val Loss: 0.0006928
2025-02-26 07:47:12,023 Epoch 367/2000
2025-02-26 07:52:19,262 Current Learning Rate: 0.0093431576
2025-02-26 07:52:19,346 Train Loss: 0.0005414, Val Loss: 0.0006775
2025-02-26 07:52:19,346 Epoch 368/2000
2025-02-26 07:57:31,000 Current Learning Rate: 0.0093815334
2025-02-26 07:57:31,000 Train Loss: 0.0005347, Val Loss: 0.0006792
2025-02-26 07:57:31,000 Epoch 369/2000
2025-02-26 08:02:40,410 Current Learning Rate: 0.0094188282
2025-02-26 08:02:40,479 Train Loss: 0.0005247, Val Loss: 0.0006753
2025-02-26 08:02:40,479 Epoch 370/2000
2025-02-26 08:07:49,012 Current Learning Rate: 0.0094550326
2025-02-26 08:07:49,013 Train Loss: 0.0005250, Val Loss: 0.0006755
2025-02-26 08:07:49,013 Epoch 371/2000
2025-02-26 08:12:58,923 Current Learning Rate: 0.0094901379
2025-02-26 08:12:58,924 Train Loss: 0.0006798, Val Loss: 0.0006809
2025-02-26 08:12:58,924 Epoch 372/2000
2025-02-26 08:18:07,592 Current Learning Rate: 0.0095241353
2025-02-26 08:18:07,697 Train Loss: 0.0005292, Val Loss: 0.0006638
2025-02-26 08:18:07,697 Epoch 373/2000
2025-02-26 08:23:18,279 Current Learning Rate: 0.0095570164
2025-02-26 08:23:18,279 Train Loss: 0.0005175, Val Loss: 0.0006728
2025-02-26 08:23:18,280 Epoch 374/2000
2025-02-26 08:28:30,003 Current Learning Rate: 0.0095887731
2025-02-26 08:28:30,003 Train Loss: 0.0005207, Val Loss: 0.0006741
2025-02-26 08:28:30,004 Epoch 375/2000
2025-02-26 08:33:38,103 Current Learning Rate: 0.0096193977
2025-02-26 08:33:38,104 Train Loss: 0.0005241, Val Loss: 0.0006674
2025-02-26 08:33:38,104 Epoch 376/2000
2025-02-26 08:38:51,099 Current Learning Rate: 0.0096488824
2025-02-26 08:38:51,099 Train Loss: 0.0005306, Val Loss: 0.0006886
2025-02-26 08:38:51,100 Epoch 377/2000
2025-02-26 08:44:02,458 Current Learning Rate: 0.0096772202
2025-02-26 08:44:02,458 Train Loss: 0.0005307, Val Loss: 0.0006839
2025-02-26 08:44:02,459 Epoch 378/2000
2025-02-26 08:49:11,191 Current Learning Rate: 0.0097044038
2025-02-26 08:49:11,192 Train Loss: 0.0005312, Val Loss: 0.0006792
2025-02-26 08:49:11,192 Epoch 379/2000
2025-02-26 08:54:22,156 Current Learning Rate: 0.0097304268
2025-02-26 08:54:22,157 Train Loss: 0.0005302, Val Loss: 0.0006694
2025-02-26 08:54:22,157 Epoch 380/2000
2025-02-26 08:59:30,669 Current Learning Rate: 0.0097552826
2025-02-26 08:59:30,727 Train Loss: 0.0005216, Val Loss: 0.0006637
2025-02-26 08:59:30,728 Epoch 381/2000
2025-02-26 09:04:40,792 Current Learning Rate: 0.0097789651
2025-02-26 09:04:40,899 Train Loss: 0.0005130, Val Loss: 0.0006573
2025-02-26 09:04:40,899 Epoch 382/2000
2025-02-26 09:09:51,864 Current Learning Rate: 0.0098014684
2025-02-26 09:09:51,865 Train Loss: 0.0005140, Val Loss: 0.0006762
2025-02-26 09:09:51,865 Epoch 383/2000
2025-02-26 09:15:03,849 Current Learning Rate: 0.0098227871
2025-02-26 09:15:03,850 Train Loss: 0.0005164, Val Loss: 0.0006644
2025-02-26 09:15:03,850 Epoch 384/2000
2025-02-26 09:20:10,615 Current Learning Rate: 0.0098429158
2025-02-26 09:20:10,616 Train Loss: 0.0005997, Val Loss: 0.0006710
2025-02-26 09:20:10,616 Epoch 385/2000
2025-02-26 09:25:20,608 Current Learning Rate: 0.0098618496
2025-02-26 09:25:20,609 Train Loss: 0.0005252, Val Loss: 0.0006625
2025-02-26 09:25:20,609 Epoch 386/2000
2025-02-26 09:30:29,562 Current Learning Rate: 0.0098795838
2025-02-26 09:30:29,619 Train Loss: 0.0005101, Val Loss: 0.0006564
2025-02-26 09:30:29,619 Epoch 387/2000
2025-02-26 09:35:36,709 Current Learning Rate: 0.0098961141
2025-02-26 09:35:36,791 Train Loss: 0.0005029, Val Loss: 0.0006499
2025-02-26 09:35:36,791 Epoch 388/2000
2025-02-26 09:40:48,125 Current Learning Rate: 0.0099114363
2025-02-26 09:40:48,126 Train Loss: 0.0005062, Val Loss: 0.0006690
2025-02-26 09:40:48,126 Epoch 389/2000
2025-02-26 09:45:58,316 Current Learning Rate: 0.0099255466
2025-02-26 09:45:58,317 Train Loss: 0.0005112, Val Loss: 0.0006602
2025-02-26 09:45:58,317 Epoch 390/2000
2025-02-26 09:51:09,858 Current Learning Rate: 0.0099384417
2025-02-26 09:51:09,859 Train Loss: 0.0005134, Val Loss: 0.0006611
2025-02-26 09:51:09,859 Epoch 391/2000
2025-02-26 09:56:22,616 Current Learning Rate: 0.0099501183
2025-02-26 09:56:22,617 Train Loss: 0.0005176, Val Loss: 0.0006759
2025-02-26 09:56:22,618 Epoch 392/2000
2025-02-26 10:01:32,535 Current Learning Rate: 0.0099605735
2025-02-26 10:01:32,536 Train Loss: 0.0005183, Val Loss: 0.0006709
2025-02-26 10:01:32,539 Epoch 393/2000
2025-02-26 10:06:41,088 Current Learning Rate: 0.0099698048
2025-02-26 10:06:41,089 Train Loss: 0.0005169, Val Loss: 0.0006606
2025-02-26 10:06:41,089 Epoch 394/2000
2025-02-26 10:11:47,916 Current Learning Rate: 0.0099778098
2025-02-26 10:11:47,916 Train Loss: 0.0005176, Val Loss: 0.0006681
2025-02-26 10:11:47,916 Epoch 395/2000
2025-02-26 10:16:55,809 Current Learning Rate: 0.0099845867
2025-02-26 10:16:55,810 Train Loss: 0.0005250, Val Loss: 0.0006657
2025-02-26 10:16:55,810 Epoch 396/2000
2025-02-26 10:22:01,964 Current Learning Rate: 0.0099901336
2025-02-26 10:22:01,965 Train Loss: 0.0005296, Val Loss: 0.0006587
2025-02-26 10:22:01,965 Epoch 397/2000
2025-02-26 10:27:08,746 Current Learning Rate: 0.0099944494
2025-02-26 10:27:08,746 Train Loss: 0.0005217, Val Loss: 0.0006516
2025-02-26 10:27:08,746 Epoch 398/2000
2025-02-26 10:32:14,545 Current Learning Rate: 0.0099975328
2025-02-26 10:32:14,684 Train Loss: 0.0005097, Val Loss: 0.0006488
2025-02-26 10:32:14,684 Epoch 399/2000
2025-02-26 10:37:22,171 Current Learning Rate: 0.0099993832
2025-02-26 10:37:22,247 Train Loss: 0.0004929, Val Loss: 0.0006443
2025-02-26 10:37:22,248 Epoch 400/2000
2025-02-26 10:42:29,099 Current Learning Rate: 0.0100000000
2025-02-26 10:42:29,161 Train Loss: 0.0004895, Val Loss: 0.0006379
2025-02-26 10:42:29,161 Epoch 401/2000
2025-02-26 10:47:39,994 Current Learning Rate: 0.0099993832
2025-02-26 10:47:39,994 Train Loss: 0.0004932, Val Loss: 0.0006428
2025-02-26 10:47:39,995 Epoch 402/2000
2025-02-26 10:52:51,842 Current Learning Rate: 0.0099975328
2025-02-26 10:52:51,842 Train Loss: 0.0004956, Val Loss: 0.0006512
2025-02-26 10:52:51,843 Epoch 403/2000
2025-02-26 10:57:58,957 Current Learning Rate: 0.0099944494
2025-02-26 10:57:58,959 Train Loss: 0.0004978, Val Loss: 0.0006468
2025-02-26 10:57:58,959 Epoch 404/2000
2025-02-26 11:03:11,017 Current Learning Rate: 0.0099901336
2025-02-26 11:03:11,018 Train Loss: 0.0005000, Val Loss: 0.0006875
2025-02-26 11:03:11,018 Epoch 405/2000
2025-02-26 11:08:19,594 Current Learning Rate: 0.0099845867
2025-02-26 11:08:19,595 Train Loss: 0.0006802, Val Loss: 0.0007148
2025-02-26 11:08:19,595 Epoch 406/2000
2025-02-26 11:13:30,456 Current Learning Rate: 0.0099778098
2025-02-26 11:13:30,456 Train Loss: 0.0005337, Val Loss: 0.0006453
2025-02-26 11:13:30,456 Epoch 407/2000
2025-02-26 11:18:39,601 Current Learning Rate: 0.0099698048
2025-02-26 11:18:39,660 Train Loss: 0.0004918, Val Loss: 0.0006349
2025-02-26 11:18:39,661 Epoch 408/2000
2025-02-26 11:23:44,491 Current Learning Rate: 0.0099605735
2025-02-26 11:23:44,556 Train Loss: 0.0004841, Val Loss: 0.0006346
2025-02-26 11:23:44,556 Epoch 409/2000
2025-02-26 11:28:51,677 Current Learning Rate: 0.0099501183
2025-02-26 11:28:51,677 Train Loss: 0.0004850, Val Loss: 0.0006426
2025-02-26 11:28:51,678 Epoch 410/2000
2025-02-26 11:34:00,792 Current Learning Rate: 0.0099384417
2025-02-26 11:34:00,792 Train Loss: 0.0004882, Val Loss: 0.0006488
2025-02-26 11:34:00,793 Epoch 411/2000
2025-02-26 11:39:09,658 Current Learning Rate: 0.0099255466
2025-02-26 11:39:09,658 Train Loss: 0.0004906, Val Loss: 0.0006565
2025-02-26 11:39:09,659 Epoch 412/2000
2025-02-26 11:44:20,900 Current Learning Rate: 0.0099114363
2025-02-26 11:44:20,900 Train Loss: 0.0004931, Val Loss: 0.0006476
2025-02-26 11:44:20,900 Epoch 413/2000
2025-02-26 11:49:24,932 Current Learning Rate: 0.0098961141
2025-02-26 11:49:24,932 Train Loss: 0.0004939, Val Loss: 0.0006385
2025-02-26 11:49:24,933 Epoch 414/2000
2025-02-26 11:54:29,718 Current Learning Rate: 0.0098795838
2025-02-26 11:54:29,779 Train Loss: 0.0004946, Val Loss: 0.0006305
2025-02-26 11:54:29,779 Epoch 415/2000
2025-02-26 11:59:35,036 Current Learning Rate: 0.0098618496
2025-02-26 11:59:35,115 Train Loss: 0.0004964, Val Loss: 0.0006279
2025-02-26 11:59:35,115 Epoch 416/2000
2025-02-26 12:04:45,561 Current Learning Rate: 0.0098429158
2025-02-26 12:04:45,562 Train Loss: 0.0004973, Val Loss: 0.0006422
2025-02-26 12:04:45,562 Epoch 417/2000
2025-02-26 12:09:52,832 Current Learning Rate: 0.0098227871
2025-02-26 12:09:52,833 Train Loss: 0.0004952, Val Loss: 0.0006415
2025-02-26 12:09:52,833 Epoch 418/2000
2025-02-26 12:15:03,394 Current Learning Rate: 0.0098014684
2025-02-26 12:15:03,395 Train Loss: 0.0004836, Val Loss: 0.0006290
2025-02-26 12:15:03,395 Epoch 419/2000
2025-02-26 12:20:15,154 Current Learning Rate: 0.0097789651
2025-02-26 12:20:15,242 Train Loss: 0.0004711, Val Loss: 0.0006232
2025-02-26 12:20:15,242 Epoch 420/2000
2025-02-26 12:25:23,944 Current Learning Rate: 0.0097552826
2025-02-26 12:25:24,004 Train Loss: 0.0004685, Val Loss: 0.0006208
2025-02-26 12:25:24,005 Epoch 421/2000
2025-02-26 12:30:31,996 Current Learning Rate: 0.0097304268
2025-02-26 12:30:31,998 Train Loss: 0.0004713, Val Loss: 0.0006284
2025-02-26 12:30:31,999 Epoch 422/2000
2025-02-26 12:35:43,213 Current Learning Rate: 0.0097044038
2025-02-26 12:35:43,214 Train Loss: 0.0004748, Val Loss: 0.0006270
2025-02-26 12:35:43,214 Epoch 423/2000
2025-02-26 12:40:48,858 Current Learning Rate: 0.0096772202
2025-02-26 12:40:48,859 Train Loss: 0.0004745, Val Loss: 0.0006352
2025-02-26 12:40:48,859 Epoch 424/2000
2025-02-26 12:45:58,116 Current Learning Rate: 0.0096488824
2025-02-26 12:45:58,116 Train Loss: 0.0004761, Val Loss: 0.0006361
2025-02-26 12:45:58,117 Epoch 425/2000
2025-02-26 12:51:05,112 Current Learning Rate: 0.0096193977
2025-02-26 12:51:05,112 Train Loss: 0.0004778, Val Loss: 0.0006287
2025-02-26 12:51:05,113 Epoch 426/2000
2025-02-26 12:56:11,778 Current Learning Rate: 0.0095887731
2025-02-26 12:56:11,779 Train Loss: 0.0004772, Val Loss: 0.0006226
2025-02-26 12:56:11,779 Epoch 427/2000
2025-02-26 13:01:23,429 Current Learning Rate: 0.0095570164
2025-02-26 13:01:23,430 Train Loss: 0.0004788, Val Loss: 0.0006296
2025-02-26 13:01:23,430 Epoch 428/2000
2025-02-26 13:06:34,911 Current Learning Rate: 0.0095241353
2025-02-26 13:06:34,911 Train Loss: 0.0004869, Val Loss: 0.0006429
2025-02-26 13:06:34,911 Epoch 429/2000
2025-02-26 13:11:42,956 Current Learning Rate: 0.0094901379
2025-02-26 13:11:42,957 Train Loss: 0.0004931, Val Loss: 0.0006444
2025-02-26 13:11:42,957 Epoch 430/2000
2025-02-26 13:16:49,220 Current Learning Rate: 0.0094550326
2025-02-26 13:16:49,221 Train Loss: 0.0004927, Val Loss: 0.0006309
2025-02-26 13:16:49,221 Epoch 431/2000
2025-02-26 13:21:55,389 Current Learning Rate: 0.0094188282
2025-02-26 13:21:55,389 Train Loss: 0.0004845, Val Loss: 0.0006245
2025-02-26 13:21:55,390 Epoch 432/2000
2025-02-26 13:27:00,572 Current Learning Rate: 0.0093815334
2025-02-26 13:27:00,636 Train Loss: 0.0004676, Val Loss: 0.0006085
2025-02-26 13:27:00,637 Epoch 433/2000
2025-02-26 13:32:06,242 Current Learning Rate: 0.0093431576
2025-02-26 13:32:06,242 Train Loss: 0.0004554, Val Loss: 0.0006086
2025-02-26 13:32:06,242 Epoch 434/2000
2025-02-26 13:37:11,794 Current Learning Rate: 0.0093037101
2025-02-26 13:37:11,794 Train Loss: 0.0004522, Val Loss: 0.0006097
2025-02-26 13:37:11,795 Epoch 435/2000
2025-02-26 13:42:19,867 Current Learning Rate: 0.0092632008
2025-02-26 13:42:19,945 Train Loss: 0.0004538, Val Loss: 0.0006020
2025-02-26 13:42:19,945 Epoch 436/2000
2025-02-26 13:47:26,538 Current Learning Rate: 0.0092216396
2025-02-26 13:47:26,539 Train Loss: 0.0004559, Val Loss: 0.0006040
2025-02-26 13:47:26,539 Epoch 437/2000
2025-02-26 13:52:33,274 Current Learning Rate: 0.0091790368
2025-02-26 13:52:33,274 Train Loss: 0.0004580, Val Loss: 0.0006174
2025-02-26 13:52:33,275 Epoch 438/2000
2025-02-26 13:57:38,572 Current Learning Rate: 0.0091354029
2025-02-26 13:57:38,573 Train Loss: 0.0004576, Val Loss: 0.0006067
2025-02-26 13:57:38,573 Epoch 439/2000
2025-02-26 14:02:45,092 Current Learning Rate: 0.0090907486
2025-02-26 14:02:45,092 Train Loss: 0.0004580, Val Loss: 0.0006049
2025-02-26 14:02:45,093 Epoch 440/2000
2025-02-26 14:07:51,738 Current Learning Rate: 0.0090450850
2025-02-26 14:07:51,738 Train Loss: 0.0004591, Val Loss: 0.0006103
2025-02-26 14:07:51,738 Epoch 441/2000
2025-02-26 14:12:59,788 Current Learning Rate: 0.0089984233
2025-02-26 14:12:59,788 Train Loss: 0.0004611, Val Loss: 0.0006048
2025-02-26 14:12:59,788 Epoch 442/2000
2025-02-26 14:18:10,260 Current Learning Rate: 0.0089507751
2025-02-26 14:18:10,261 Train Loss: 0.0004636, Val Loss: 0.0006068
2025-02-26 14:18:10,261 Epoch 443/2000
2025-02-26 14:23:15,185 Current Learning Rate: 0.0089021520
2025-02-26 14:23:15,185 Train Loss: 0.0004665, Val Loss: 0.0006099
2025-02-26 14:23:15,186 Epoch 444/2000
2025-02-26 14:28:23,030 Current Learning Rate: 0.0088525662
2025-02-26 14:28:23,031 Train Loss: 0.0004726, Val Loss: 0.0006181
2025-02-26 14:28:23,031 Epoch 445/2000
2025-02-26 14:33:32,834 Current Learning Rate: 0.0088020298
2025-02-26 14:33:32,835 Train Loss: 0.0004795, Val Loss: 0.0006117
2025-02-26 14:33:32,835 Epoch 446/2000
2025-02-26 14:38:38,775 Current Learning Rate: 0.0087505553
2025-02-26 14:38:38,775 Train Loss: 0.0004676, Val Loss: 0.0006022
2025-02-26 14:38:38,776 Epoch 447/2000
2025-02-26 14:43:43,488 Current Learning Rate: 0.0086981555
2025-02-26 14:43:43,547 Train Loss: 0.0004488, Val Loss: 0.0005895
2025-02-26 14:43:43,548 Epoch 448/2000
2025-02-26 14:48:51,949 Current Learning Rate: 0.0086448431
2025-02-26 14:48:52,022 Train Loss: 0.0004377, Val Loss: 0.0005890
2025-02-26 14:48:52,022 Epoch 449/2000
2025-02-26 14:53:57,694 Current Learning Rate: 0.0085906315
2025-02-26 14:53:57,751 Train Loss: 0.0004348, Val Loss: 0.0005890
2025-02-26 14:53:57,751 Epoch 450/2000
2025-02-26 14:59:06,852 Current Learning Rate: 0.0085355339
2025-02-26 14:59:06,916 Train Loss: 0.0004358, Val Loss: 0.0005866
2025-02-26 14:59:06,916 Epoch 451/2000
2025-02-26 15:04:12,264 Current Learning Rate: 0.0084795640
2025-02-26 15:04:12,264 Train Loss: 0.0004364, Val Loss: 0.0005901
2025-02-26 15:04:12,265 Epoch 452/2000
2025-02-26 15:09:22,355 Current Learning Rate: 0.0084227355
2025-02-26 15:09:22,355 Train Loss: 0.0004377, Val Loss: 0.0006011
2025-02-26 15:09:22,355 Epoch 453/2000
2025-02-26 15:14:28,565 Current Learning Rate: 0.0083650626
2025-02-26 15:14:28,629 Train Loss: 0.0004396, Val Loss: 0.0005856
2025-02-26 15:14:28,630 Epoch 454/2000
2025-02-26 15:19:37,809 Current Learning Rate: 0.0083065593
2025-02-26 15:19:37,914 Train Loss: 0.0004389, Val Loss: 0.0005807
2025-02-26 15:19:37,914 Epoch 455/2000
2025-02-26 15:24:42,802 Current Learning Rate: 0.0082472402
2025-02-26 15:24:42,803 Train Loss: 0.0004391, Val Loss: 0.0005826
2025-02-26 15:24:42,803 Epoch 456/2000
2025-02-26 15:29:48,097 Current Learning Rate: 0.0081871199
2025-02-26 15:29:48,098 Train Loss: 0.0004421, Val Loss: 0.0005935
2025-02-26 15:29:48,098 Epoch 457/2000
2025-02-26 15:34:53,119 Current Learning Rate: 0.0081262133
2025-02-26 15:34:53,120 Train Loss: 0.0004440, Val Loss: 0.0005887
2025-02-26 15:34:53,120 Epoch 458/2000
2025-02-26 15:40:01,853 Current Learning Rate: 0.0080645353
2025-02-26 15:40:01,853 Train Loss: 0.0004430, Val Loss: 0.0005896
2025-02-26 15:40:01,854 Epoch 459/2000
2025-02-26 15:45:12,163 Current Learning Rate: 0.0080021011
2025-02-26 15:45:12,163 Train Loss: 0.0004472, Val Loss: 0.0005984
2025-02-26 15:45:12,163 Epoch 460/2000
2025-02-26 15:50:21,856 Current Learning Rate: 0.0079389263
2025-02-26 15:50:21,857 Train Loss: 0.0004534, Val Loss: 0.0005917
2025-02-26 15:50:21,857 Epoch 461/2000
2025-02-26 15:55:27,028 Current Learning Rate: 0.0078750263
2025-02-26 15:55:27,029 Train Loss: 0.0004541, Val Loss: 0.0006031
2025-02-26 15:55:27,030 Epoch 462/2000
2025-02-26 16:00:36,848 Current Learning Rate: 0.0078104169
2025-02-26 16:00:36,849 Train Loss: 0.0004498, Val Loss: 0.0006000
2025-02-26 16:00:36,849 Epoch 463/2000
2025-02-26 16:05:41,619 Current Learning Rate: 0.0077451141
2025-02-26 16:05:41,620 Train Loss: 0.0004402, Val Loss: 0.0005874
2025-02-26 16:05:41,620 Epoch 464/2000
2025-02-26 16:10:47,202 Current Learning Rate: 0.0076791340
2025-02-26 16:10:47,274 Train Loss: 0.0004271, Val Loss: 0.0005762
2025-02-26 16:10:47,274 Epoch 465/2000
2025-02-26 16:15:56,290 Current Learning Rate: 0.0076124928
2025-02-26 16:15:56,351 Train Loss: 0.0004201, Val Loss: 0.0005714
2025-02-26 16:15:56,351 Epoch 466/2000
2025-02-26 16:21:05,723 Current Learning Rate: 0.0075452071
2025-02-26 16:21:05,796 Train Loss: 0.0004173, Val Loss: 0.0005708
2025-02-26 16:21:05,797 Epoch 467/2000
2025-02-26 16:26:15,997 Current Learning Rate: 0.0074772933
2025-02-26 16:26:16,063 Train Loss: 0.0004174, Val Loss: 0.0005677
2025-02-26 16:26:16,063 Epoch 468/2000
2025-02-26 16:31:23,099 Current Learning Rate: 0.0074087684
2025-02-26 16:31:23,099 Train Loss: 0.0004184, Val Loss: 0.0005703
2025-02-26 16:31:23,099 Epoch 469/2000
2025-02-26 16:36:28,555 Current Learning Rate: 0.0073396491
2025-02-26 16:36:28,616 Train Loss: 0.0004197, Val Loss: 0.0005665
2025-02-26 16:36:28,616 Epoch 470/2000
2025-02-26 16:41:37,148 Current Learning Rate: 0.0072699525
2025-02-26 16:41:37,205 Train Loss: 0.0004211, Val Loss: 0.0005660
2025-02-26 16:41:37,205 Epoch 471/2000
2025-02-26 16:46:45,392 Current Learning Rate: 0.0071996958
2025-02-26 16:46:45,392 Train Loss: 0.0004217, Val Loss: 0.0005675
2025-02-26 16:46:45,392 Epoch 472/2000
2025-02-26 16:51:51,023 Current Learning Rate: 0.0071288965
2025-02-26 16:51:51,023 Train Loss: 0.0004218, Val Loss: 0.0005779
2025-02-26 16:51:51,023 Epoch 473/2000
2025-02-26 16:56:56,687 Current Learning Rate: 0.0070575718
2025-02-26 16:56:56,687 Train Loss: 0.0004239, Val Loss: 0.0005783
2025-02-26 16:56:56,688 Epoch 474/2000
2025-03-01 20:58:27,941 Added key: store_based_barrier_key:1 to store for rank: 0
2025-03-01 20:59:16,361 Loading best model from checkpoint.
2025-03-01 21:00:09,745 Testing completed and best model saved.
2025-03-01 22:32:21,642 Added key: store_based_barrier_key:1 to store for rank: 0
2025-03-01 22:33:00,444 Loading best model from checkpoint.
2025-03-01 22:34:06,101 Testing completed and best model saved.
