2024-11-07 22:19:54,475 Added key: store_based_barrier_key:1 to store for rank: 7
2024-11-07 22:19:54,634 Added key: store_based_barrier_key:1 to store for rank: 1
2024-11-07 22:19:54,656 Added key: store_based_barrier_key:1 to store for rank: 4
2024-11-07 22:19:54,666 Added key: store_based_barrier_key:1 to store for rank: 5
2024-11-07 22:19:54,670 Added key: store_based_barrier_key:1 to store for rank: 6
2024-11-07 22:19:54,703 Added key: store_based_barrier_key:1 to store for rank: 3
2024-11-07 22:19:54,736 Added key: store_based_barrier_key:1 to store for rank: 2
2024-11-07 22:19:54,745 Added key: store_based_barrier_key:1 to store for rank: 0
2024-11-07 22:20:20,484 Epoch 1/500
2024-11-07 22:20:25,602 Reducer buckets have been rebuilt in this iteration.
2024-11-07 22:20:25,602 Reducer buckets have been rebuilt in this iteration.
2024-11-07 22:20:25,603 Reducer buckets have been rebuilt in this iteration.
2024-11-07 22:20:25,603 Reducer buckets have been rebuilt in this iteration.
2024-11-07 22:20:25,603 Reducer buckets have been rebuilt in this iteration.
2024-11-07 22:20:25,603 Reducer buckets have been rebuilt in this iteration.
2024-11-07 22:20:25,603 Reducer buckets have been rebuilt in this iteration.
2024-11-07 22:20:25,603 Reducer buckets have been rebuilt in this iteration.
2024-11-07 22:21:03,830 Current Learning Rate: 0.0099999013
2024-11-07 22:21:04,614 Train Loss: 1.2662283, Val Loss: 0.0961503
2024-11-07 22:21:04,614 Epoch 2/500
2024-11-07 22:21:45,929 Current Learning Rate: 0.0099996052
2024-11-07 22:21:46,822 Train Loss: 0.0540553, Val Loss: 0.0281026
2024-11-07 22:21:46,822 Epoch 3/500
2024-11-07 22:22:28,866 Current Learning Rate: 0.0099991118
2024-11-07 22:22:29,890 Train Loss: 0.0226790, Val Loss: 0.0175729
2024-11-07 22:22:29,890 Epoch 4/500
2024-11-07 22:23:11,971 Current Learning Rate: 0.0099984209
2024-11-07 22:23:12,960 Train Loss: 0.0183915, Val Loss: 0.0152085
2024-11-07 22:23:12,960 Epoch 5/500
2024-11-07 22:23:54,813 Current Learning Rate: 0.0099975328
2024-11-07 22:23:55,938 Train Loss: 0.0157156, Val Loss: 0.0134228
2024-11-07 22:23:55,938 Epoch 6/500
2024-11-07 22:24:37,460 Current Learning Rate: 0.0099964474
2024-11-07 22:24:38,392 Train Loss: 0.0145322, Val Loss: 0.0131006
2024-11-07 22:24:38,392 Epoch 7/500
2024-11-07 22:25:20,176 Current Learning Rate: 0.0099951647
2024-11-07 22:25:21,225 Train Loss: 0.0142447, Val Loss: 0.0129222
2024-11-07 22:25:21,225 Epoch 8/500
2024-11-07 22:26:03,953 Current Learning Rate: 0.0099936848
2024-11-07 22:26:04,862 Train Loss: 0.0140850, Val Loss: 0.0128162
2024-11-07 22:26:04,863 Epoch 9/500
2024-11-07 22:26:47,446 Current Learning Rate: 0.0099920078
2024-11-07 22:26:48,352 Train Loss: 0.0140031, Val Loss: 0.0127465
2024-11-07 22:26:48,352 Epoch 10/500
2024-11-07 22:27:31,005 Current Learning Rate: 0.0099901336
2024-11-07 22:27:32,010 Train Loss: 0.0139315, Val Loss: 0.0126935
2024-11-07 22:27:32,010 Epoch 11/500
2024-11-07 22:28:15,007 Current Learning Rate: 0.0099880625
2024-11-07 22:28:16,040 Train Loss: 0.0138531, Val Loss: 0.0126385
2024-11-07 22:28:16,040 Epoch 12/500
2024-11-07 22:28:59,303 Current Learning Rate: 0.0099857945
2024-11-07 22:29:00,270 Train Loss: 0.0137969, Val Loss: 0.0126028
2024-11-07 22:29:00,270 Epoch 13/500
2024-11-07 22:29:42,845 Current Learning Rate: 0.0099833296
2024-11-07 22:29:43,796 Train Loss: 0.0137499, Val Loss: 0.0125524
2024-11-07 22:29:43,797 Epoch 14/500
2024-11-07 22:30:26,263 Current Learning Rate: 0.0099806680
2024-11-07 22:30:27,198 Train Loss: 0.0137007, Val Loss: 0.0125120
2024-11-07 22:30:27,198 Epoch 15/500
2024-11-07 22:31:09,734 Current Learning Rate: 0.0099778098
2024-11-07 22:31:10,696 Train Loss: 0.0136692, Val Loss: 0.0124751
2024-11-07 22:31:10,696 Epoch 16/500
2024-11-07 22:31:53,584 Current Learning Rate: 0.0099747551
2024-11-07 22:31:54,506 Train Loss: 0.0136214, Val Loss: 0.0124572
2024-11-07 22:31:54,506 Epoch 17/500
2024-11-07 22:32:37,299 Current Learning Rate: 0.0099715040
2024-11-07 22:32:38,205 Train Loss: 0.0135864, Val Loss: 0.0124100
2024-11-07 22:32:38,206 Epoch 18/500
2024-11-07 22:33:20,727 Current Learning Rate: 0.0099680566
2024-11-07 22:33:21,650 Train Loss: 0.0135543, Val Loss: 0.0123793
2024-11-07 22:33:21,650 Epoch 19/500
2024-11-07 22:34:04,208 Current Learning Rate: 0.0099644130
2024-11-07 22:34:05,165 Train Loss: 0.0135091, Val Loss: 0.0123453
2024-11-07 22:34:05,166 Epoch 20/500
2024-11-07 22:34:47,727 Current Learning Rate: 0.0099605735
2024-11-07 22:34:48,707 Train Loss: 0.0135106, Val Loss: 0.0123306
2024-11-07 22:34:48,707 Epoch 21/500
2024-11-07 22:35:31,477 Current Learning Rate: 0.0099565382
2024-11-07 22:35:32,516 Train Loss: 0.0134545, Val Loss: 0.0122849
2024-11-07 22:35:32,516 Epoch 22/500
2024-11-07 22:36:15,957 Current Learning Rate: 0.0099523071
2024-11-07 22:36:16,858 Train Loss: 0.0133962, Val Loss: 0.0122456
2024-11-07 22:36:16,858 Epoch 23/500
2024-11-07 22:36:59,754 Current Learning Rate: 0.0099478806
2024-11-07 22:37:00,715 Train Loss: 0.0133583, Val Loss: 0.0122117
2024-11-07 22:37:00,715 Epoch 24/500
2024-11-07 22:37:43,392 Current Learning Rate: 0.0099432587
2024-11-07 22:37:44,257 Train Loss: 0.0133090, Val Loss: 0.0121706
2024-11-07 22:37:44,257 Epoch 25/500
2024-11-07 22:38:26,754 Current Learning Rate: 0.0099384417
2024-11-07 22:38:27,736 Train Loss: 0.0132701, Val Loss: 0.0121345
2024-11-07 22:38:27,736 Epoch 26/500
2024-11-07 22:39:10,473 Current Learning Rate: 0.0099334297
2024-11-07 22:39:11,459 Train Loss: 0.0132252, Val Loss: 0.0120947
2024-11-07 22:39:11,460 Epoch 27/500
2024-11-07 22:39:54,434 Current Learning Rate: 0.0099282230
2024-11-07 22:39:55,363 Train Loss: 0.0131743, Val Loss: 0.0120464
2024-11-07 22:39:55,363 Epoch 28/500
2024-11-07 22:40:37,858 Current Learning Rate: 0.0099228217
2024-11-07 22:40:38,798 Train Loss: 0.0131305, Val Loss: 0.0120216
2024-11-07 22:40:38,799 Epoch 29/500
2024-11-07 22:41:21,332 Current Learning Rate: 0.0099172260
2024-11-07 22:41:22,378 Train Loss: 0.0130951, Val Loss: 0.0119825
2024-11-07 22:41:22,379 Epoch 30/500
2024-11-07 22:42:05,202 Current Learning Rate: 0.0099114363
2024-11-07 22:42:06,252 Train Loss: 0.0130516, Val Loss: 0.0119473
2024-11-07 22:42:06,253 Epoch 31/500
2024-11-07 22:42:48,065 Current Learning Rate: 0.0099054526
2024-11-07 22:42:48,956 Train Loss: 0.0130103, Val Loss: 0.0119053
2024-11-07 22:42:48,956 Epoch 32/500
2024-11-07 22:43:30,683 Current Learning Rate: 0.0098992753
2024-11-07 22:43:31,510 Train Loss: 0.0129652, Val Loss: 0.0118650
2024-11-07 22:43:31,510 Epoch 33/500
2024-11-07 22:44:14,169 Current Learning Rate: 0.0098929045
2024-11-07 22:44:14,998 Train Loss: 0.0129213, Val Loss: 0.0118285
2024-11-07 22:44:14,998 Epoch 34/500
2024-11-07 22:44:56,545 Current Learning Rate: 0.0098863406
2024-11-07 22:44:57,402 Train Loss: 0.0128869, Val Loss: 0.0118071
2024-11-07 22:44:57,402 Epoch 35/500
2024-11-07 22:45:39,235 Current Learning Rate: 0.0098795838
2024-11-07 22:45:40,087 Train Loss: 0.0128680, Val Loss: 0.0117558
2024-11-07 22:45:40,087 Epoch 36/500
2024-11-07 22:46:22,135 Current Learning Rate: 0.0098726344
2024-11-07 22:46:22,135 Train Loss: 0.0128403, Val Loss: 0.0117609
2024-11-07 22:46:22,136 Epoch 37/500
2024-11-07 22:47:05,416 Current Learning Rate: 0.0098654926
2024-11-07 22:47:06,287 Train Loss: 0.0127943, Val Loss: 0.0117057
2024-11-07 22:47:06,287 Epoch 38/500
2024-11-07 22:47:47,634 Current Learning Rate: 0.0098581587
2024-11-07 22:47:48,534 Train Loss: 0.0127491, Val Loss: 0.0116686
2024-11-07 22:47:48,535 Epoch 39/500
2024-11-07 22:48:30,442 Current Learning Rate: 0.0098506330
2024-11-07 22:48:31,322 Train Loss: 0.0126882, Val Loss: 0.0116176
2024-11-07 22:48:31,322 Epoch 40/500
2024-11-07 22:49:13,401 Current Learning Rate: 0.0098429158
2024-11-07 22:49:14,295 Train Loss: 0.0126285, Val Loss: 0.0115891
2024-11-07 22:49:14,295 Epoch 41/500
2024-11-07 22:49:55,995 Current Learning Rate: 0.0098350074
2024-11-07 22:49:56,855 Train Loss: 0.0125765, Val Loss: 0.0115646
2024-11-07 22:49:56,856 Epoch 42/500
2024-11-07 22:50:39,742 Current Learning Rate: 0.0098269082
2024-11-07 22:50:40,617 Train Loss: 0.0125321, Val Loss: 0.0115016
2024-11-07 22:50:40,618 Epoch 43/500
2024-11-07 22:51:22,759 Current Learning Rate: 0.0098186184
2024-11-07 22:51:23,574 Train Loss: 0.0124958, Val Loss: 0.0114938
2024-11-07 22:51:23,574 Epoch 44/500
2024-11-07 22:52:05,747 Current Learning Rate: 0.0098101384
2024-11-07 22:52:06,620 Train Loss: 0.0124629, Val Loss: 0.0114405
2024-11-07 22:52:06,620 Epoch 45/500
2024-11-07 22:52:48,425 Current Learning Rate: 0.0098014684
2024-11-07 22:52:49,275 Train Loss: 0.0124407, Val Loss: 0.0114370
2024-11-07 22:52:49,275 Epoch 46/500
2024-11-07 22:53:31,303 Current Learning Rate: 0.0097926089
2024-11-07 22:53:32,124 Train Loss: 0.0124412, Val Loss: 0.0113975
2024-11-07 22:53:32,124 Epoch 47/500
2024-11-07 22:54:13,751 Current Learning Rate: 0.0097835603
2024-11-07 22:54:13,752 Train Loss: 0.0124600, Val Loss: 0.0114263
2024-11-07 22:54:13,752 Epoch 48/500
2024-11-07 22:54:56,968 Current Learning Rate: 0.0097743227
2024-11-07 22:54:57,837 Train Loss: 0.0124140, Val Loss: 0.0113821
2024-11-07 22:54:57,838 Epoch 49/500
2024-11-07 22:55:40,107 Current Learning Rate: 0.0097648967
2024-11-07 22:55:40,108 Train Loss: 0.0124548, Val Loss: 0.0114872
2024-11-07 22:55:40,108 Epoch 50/500
2024-11-07 22:56:22,887 Current Learning Rate: 0.0097552826
2024-11-07 22:56:23,678 Train Loss: 0.0124228, Val Loss: 0.0113649
2024-11-07 22:56:23,679 Epoch 51/500
2024-11-07 22:57:06,012 Current Learning Rate: 0.0097454807
2024-11-07 22:57:06,946 Train Loss: 0.0123534, Val Loss: 0.0113432
2024-11-07 22:57:06,947 Epoch 52/500
2024-11-07 22:57:48,659 Current Learning Rate: 0.0097354915
2024-11-07 22:57:49,474 Train Loss: 0.0123351, Val Loss: 0.0113261
2024-11-07 22:57:49,474 Epoch 53/500
2024-11-07 22:58:31,602 Current Learning Rate: 0.0097253154
2024-11-07 22:58:31,603 Train Loss: 0.0123520, Val Loss: 0.0113274
2024-11-07 22:58:31,603 Epoch 54/500
2024-11-07 22:59:14,604 Current Learning Rate: 0.0097149527
2024-11-07 22:59:14,604 Train Loss: 0.0123213, Val Loss: 0.0113277
2024-11-07 22:59:14,604 Epoch 55/500
2024-11-07 22:59:57,404 Current Learning Rate: 0.0097044038
2024-11-07 22:59:57,404 Train Loss: 0.0123168, Val Loss: 0.0113346
2024-11-07 22:59:57,405 Epoch 56/500
2024-11-07 23:00:40,534 Current Learning Rate: 0.0096936693
2024-11-07 23:00:41,424 Train Loss: 0.0122913, Val Loss: 0.0112935
2024-11-07 23:00:41,425 Epoch 57/500
2024-11-07 23:01:23,188 Current Learning Rate: 0.0096827494
2024-11-07 23:01:23,189 Train Loss: 0.0122762, Val Loss: 0.0113010
2024-11-07 23:01:23,189 Epoch 58/500
2024-11-07 23:02:05,894 Current Learning Rate: 0.0096716447
2024-11-07 23:02:05,895 Train Loss: 0.0122585, Val Loss: 0.0113474
2024-11-07 23:02:05,895 Epoch 59/500
2024-11-07 23:02:48,631 Current Learning Rate: 0.0096603556
2024-11-07 23:02:48,631 Train Loss: 0.0123177, Val Loss: 0.0112963
2024-11-07 23:02:48,631 Epoch 60/500
2024-11-07 23:03:32,309 Current Learning Rate: 0.0096488824
2024-11-07 23:03:33,254 Train Loss: 0.0122490, Val Loss: 0.0112400
2024-11-07 23:03:33,254 Epoch 61/500
2024-11-07 23:04:16,450 Current Learning Rate: 0.0096372258
2024-11-07 23:04:17,397 Train Loss: 0.0122190, Val Loss: 0.0112330
2024-11-07 23:04:17,397 Epoch 62/500
2024-11-07 23:05:00,005 Current Learning Rate: 0.0096253860
2024-11-07 23:05:00,006 Train Loss: 0.0122347, Val Loss: 0.0112331
2024-11-07 23:05:00,006 Epoch 63/500
2024-11-07 23:05:42,539 Current Learning Rate: 0.0096133637
2024-11-07 23:05:43,460 Train Loss: 0.0122209, Val Loss: 0.0112023
2024-11-07 23:05:43,461 Epoch 64/500
2024-11-07 23:06:25,988 Current Learning Rate: 0.0096011592
2024-11-07 23:06:26,946 Train Loss: 0.0122057, Val Loss: 0.0111989
2024-11-07 23:06:26,946 Epoch 65/500
2024-11-07 23:07:10,037 Current Learning Rate: 0.0095887731
2024-11-07 23:07:10,939 Train Loss: 0.0121947, Val Loss: 0.0111890
2024-11-07 23:07:10,939 Epoch 66/500
2024-11-07 23:07:53,574 Current Learning Rate: 0.0095762059
2024-11-07 23:07:53,575 Train Loss: 0.0121866, Val Loss: 0.0112065
2024-11-07 23:07:53,575 Epoch 67/500
2024-11-07 23:08:36,935 Current Learning Rate: 0.0095634579
2024-11-07 23:08:37,800 Train Loss: 0.0121710, Val Loss: 0.0111340
2024-11-07 23:08:37,801 Epoch 68/500
2024-11-07 23:09:20,222 Current Learning Rate: 0.0095505299
2024-11-07 23:09:21,119 Train Loss: 0.0121109, Val Loss: 0.0110944
2024-11-07 23:09:21,119 Epoch 69/500
2024-11-07 23:10:03,479 Current Learning Rate: 0.0095374221
2024-11-07 23:10:04,404 Train Loss: 0.0120731, Val Loss: 0.0110829
2024-11-07 23:10:04,404 Epoch 70/500
2024-11-07 23:10:46,795 Current Learning Rate: 0.0095241353
2024-11-07 23:10:47,764 Train Loss: 0.0120599, Val Loss: 0.0110678
2024-11-07 23:10:47,764 Epoch 71/500
2024-11-07 23:11:29,672 Current Learning Rate: 0.0095106698
2024-11-07 23:11:30,541 Train Loss: 0.0119886, Val Loss: 0.0109996
2024-11-07 23:11:30,541 Epoch 72/500
2024-11-07 23:12:12,935 Current Learning Rate: 0.0094970263
2024-11-07 23:12:13,831 Train Loss: 0.0119338, Val Loss: 0.0108796
2024-11-07 23:12:13,832 Epoch 73/500
2024-11-07 23:12:55,664 Current Learning Rate: 0.0094832052
2024-11-07 23:12:56,470 Train Loss: 0.0117798, Val Loss: 0.0107755
2024-11-07 23:12:56,470 Epoch 74/500
2024-11-07 23:13:38,630 Current Learning Rate: 0.0094692071
2024-11-07 23:13:39,479 Train Loss: 0.0117550, Val Loss: 0.0105169
2024-11-07 23:13:39,479 Epoch 75/500
2024-11-07 23:14:21,627 Current Learning Rate: 0.0094550326
2024-11-07 23:14:22,419 Train Loss: 0.0113729, Val Loss: 0.0104467
2024-11-07 23:14:22,419 Epoch 76/500
2024-11-07 23:15:04,125 Current Learning Rate: 0.0094406822
2024-11-07 23:15:05,082 Train Loss: 0.0112202, Val Loss: 0.0101288
2024-11-07 23:15:05,082 Epoch 77/500
2024-11-07 23:15:48,041 Current Learning Rate: 0.0094261566
2024-11-07 23:15:48,042 Train Loss: 0.0112488, Val Loss: 0.0111536
2024-11-07 23:15:48,043 Epoch 78/500
2024-11-07 23:16:30,985 Current Learning Rate: 0.0094114561
2024-11-07 23:16:31,900 Train Loss: 0.0111576, Val Loss: 0.0098483
2024-11-07 23:16:31,901 Epoch 79/500
2024-11-07 23:17:14,779 Current Learning Rate: 0.0093965816
2024-11-07 23:17:18,746 Train Loss: 0.0105467, Val Loss: 0.0096502
2024-11-07 23:17:18,746 Epoch 80/500
2024-11-07 23:18:01,676 Current Learning Rate: 0.0093815334
2024-11-07 23:18:04,768 Train Loss: 0.0103667, Val Loss: 0.0095031
2024-11-07 23:18:04,768 Epoch 81/500
2024-11-07 23:18:47,242 Current Learning Rate: 0.0093663123
2024-11-07 23:18:48,101 Train Loss: 0.0103201, Val Loss: 0.0093548
2024-11-07 23:18:48,101 Epoch 82/500
2024-11-07 23:19:30,540 Current Learning Rate: 0.0093509188
2024-11-07 23:19:30,541 Train Loss: 0.0101477, Val Loss: 0.0096098
2024-11-07 23:19:30,541 Epoch 83/500
2024-11-07 23:20:12,703 Current Learning Rate: 0.0093353535
2024-11-07 23:20:13,653 Train Loss: 0.0102413, Val Loss: 0.0092060
2024-11-07 23:20:13,654 Epoch 84/500
2024-11-07 23:20:56,538 Current Learning Rate: 0.0093196171
2024-11-07 23:20:57,444 Train Loss: 0.0098635, Val Loss: 0.0091342
2024-11-07 23:20:57,444 Epoch 85/500
2024-11-07 23:21:40,154 Current Learning Rate: 0.0093037101
2024-11-07 23:21:41,046 Train Loss: 0.0099973, Val Loss: 0.0090344
2024-11-07 23:21:41,046 Epoch 86/500
2024-11-07 23:22:23,649 Current Learning Rate: 0.0092876333
2024-11-07 23:22:23,650 Train Loss: 0.0098351, Val Loss: 0.0091489
2024-11-07 23:22:23,650 Epoch 87/500
2024-11-07 23:23:06,237 Current Learning Rate: 0.0092713872
2024-11-07 23:23:07,177 Train Loss: 0.0098475, Val Loss: 0.0090277
2024-11-07 23:23:07,178 Epoch 88/500
2024-11-07 23:23:50,263 Current Learning Rate: 0.0092549724
2024-11-07 23:23:51,122 Train Loss: 0.0097378, Val Loss: 0.0089525
2024-11-07 23:23:51,123 Epoch 89/500
2024-11-07 23:24:33,725 Current Learning Rate: 0.0092383897
2024-11-07 23:24:34,591 Train Loss: 0.0095828, Val Loss: 0.0088342
2024-11-07 23:24:34,592 Epoch 90/500
2024-11-07 23:25:15,895 Current Learning Rate: 0.0092216396
2024-11-07 23:25:15,896 Train Loss: 0.0096245, Val Loss: 0.0088893
2024-11-07 23:25:15,896 Epoch 91/500
2024-11-07 23:25:58,636 Current Learning Rate: 0.0092047229
2024-11-07 23:25:59,450 Train Loss: 0.0094644, Val Loss: 0.0086671
2024-11-07 23:25:59,450 Epoch 92/500
2024-11-07 23:26:41,827 Current Learning Rate: 0.0091876402
2024-11-07 23:26:41,828 Train Loss: 0.0097283, Val Loss: 0.0088217
2024-11-07 23:26:41,829 Epoch 93/500
2024-11-07 23:27:24,495 Current Learning Rate: 0.0091703922
2024-11-07 23:27:24,495 Train Loss: 0.0094455, Val Loss: 0.0088597
2024-11-07 23:27:24,495 Epoch 94/500
2024-11-07 23:28:07,063 Current Learning Rate: 0.0091529795
2024-11-07 23:28:08,140 Train Loss: 0.0093411, Val Loss: 0.0085087
2024-11-07 23:28:08,140 Epoch 95/500
2024-11-07 23:28:50,568 Current Learning Rate: 0.0091354029
2024-11-07 23:28:51,479 Train Loss: 0.0090551, Val Loss: 0.0083278
2024-11-07 23:28:51,479 Epoch 96/500
2024-11-07 23:29:34,164 Current Learning Rate: 0.0091176630
2024-11-07 23:29:35,022 Train Loss: 0.0090625, Val Loss: 0.0081996
2024-11-07 23:29:35,022 Epoch 97/500
2024-11-07 23:30:17,334 Current Learning Rate: 0.0090997605
2024-11-07 23:30:18,253 Train Loss: 0.0089111, Val Loss: 0.0080680
2024-11-07 23:30:18,253 Epoch 98/500
2024-11-07 23:31:00,914 Current Learning Rate: 0.0090816963
2024-11-07 23:31:02,759 Train Loss: 0.0087597, Val Loss: 0.0080317
2024-11-07 23:31:02,760 Epoch 99/500
2024-11-07 23:31:44,977 Current Learning Rate: 0.0090634708
2024-11-07 23:31:45,855 Train Loss: 0.0085938, Val Loss: 0.0079159
2024-11-07 23:31:45,855 Epoch 100/500
2024-11-07 23:32:28,014 Current Learning Rate: 0.0090450850
2024-11-07 23:32:28,937 Train Loss: 0.0085626, Val Loss: 0.0078214
2024-11-07 23:32:28,938 Epoch 101/500
2024-11-07 23:33:11,897 Current Learning Rate: 0.0090265394
2024-11-07 23:33:12,855 Train Loss: 0.0084213, Val Loss: 0.0076927
2024-11-07 23:33:12,855 Epoch 102/500
2024-11-07 23:33:55,304 Current Learning Rate: 0.0090078349
2024-11-07 23:33:55,305 Train Loss: 0.0083415, Val Loss: 0.0079115
2024-11-07 23:33:55,306 Epoch 103/500
2024-11-07 23:34:38,038 Current Learning Rate: 0.0089889722
2024-11-07 23:34:38,041 Train Loss: 0.0084495, Val Loss: 0.0081668
2024-11-07 23:34:38,042 Epoch 104/500
2024-11-07 23:35:21,108 Current Learning Rate: 0.0089699520
2024-11-07 23:35:21,109 Train Loss: 0.0084807, Val Loss: 0.0079219
2024-11-07 23:35:21,109 Epoch 105/500
2024-11-07 23:36:04,113 Current Learning Rate: 0.0089507751
2024-11-07 23:36:05,059 Train Loss: 0.0082787, Val Loss: 0.0075868
2024-11-07 23:36:05,059 Epoch 106/500
2024-11-07 23:36:47,654 Current Learning Rate: 0.0089314422
2024-11-07 23:36:48,595 Train Loss: 0.0082018, Val Loss: 0.0074978
2024-11-07 23:36:48,595 Epoch 107/500
2024-11-07 23:37:31,110 Current Learning Rate: 0.0089119541
2024-11-07 23:37:32,059 Train Loss: 0.0080878, Val Loss: 0.0074788
2024-11-07 23:37:32,060 Epoch 108/500
2024-11-07 23:38:14,750 Current Learning Rate: 0.0088923115
2024-11-07 23:38:15,640 Train Loss: 0.0080311, Val Loss: 0.0074572
2024-11-07 23:38:15,640 Epoch 109/500
2024-11-07 23:38:58,264 Current Learning Rate: 0.0088725153
2024-11-07 23:38:59,125 Train Loss: 0.0080315, Val Loss: 0.0074001
2024-11-07 23:38:59,126 Epoch 110/500
2024-11-07 23:39:41,625 Current Learning Rate: 0.0088525662
2024-11-07 23:39:42,572 Train Loss: 0.0082375, Val Loss: 0.0073667
2024-11-07 23:39:42,572 Epoch 111/500
2024-11-07 23:40:25,610 Current Learning Rate: 0.0088324650
2024-11-07 23:40:26,627 Train Loss: 0.0079146, Val Loss: 0.0073540
2024-11-07 23:40:26,628 Epoch 112/500
2024-11-07 23:41:09,480 Current Learning Rate: 0.0088122126
2024-11-07 23:41:10,517 Train Loss: 0.0079099, Val Loss: 0.0071813
2024-11-07 23:41:10,517 Epoch 113/500
2024-11-07 23:41:53,648 Current Learning Rate: 0.0087918096
2024-11-07 23:41:53,650 Train Loss: 0.0080728, Val Loss: 0.0075504
2024-11-07 23:41:53,650 Epoch 114/500
2024-11-07 23:42:36,547 Current Learning Rate: 0.0087712569
2024-11-07 23:42:36,548 Train Loss: 0.0080282, Val Loss: 0.0074407
2024-11-07 23:42:36,548 Epoch 115/500
2024-11-07 23:43:19,178 Current Learning Rate: 0.0087505553
2024-11-07 23:43:19,179 Train Loss: 0.0087424, Val Loss: 0.0090356
2024-11-07 23:43:19,180 Epoch 116/500
2024-11-07 23:44:01,731 Current Learning Rate: 0.0087297057
2024-11-07 23:44:02,913 Train Loss: 0.0084912, Val Loss: 0.0077046
2024-11-07 23:44:02,915 Epoch 117/500
2024-11-07 23:44:45,520 Current Learning Rate: 0.0087087089
2024-11-07 23:44:45,521 Train Loss: 0.0082660, Val Loss: 0.0079776
2024-11-07 23:44:45,522 Epoch 118/500
2024-11-07 23:45:28,337 Current Learning Rate: 0.0086875656
2024-11-07 23:45:28,338 Train Loss: 0.0081005, Val Loss: 0.0074286
2024-11-07 23:45:28,338 Epoch 119/500
2024-11-07 23:46:11,223 Current Learning Rate: 0.0086662767
2024-11-07 23:46:11,224 Train Loss: 0.0081271, Val Loss: 0.0073211
2024-11-07 23:46:11,224 Epoch 120/500
2024-11-07 23:46:53,991 Current Learning Rate: 0.0086448431
2024-11-07 23:46:53,993 Train Loss: 0.0077879, Val Loss: 0.0072905
2024-11-07 23:46:53,993 Epoch 121/500
2024-11-07 23:47:37,028 Current Learning Rate: 0.0086232657
2024-11-07 23:47:37,030 Train Loss: 0.0077787, Val Loss: 0.0072158
2024-11-07 23:47:37,030 Epoch 122/500
2024-11-07 23:48:20,070 Current Learning Rate: 0.0086015451
2024-11-07 23:48:21,017 Train Loss: 0.0077486, Val Loss: 0.0071664
2024-11-07 23:48:21,017 Epoch 123/500
2024-11-07 23:49:04,061 Current Learning Rate: 0.0085796824
2024-11-07 23:49:04,996 Train Loss: 0.0075843, Val Loss: 0.0071159
2024-11-07 23:49:04,996 Epoch 124/500
2024-11-07 23:49:47,546 Current Learning Rate: 0.0085576784
2024-11-07 23:49:48,541 Train Loss: 0.0078122, Val Loss: 0.0070644
2024-11-07 23:49:48,541 Epoch 125/500
2024-11-07 23:50:31,315 Current Learning Rate: 0.0085355339
2024-11-07 23:50:31,316 Train Loss: 0.0076326, Val Loss: 0.0076103
2024-11-07 23:50:31,316 Epoch 126/500
2024-11-07 23:51:14,031 Current Learning Rate: 0.0085132498
2024-11-07 23:51:14,970 Train Loss: 0.0075467, Val Loss: 0.0069888
2024-11-07 23:51:14,970 Epoch 127/500
2024-11-07 23:51:57,629 Current Learning Rate: 0.0084908271
2024-11-07 23:51:57,630 Train Loss: 0.0078883, Val Loss: 0.0070635
2024-11-07 23:51:57,630 Epoch 128/500
2024-11-07 23:52:40,466 Current Learning Rate: 0.0084682665
2024-11-07 23:52:40,468 Train Loss: 0.0077054, Val Loss: 0.0070023
2024-11-07 23:52:40,468 Epoch 129/500
2024-11-07 23:53:23,308 Current Learning Rate: 0.0084455690
2024-11-07 23:53:23,309 Train Loss: 0.0080053, Val Loss: 0.0074959
2024-11-07 23:53:23,310 Epoch 130/500
2024-11-07 23:54:06,174 Current Learning Rate: 0.0084227355
2024-11-07 23:54:06,174 Train Loss: 0.0076480, Val Loss: 0.0070868
2024-11-07 23:54:06,175 Epoch 131/500
2024-11-07 23:54:48,779 Current Learning Rate: 0.0083997669
2024-11-07 23:54:48,785 Train Loss: 0.0078695, Val Loss: 0.0071509
2024-11-07 23:54:48,785 Epoch 132/500
2024-11-07 23:55:31,650 Current Learning Rate: 0.0083766640
2024-11-07 23:55:32,570 Train Loss: 0.0074656, Val Loss: 0.0068894
2024-11-07 23:55:32,570 Epoch 133/500
2024-11-07 23:56:14,476 Current Learning Rate: 0.0083534279
2024-11-07 23:56:14,476 Train Loss: 0.0074357, Val Loss: 0.0071089
2024-11-07 23:56:14,477 Epoch 134/500
2024-11-07 23:56:57,691 Current Learning Rate: 0.0083300593
2024-11-07 23:56:58,550 Train Loss: 0.0077327, Val Loss: 0.0068289
2024-11-07 23:56:58,550 Epoch 135/500
2024-11-07 23:57:40,645 Current Learning Rate: 0.0083065593
2024-11-07 23:57:41,459 Train Loss: 0.0072730, Val Loss: 0.0067916
2024-11-07 23:57:41,460 Epoch 136/500
2024-11-07 23:58:23,470 Current Learning Rate: 0.0082829288
2024-11-07 23:58:23,471 Train Loss: 0.0074184, Val Loss: 0.0068378
2024-11-07 23:58:23,472 Epoch 137/500
2024-11-07 23:59:06,151 Current Learning Rate: 0.0082591686
2024-11-07 23:59:07,042 Train Loss: 0.0071494, Val Loss: 0.0067802
2024-11-07 23:59:07,042 Epoch 138/500
2024-11-07 23:59:48,695 Current Learning Rate: 0.0082352798
2024-11-07 23:59:48,696 Train Loss: 0.0077151, Val Loss: 0.0071614
2024-11-07 23:59:48,697 Epoch 139/500
2024-11-08 00:00:31,407 Current Learning Rate: 0.0082112633
2024-11-08 00:00:31,407 Train Loss: 0.0080143, Val Loss: 0.0074311
2024-11-08 00:00:31,407 Epoch 140/500
2024-11-08 00:01:14,322 Current Learning Rate: 0.0081871199
2024-11-08 00:01:15,206 Train Loss: 0.0073650, Val Loss: 0.0066044
2024-11-08 00:01:15,207 Epoch 141/500
2024-11-08 00:01:56,719 Current Learning Rate: 0.0081628508
2024-11-08 00:01:57,588 Train Loss: 0.0071499, Val Loss: 0.0066006
2024-11-08 00:01:57,588 Epoch 142/500
2024-11-08 00:02:39,777 Current Learning Rate: 0.0081384568
2024-11-08 00:02:40,689 Train Loss: 0.0071652, Val Loss: 0.0065080
2024-11-08 00:02:40,689 Epoch 143/500
2024-11-08 00:03:22,842 Current Learning Rate: 0.0081139389
2024-11-08 00:03:22,843 Train Loss: 0.0074271, Val Loss: 0.0081458
2024-11-08 00:03:22,843 Epoch 144/500
2024-11-08 00:04:05,831 Current Learning Rate: 0.0080892981
2024-11-08 00:04:05,831 Train Loss: 0.0072859, Val Loss: 0.0066612
2024-11-08 00:04:05,832 Epoch 145/500
2024-11-08 00:04:48,743 Current Learning Rate: 0.0080645353
2024-11-08 00:04:48,744 Train Loss: 0.0074111, Val Loss: 0.0066496
2024-11-08 00:04:48,744 Epoch 146/500
2024-11-08 00:05:31,624 Current Learning Rate: 0.0080396515
2024-11-08 00:05:32,476 Train Loss: 0.0069171, Val Loss: 0.0064089
2024-11-08 00:05:32,477 Epoch 147/500
2024-11-08 00:06:14,650 Current Learning Rate: 0.0080146477
2024-11-08 00:06:14,651 Train Loss: 0.0069974, Val Loss: 0.0070677
2024-11-08 00:06:14,651 Epoch 148/500
2024-11-08 00:06:57,289 Current Learning Rate: 0.0079895249
2024-11-08 00:06:57,289 Train Loss: 0.0069063, Val Loss: 0.0067604
2024-11-08 00:06:57,290 Epoch 149/500
2024-11-08 00:07:40,250 Current Learning Rate: 0.0079642841
2024-11-08 00:07:40,252 Train Loss: 0.0067736, Val Loss: 0.0064420
2024-11-08 00:07:40,252 Epoch 150/500
2024-11-08 00:08:23,396 Current Learning Rate: 0.0079389263
2024-11-08 00:08:24,321 Train Loss: 0.0067033, Val Loss: 0.0061829
2024-11-08 00:08:24,321 Epoch 151/500
2024-11-08 00:09:07,074 Current Learning Rate: 0.0079134524
2024-11-08 00:09:07,075 Train Loss: 0.0069070, Val Loss: 0.0064371
2024-11-08 00:09:07,075 Epoch 152/500
2024-11-08 00:09:49,089 Current Learning Rate: 0.0078878635
2024-11-08 00:09:49,989 Train Loss: 0.0067236, Val Loss: 0.0061063
2024-11-08 00:09:49,990 Epoch 153/500
2024-11-08 00:10:31,498 Current Learning Rate: 0.0078621606
2024-11-08 00:10:32,367 Train Loss: 0.0065974, Val Loss: 0.0060072
2024-11-08 00:10:32,367 Epoch 154/500
2024-11-08 00:11:13,916 Current Learning Rate: 0.0078363447
2024-11-08 00:11:13,917 Train Loss: 0.0064580, Val Loss: 0.0064116
2024-11-08 00:11:13,917 Epoch 155/500
2024-11-08 00:11:56,040 Current Learning Rate: 0.0078104169
2024-11-08 00:11:56,894 Train Loss: 0.0063879, Val Loss: 0.0058803
2024-11-08 00:11:56,894 Epoch 156/500
2024-11-08 00:12:38,747 Current Learning Rate: 0.0077843781
2024-11-08 00:12:38,748 Train Loss: 0.0063071, Val Loss: 0.0058921
2024-11-08 00:12:38,748 Epoch 157/500
2024-11-08 00:13:21,424 Current Learning Rate: 0.0077582294
2024-11-08 00:13:21,425 Train Loss: 0.0067627, Val Loss: 0.0062161
2024-11-08 00:13:21,425 Epoch 158/500
2024-11-08 00:14:03,960 Current Learning Rate: 0.0077319717
2024-11-08 00:14:04,827 Train Loss: 0.0062842, Val Loss: 0.0058715
2024-11-08 00:14:04,828 Epoch 159/500
2024-11-08 00:14:46,831 Current Learning Rate: 0.0077056063
2024-11-08 00:14:47,657 Train Loss: 0.0062131, Val Loss: 0.0058053
2024-11-08 00:14:47,657 Epoch 160/500
2024-11-08 00:15:29,611 Current Learning Rate: 0.0076791340
2024-11-08 00:15:30,520 Train Loss: 0.0061689, Val Loss: 0.0055723
2024-11-08 00:15:30,520 Epoch 161/500
2024-11-08 00:16:13,339 Current Learning Rate: 0.0076525559
2024-11-08 00:16:13,340 Train Loss: 0.0060606, Val Loss: 0.0056133
2024-11-08 00:16:13,340 Epoch 162/500
2024-11-08 00:16:56,203 Current Learning Rate: 0.0076258731
2024-11-08 00:16:56,204 Train Loss: 0.0061301, Val Loss: 0.0057822
2024-11-08 00:16:56,204 Epoch 163/500
2024-11-08 00:17:38,685 Current Learning Rate: 0.0075990867
2024-11-08 00:17:38,685 Train Loss: 0.0060600, Val Loss: 0.0056386
2024-11-08 00:17:38,686 Epoch 164/500
2024-11-08 00:18:21,277 Current Learning Rate: 0.0075721977
2024-11-08 00:18:22,205 Train Loss: 0.0058362, Val Loss: 0.0053526
2024-11-08 00:18:22,205 Epoch 165/500
2024-11-08 00:19:03,781 Current Learning Rate: 0.0075452071
2024-11-08 00:19:03,782 Train Loss: 0.0058426, Val Loss: 0.0054727
2024-11-08 00:19:03,782 Epoch 166/500
2024-11-08 00:19:46,461 Current Learning Rate: 0.0075181160
2024-11-08 00:19:46,461 Train Loss: 0.0059891, Val Loss: 0.0058453
2024-11-08 00:19:46,461 Epoch 167/500
2024-11-08 00:20:29,278 Current Learning Rate: 0.0074909255
2024-11-08 00:20:30,252 Train Loss: 0.0059390, Val Loss: 0.0053253
2024-11-08 00:20:30,252 Epoch 168/500
2024-11-08 00:21:12,399 Current Learning Rate: 0.0074636367
2024-11-08 00:21:13,338 Train Loss: 0.0056589, Val Loss: 0.0052413
2024-11-08 00:21:13,339 Epoch 169/500
2024-11-08 00:21:54,822 Current Learning Rate: 0.0074362506
2024-11-08 00:21:54,822 Train Loss: 0.0056802, Val Loss: 0.0052561
2024-11-08 00:21:54,822 Epoch 170/500
2024-11-08 00:22:38,600 Current Learning Rate: 0.0074087684
2024-11-08 00:22:38,600 Train Loss: 0.0056563, Val Loss: 0.0056353
2024-11-08 00:22:38,600 Epoch 171/500
2024-11-08 00:23:21,301 Current Learning Rate: 0.0073811910
2024-11-08 00:23:22,203 Train Loss: 0.0056567, Val Loss: 0.0051781
2024-11-08 00:23:22,204 Epoch 172/500
2024-11-08 00:24:04,180 Current Learning Rate: 0.0073535197
2024-11-08 00:24:05,238 Train Loss: 0.0054826, Val Loss: 0.0051680
2024-11-08 00:24:05,238 Epoch 173/500
2024-11-08 00:24:47,051 Current Learning Rate: 0.0073257554
2024-11-08 00:24:48,010 Train Loss: 0.0054443, Val Loss: 0.0050798
2024-11-08 00:24:48,011 Epoch 174/500
2024-11-08 00:25:29,932 Current Learning Rate: 0.0072978993
2024-11-08 00:25:29,933 Train Loss: 0.0054496, Val Loss: 0.0051667
2024-11-08 00:25:29,933 Epoch 175/500
2024-11-08 00:26:12,970 Current Learning Rate: 0.0072699525
2024-11-08 00:26:12,971 Train Loss: 0.0053565, Val Loss: 0.0053172
2024-11-08 00:26:12,971 Epoch 176/500
2024-11-08 00:26:55,505 Current Learning Rate: 0.0072419161
2024-11-08 00:26:56,373 Train Loss: 0.0054158, Val Loss: 0.0050369
2024-11-08 00:26:56,374 Epoch 177/500
2024-11-08 00:27:38,124 Current Learning Rate: 0.0072137912
2024-11-08 00:27:38,992 Train Loss: 0.0053009, Val Loss: 0.0049588
2024-11-08 00:27:38,992 Epoch 178/500
2024-11-08 00:28:20,718 Current Learning Rate: 0.0071855788
2024-11-08 00:28:21,612 Train Loss: 0.0052910, Val Loss: 0.0049281
2024-11-08 00:28:21,612 Epoch 179/500
2024-11-08 00:29:03,385 Current Learning Rate: 0.0071572802
2024-11-08 00:29:04,289 Train Loss: 0.0054851, Val Loss: 0.0049177
2024-11-08 00:29:04,289 Epoch 180/500
2024-11-08 00:29:46,269 Current Learning Rate: 0.0071288965
2024-11-08 00:29:47,214 Train Loss: 0.0052598, Val Loss: 0.0048433
2024-11-08 00:29:47,215 Epoch 181/500
2024-11-08 00:30:29,207 Current Learning Rate: 0.0071004286
2024-11-08 00:30:30,147 Train Loss: 0.0051566, Val Loss: 0.0048192
2024-11-08 00:30:30,148 Epoch 182/500
2024-11-08 00:31:12,169 Current Learning Rate: 0.0070718779
2024-11-08 00:31:12,170 Train Loss: 0.0052951, Val Loss: 0.0049161
2024-11-08 00:31:12,170 Epoch 183/500
2024-11-08 00:31:55,776 Current Learning Rate: 0.0070432454
2024-11-08 00:31:55,777 Train Loss: 0.0052649, Val Loss: 0.0049453
2024-11-08 00:31:55,777 Epoch 184/500
2024-11-08 00:32:38,561 Current Learning Rate: 0.0070145322
2024-11-08 00:32:38,563 Train Loss: 0.0050289, Val Loss: 0.0048511
2024-11-08 00:32:38,563 Epoch 185/500
2024-11-08 00:33:21,504 Current Learning Rate: 0.0069857395
2024-11-08 00:33:21,505 Train Loss: 0.0050443, Val Loss: 0.0048278
2024-11-08 00:33:21,506 Epoch 186/500
2024-11-08 00:34:04,501 Current Learning Rate: 0.0069568683
2024-11-08 00:34:05,409 Train Loss: 0.0049701, Val Loss: 0.0047274
2024-11-08 00:34:05,410 Epoch 187/500
2024-11-08 00:34:47,942 Current Learning Rate: 0.0069279200
2024-11-08 00:34:48,800 Train Loss: 0.0049878, Val Loss: 0.0046626
2024-11-08 00:34:48,800 Epoch 188/500
2024-11-08 00:35:30,223 Current Learning Rate: 0.0068988955
2024-11-08 00:35:31,131 Train Loss: 0.0049107, Val Loss: 0.0045812
2024-11-08 00:35:31,131 Epoch 189/500
2024-11-08 00:36:12,896 Current Learning Rate: 0.0068697960
2024-11-08 00:36:12,897 Train Loss: 0.0050526, Val Loss: 0.0047874
2024-11-08 00:36:12,897 Epoch 190/500
2024-11-08 00:36:55,387 Current Learning Rate: 0.0068406228
2024-11-08 00:36:55,387 Train Loss: 0.0047581, Val Loss: 0.0046086
2024-11-08 00:36:55,387 Epoch 191/500
2024-11-08 00:37:37,879 Current Learning Rate: 0.0068113768
2024-11-08 00:37:37,879 Train Loss: 0.0049161, Val Loss: 0.0046687
2024-11-08 00:37:37,879 Epoch 192/500
2024-11-08 00:38:21,034 Current Learning Rate: 0.0067820594
2024-11-08 00:38:21,035 Train Loss: 0.0048083, Val Loss: 0.0046054
2024-11-08 00:38:21,035 Epoch 193/500
2024-11-08 00:39:04,276 Current Learning Rate: 0.0067526716
2024-11-08 00:39:05,223 Train Loss: 0.0047706, Val Loss: 0.0045204
2024-11-08 00:39:05,223 Epoch 194/500
2024-11-08 00:39:47,144 Current Learning Rate: 0.0067232146
2024-11-08 00:39:48,072 Train Loss: 0.0048379, Val Loss: 0.0044465
2024-11-08 00:39:48,072 Epoch 195/500
2024-11-08 00:40:29,931 Current Learning Rate: 0.0066936896
2024-11-08 00:40:29,932 Train Loss: 0.0047138, Val Loss: 0.0044838
2024-11-08 00:40:29,932 Epoch 196/500
2024-11-08 00:41:13,073 Current Learning Rate: 0.0066640977
2024-11-08 00:41:13,073 Train Loss: 0.0046545, Val Loss: 0.0046020
2024-11-08 00:41:13,074 Epoch 197/500
2024-11-08 00:41:55,789 Current Learning Rate: 0.0066344401
2024-11-08 00:41:55,789 Train Loss: 0.0046251, Val Loss: 0.0044483
2024-11-08 00:41:55,789 Epoch 198/500
2024-11-08 00:42:38,579 Current Learning Rate: 0.0066047180
2024-11-08 00:42:39,513 Train Loss: 0.0046265, Val Loss: 0.0044011
2024-11-08 00:42:39,513 Epoch 199/500
2024-11-08 00:43:21,974 Current Learning Rate: 0.0065749326
2024-11-08 00:43:21,975 Train Loss: 0.0045786, Val Loss: 0.0044053
2024-11-08 00:43:21,975 Epoch 200/500
2024-11-08 00:44:04,304 Current Learning Rate: 0.0065450850
2024-11-08 00:44:04,305 Train Loss: 0.0044677, Val Loss: 0.0044895
2024-11-08 00:44:04,305 Epoch 201/500
2024-11-08 00:44:47,147 Current Learning Rate: 0.0065151763
2024-11-08 00:44:47,148 Train Loss: 0.0049675, Val Loss: 0.0044941
2024-11-08 00:44:47,148 Epoch 202/500
2024-11-08 00:45:30,077 Current Learning Rate: 0.0064852079
2024-11-08 00:45:31,003 Train Loss: 0.0046224, Val Loss: 0.0043385
2024-11-08 00:45:31,004 Epoch 203/500
2024-11-08 00:46:12,810 Current Learning Rate: 0.0064551808
2024-11-08 00:46:12,811 Train Loss: 0.0046912, Val Loss: 0.0044550
2024-11-08 00:46:12,812 Epoch 204/500
2024-11-08 00:46:56,135 Current Learning Rate: 0.0064250963
2024-11-08 00:46:57,110 Train Loss: 0.0044573, Val Loss: 0.0042256
2024-11-08 00:46:57,111 Epoch 205/500
2024-11-08 00:47:39,864 Current Learning Rate: 0.0063949555
2024-11-08 00:47:40,831 Train Loss: 0.0043434, Val Loss: 0.0041385
2024-11-08 00:47:40,831 Epoch 206/500
2024-11-08 00:48:23,421 Current Learning Rate: 0.0063647597
2024-11-08 00:48:24,359 Train Loss: 0.0043148, Val Loss: 0.0041067
2024-11-08 00:48:24,359 Epoch 207/500
2024-11-08 00:49:07,156 Current Learning Rate: 0.0063345099
2024-11-08 00:49:07,156 Train Loss: 0.0043762, Val Loss: 0.0044643
2024-11-08 00:49:07,157 Epoch 208/500
2024-11-08 00:49:49,924 Current Learning Rate: 0.0063042075
2024-11-08 00:49:49,925 Train Loss: 0.0043904, Val Loss: 0.0041528
2024-11-08 00:49:49,925 Epoch 209/500
2024-11-08 00:50:32,995 Current Learning Rate: 0.0062738536
2024-11-08 00:50:32,996 Train Loss: 0.0043048, Val Loss: 0.0041957
2024-11-08 00:50:32,996 Epoch 210/500
2024-11-08 00:51:15,955 Current Learning Rate: 0.0062434494
2024-11-08 00:51:16,882 Train Loss: 0.0042058, Val Loss: 0.0039898
2024-11-08 00:51:16,882 Epoch 211/500
2024-11-08 00:51:59,865 Current Learning Rate: 0.0062129962
2024-11-08 00:52:00,765 Train Loss: 0.0041541, Val Loss: 0.0039565
2024-11-08 00:52:00,765 Epoch 212/500
2024-11-08 00:52:43,845 Current Learning Rate: 0.0061824950
2024-11-08 00:52:43,846 Train Loss: 0.0041081, Val Loss: 0.0039698
2024-11-08 00:52:43,847 Epoch 213/500
2024-11-08 00:53:26,315 Current Learning Rate: 0.0061519471
2024-11-08 00:53:26,315 Train Loss: 0.0040916, Val Loss: 0.0039911
2024-11-08 00:53:26,315 Epoch 214/500
2024-11-08 00:54:09,131 Current Learning Rate: 0.0061213538
2024-11-08 00:54:10,102 Train Loss: 0.0040633, Val Loss: 0.0039556
2024-11-08 00:54:10,102 Epoch 215/500
2024-11-08 00:54:51,944 Current Learning Rate: 0.0060907162
2024-11-08 00:54:51,945 Train Loss: 0.0041073, Val Loss: 0.0040040
2024-11-08 00:54:51,945 Epoch 216/500
2024-11-08 00:55:35,033 Current Learning Rate: 0.0060600355
2024-11-08 00:55:35,941 Train Loss: 0.0040960, Val Loss: 0.0039461
2024-11-08 00:55:35,942 Epoch 217/500
2024-11-08 00:56:17,739 Current Learning Rate: 0.0060293130
2024-11-08 00:56:18,659 Train Loss: 0.0039874, Val Loss: 0.0038406
2024-11-08 00:56:18,660 Epoch 218/500
2024-11-08 00:57:00,475 Current Learning Rate: 0.0059985499
2024-11-08 00:57:00,476 Train Loss: 0.0039897, Val Loss: 0.0038800
2024-11-08 00:57:00,476 Epoch 219/500
2024-11-08 00:57:43,726 Current Learning Rate: 0.0059677473
2024-11-08 00:57:43,727 Train Loss: 0.0042972, Val Loss: 0.0042721
2024-11-08 00:57:43,727 Epoch 220/500
2024-11-08 00:58:26,828 Current Learning Rate: 0.0059369066
2024-11-08 00:58:26,830 Train Loss: 0.0041985, Val Loss: 0.0043838
2024-11-08 00:58:26,830 Epoch 221/500
2024-11-08 00:59:10,609 Current Learning Rate: 0.0059060288
2024-11-08 00:59:10,609 Train Loss: 0.0040493, Val Loss: 0.0039829
2024-11-08 00:59:10,609 Epoch 222/500
2024-11-08 00:59:53,489 Current Learning Rate: 0.0058751153
2024-11-08 00:59:54,448 Train Loss: 0.0038319, Val Loss: 0.0038077
2024-11-08 00:59:54,449 Epoch 223/500
2024-11-08 01:00:36,917 Current Learning Rate: 0.0058441672
2024-11-08 01:00:36,918 Train Loss: 0.0040734, Val Loss: 0.0038241
2024-11-08 01:00:36,918 Epoch 224/500
2024-11-08 01:01:20,220 Current Learning Rate: 0.0058131858
2024-11-08 01:01:21,164 Train Loss: 0.0038879, Val Loss: 0.0037257
2024-11-08 01:01:21,164 Epoch 225/500
2024-11-08 01:02:03,897 Current Learning Rate: 0.0057821723
2024-11-08 01:02:04,857 Train Loss: 0.0037249, Val Loss: 0.0036284
2024-11-08 01:02:04,857 Epoch 226/500
2024-11-08 01:02:47,554 Current Learning Rate: 0.0057511279
2024-11-08 01:02:47,556 Train Loss: 0.0037179, Val Loss: 0.0037187
2024-11-08 01:02:47,556 Epoch 227/500
2024-11-08 01:03:30,651 Current Learning Rate: 0.0057200539
2024-11-08 01:03:30,652 Train Loss: 0.0037466, Val Loss: 0.0036335
2024-11-08 01:03:30,652 Epoch 228/500
2024-11-08 01:04:12,876 Current Learning Rate: 0.0056889515
2024-11-08 01:04:12,876 Train Loss: 0.0037025, Val Loss: 0.0036742
2024-11-08 01:04:12,876 Epoch 229/500
2024-11-08 01:04:55,874 Current Learning Rate: 0.0056578218
2024-11-08 01:04:56,793 Train Loss: 0.0037014, Val Loss: 0.0035937
2024-11-08 01:04:56,793 Epoch 230/500
2024-11-08 01:05:38,645 Current Learning Rate: 0.0056266662
2024-11-08 01:05:38,646 Train Loss: 0.0036929, Val Loss: 0.0037805
2024-11-08 01:05:38,646 Epoch 231/500
2024-11-08 01:06:21,313 Current Learning Rate: 0.0055954858
2024-11-08 01:06:22,248 Train Loss: 0.0036820, Val Loss: 0.0035636
2024-11-08 01:06:22,248 Epoch 232/500
2024-11-08 01:07:04,249 Current Learning Rate: 0.0055642819
2024-11-08 01:07:04,250 Train Loss: 0.0036421, Val Loss: 0.0035730
2024-11-08 01:07:04,250 Epoch 233/500
2024-11-08 01:07:46,680 Current Learning Rate: 0.0055330558
2024-11-08 01:07:47,591 Train Loss: 0.0035876, Val Loss: 0.0035221
2024-11-08 01:07:47,592 Epoch 234/500
2024-11-08 01:08:28,836 Current Learning Rate: 0.0055018086
2024-11-08 01:08:29,751 Train Loss: 0.0035359, Val Loss: 0.0034464
2024-11-08 01:08:29,752 Epoch 235/500
2024-11-08 01:09:12,370 Current Learning Rate: 0.0054705416
2024-11-08 01:09:12,371 Train Loss: 0.0035811, Val Loss: 0.0035625
2024-11-08 01:09:12,371 Epoch 236/500
2024-11-08 01:09:55,451 Current Learning Rate: 0.0054392560
2024-11-08 01:09:56,382 Train Loss: 0.0035540, Val Loss: 0.0034231
2024-11-08 01:09:56,382 Epoch 237/500
2024-11-08 01:10:38,942 Current Learning Rate: 0.0054079531
2024-11-08 01:10:38,943 Train Loss: 0.0036245, Val Loss: 0.0037741
2024-11-08 01:10:38,943 Epoch 238/500
2024-11-08 01:11:21,877 Current Learning Rate: 0.0053766340
2024-11-08 01:11:21,879 Train Loss: 0.0036562, Val Loss: 0.0034597
2024-11-08 01:11:21,879 Epoch 239/500
2024-11-08 01:12:04,831 Current Learning Rate: 0.0053453001
2024-11-08 01:12:04,832 Train Loss: 0.0033883, Val Loss: 0.0034372
2024-11-08 01:12:04,833 Epoch 240/500
2024-11-08 01:12:47,752 Current Learning Rate: 0.0053139526
2024-11-08 01:12:47,753 Train Loss: 0.0034333, Val Loss: 0.0035303
2024-11-08 01:12:47,753 Epoch 241/500
2024-11-08 01:13:30,666 Current Learning Rate: 0.0052825927
2024-11-08 01:13:31,643 Train Loss: 0.0034895, Val Loss: 0.0034085
2024-11-08 01:13:31,643 Epoch 242/500
2024-11-08 01:14:14,307 Current Learning Rate: 0.0052512216
2024-11-08 01:14:14,308 Train Loss: 0.0033472, Val Loss: 0.0034433
2024-11-08 01:14:14,308 Epoch 243/500
2024-11-08 01:14:57,568 Current Learning Rate: 0.0052198406
2024-11-08 01:14:58,524 Train Loss: 0.0033367, Val Loss: 0.0033383
2024-11-08 01:14:58,525 Epoch 244/500
2024-11-08 01:15:41,259 Current Learning Rate: 0.0051884509
2024-11-08 01:15:42,226 Train Loss: 0.0032853, Val Loss: 0.0032650
2024-11-08 01:15:42,226 Epoch 245/500
2024-11-08 01:16:24,114 Current Learning Rate: 0.0051570538
2024-11-08 01:16:24,115 Train Loss: 0.0033493, Val Loss: 0.0032697
2024-11-08 01:16:24,115 Epoch 246/500
2024-11-08 01:17:07,834 Current Learning Rate: 0.0051256505
2024-11-08 01:17:07,834 Train Loss: 0.0033674, Val Loss: 0.0033697
2024-11-08 01:17:07,834 Epoch 247/500
2024-11-08 01:17:50,717 Current Learning Rate: 0.0050942422
2024-11-08 01:17:51,649 Train Loss: 0.0033547, Val Loss: 0.0032349
2024-11-08 01:17:51,649 Epoch 248/500
2024-11-08 01:18:33,709 Current Learning Rate: 0.0050628302
2024-11-08 01:18:33,710 Train Loss: 0.0033681, Val Loss: 0.0032384
2024-11-08 01:18:33,711 Epoch 249/500
2024-11-08 01:19:16,551 Current Learning Rate: 0.0050314157
2024-11-08 01:19:16,553 Train Loss: 0.0032533, Val Loss: 0.0033039
2024-11-08 01:19:16,553 Epoch 250/500
2024-11-08 01:19:59,261 Current Learning Rate: 0.0050000000
2024-11-08 01:20:00,221 Train Loss: 0.0032788, Val Loss: 0.0032263
2024-11-08 01:20:00,227 Epoch 251/500
2024-11-08 01:20:42,237 Current Learning Rate: 0.0049685843
2024-11-08 01:20:42,238 Train Loss: 0.0033295, Val Loss: 0.0033819
2024-11-08 01:20:42,239 Epoch 252/500
2024-11-08 01:21:24,811 Current Learning Rate: 0.0049371698
2024-11-08 01:21:24,811 Train Loss: 0.0033042, Val Loss: 0.0032855
2024-11-08 01:21:24,811 Epoch 253/500
2024-11-08 01:22:07,851 Current Learning Rate: 0.0049057578
2024-11-08 01:22:08,809 Train Loss: 0.0031218, Val Loss: 0.0031175
2024-11-08 01:22:08,810 Epoch 254/500
2024-11-08 01:22:50,893 Current Learning Rate: 0.0048743495
2024-11-08 01:22:50,894 Train Loss: 0.0031184, Val Loss: 0.0031945
2024-11-08 01:22:50,894 Epoch 255/500
2024-11-08 01:23:33,866 Current Learning Rate: 0.0048429462
2024-11-08 01:23:34,794 Train Loss: 0.0031108, Val Loss: 0.0030865
2024-11-08 01:23:34,794 Epoch 256/500
2024-11-08 01:24:16,734 Current Learning Rate: 0.0048115491
2024-11-08 01:24:16,735 Train Loss: 0.0036382, Val Loss: 0.0034433
2024-11-08 01:24:16,735 Epoch 257/500
2024-11-08 01:24:59,993 Current Learning Rate: 0.0047801594
2024-11-08 01:24:59,993 Train Loss: 0.0032260, Val Loss: 0.0032745
2024-11-08 01:24:59,994 Epoch 258/500
2024-11-08 01:25:43,279 Current Learning Rate: 0.0047487784
2024-11-08 01:25:43,285 Train Loss: 0.0031652, Val Loss: 0.0033219
2024-11-08 01:25:43,285 Epoch 259/500
2024-11-08 01:26:25,688 Current Learning Rate: 0.0047174073
2024-11-08 01:26:25,690 Train Loss: 0.0030733, Val Loss: 0.0032064
2024-11-08 01:26:25,690 Epoch 260/500
2024-11-08 01:27:08,444 Current Learning Rate: 0.0046860474
2024-11-08 01:27:08,445 Train Loss: 0.0030425, Val Loss: 0.0031776
2024-11-08 01:27:08,445 Epoch 261/500
2024-11-08 01:27:51,541 Current Learning Rate: 0.0046546999
2024-11-08 01:27:51,542 Train Loss: 0.0031654, Val Loss: 0.0032469
2024-11-08 01:27:51,542 Epoch 262/500
2024-11-08 01:28:34,582 Current Learning Rate: 0.0046233660
2024-11-08 01:28:34,583 Train Loss: 0.0033401, Val Loss: 0.0034137
2024-11-08 01:28:34,583 Epoch 263/500
2024-11-08 01:29:17,565 Current Learning Rate: 0.0045920469
2024-11-08 01:29:17,566 Train Loss: 0.0031818, Val Loss: 0.0031580
2024-11-08 01:29:17,567 Epoch 264/500
2024-11-08 01:30:00,771 Current Learning Rate: 0.0045607440
2024-11-08 01:30:01,726 Train Loss: 0.0030530, Val Loss: 0.0030074
2024-11-08 01:30:01,727 Epoch 265/500
2024-11-08 01:30:44,152 Current Learning Rate: 0.0045294584
2024-11-08 01:30:44,153 Train Loss: 0.0030204, Val Loss: 0.0031026
2024-11-08 01:30:44,154 Epoch 266/500
2024-11-08 01:31:27,336 Current Learning Rate: 0.0044981914
2024-11-08 01:31:27,337 Train Loss: 0.0030143, Val Loss: 0.0030419
2024-11-08 01:31:27,337 Epoch 267/500
2024-11-08 01:32:10,115 Current Learning Rate: 0.0044669442
2024-11-08 01:32:10,116 Train Loss: 0.0030092, Val Loss: 0.0030110
2024-11-08 01:32:10,116 Epoch 268/500
2024-11-08 01:32:52,995 Current Learning Rate: 0.0044357181
2024-11-08 01:32:52,995 Train Loss: 0.0030129, Val Loss: 0.0030147
2024-11-08 01:32:52,996 Epoch 269/500
2024-11-08 01:33:36,069 Current Learning Rate: 0.0044045142
2024-11-08 01:33:36,990 Train Loss: 0.0028804, Val Loss: 0.0029191
2024-11-08 01:33:36,990 Epoch 270/500
2024-11-08 01:34:18,944 Current Learning Rate: 0.0043733338
2024-11-08 01:34:19,868 Train Loss: 0.0028698, Val Loss: 0.0028887
2024-11-08 01:34:19,868 Epoch 271/500
2024-11-08 01:35:02,025 Current Learning Rate: 0.0043421782
2024-11-08 01:35:04,212 Train Loss: 0.0028867, Val Loss: 0.0028803
2024-11-08 01:35:04,212 Epoch 272/500
2024-11-08 01:35:45,810 Current Learning Rate: 0.0043110485
2024-11-08 01:35:45,811 Train Loss: 0.0029417, Val Loss: 0.0029033
2024-11-08 01:35:45,811 Epoch 273/500
2024-11-08 01:36:29,178 Current Learning Rate: 0.0042799461
2024-11-08 01:36:30,092 Train Loss: 0.0028996, Val Loss: 0.0028719
2024-11-08 01:36:30,092 Epoch 274/500
2024-11-08 01:37:12,740 Current Learning Rate: 0.0042488721
2024-11-08 01:37:12,741 Train Loss: 0.0028168, Val Loss: 0.0028749
2024-11-08 01:37:12,741 Epoch 275/500
2024-11-08 01:37:55,621 Current Learning Rate: 0.0042178277
2024-11-08 01:37:55,621 Train Loss: 0.0028263, Val Loss: 0.0028951
2024-11-08 01:37:55,621 Epoch 276/500
2024-11-08 01:38:38,214 Current Learning Rate: 0.0041868142
2024-11-08 01:38:38,215 Train Loss: 0.0028179, Val Loss: 0.0029661
2024-11-08 01:38:38,215 Epoch 277/500
2024-11-08 01:39:21,529 Current Learning Rate: 0.0041558328
2024-11-08 01:39:21,529 Train Loss: 0.0028070, Val Loss: 0.0029726
2024-11-08 01:39:21,530 Epoch 278/500
2024-11-08 01:40:04,572 Current Learning Rate: 0.0041248847
2024-11-08 01:40:05,517 Train Loss: 0.0027948, Val Loss: 0.0028514
2024-11-08 01:40:05,517 Epoch 279/500
2024-11-08 01:40:48,068 Current Learning Rate: 0.0040939712
2024-11-08 01:40:48,976 Train Loss: 0.0028953, Val Loss: 0.0028033
2024-11-08 01:40:48,976 Epoch 280/500
2024-11-08 01:41:31,579 Current Learning Rate: 0.0040630934
2024-11-08 01:41:31,580 Train Loss: 0.0028294, Val Loss: 0.0028310
2024-11-08 01:41:31,580 Epoch 281/500
2024-11-08 01:42:14,632 Current Learning Rate: 0.0040322527
2024-11-08 01:42:14,633 Train Loss: 0.0027343, Val Loss: 0.0028069
2024-11-08 01:42:14,633 Epoch 282/500
2024-11-08 01:42:57,495 Current Learning Rate: 0.0040014501
2024-11-08 01:42:57,495 Train Loss: 0.0028285, Val Loss: 0.0028769
2024-11-08 01:42:57,495 Epoch 283/500
2024-11-08 01:43:40,285 Current Learning Rate: 0.0039706870
2024-11-08 01:43:41,207 Train Loss: 0.0027319, Val Loss: 0.0027515
2024-11-08 01:43:41,207 Epoch 284/500
2024-11-08 01:44:23,877 Current Learning Rate: 0.0039399645
2024-11-08 01:44:24,772 Train Loss: 0.0027280, Val Loss: 0.0027314
2024-11-08 01:44:24,773 Epoch 285/500
2024-11-08 01:45:07,588 Current Learning Rate: 0.0039092838
2024-11-08 01:45:08,495 Train Loss: 0.0026949, Val Loss: 0.0027240
2024-11-08 01:45:08,495 Epoch 286/500
2024-11-08 01:45:51,233 Current Learning Rate: 0.0038786462
2024-11-08 01:45:51,234 Train Loss: 0.0026612, Val Loss: 0.0027309
2024-11-08 01:45:51,234 Epoch 287/500
2024-11-08 01:46:34,229 Current Learning Rate: 0.0038480529
2024-11-08 01:46:34,230 Train Loss: 0.0027216, Val Loss: 0.0029261
2024-11-08 01:46:34,230 Epoch 288/500
2024-11-08 01:47:17,435 Current Learning Rate: 0.0038175050
2024-11-08 01:47:18,358 Train Loss: 0.0026921, Val Loss: 0.0026978
2024-11-08 01:47:18,359 Epoch 289/500
2024-11-08 01:48:01,053 Current Learning Rate: 0.0037870038
2024-11-08 01:48:01,054 Train Loss: 0.0027452, Val Loss: 0.0027795
2024-11-08 01:48:01,054 Epoch 290/500
2024-11-08 01:48:44,164 Current Learning Rate: 0.0037565506
2024-11-08 01:48:45,051 Train Loss: 0.0026693, Val Loss: 0.0026841
2024-11-08 01:48:45,051 Epoch 291/500
2024-11-08 01:49:27,840 Current Learning Rate: 0.0037261464
2024-11-08 01:49:27,841 Train Loss: 0.0026630, Val Loss: 0.0026941
2024-11-08 01:49:27,842 Epoch 292/500
2024-11-08 01:50:10,773 Current Learning Rate: 0.0036957925
2024-11-08 01:50:11,720 Train Loss: 0.0026150, Val Loss: 0.0026761
2024-11-08 01:50:11,720 Epoch 293/500
2024-11-08 01:50:54,462 Current Learning Rate: 0.0036654901
2024-11-08 01:50:54,463 Train Loss: 0.0026499, Val Loss: 0.0026927
2024-11-08 01:50:54,463 Epoch 294/500
2024-11-08 01:51:36,886 Current Learning Rate: 0.0036352403
2024-11-08 01:51:37,836 Train Loss: 0.0026793, Val Loss: 0.0026594
2024-11-08 01:51:37,836 Epoch 295/500
2024-11-08 01:52:19,763 Current Learning Rate: 0.0036050445
2024-11-08 01:52:19,764 Train Loss: 0.0026303, Val Loss: 0.0027209
2024-11-08 01:52:19,764 Epoch 296/500
2024-11-08 01:53:02,695 Current Learning Rate: 0.0035749037
2024-11-08 01:53:02,697 Train Loss: 0.0026265, Val Loss: 0.0026800
2024-11-08 01:53:02,698 Epoch 297/500
2024-11-08 01:53:45,551 Current Learning Rate: 0.0035448192
2024-11-08 01:53:45,553 Train Loss: 0.0026187, Val Loss: 0.0027020
2024-11-08 01:53:45,553 Epoch 298/500
2024-11-08 01:54:28,358 Current Learning Rate: 0.0035147921
2024-11-08 01:54:29,285 Train Loss: 0.0025764, Val Loss: 0.0026144
2024-11-08 01:54:29,286 Epoch 299/500
2024-11-08 01:55:11,450 Current Learning Rate: 0.0034848237
2024-11-08 01:55:11,451 Train Loss: 0.0026466, Val Loss: 0.0026284
2024-11-08 01:55:11,451 Epoch 300/500
2024-11-08 01:55:54,248 Current Learning Rate: 0.0034549150
2024-11-08 01:55:54,248 Train Loss: 0.0025195, Val Loss: 0.0026194
2024-11-08 01:55:54,249 Epoch 301/500
2024-11-08 01:56:37,326 Current Learning Rate: 0.0034250674
2024-11-08 01:56:38,258 Train Loss: 0.0025307, Val Loss: 0.0026074
2024-11-08 01:56:38,259 Epoch 302/500
2024-11-08 01:57:20,813 Current Learning Rate: 0.0033952820
2024-11-08 01:57:21,790 Train Loss: 0.0025387, Val Loss: 0.0025979
2024-11-08 01:57:21,790 Epoch 303/500
2024-11-08 01:58:04,607 Current Learning Rate: 0.0033655599
2024-11-08 01:58:05,564 Train Loss: 0.0025362, Val Loss: 0.0025861
2024-11-08 01:58:05,564 Epoch 304/500
2024-11-08 01:58:48,077 Current Learning Rate: 0.0033359023
2024-11-08 01:58:48,983 Train Loss: 0.0025322, Val Loss: 0.0025666
2024-11-08 01:58:48,983 Epoch 305/500
2024-11-08 01:59:31,723 Current Learning Rate: 0.0033063104
2024-11-08 01:59:31,724 Train Loss: 0.0025310, Val Loss: 0.0026316
2024-11-08 01:59:31,724 Epoch 306/500
2024-11-08 02:00:14,565 Current Learning Rate: 0.0032767854
2024-11-08 02:00:14,566 Train Loss: 0.0025621, Val Loss: 0.0025807
2024-11-08 02:00:14,566 Epoch 307/500
2024-11-08 02:00:57,956 Current Learning Rate: 0.0032473284
2024-11-08 02:00:57,957 Train Loss: 0.0025565, Val Loss: 0.0026114
2024-11-08 02:00:57,958 Epoch 308/500
2024-11-08 02:01:41,146 Current Learning Rate: 0.0032179406
2024-11-08 02:01:42,129 Train Loss: 0.0024896, Val Loss: 0.0025449
2024-11-08 02:01:42,129 Epoch 309/500
2024-11-08 02:02:24,549 Current Learning Rate: 0.0031886232
2024-11-08 02:02:24,550 Train Loss: 0.0024695, Val Loss: 0.0025863
2024-11-08 02:02:24,550 Epoch 310/500
2024-11-08 02:03:07,221 Current Learning Rate: 0.0031593772
2024-11-08 02:03:07,222 Train Loss: 0.0024845, Val Loss: 0.0025474
2024-11-08 02:03:07,222 Epoch 311/500
2024-11-08 02:03:50,070 Current Learning Rate: 0.0031302040
2024-11-08 02:03:50,071 Train Loss: 0.0024813, Val Loss: 0.0025720
2024-11-08 02:03:50,071 Epoch 312/500
2024-11-08 02:04:32,775 Current Learning Rate: 0.0031011045
2024-11-08 02:04:32,776 Train Loss: 0.0024523, Val Loss: 0.0025813
2024-11-08 02:04:32,776 Epoch 313/500
2024-11-08 02:05:15,634 Current Learning Rate: 0.0030720800
2024-11-08 02:05:16,548 Train Loss: 0.0024558, Val Loss: 0.0025365
2024-11-08 02:05:16,548 Epoch 314/500
2024-11-08 02:05:58,411 Current Learning Rate: 0.0030431317
2024-11-08 02:05:59,318 Train Loss: 0.0024416, Val Loss: 0.0024905
2024-11-08 02:05:59,318 Epoch 315/500
2024-11-08 02:06:41,350 Current Learning Rate: 0.0030142605
2024-11-08 02:06:42,336 Train Loss: 0.0024359, Val Loss: 0.0024858
2024-11-08 02:06:42,336 Epoch 316/500
2024-11-08 02:07:24,288 Current Learning Rate: 0.0029854678
2024-11-08 02:07:24,290 Train Loss: 0.0024819, Val Loss: 0.0025097
2024-11-08 02:07:24,290 Epoch 317/500
2024-11-08 02:08:07,873 Current Learning Rate: 0.0029567546
2024-11-08 02:08:08,850 Train Loss: 0.0023871, Val Loss: 0.0024762
2024-11-08 02:08:08,851 Epoch 318/500
2024-11-08 02:08:52,062 Current Learning Rate: 0.0029281221
2024-11-08 02:08:52,063 Train Loss: 0.0023623, Val Loss: 0.0024808
2024-11-08 02:08:52,063 Epoch 319/500
2024-11-08 02:09:34,073 Current Learning Rate: 0.0028995714
2024-11-08 02:09:34,987 Train Loss: 0.0024143, Val Loss: 0.0024632
2024-11-08 02:09:34,987 Epoch 320/500
2024-11-08 02:10:17,181 Current Learning Rate: 0.0028711035
2024-11-08 02:10:18,131 Train Loss: 0.0024126, Val Loss: 0.0024595
2024-11-08 02:10:18,131 Epoch 321/500
2024-11-08 02:10:59,663 Current Learning Rate: 0.0028427198
2024-11-08 02:10:59,664 Train Loss: 0.0023715, Val Loss: 0.0024972
2024-11-08 02:10:59,664 Epoch 322/500
2024-11-08 02:11:42,702 Current Learning Rate: 0.0028144212
2024-11-08 02:11:43,607 Train Loss: 0.0024014, Val Loss: 0.0024508
2024-11-08 02:11:43,607 Epoch 323/500
2024-11-08 02:12:25,305 Current Learning Rate: 0.0027862088
2024-11-08 02:12:26,174 Train Loss: 0.0023354, Val Loss: 0.0024501
2024-11-08 02:12:26,174 Epoch 324/500
2024-11-08 02:13:07,870 Current Learning Rate: 0.0027580839
2024-11-08 02:13:07,871 Train Loss: 0.0024019, Val Loss: 0.0024532
2024-11-08 02:13:07,871 Epoch 325/500
2024-11-08 02:13:51,212 Current Learning Rate: 0.0027300475
2024-11-08 02:13:51,213 Train Loss: 0.0024504, Val Loss: 0.0025366
2024-11-08 02:13:51,213 Epoch 326/500
2024-11-08 02:14:33,632 Current Learning Rate: 0.0027021007
2024-11-08 02:14:33,646 Train Loss: 0.0024147, Val Loss: 0.0025193
2024-11-08 02:14:33,647 Epoch 327/500
2024-11-08 02:15:16,497 Current Learning Rate: 0.0026742446
2024-11-08 02:15:16,499 Train Loss: 0.0024114, Val Loss: 0.0025262
2024-11-08 02:15:16,499 Epoch 328/500
2024-11-08 02:15:59,557 Current Learning Rate: 0.0026464803
2024-11-08 02:15:59,559 Train Loss: 0.0023630, Val Loss: 0.0024666
2024-11-08 02:15:59,559 Epoch 329/500
2024-11-08 02:16:43,123 Current Learning Rate: 0.0026188090
2024-11-08 02:16:43,124 Train Loss: 0.0023734, Val Loss: 0.0024769
2024-11-08 02:16:43,124 Epoch 330/500
2024-11-08 02:17:25,723 Current Learning Rate: 0.0025912316
2024-11-08 02:17:26,606 Train Loss: 0.0023692, Val Loss: 0.0024375
2024-11-08 02:17:26,607 Epoch 331/500
2024-11-08 02:18:08,684 Current Learning Rate: 0.0025637494
2024-11-08 02:18:09,654 Train Loss: 0.0024236, Val Loss: 0.0024031
2024-11-08 02:18:09,654 Epoch 332/500
2024-11-08 02:18:52,444 Current Learning Rate: 0.0025363633
2024-11-08 02:18:52,445 Train Loss: 0.0023295, Val Loss: 0.0024684
2024-11-08 02:18:52,445 Epoch 333/500
2024-11-08 02:19:35,503 Current Learning Rate: 0.0025090745
2024-11-08 02:19:35,503 Train Loss: 0.0023807, Val Loss: 0.0025123
2024-11-08 02:19:35,503 Epoch 334/500
2024-11-08 02:20:18,342 Current Learning Rate: 0.0024818840
2024-11-08 02:20:18,343 Train Loss: 0.0023584, Val Loss: 0.0024697
2024-11-08 02:20:18,343 Epoch 335/500
2024-11-08 02:21:01,720 Current Learning Rate: 0.0024547929
2024-11-08 02:21:03,845 Train Loss: 0.0024140, Val Loss: 0.0023819
2024-11-08 02:21:03,846 Epoch 336/500
2024-11-08 02:21:46,677 Current Learning Rate: 0.0024278023
2024-11-08 02:21:46,678 Train Loss: 0.0023144, Val Loss: 0.0023926
2024-11-08 02:21:46,679 Epoch 337/500
2024-11-08 02:22:29,085 Current Learning Rate: 0.0024009133
2024-11-08 02:22:29,981 Train Loss: 0.0022992, Val Loss: 0.0023373
2024-11-08 02:22:29,982 Epoch 338/500
2024-11-08 02:23:12,452 Current Learning Rate: 0.0023741269
2024-11-08 02:23:12,453 Train Loss: 0.0022943, Val Loss: 0.0023511
2024-11-08 02:23:12,453 Epoch 339/500
2024-11-08 02:23:55,185 Current Learning Rate: 0.0023474441
2024-11-08 02:23:56,104 Train Loss: 0.0022536, Val Loss: 0.0023330
2024-11-08 02:23:56,105 Epoch 340/500
2024-11-08 02:24:38,069 Current Learning Rate: 0.0023208660
2024-11-08 02:24:38,966 Train Loss: 0.0022210, Val Loss: 0.0023247
2024-11-08 02:24:38,966 Epoch 341/500
2024-11-08 02:25:20,850 Current Learning Rate: 0.0022943937
2024-11-08 02:25:21,800 Train Loss: 0.0022269, Val Loss: 0.0023149
2024-11-08 02:25:21,800 Epoch 342/500
2024-11-08 02:26:03,607 Current Learning Rate: 0.0022680283
2024-11-08 02:26:03,608 Train Loss: 0.0022980, Val Loss: 0.0023241
2024-11-08 02:26:03,608 Epoch 343/500
2024-11-08 02:26:46,863 Current Learning Rate: 0.0022417706
2024-11-08 02:26:47,849 Train Loss: 0.0022748, Val Loss: 0.0023089
2024-11-08 02:26:47,850 Epoch 344/500
2024-11-08 02:27:30,008 Current Learning Rate: 0.0022156219
2024-11-08 02:27:30,009 Train Loss: 0.0022347, Val Loss: 0.0023171
2024-11-08 02:27:30,009 Epoch 345/500
2024-11-08 02:28:13,050 Current Learning Rate: 0.0021895831
2024-11-08 02:28:13,926 Train Loss: 0.0022281, Val Loss: 0.0022987
2024-11-08 02:28:13,926 Epoch 346/500
2024-11-08 02:28:55,969 Current Learning Rate: 0.0021636553
2024-11-08 02:28:55,971 Train Loss: 0.0022425, Val Loss: 0.0023086
2024-11-08 02:28:55,971 Epoch 347/500
2024-11-08 02:29:38,756 Current Learning Rate: 0.0021378394
2024-11-08 02:29:39,650 Train Loss: 0.0022256, Val Loss: 0.0022867
2024-11-08 02:29:39,651 Epoch 348/500
2024-11-08 02:30:21,836 Current Learning Rate: 0.0021121365
2024-11-08 02:30:22,757 Train Loss: 0.0021581, Val Loss: 0.0022750
2024-11-08 02:30:22,757 Epoch 349/500
2024-11-08 02:31:04,848 Current Learning Rate: 0.0020865476
2024-11-08 02:31:05,725 Train Loss: 0.0021814, Val Loss: 0.0022734
2024-11-08 02:31:05,725 Epoch 350/500
2024-11-08 02:31:47,933 Current Learning Rate: 0.0020610737
2024-11-08 02:31:47,934 Train Loss: 0.0021778, Val Loss: 0.0022743
2024-11-08 02:31:47,934 Epoch 351/500
2024-11-08 02:32:30,711 Current Learning Rate: 0.0020357159
2024-11-08 02:32:31,587 Train Loss: 0.0022169, Val Loss: 0.0022684
2024-11-08 02:32:31,588 Epoch 352/500
2024-11-08 02:33:14,013 Current Learning Rate: 0.0020104751
2024-11-08 02:33:14,014 Train Loss: 0.0021586, Val Loss: 0.0022750
2024-11-08 02:33:14,014 Epoch 353/500
2024-11-08 02:33:57,305 Current Learning Rate: 0.0019853523
2024-11-08 02:33:57,305 Train Loss: 0.0022150, Val Loss: 0.0022854
2024-11-08 02:33:57,306 Epoch 354/500
2024-11-08 02:34:40,097 Current Learning Rate: 0.0019603485
2024-11-08 02:34:40,098 Train Loss: 0.0021774, Val Loss: 0.0022775
2024-11-08 02:34:40,099 Epoch 355/500
2024-11-08 02:35:23,131 Current Learning Rate: 0.0019354647
2024-11-08 02:35:23,132 Train Loss: 0.0021493, Val Loss: 0.0022707
2024-11-08 02:35:23,133 Epoch 356/500
2024-11-08 02:36:06,200 Current Learning Rate: 0.0019107019
2024-11-08 02:36:06,201 Train Loss: 0.0021664, Val Loss: 0.0022725
2024-11-08 02:36:06,201 Epoch 357/500
2024-11-08 02:36:49,437 Current Learning Rate: 0.0018860611
2024-11-08 02:36:49,438 Train Loss: 0.0021720, Val Loss: 0.0022720
2024-11-08 02:36:49,438 Epoch 358/500
2024-11-08 02:37:31,708 Current Learning Rate: 0.0018615432
2024-11-08 02:37:31,709 Train Loss: 0.0021683, Val Loss: 0.0022714
2024-11-08 02:37:31,710 Epoch 359/500
2024-11-08 02:38:14,718 Current Learning Rate: 0.0018371492
2024-11-08 02:38:15,642 Train Loss: 0.0021925, Val Loss: 0.0022616
2024-11-08 02:38:15,642 Epoch 360/500
2024-11-08 02:38:57,573 Current Learning Rate: 0.0018128801
2024-11-08 02:38:57,574 Train Loss: 0.0021806, Val Loss: 0.0022657
2024-11-08 02:38:57,575 Epoch 361/500
2024-11-08 02:39:41,029 Current Learning Rate: 0.0017887367
2024-11-08 02:39:41,968 Train Loss: 0.0021662, Val Loss: 0.0022527
2024-11-08 02:39:41,968 Epoch 362/500
2024-11-08 02:40:23,904 Current Learning Rate: 0.0017647202
2024-11-08 02:40:24,804 Train Loss: 0.0021331, Val Loss: 0.0022443
2024-11-08 02:40:24,804 Epoch 363/500
2024-11-08 02:41:06,935 Current Learning Rate: 0.0017408314
2024-11-08 02:41:07,808 Train Loss: 0.0021321, Val Loss: 0.0022400
2024-11-08 02:41:07,809 Epoch 364/500
2024-11-08 02:41:50,038 Current Learning Rate: 0.0017170712
2024-11-08 02:41:51,009 Train Loss: 0.0021359, Val Loss: 0.0022395
2024-11-08 02:41:51,009 Epoch 365/500
2024-11-08 02:42:34,106 Current Learning Rate: 0.0016934407
2024-11-08 02:42:35,098 Train Loss: 0.0021738, Val Loss: 0.0022383
2024-11-08 02:42:35,098 Epoch 366/500
2024-11-08 02:43:18,448 Current Learning Rate: 0.0016699407
2024-11-08 02:43:19,426 Train Loss: 0.0020829, Val Loss: 0.0022075
2024-11-08 02:43:19,426 Epoch 367/500
2024-11-08 02:44:02,608 Current Learning Rate: 0.0016465721
2024-11-08 02:44:03,575 Train Loss: 0.0020564, Val Loss: 0.0021997
2024-11-08 02:44:03,576 Epoch 368/500
2024-11-08 02:44:45,433 Current Learning Rate: 0.0016233360
2024-11-08 02:44:45,433 Train Loss: 0.0020949, Val Loss: 0.0022048
2024-11-08 02:44:45,434 Epoch 369/500
2024-11-08 02:45:28,592 Current Learning Rate: 0.0016002331
2024-11-08 02:45:29,457 Train Loss: 0.0020485, Val Loss: 0.0021979
2024-11-08 02:45:29,458 Epoch 370/500
2024-11-08 02:46:11,374 Current Learning Rate: 0.0015772645
2024-11-08 02:46:12,259 Train Loss: 0.0020595, Val Loss: 0.0021909
2024-11-08 02:46:12,259 Epoch 371/500
2024-11-08 02:46:54,846 Current Learning Rate: 0.0015544310
2024-11-08 02:46:54,847 Train Loss: 0.0021024, Val Loss: 0.0021933
2024-11-08 02:46:54,848 Epoch 372/500
2024-11-08 02:47:37,139 Current Learning Rate: 0.0015317335
2024-11-08 02:47:37,139 Train Loss: 0.0021224, Val Loss: 0.0021939
2024-11-08 02:47:37,139 Epoch 373/500
2024-11-08 02:48:20,440 Current Learning Rate: 0.0015091729
2024-11-08 02:48:20,440 Train Loss: 0.0020834, Val Loss: 0.0021939
2024-11-08 02:48:20,441 Epoch 374/500
2024-11-08 02:49:03,116 Current Learning Rate: 0.0014867502
2024-11-08 02:49:04,043 Train Loss: 0.0020996, Val Loss: 0.0021828
2024-11-08 02:49:04,043 Epoch 375/500
2024-11-08 02:49:46,051 Current Learning Rate: 0.0014644661
2024-11-08 02:49:46,904 Train Loss: 0.0020614, Val Loss: 0.0021774
2024-11-08 02:49:46,904 Epoch 376/500
2024-11-08 02:50:30,146 Current Learning Rate: 0.0014423216
2024-11-08 02:50:31,067 Train Loss: 0.0020614, Val Loss: 0.0021703
2024-11-08 02:50:31,067 Epoch 377/500
2024-11-08 02:51:13,879 Current Learning Rate: 0.0014203176
2024-11-08 02:51:14,800 Train Loss: 0.0020286, Val Loss: 0.0021628
2024-11-08 02:51:14,801 Epoch 378/500
2024-11-08 02:51:57,277 Current Learning Rate: 0.0013984549
2024-11-08 02:51:57,278 Train Loss: 0.0020562, Val Loss: 0.0021656
2024-11-08 02:51:57,278 Epoch 379/500
2024-11-08 02:52:39,972 Current Learning Rate: 0.0013767343
2024-11-08 02:52:39,972 Train Loss: 0.0021161, Val Loss: 0.0021687
2024-11-08 02:52:39,972 Epoch 380/500
2024-11-08 02:53:23,275 Current Learning Rate: 0.0013551569
2024-11-08 02:53:24,138 Train Loss: 0.0020256, Val Loss: 0.0021570
2024-11-08 02:53:24,139 Epoch 381/500
2024-11-08 02:54:06,426 Current Learning Rate: 0.0013337233
2024-11-08 02:54:06,427 Train Loss: 0.0020641, Val Loss: 0.0021587
2024-11-08 02:54:06,427 Epoch 382/500
2024-11-08 02:54:49,601 Current Learning Rate: 0.0013124344
2024-11-08 02:54:49,601 Train Loss: 0.0020250, Val Loss: 0.0021629
2024-11-08 02:54:49,602 Epoch 383/500
2024-11-08 02:55:33,939 Current Learning Rate: 0.0012912911
2024-11-08 02:55:34,865 Train Loss: 0.0020530, Val Loss: 0.0021536
2024-11-08 02:55:34,866 Epoch 384/500
2024-11-08 02:56:17,929 Current Learning Rate: 0.0012702943
2024-11-08 02:56:17,930 Train Loss: 0.0020520, Val Loss: 0.0021547
2024-11-08 02:56:17,930 Epoch 385/500
2024-11-08 02:57:00,183 Current Learning Rate: 0.0012494447
2024-11-08 02:57:00,184 Train Loss: 0.0020536, Val Loss: 0.0021547
2024-11-08 02:57:00,184 Epoch 386/500
2024-11-08 02:57:43,369 Current Learning Rate: 0.0012287431
2024-11-08 02:57:44,251 Train Loss: 0.0020622, Val Loss: 0.0021447
2024-11-08 02:57:44,251 Epoch 387/500
2024-11-08 02:58:26,402 Current Learning Rate: 0.0012081904
2024-11-08 02:58:26,403 Train Loss: 0.0020455, Val Loss: 0.0021549
2024-11-08 02:58:26,422 Epoch 388/500
2024-11-08 02:59:09,085 Current Learning Rate: 0.0011877874
2024-11-08 02:59:09,959 Train Loss: 0.0020113, Val Loss: 0.0021388
2024-11-08 02:59:09,960 Epoch 389/500
2024-11-08 02:59:52,738 Current Learning Rate: 0.0011675350
2024-11-08 02:59:53,661 Train Loss: 0.0020213, Val Loss: 0.0021299
2024-11-08 02:59:53,661 Epoch 390/500
2024-11-08 03:00:36,552 Current Learning Rate: 0.0011474338
2024-11-08 03:00:37,494 Train Loss: 0.0020310, Val Loss: 0.0021253
2024-11-08 03:00:37,495 Epoch 391/500
2024-11-08 03:01:20,232 Current Learning Rate: 0.0011274847
2024-11-08 03:01:21,168 Train Loss: 0.0019776, Val Loss: 0.0021215
2024-11-08 03:01:21,169 Epoch 392/500
2024-11-08 03:02:03,896 Current Learning Rate: 0.0011076885
2024-11-08 03:02:03,897 Train Loss: 0.0020572, Val Loss: 0.0021241
2024-11-08 03:02:03,897 Epoch 393/500
2024-11-08 03:02:47,308 Current Learning Rate: 0.0010880459
2024-11-08 03:02:47,308 Train Loss: 0.0019873, Val Loss: 0.0021226
2024-11-08 03:02:47,309 Epoch 394/500
2024-11-08 03:03:29,724 Current Learning Rate: 0.0010685578
2024-11-08 03:03:29,724 Train Loss: 0.0019853, Val Loss: 0.0021358
2024-11-08 03:03:29,724 Epoch 395/500
2024-11-08 03:04:12,557 Current Learning Rate: 0.0010492249
2024-11-08 03:04:12,558 Train Loss: 0.0019712, Val Loss: 0.0021481
2024-11-08 03:04:12,558 Epoch 396/500
2024-11-08 03:04:55,815 Current Learning Rate: 0.0010300480
2024-11-08 03:04:55,816 Train Loss: 0.0019875, Val Loss: 0.0021515
2024-11-08 03:04:55,816 Epoch 397/500
2024-11-08 03:05:38,584 Current Learning Rate: 0.0010110278
2024-11-08 03:05:38,585 Train Loss: 0.0020178, Val Loss: 0.0021356
2024-11-08 03:05:38,585 Epoch 398/500
2024-11-08 03:06:21,488 Current Learning Rate: 0.0009921651
2024-11-08 03:06:22,463 Train Loss: 0.0019730, Val Loss: 0.0021026
2024-11-08 03:06:22,464 Epoch 399/500
2024-11-08 03:07:04,627 Current Learning Rate: 0.0009734606
2024-11-08 03:07:05,599 Train Loss: 0.0020401, Val Loss: 0.0020996
2024-11-08 03:07:05,600 Epoch 400/500
2024-11-08 03:07:47,667 Current Learning Rate: 0.0009549150
2024-11-08 03:07:48,576 Train Loss: 0.0019790, Val Loss: 0.0020945
2024-11-08 03:07:48,576 Epoch 401/500
2024-11-08 03:08:30,487 Current Learning Rate: 0.0009365292
2024-11-08 03:08:31,382 Train Loss: 0.0019772, Val Loss: 0.0020820
2024-11-08 03:08:31,382 Epoch 402/500
2024-11-08 03:09:13,527 Current Learning Rate: 0.0009183037
2024-11-08 03:09:14,378 Train Loss: 0.0019532, Val Loss: 0.0020794
2024-11-08 03:09:14,378 Epoch 403/500
2024-11-08 03:09:57,173 Current Learning Rate: 0.0009002395
2024-11-08 03:09:57,174 Train Loss: 0.0019340, Val Loss: 0.0020794
2024-11-08 03:09:57,174 Epoch 404/500
2024-11-08 03:10:39,934 Current Learning Rate: 0.0008823370
2024-11-08 03:10:40,957 Train Loss: 0.0019301, Val Loss: 0.0020769
2024-11-08 03:10:40,957 Epoch 405/500
2024-11-08 03:11:23,636 Current Learning Rate: 0.0008645971
2024-11-08 03:11:23,636 Train Loss: 0.0019756, Val Loss: 0.0020795
2024-11-08 03:11:23,637 Epoch 406/500
2024-11-08 03:12:06,832 Current Learning Rate: 0.0008470205
2024-11-08 03:12:07,811 Train Loss: 0.0019526, Val Loss: 0.0020760
2024-11-08 03:12:07,812 Epoch 407/500
2024-11-08 03:12:50,900 Current Learning Rate: 0.0008296078
2024-11-08 03:12:51,856 Train Loss: 0.0019354, Val Loss: 0.0020713
2024-11-08 03:12:51,857 Epoch 408/500
2024-11-08 03:13:34,738 Current Learning Rate: 0.0008123598
2024-11-08 03:13:35,662 Train Loss: 0.0019533, Val Loss: 0.0020689
2024-11-08 03:13:35,662 Epoch 409/500
2024-11-08 03:14:18,350 Current Learning Rate: 0.0007952771
2024-11-08 03:14:18,351 Train Loss: 0.0019848, Val Loss: 0.0020693
2024-11-08 03:14:18,351 Epoch 410/500
2024-11-08 03:15:01,488 Current Learning Rate: 0.0007783604
2024-11-08 03:15:03,738 Train Loss: 0.0019504, Val Loss: 0.0020687
2024-11-08 03:15:03,739 Epoch 411/500
2024-11-08 03:15:46,475 Current Learning Rate: 0.0007616103
2024-11-08 03:15:47,446 Train Loss: 0.0019496, Val Loss: 0.0020602
2024-11-08 03:15:47,446 Epoch 412/500
2024-11-08 03:16:30,411 Current Learning Rate: 0.0007450276
2024-11-08 03:16:31,316 Train Loss: 0.0019875, Val Loss: 0.0020539
2024-11-08 03:16:31,316 Epoch 413/500
2024-11-08 03:17:13,837 Current Learning Rate: 0.0007286128
2024-11-08 03:17:14,791 Train Loss: 0.0019368, Val Loss: 0.0020493
2024-11-08 03:17:14,791 Epoch 414/500
2024-11-08 03:17:57,186 Current Learning Rate: 0.0007123667
2024-11-08 03:17:57,187 Train Loss: 0.0019335, Val Loss: 0.0020808
2024-11-08 03:17:57,187 Epoch 415/500
2024-11-08 03:18:39,372 Current Learning Rate: 0.0006962899
2024-11-08 03:18:39,373 Train Loss: 0.0019303, Val Loss: 0.0020682
2024-11-08 03:18:39,373 Epoch 416/500
2024-11-08 03:19:22,089 Current Learning Rate: 0.0006803829
2024-11-08 03:19:22,089 Train Loss: 0.0019483, Val Loss: 0.0020531
2024-11-08 03:19:22,089 Epoch 417/500
2024-11-08 03:20:05,227 Current Learning Rate: 0.0006646465
2024-11-08 03:20:05,228 Train Loss: 0.0019274, Val Loss: 0.0020536
2024-11-08 03:20:05,228 Epoch 418/500
2024-11-08 03:20:47,826 Current Learning Rate: 0.0006490812
2024-11-08 03:20:47,827 Train Loss: 0.0019011, Val Loss: 0.0020503
2024-11-08 03:20:47,827 Epoch 419/500
2024-11-08 03:21:30,741 Current Learning Rate: 0.0006336877
2024-11-08 03:21:31,661 Train Loss: 0.0019319, Val Loss: 0.0020479
2024-11-08 03:21:31,661 Epoch 420/500
2024-11-08 03:22:13,843 Current Learning Rate: 0.0006184666
2024-11-08 03:22:13,844 Train Loss: 0.0019217, Val Loss: 0.0020517
2024-11-08 03:22:13,844 Epoch 421/500
2024-11-08 03:22:57,318 Current Learning Rate: 0.0006034184
2024-11-08 03:22:57,319 Train Loss: 0.0019180, Val Loss: 0.0020485
2024-11-08 03:22:57,319 Epoch 422/500
2024-11-08 03:23:40,104 Current Learning Rate: 0.0005885439
2024-11-08 03:23:41,007 Train Loss: 0.0019535, Val Loss: 0.0020471
2024-11-08 03:23:41,008 Epoch 423/500
2024-11-08 03:24:22,919 Current Learning Rate: 0.0005738434
2024-11-08 03:24:23,845 Train Loss: 0.0019003, Val Loss: 0.0020424
2024-11-08 03:24:23,845 Epoch 424/500
2024-11-08 03:25:06,074 Current Learning Rate: 0.0005593178
2024-11-08 03:25:07,020 Train Loss: 0.0019005, Val Loss: 0.0020348
2024-11-08 03:25:07,020 Epoch 425/500
2024-11-08 03:25:49,349 Current Learning Rate: 0.0005449674
2024-11-08 03:25:50,294 Train Loss: 0.0019160, Val Loss: 0.0020267
2024-11-08 03:25:50,295 Epoch 426/500
2024-11-08 03:26:32,618 Current Learning Rate: 0.0005307929
2024-11-08 03:26:33,504 Train Loss: 0.0019771, Val Loss: 0.0020207
2024-11-08 03:26:33,504 Epoch 427/500
2024-11-08 03:27:15,877 Current Learning Rate: 0.0005167948
2024-11-08 03:27:16,795 Train Loss: 0.0018834, Val Loss: 0.0020195
2024-11-08 03:27:16,796 Epoch 428/500
2024-11-08 03:27:58,566 Current Learning Rate: 0.0005029737
2024-11-08 03:27:59,470 Train Loss: 0.0019240, Val Loss: 0.0020185
2024-11-08 03:27:59,470 Epoch 429/500
2024-11-08 03:28:42,288 Current Learning Rate: 0.0004893302
2024-11-08 03:28:42,289 Train Loss: 0.0018934, Val Loss: 0.0020203
2024-11-08 03:28:42,289 Epoch 430/500
2024-11-08 03:29:24,353 Current Learning Rate: 0.0004758647
2024-11-08 03:29:24,354 Train Loss: 0.0018826, Val Loss: 0.0020192
2024-11-08 03:29:24,354 Epoch 431/500
2024-11-08 03:30:07,498 Current Learning Rate: 0.0004625779
2024-11-08 03:30:08,467 Train Loss: 0.0019006, Val Loss: 0.0020175
2024-11-08 03:30:08,467 Epoch 432/500
2024-11-08 03:30:50,700 Current Learning Rate: 0.0004494701
2024-11-08 03:30:51,656 Train Loss: 0.0019101, Val Loss: 0.0020132
2024-11-08 03:30:51,657 Epoch 433/500
2024-11-08 03:31:33,800 Current Learning Rate: 0.0004365421
2024-11-08 03:31:33,801 Train Loss: 0.0018850, Val Loss: 0.0020157
2024-11-08 03:31:33,801 Epoch 434/500
2024-11-08 03:32:17,676 Current Learning Rate: 0.0004237941
2024-11-08 03:32:17,677 Train Loss: 0.0018760, Val Loss: 0.0020144
2024-11-08 03:32:17,677 Epoch 435/500
2024-11-08 03:32:59,763 Current Learning Rate: 0.0004112269
2024-11-08 03:33:00,770 Train Loss: 0.0018896, Val Loss: 0.0020070
2024-11-08 03:33:00,770 Epoch 436/500
2024-11-08 03:33:42,959 Current Learning Rate: 0.0003988408
2024-11-08 03:33:43,899 Train Loss: 0.0018631, Val Loss: 0.0020029
2024-11-08 03:33:43,899 Epoch 437/500
2024-11-08 03:34:26,017 Current Learning Rate: 0.0003866363
2024-11-08 03:34:26,017 Train Loss: 0.0018556, Val Loss: 0.0020055
2024-11-08 03:34:26,018 Epoch 438/500
2024-11-08 03:35:09,398 Current Learning Rate: 0.0003746140
2024-11-08 03:35:10,319 Train Loss: 0.0018958, Val Loss: 0.0020002
2024-11-08 03:35:10,319 Epoch 439/500
2024-11-08 03:35:52,319 Current Learning Rate: 0.0003627742
2024-11-08 03:35:53,234 Train Loss: 0.0018885, Val Loss: 0.0019998
2024-11-08 03:35:53,234 Epoch 440/500
2024-11-08 03:36:35,330 Current Learning Rate: 0.0003511176
2024-11-08 03:36:36,209 Train Loss: 0.0019299, Val Loss: 0.0019981
2024-11-08 03:36:36,210 Epoch 441/500
2024-11-08 03:37:18,256 Current Learning Rate: 0.0003396444
2024-11-08 03:37:19,196 Train Loss: 0.0018409, Val Loss: 0.0019967
2024-11-08 03:37:19,196 Epoch 442/500
2024-11-08 03:38:01,515 Current Learning Rate: 0.0003283553
2024-11-08 03:38:03,349 Train Loss: 0.0018589, Val Loss: 0.0019958
2024-11-08 03:38:03,349 Epoch 443/500
2024-11-08 03:38:44,801 Current Learning Rate: 0.0003172506
2024-11-08 03:38:44,802 Train Loss: 0.0019458, Val Loss: 0.0019973
2024-11-08 03:38:44,802 Epoch 444/500
2024-11-08 03:39:28,311 Current Learning Rate: 0.0003063307
2024-11-08 03:39:28,312 Train Loss: 0.0018902, Val Loss: 0.0019973
2024-11-08 03:39:28,313 Epoch 445/500
2024-11-08 03:40:11,675 Current Learning Rate: 0.0002955962
2024-11-08 03:40:12,655 Train Loss: 0.0018916, Val Loss: 0.0019955
2024-11-08 03:40:12,655 Epoch 446/500
2024-11-08 03:40:55,442 Current Learning Rate: 0.0002850473
2024-11-08 03:40:56,338 Train Loss: 0.0018387, Val Loss: 0.0019915
2024-11-08 03:40:56,338 Epoch 447/500
2024-11-08 03:41:38,955 Current Learning Rate: 0.0002746846
2024-11-08 03:41:39,968 Train Loss: 0.0018810, Val Loss: 0.0019874
2024-11-08 03:41:39,968 Epoch 448/500
2024-11-08 03:42:22,937 Current Learning Rate: 0.0002645085
2024-11-08 03:42:23,866 Train Loss: 0.0018351, Val Loss: 0.0019846
2024-11-08 03:42:23,866 Epoch 449/500
2024-11-08 03:43:06,840 Current Learning Rate: 0.0002545193
2024-11-08 03:43:07,847 Train Loss: 0.0018554, Val Loss: 0.0019829
2024-11-08 03:43:07,847 Epoch 450/500
2024-11-08 03:43:50,727 Current Learning Rate: 0.0002447174
2024-11-08 03:43:51,675 Train Loss: 0.0018819, Val Loss: 0.0019817
2024-11-08 03:43:51,676 Epoch 451/500
2024-11-08 03:44:34,288 Current Learning Rate: 0.0002351033
2024-11-08 03:44:35,248 Train Loss: 0.0018689, Val Loss: 0.0019815
2024-11-08 03:44:35,249 Epoch 452/500
2024-11-08 03:45:17,275 Current Learning Rate: 0.0002256773
2024-11-08 03:45:18,324 Train Loss: 0.0018431, Val Loss: 0.0019808
2024-11-08 03:45:18,324 Epoch 453/500
2024-11-08 03:46:00,256 Current Learning Rate: 0.0002164397
2024-11-08 03:46:01,226 Train Loss: 0.0018769, Val Loss: 0.0019800
2024-11-08 03:46:01,227 Epoch 454/500
2024-11-08 03:46:42,684 Current Learning Rate: 0.0002073911
2024-11-08 03:46:43,619 Train Loss: 0.0018639, Val Loss: 0.0019786
2024-11-08 03:46:43,619 Epoch 455/500
2024-11-08 03:47:25,569 Current Learning Rate: 0.0001985316
2024-11-08 03:47:26,517 Train Loss: 0.0018774, Val Loss: 0.0019774
2024-11-08 03:47:26,518 Epoch 456/500
2024-11-08 03:48:08,458 Current Learning Rate: 0.0001898616
2024-11-08 03:48:09,385 Train Loss: 0.0018268, Val Loss: 0.0019770
2024-11-08 03:48:09,386 Epoch 457/500
2024-11-08 03:48:51,326 Current Learning Rate: 0.0001813816
2024-11-08 03:48:52,325 Train Loss: 0.0018571, Val Loss: 0.0019761
2024-11-08 03:48:52,325 Epoch 458/500
2024-11-08 03:49:34,083 Current Learning Rate: 0.0001730918
2024-11-08 03:49:34,995 Train Loss: 0.0018650, Val Loss: 0.0019755
2024-11-08 03:49:34,996 Epoch 459/500
2024-11-08 03:50:16,989 Current Learning Rate: 0.0001649926
2024-11-08 03:50:17,908 Train Loss: 0.0018698, Val Loss: 0.0019748
2024-11-08 03:50:17,908 Epoch 460/500
2024-11-08 03:51:00,619 Current Learning Rate: 0.0001570842
2024-11-08 03:51:01,571 Train Loss: 0.0018219, Val Loss: 0.0019742
2024-11-08 03:51:01,571 Epoch 461/500
2024-11-08 03:51:44,743 Current Learning Rate: 0.0001493670
2024-11-08 03:51:45,679 Train Loss: 0.0018631, Val Loss: 0.0019731
2024-11-08 03:51:45,680 Epoch 462/500
2024-11-08 03:52:28,532 Current Learning Rate: 0.0001418413
2024-11-08 03:52:29,498 Train Loss: 0.0018991, Val Loss: 0.0019726
2024-11-08 03:52:29,499 Epoch 463/500
2024-11-08 03:53:12,147 Current Learning Rate: 0.0001345074
2024-11-08 03:53:13,114 Train Loss: 0.0018186, Val Loss: 0.0019716
2024-11-08 03:53:13,114 Epoch 464/500
2024-11-08 03:53:55,970 Current Learning Rate: 0.0001273656
2024-11-08 03:53:56,939 Train Loss: 0.0018497, Val Loss: 0.0019712
2024-11-08 03:53:56,939 Epoch 465/500
2024-11-08 03:54:39,746 Current Learning Rate: 0.0001204162
2024-11-08 03:54:40,683 Train Loss: 0.0018605, Val Loss: 0.0019703
2024-11-08 03:54:40,684 Epoch 466/500
2024-11-08 03:55:23,624 Current Learning Rate: 0.0001136594
2024-11-08 03:55:24,569 Train Loss: 0.0018498, Val Loss: 0.0019701
2024-11-08 03:55:24,569 Epoch 467/500
2024-11-08 03:56:07,199 Current Learning Rate: 0.0001070955
2024-11-08 03:56:08,181 Train Loss: 0.0018141, Val Loss: 0.0019691
2024-11-08 03:56:08,181 Epoch 468/500
2024-11-08 03:56:50,231 Current Learning Rate: 0.0001007247
2024-11-08 03:56:51,207 Train Loss: 0.0018464, Val Loss: 0.0019678
2024-11-08 03:56:51,208 Epoch 469/500
2024-11-08 03:57:33,279 Current Learning Rate: 0.0000945474
2024-11-08 03:57:34,191 Train Loss: 0.0018417, Val Loss: 0.0019672
2024-11-08 03:57:34,192 Epoch 470/500
2024-11-08 03:58:16,243 Current Learning Rate: 0.0000885637
2024-11-08 03:58:17,178 Train Loss: 0.0018638, Val Loss: 0.0019668
2024-11-08 03:58:17,178 Epoch 471/500
2024-11-08 03:58:59,171 Current Learning Rate: 0.0000827740
2024-11-08 03:59:00,153 Train Loss: 0.0019116, Val Loss: 0.0019658
2024-11-08 03:59:00,153 Epoch 472/500
2024-11-08 03:59:41,962 Current Learning Rate: 0.0000771783
2024-11-08 03:59:42,868 Train Loss: 0.0018586, Val Loss: 0.0019651
2024-11-08 03:59:42,868 Epoch 473/500
2024-11-08 04:00:25,196 Current Learning Rate: 0.0000717770
2024-11-08 04:00:26,115 Train Loss: 0.0018395, Val Loss: 0.0019648
2024-11-08 04:00:26,115 Epoch 474/500
2024-11-08 04:01:08,225 Current Learning Rate: 0.0000665703
2024-11-08 04:01:09,137 Train Loss: 0.0018328, Val Loss: 0.0019645
2024-11-08 04:01:09,137 Epoch 475/500
2024-11-08 04:01:50,815 Current Learning Rate: 0.0000615583
2024-11-08 04:01:51,752 Train Loss: 0.0018439, Val Loss: 0.0019642
2024-11-08 04:01:51,753 Epoch 476/500
2024-11-08 04:02:34,150 Current Learning Rate: 0.0000567413
2024-11-08 04:02:35,163 Train Loss: 0.0018266, Val Loss: 0.0019640
2024-11-08 04:02:35,164 Epoch 477/500
2024-11-08 04:03:16,852 Current Learning Rate: 0.0000521194
2024-11-08 04:03:17,986 Train Loss: 0.0018249, Val Loss: 0.0019637
2024-11-08 04:03:17,986 Epoch 478/500
2024-11-08 04:03:59,608 Current Learning Rate: 0.0000476929
2024-11-08 04:04:00,554 Train Loss: 0.0018796, Val Loss: 0.0019632
2024-11-08 04:04:00,554 Epoch 479/500
2024-11-08 04:04:42,542 Current Learning Rate: 0.0000434618
2024-11-08 04:04:43,521 Train Loss: 0.0018416, Val Loss: 0.0019632
2024-11-08 04:04:43,521 Epoch 480/500
2024-11-08 04:05:25,332 Current Learning Rate: 0.0000394265
2024-11-08 04:05:26,186 Train Loss: 0.0018411, Val Loss: 0.0019629
2024-11-08 04:05:26,186 Epoch 481/500
2024-11-08 04:06:08,179 Current Learning Rate: 0.0000355870
2024-11-08 04:06:08,180 Train Loss: 0.0018423, Val Loss: 0.0019630
2024-11-08 04:06:08,180 Epoch 482/500
2024-11-08 04:06:51,291 Current Learning Rate: 0.0000319434
2024-11-08 04:06:51,301 Train Loss: 0.0018067, Val Loss: 0.0019629
2024-11-08 04:06:51,302 Epoch 483/500
2024-11-08 04:07:34,259 Current Learning Rate: 0.0000284960
2024-11-08 04:07:35,153 Train Loss: 0.0018860, Val Loss: 0.0019625
2024-11-08 04:07:35,153 Epoch 484/500
2024-11-08 04:08:17,998 Current Learning Rate: 0.0000252449
2024-11-08 04:08:18,947 Train Loss: 0.0018050, Val Loss: 0.0019624
2024-11-08 04:08:18,947 Epoch 485/500
2024-11-08 04:09:01,776 Current Learning Rate: 0.0000221902
2024-11-08 04:09:03,880 Train Loss: 0.0018236, Val Loss: 0.0019620
2024-11-08 04:09:03,880 Epoch 486/500
2024-11-08 04:09:46,970 Current Learning Rate: 0.0000193320
2024-11-08 04:09:47,962 Train Loss: 0.0018714, Val Loss: 0.0019616
2024-11-08 04:09:47,962 Epoch 487/500
2024-11-08 04:10:30,856 Current Learning Rate: 0.0000166704
2024-11-08 04:10:30,857 Train Loss: 0.0018238, Val Loss: 0.0019616
2024-11-08 04:10:30,857 Epoch 488/500
2024-11-08 04:11:13,917 Current Learning Rate: 0.0000142055
2024-11-08 04:11:14,833 Train Loss: 0.0018733, Val Loss: 0.0019611
2024-11-08 04:11:14,833 Epoch 489/500
2024-11-08 04:11:57,549 Current Learning Rate: 0.0000119375
2024-11-08 04:11:57,550 Train Loss: 0.0018520, Val Loss: 0.0019612
2024-11-08 04:11:57,550 Epoch 490/500
2024-11-08 04:12:40,503 Current Learning Rate: 0.0000098664
2024-11-08 04:12:40,504 Train Loss: 0.0018408, Val Loss: 0.0019614
2024-11-08 04:12:40,504 Epoch 491/500
2024-11-08 04:13:23,407 Current Learning Rate: 0.0000079922
2024-11-08 04:13:23,409 Train Loss: 0.0018850, Val Loss: 0.0019613
2024-11-08 04:13:23,409 Epoch 492/500
2024-11-08 04:14:06,452 Current Learning Rate: 0.0000063152
2024-11-08 04:14:06,560 Train Loss: 0.0019089, Val Loss: 0.0019613
2024-11-08 04:14:06,562 Epoch 493/500
2024-11-08 04:14:49,648 Current Learning Rate: 0.0000048353
2024-11-08 04:14:49,649 Train Loss: 0.0018883, Val Loss: 0.0019612
2024-11-08 04:14:49,650 Epoch 494/500
2024-11-08 04:15:32,659 Current Learning Rate: 0.0000035526
2024-11-08 04:15:33,593 Train Loss: 0.0018896, Val Loss: 0.0019611
2024-11-08 04:15:33,593 Epoch 495/500
2024-11-08 04:16:15,611 Current Learning Rate: 0.0000024672
2024-11-08 04:16:16,561 Train Loss: 0.0018893, Val Loss: 0.0019611
2024-11-08 04:16:16,561 Epoch 496/500
2024-11-08 04:16:59,002 Current Learning Rate: 0.0000015791
2024-11-08 04:16:59,003 Train Loss: 0.0018042, Val Loss: 0.0019611
2024-11-08 04:16:59,003 Epoch 497/500
2024-11-08 04:17:42,334 Current Learning Rate: 0.0000008882
2024-11-08 04:17:43,242 Train Loss: 0.0018666, Val Loss: 0.0019610
2024-11-08 04:17:43,242 Epoch 498/500
2024-11-08 04:18:25,783 Current Learning Rate: 0.0000003948
2024-11-08 04:18:26,680 Train Loss: 0.0018384, Val Loss: 0.0019610
2024-11-08 04:18:26,680 Epoch 499/500
2024-11-08 04:19:08,371 Current Learning Rate: 0.0000000987
2024-11-08 04:19:08,372 Train Loss: 0.0018463, Val Loss: 0.0019610
2024-11-08 04:19:08,372 Epoch 500/500
2024-11-08 04:19:51,863 Current Learning Rate: 0.0000000000
2024-11-08 04:19:51,864 Train Loss: 0.0018044, Val Loss: 0.0019611
2024-11-08 04:19:57,579 Testing completed and best model saved.
